<?xml version="1.0" encoding="UTF-8"?>
<testsuites name="Test_Suite_Askblue_Training" time="277.362" tests="19" failures="0" errors="0">
   <testsuite name="Test_Suite_Askblue_Training" tests="19" failures="0" errors="0" time="277.362" skipped="0" timestamp="30-01-2025T17:12:00" hostname="Pedro Carreira - ABN0312.lan" id="Test Suites/Askblue_training/Test_Suite_Askblue_Training">
      <properties>
         <property name="deviceName" value=""/>
         <property name="devicePlatform" value=""/>
         <property name="logFolder" value="C:\\Users\\Pedro Carreira\\PMCAutomationpub\\Reports\\20250130_171156\\Askblue_training\\Test_Suite_Askblue_Training\\20250130_171157"/>
         <property name="logFiles" value="C:\\Users\\Pedro Carreira\\PMCAutomationpub\\Reports\\20250130_171156\\Askblue_training\\Test_Suite_Askblue_Training\\20250130_171157\\execution0.log"/>
         <property name="attachments" value=""/>
         <property name="hostName" value="Pedro Carreira - ABN0312.lan"/>
         <property name="os" value="Windows 10 64bit"/>
         <property name="katalonVersion" value="9.3.0.212"/>
         <property name="browser" value="Chrome 132.0.0.0"/>
         <property name="hostAddress" value="192.168.1.215"/>
         <property name="sessionId" value="c9b1fdbe4b1087aaea1f89bf9c737cec"/>
         <property name="seleniumVersion" value="3.141.59"/>
         <property name="proxyInformation" value="ProxyInformation { proxyOption=NO_PROXY, proxyServerType=HTTP, username=, password=********, proxyServerAddress=, proxyServerPort=0, executionList=&quot;&quot;, isApplyToDesiredCapabilities=true }"/>
         <property name="platform" value="Windows 10"/>
      </properties>
      <testcase name="Test Cases/Askblue_Training/Login_Logout/Login_Negativo_PassIncorreta" time="34.485" classname="Test Cases/Askblue_Training/Login_Logout/Login_Negativo_PassIncorreta" status="PASSED">
         <system-out><![CDATA[30-01-2025T17:12:00 - [TEST_CASE][PASSED] - Test Cases/Askblue_Training/Login_Logout/Login_Negativo_PassIncorreta: Test Cases/Askblue_Training/Login_Logout/Login_Negativo_PassIncorreta

30-01-2025T17:12:00 - [TEST_STEP][PASSED] - openBrowser(""): Browser is opened with url: ''

30-01-2025T17:12:00 - [MESSAGE][INFO] - Starting 'Chrome' driver

30-01-2025T17:12:00 - [MESSAGE][INFO] - Action delay is set to 0 milliseconds

30-01-2025T17:12:02 - [MESSAGE][PASSED] - Browser is opened with url: ''

30-01-2025T17:12:02 - [TEST_STEP][PASSED] - navigateToUrl("https://www.saucedemo.com/"): Navigate to 'https://www.saucedemo.com/' successfully

30-01-2025T17:12:02 - [MESSAGE][PASSED] - Navigate to 'https://www.saucedemo.com/' successfully

30-01-2025T17:12:02 - [TEST_STEP][PASSED] - setText(findTestObject("Object Repository/Page_Swag Labs/input_Swag Labs_user-name"), username): Text 'standard_user' is set on object 'Object Repository/Page_Swag Labs/input_Swag Labs_user-name'

30-01-2025T17:12:03 - [MESSAGE][PASSED] - Text 'standard_user' is set on object 'Object Repository/Page_Swag Labs/input_Swag Labs_user-name'

30-01-2025T17:12:03 - [TEST_STEP][PASSED] - setText(findTestObject("Object Repository/Page_Swag Labs/input_Swag Labs_password"), "C^.Yx%)p6)yty=bywXlc5!rt&"): Text 'C^.Yx%)p6)yty=bywXlc5!rt&' is set on object 'Object Repository/Page_Swag Labs/input_Swag Labs_password'

30-01-2025T17:12:04 - [MESSAGE][PASSED] - Text 'C^.Yx%)p6)yty=bywXlc5!rt&' is set on object 'Object Repository/Page_Swag Labs/input_Swag Labs_password'

30-01-2025T17:12:04 - [TEST_STEP][PASSED] - click(findTestObject("Object Repository/Page_Swag Labs/input_Swag Labs_login-button")): Object: 'Object Repository/Page_Swag Labs/input_Swag Labs_login-button' is clicked on

30-01-2025T17:12:04 - [MESSAGE][PASSED] - Object: 'Object Repository/Page_Swag Labs/input_Swag Labs_login-button' is clicked on

30-01-2025T17:12:04 - [TEST_STEP][PASSED] - verifyElementText(findTestObject("Object Repository/Page_Swag Labs/div_Epic sadface Username and password do n_e703ed"), "Epic sadface: Username and password do not match any user in this service"): Actual text and expected text of test object 'Object Repository/Page_Swag Labs/div_Epic sadface Username and password do n_e703ed' are matched.

30-01-2025T17:12:34 - [MESSAGE][PASSED] - Actual text and expected text of test object 'Object Repository/Page_Swag Labs/div_Epic sadface Username and password do n_e703ed' are matched.

30-01-2025T17:12:34 - [TEST_STEP][PASSED] - closeBrowser(): Browser is closed

30-01-2025T17:12:34 - [MESSAGE][PASSED] - Browser is closed]]></system-out>
         <system-err><![CDATA[]]></system-err>
      </testcase>
      <testcase name="Test Cases/Askblue_Training/Login_Logout/Login_Negativo_PassVazia" time="3.006" classname="Test Cases/Askblue_Training/Login_Logout/Login_Negativo_PassVazia" status="PASSED">
         <system-out><![CDATA[30-01-2025T17:12:34 - [TEST_CASE][PASSED] - Test Cases/Askblue_Training/Login_Logout/Login_Negativo_PassVazia: Test Cases/Askblue_Training/Login_Logout/Login_Negativo_PassVazia

30-01-2025T17:12:35 - [TEST_STEP][PASSED] - openBrowser(""): Browser is opened with url: ''

30-01-2025T17:12:35 - [MESSAGE][INFO] - Starting 'Chrome' driver

30-01-2025T17:12:35 - [MESSAGE][INFO] - Action delay is set to 0 milliseconds

30-01-2025T17:12:35 - [MESSAGE][PASSED] - Browser is opened with url: ''

30-01-2025T17:12:35 - [TEST_STEP][PASSED] - navigateToUrl("https://www.saucedemo.com/"): Navigate to 'https://www.saucedemo.com/' successfully

30-01-2025T17:12:36 - [MESSAGE][PASSED] - Navigate to 'https://www.saucedemo.com/' successfully

30-01-2025T17:12:36 - [TEST_STEP][PASSED] - setText(findTestObject("Object Repository/Page_Swag Labs/input_Swag Labs_user-name"), username): Text 'standard_user' is set on object 'Object Repository/Page_Swag Labs/input_Swag Labs_user-name'

30-01-2025T17:12:37 - [MESSAGE][PASSED] - Text 'standard_user' is set on object 'Object Repository/Page_Swag Labs/input_Swag Labs_user-name'

30-01-2025T17:12:37 - [TEST_STEP][PASSED] - click(findTestObject("Object Repository/Page_Swag Labs/input_Swag Labs_login-button")): Object: 'Object Repository/Page_Swag Labs/input_Swag Labs_login-button' is clicked on

30-01-2025T17:12:37 - [MESSAGE][PASSED] - Object: 'Object Repository/Page_Swag Labs/input_Swag Labs_login-button' is clicked on

30-01-2025T17:12:37 - [TEST_STEP][PASSED] - verifyElementText(findTestObject("Object Repository/Page_Swag Labs/div_Epic sadface Password is required"), "Epic sadface: Password is required"): Actual text and expected text of test object 'Object Repository/Page_Swag Labs/div_Epic sadface Password is required' are matched.

30-01-2025T17:12:37 - [MESSAGE][PASSED] - Actual text and expected text of test object 'Object Repository/Page_Swag Labs/div_Epic sadface Password is required' are matched.

30-01-2025T17:12:37 - [TEST_STEP][PASSED] - closeBrowser(): Browser is closed

30-01-2025T17:12:37 - [MESSAGE][PASSED] - Browser is closed]]></system-out>
         <system-err><![CDATA[]]></system-err>
      </testcase>
      <testcase name="Test Cases/Askblue_Training/Login_Logout/Login_Negativo_UserBloqueado" time="31.188" classname="Test Cases/Askblue_Training/Login_Logout/Login_Negativo_UserBloqueado" status="PASSED">
         <system-out><![CDATA[30-01-2025T17:12:37 - [TEST_CASE][PASSED] - Test Cases/Askblue_Training/Login_Logout/Login_Negativo_UserBloqueado: Test Cases/Askblue_Training/Login_Logout/Login_Negativo_UserBloqueado

30-01-2025T17:12:38 - [TEST_STEP][PASSED] - openBrowser(""): Browser is opened with url: ''

30-01-2025T17:12:38 - [MESSAGE][INFO] - Starting 'Chrome' driver

30-01-2025T17:12:38 - [MESSAGE][INFO] - Action delay is set to 0 milliseconds

30-01-2025T17:12:38 - [MESSAGE][PASSED] - Browser is opened with url: ''

30-01-2025T17:12:38 - [TEST_STEP][PASSED] - navigateToUrl("https://www.saucedemo.com/"): Navigate to 'https://www.saucedemo.com/' successfully

30-01-2025T17:12:39 - [MESSAGE][PASSED] - Navigate to 'https://www.saucedemo.com/' successfully

30-01-2025T17:12:39 - [TEST_STEP][PASSED] - setText(findTestObject("Object Repository/Page_Swag Labs/input_Swag Labs_user-name"), username): Text 'locked_out_user' is set on object 'Object Repository/Page_Swag Labs/input_Swag Labs_user-name'

30-01-2025T17:12:40 - [MESSAGE][PASSED] - Text 'locked_out_user' is set on object 'Object Repository/Page_Swag Labs/input_Swag Labs_user-name'

30-01-2025T17:12:40 - [TEST_STEP][PASSED] - setText(findTestObject("Object Repository/Page_Swag Labs/input_Swag Labs_password"), password): Text 'secret_sauce' is set on object 'Object Repository/Page_Swag Labs/input_Swag Labs_password'

30-01-2025T17:12:40 - [MESSAGE][PASSED] - Text 'secret_sauce' is set on object 'Object Repository/Page_Swag Labs/input_Swag Labs_password'

30-01-2025T17:12:40 - [TEST_STEP][PASSED] - click(findTestObject("Object Repository/Page_Swag Labs/input_Swag Labs_login-button")): Object: 'Object Repository/Page_Swag Labs/input_Swag Labs_login-button' is clicked on

30-01-2025T17:12:41 - [MESSAGE][PASSED] - Object: 'Object Repository/Page_Swag Labs/input_Swag Labs_login-button' is clicked on

30-01-2025T17:12:41 - [TEST_STEP][PASSED] - verifyElementText(findTestObject("Object Repository/Page_Swag Labs/div_Epic sadface Sorry, this user has been _e43fcb"), "Epic sadface: Sorry, this user has been locked out."): Actual text and expected text of test object 'Object Repository/Page_Swag Labs/div_Epic sadface Sorry, this user has been _e43fcb' are matched.

30-01-2025T17:13:08 - [MESSAGE][PASSED] - Actual text and expected text of test object 'Object Repository/Page_Swag Labs/div_Epic sadface Sorry, this user has been _e43fcb' are matched.

30-01-2025T17:13:08 - [TEST_STEP][PASSED] - closeBrowser(): Browser is closed

30-01-2025T17:13:09 - [MESSAGE][PASSED] - Browser is closed]]></system-out>
         <system-err><![CDATA[]]></system-err>
      </testcase>
      <testcase name="Test Cases/Askblue_Training/Login_Logout/Login_Negativo_UserPassVazio" time="2.211" classname="Test Cases/Askblue_Training/Login_Logout/Login_Negativo_UserPassVazio" status="PASSED">
         <system-out><![CDATA[30-01-2025T17:13:09 - [TEST_CASE][PASSED] - Test Cases/Askblue_Training/Login_Logout/Login_Negativo_UserPassVazio: Test Cases/Askblue_Training/Login_Logout/Login_Negativo_UserPassVazio

30-01-2025T17:13:09 - [TEST_STEP][PASSED] - openBrowser(""): Browser is opened with url: ''

30-01-2025T17:13:09 - [MESSAGE][INFO] - Starting 'Chrome' driver

30-01-2025T17:13:09 - [MESSAGE][INFO] - Action delay is set to 0 milliseconds

30-01-2025T17:13:09 - [MESSAGE][PASSED] - Browser is opened with url: ''

30-01-2025T17:13:09 - [TEST_STEP][PASSED] - navigateToUrl("https://www.saucedemo.com/"): Navigate to 'https://www.saucedemo.com/' successfully

30-01-2025T17:13:10 - [MESSAGE][PASSED] - Navigate to 'https://www.saucedemo.com/' successfully

30-01-2025T17:13:10 - [TEST_STEP][PASSED] - click(findTestObject("Object Repository/Page_Swag Labs/input_Swag Labs_login-button")): Object: 'Object Repository/Page_Swag Labs/input_Swag Labs_login-button' is clicked on

30-01-2025T17:13:10 - [MESSAGE][PASSED] - Object: 'Object Repository/Page_Swag Labs/input_Swag Labs_login-button' is clicked on

30-01-2025T17:13:10 - [TEST_STEP][PASSED] - verifyElementText(findTestObject("Object Repository/Page_Swag Labs/div_Epic sadface Username is required"), "Epic sadface: Username is required"): Actual text and expected text of test object 'Object Repository/Page_Swag Labs/div_Epic sadface Username is required' are matched.

30-01-2025T17:13:11 - [MESSAGE][PASSED] - Actual text and expected text of test object 'Object Repository/Page_Swag Labs/div_Epic sadface Username is required' are matched.

30-01-2025T17:13:11 - [TEST_STEP][PASSED] - closeBrowser(): Browser is closed

30-01-2025T17:13:11 - [MESSAGE][PASSED] - Browser is closed]]></system-out>
         <system-err><![CDATA[]]></system-err>
      </testcase>
      <testcase name="Test Cases/Askblue_Training/Login_Logout/Login_Positivo" time="3.989" classname="Test Cases/Askblue_Training/Login_Logout/Login_Positivo" status="PASSED">
         <system-out><![CDATA[30-01-2025T17:13:11 - [TEST_CASE][PASSED] - Test Cases/Askblue_Training/Login_Logout/Login_Positivo: Test Cases/Askblue_Training/Login_Logout/Login_Positivo

30-01-2025T17:13:11 - [TEST_STEP][PASSED] - openBrowser(""): Browser is opened with url: ''

30-01-2025T17:13:11 - [MESSAGE][INFO] - Starting 'Chrome' driver

30-01-2025T17:13:11 - [MESSAGE][INFO] - Action delay is set to 0 milliseconds

30-01-2025T17:13:12 - [MESSAGE][PASSED] - Browser is opened with url: ''

30-01-2025T17:13:12 - [TEST_STEP][PASSED] - navigateToUrl("https://www.saucedemo.com/"): Navigate to 'https://www.saucedemo.com/' successfully

30-01-2025T17:13:12 - [MESSAGE][PASSED] - Navigate to 'https://www.saucedemo.com/' successfully

30-01-2025T17:13:12 - [TEST_STEP][PASSED] - setText(findTestObject("Object Repository/Page_Swag Labs/input_Swag Labs_user-name"), username): Text 'standard_user' is set on object 'Object Repository/Page_Swag Labs/input_Swag Labs_user-name'

30-01-2025T17:13:13 - [MESSAGE][PASSED] - Text 'standard_user' is set on object 'Object Repository/Page_Swag Labs/input_Swag Labs_user-name'

30-01-2025T17:13:13 - [TEST_STEP][PASSED] - setText(findTestObject("Object Repository/Page_Swag Labs/input_Swag Labs_password"), password): Text 'secret_sauce' is set on object 'Object Repository/Page_Swag Labs/input_Swag Labs_password'

30-01-2025T17:13:14 - [MESSAGE][PASSED] - Text 'secret_sauce' is set on object 'Object Repository/Page_Swag Labs/input_Swag Labs_password'

30-01-2025T17:13:14 - [TEST_STEP][PASSED] - click(findTestObject("Object Repository/Page_Swag Labs/input_Swag Labs_login-button")): Object: 'Object Repository/Page_Swag Labs/input_Swag Labs_login-button' is clicked on

30-01-2025T17:13:14 - [MESSAGE][PASSED] - Object: 'Object Repository/Page_Swag Labs/input_Swag Labs_login-button' is clicked on

30-01-2025T17:13:14 - [TEST_STEP][PASSED] - click(findTestObject("Object Repository/Page_Swag Labs/button_Open Menu")): Object: 'Object Repository/Page_Swag Labs/button_Open Menu' is clicked on

30-01-2025T17:13:14 - [MESSAGE][PASSED] - Object: 'Object Repository/Page_Swag Labs/button_Open Menu' is clicked on

30-01-2025T17:13:14 - [TEST_STEP][PASSED] - verifyElementText(findTestObject("Object Repository/Page_Swag Labs/a_Logout"), "Logout"): Actual text and expected text of test object 'Object Repository/Page_Swag Labs/a_Logout' are matched.

30-01-2025T17:13:15 - [MESSAGE][PASSED] - Actual text and expected text of test object 'Object Repository/Page_Swag Labs/a_Logout' are matched.

30-01-2025T17:13:15 - [TEST_STEP][PASSED] - click(findTestObject("Object Repository/Page_Swag Labs/button_Close Menu")): Object: 'Object Repository/Page_Swag Labs/button_Close Menu' is clicked on

30-01-2025T17:13:15 - [MESSAGE][PASSED] - Object: 'Object Repository/Page_Swag Labs/button_Close Menu' is clicked on]]></system-out>
         <system-err><![CDATA[]]></system-err>
      </testcase>
      <testcase name="Test Cases/Askblue_Training/Login_Logout/Logout" time="5.285" classname="Test Cases/Askblue_Training/Login_Logout/Logout" status="PASSED">
         <system-out><![CDATA[30-01-2025T17:13:15 - [TEST_CASE][PASSED] - Test Cases/Askblue_Training/Login_Logout/Logout: Test Cases/Askblue_Training/Login_Logout/Logout

30-01-2025T17:13:15 - [TEST_STEP][PASSED] - callTestCase(findTestCase("Askblue_Training/Login_Logout/Login_Positivo"), [:], STOP_ON_FAILURE): Call Test Case 'Test Cases/Askblue_Training/Login_Logout/Login_Positivo' successfully

30-01-2025T17:13:15 - [TEST_CASE][PASSED] - Test Cases/Askblue_Training/Login_Logout/Login_Positivo: Test Cases/Askblue_Training/Login_Logout/Login_Positivo

30-01-2025T17:13:15 - [TEST_STEP][PASSED] - openBrowser(""): Browser is opened with url: ''

30-01-2025T17:13:15 - [MESSAGE][WARNING] - A browser is already opened. Closing browser and opening a new one

30-01-2025T17:13:15 - [MESSAGE][INFO] - Starting 'Chrome' driver

30-01-2025T17:13:15 - [MESSAGE][INFO] - Action delay is set to 0 milliseconds

30-01-2025T17:13:16 - [MESSAGE][PASSED] - Browser is opened with url: ''

30-01-2025T17:13:16 - [TEST_STEP][PASSED] - navigateToUrl("https://www.saucedemo.com/"): Navigate to 'https://www.saucedemo.com/' successfully

30-01-2025T17:13:16 - [MESSAGE][PASSED] - Navigate to 'https://www.saucedemo.com/' successfully

30-01-2025T17:13:16 - [TEST_STEP][PASSED] - setText(findTestObject("Object Repository/Page_Swag Labs/input_Swag Labs_user-name"), username): Text 'standard_user' is set on object 'Object Repository/Page_Swag Labs/input_Swag Labs_user-name'

30-01-2025T17:13:17 - [MESSAGE][PASSED] - Text 'standard_user' is set on object 'Object Repository/Page_Swag Labs/input_Swag Labs_user-name'

30-01-2025T17:13:17 - [TEST_STEP][PASSED] - setText(findTestObject("Object Repository/Page_Swag Labs/input_Swag Labs_password"), password): Text 'secret_sauce' is set on object 'Object Repository/Page_Swag Labs/input_Swag Labs_password'

30-01-2025T17:13:18 - [MESSAGE][PASSED] - Text 'secret_sauce' is set on object 'Object Repository/Page_Swag Labs/input_Swag Labs_password'

30-01-2025T17:13:18 - [TEST_STEP][PASSED] - click(findTestObject("Object Repository/Page_Swag Labs/input_Swag Labs_login-button")): Object: 'Object Repository/Page_Swag Labs/input_Swag Labs_login-button' is clicked on

30-01-2025T17:13:18 - [MESSAGE][PASSED] - Object: 'Object Repository/Page_Swag Labs/input_Swag Labs_login-button' is clicked on

30-01-2025T17:13:18 - [TEST_STEP][PASSED] - click(findTestObject("Object Repository/Page_Swag Labs/button_Open Menu")): Object: 'Object Repository/Page_Swag Labs/button_Open Menu' is clicked on

30-01-2025T17:13:18 - [MESSAGE][PASSED] - Object: 'Object Repository/Page_Swag Labs/button_Open Menu' is clicked on

30-01-2025T17:13:18 - [TEST_STEP][PASSED] - verifyElementText(findTestObject("Object Repository/Page_Swag Labs/a_Logout"), "Logout"): Actual text and expected text of test object 'Object Repository/Page_Swag Labs/a_Logout' are matched.

30-01-2025T17:13:19 - [MESSAGE][PASSED] - Actual text and expected text of test object 'Object Repository/Page_Swag Labs/a_Logout' are matched.

30-01-2025T17:13:19 - [TEST_STEP][PASSED] - click(findTestObject("Object Repository/Page_Swag Labs/button_Close Menu")): Object: 'Object Repository/Page_Swag Labs/button_Close Menu' is clicked on

30-01-2025T17:13:19 - [MESSAGE][PASSED] - Object: 'Object Repository/Page_Swag Labs/button_Close Menu' is clicked on

30-01-2025T17:13:19 - [MESSAGE][PASSED] - Call Test Case 'Test Cases/Askblue_Training/Login_Logout/Login_Positivo' successfully

30-01-2025T17:13:19 - [TEST_STEP][PASSED] - click(findTestObject("Object Repository/Page_Swag Labs/button_Open Menu")): Object: 'Object Repository/Page_Swag Labs/button_Open Menu' is clicked on

30-01-2025T17:13:19 - [MESSAGE][PASSED] - Object: 'Object Repository/Page_Swag Labs/button_Open Menu' is clicked on

30-01-2025T17:13:19 - [TEST_STEP][PASSED] - click(findTestObject("Object Repository/Page_Swag Labs/a_Logout")): Object: 'Object Repository/Page_Swag Labs/a_Logout' is clicked on

30-01-2025T17:13:20 - [MESSAGE][PASSED] - Object: 'Object Repository/Page_Swag Labs/a_Logout' is clicked on

30-01-2025T17:13:20 - [TEST_STEP][PASSED] - verifyElementText(findTestObject("Object Repository/Page_Swag Labs/input_Swag Labs_login-button"), ""): Actual text and expected text of test object 'Object Repository/Page_Swag Labs/input_Swag Labs_login-button' are matched.

30-01-2025T17:13:20 - [MESSAGE][PASSED] - Actual text and expected text of test object 'Object Repository/Page_Swag Labs/input_Swag Labs_login-button' are matched.

30-01-2025T17:13:20 - [TEST_STEP][PASSED] - closeBrowser(): Browser is closed

30-01-2025T17:13:20 - [MESSAGE][PASSED] - Browser is closed]]></system-out>
         <system-err><![CDATA[]]></system-err>
      </testcase>
      <testcase name="Test Cases/Askblue_Training/Add_to_Cart/Add_to_Cart_1" time="6.49" classname="Test Cases/Askblue_Training/Add_to_Cart/Add_to_Cart_1" status="PASSED">
         <system-out><![CDATA[30-01-2025T17:13:20 - [TEST_CASE][PASSED] - Test Cases/Askblue_Training/Add_to_Cart/Add_to_Cart_1: Test Cases/Askblue_Training/Add_to_Cart/Add_to_Cart_1

30-01-2025T17:13:20 - [TEST_STEP][PASSED] - callTestCase(findTestCase("Askblue_Training/Login_Logout/Login_Positivo"), ["username":"standard_user", "password":"secret_sauce"], STOP_ON_FAILURE): Call Test Case 'Test Cases/Askblue_Training/Login_Logout/Login_Positivo' successfully

30-01-2025T17:13:20 - [TEST_CASE][PASSED] - Test Cases/Askblue_Training/Login_Logout/Login_Positivo: Test Cases/Askblue_Training/Login_Logout/Login_Positivo

30-01-2025T17:13:20 - [TEST_STEP][PASSED] - openBrowser(""): Browser is opened with url: ''

30-01-2025T17:13:20 - [MESSAGE][INFO] - Starting 'Chrome' driver

30-01-2025T17:13:20 - [MESSAGE][INFO] - Action delay is set to 0 milliseconds

30-01-2025T17:13:21 - [MESSAGE][PASSED] - Browser is opened with url: ''

30-01-2025T17:13:21 - [TEST_STEP][PASSED] - navigateToUrl("https://www.saucedemo.com/"): Navigate to 'https://www.saucedemo.com/' successfully

30-01-2025T17:13:21 - [MESSAGE][PASSED] - Navigate to 'https://www.saucedemo.com/' successfully

30-01-2025T17:13:21 - [TEST_STEP][PASSED] - setText(findTestObject("Object Repository/Page_Swag Labs/input_Swag Labs_user-name"), username): Text 'standard_user' is set on object 'Object Repository/Page_Swag Labs/input_Swag Labs_user-name'

30-01-2025T17:13:22 - [MESSAGE][PASSED] - Text 'standard_user' is set on object 'Object Repository/Page_Swag Labs/input_Swag Labs_user-name'

30-01-2025T17:13:22 - [TEST_STEP][PASSED] - setText(findTestObject("Object Repository/Page_Swag Labs/input_Swag Labs_password"), password): Text 'secret_sauce' is set on object 'Object Repository/Page_Swag Labs/input_Swag Labs_password'

30-01-2025T17:13:23 - [MESSAGE][PASSED] - Text 'secret_sauce' is set on object 'Object Repository/Page_Swag Labs/input_Swag Labs_password'

30-01-2025T17:13:23 - [TEST_STEP][PASSED] - click(findTestObject("Object Repository/Page_Swag Labs/input_Swag Labs_login-button")): Object: 'Object Repository/Page_Swag Labs/input_Swag Labs_login-button' is clicked on

30-01-2025T17:13:23 - [MESSAGE][PASSED] - Object: 'Object Repository/Page_Swag Labs/input_Swag Labs_login-button' is clicked on

30-01-2025T17:13:23 - [TEST_STEP][PASSED] - click(findTestObject("Object Repository/Page_Swag Labs/button_Open Menu")): Object: 'Object Repository/Page_Swag Labs/button_Open Menu' is clicked on

30-01-2025T17:13:24 - [MESSAGE][PASSED] - Object: 'Object Repository/Page_Swag Labs/button_Open Menu' is clicked on

30-01-2025T17:13:24 - [TEST_STEP][PASSED] - verifyElementText(findTestObject("Object Repository/Page_Swag Labs/a_Logout"), "Logout"): Actual text and expected text of test object 'Object Repository/Page_Swag Labs/a_Logout' are matched.

30-01-2025T17:13:24 - [MESSAGE][PASSED] - Actual text and expected text of test object 'Object Repository/Page_Swag Labs/a_Logout' are matched.

30-01-2025T17:13:24 - [TEST_STEP][PASSED] - click(findTestObject("Object Repository/Page_Swag Labs/button_Close Menu")): Object: 'Object Repository/Page_Swag Labs/button_Close Menu' is clicked on

30-01-2025T17:13:24 - [MESSAGE][PASSED] - Object: 'Object Repository/Page_Swag Labs/button_Close Menu' is clicked on

30-01-2025T17:13:24 - [MESSAGE][PASSED] - Call Test Case 'Test Cases/Askblue_Training/Login_Logout/Login_Positivo' successfully

30-01-2025T17:13:24 - [TEST_STEP][PASSED] - addToCart = findTestObject("Object Repository/Page_Swag Labs/button_add_to_cart"): null

30-01-2025T17:13:24 - [TEST_STEP][PASSED] - addToCartList = findWebElements(addToCart, 10): Found web elements by test object Object Repository/Page_Swag Labs/button_add_to_cart

30-01-2025T17:13:24 - [MESSAGE][PASSED] - Found web elements by test object Object Repository/Page_Swag Labs/button_add_to_cart

30-01-2025T17:13:24 - [TEST_STEP][PASSED] - itemNames = findTestObject("Object Repository/Page_Swag Labs/item_name"): null

30-01-2025T17:13:24 - [TEST_STEP][PASSED] - itemNameList = findWebElements(itemNames, 10): Found web elements by test object Object Repository/Page_Swag Labs/item_name

30-01-2025T17:13:25 - [MESSAGE][PASSED] - Found web elements by test object Object Repository/Page_Swag Labs/item_name

30-01-2025T17:13:25 - [TEST_STEP][PASSED] - name = itemNameList[0].getText(): null

30-01-2025T17:13:25 - [TEST_STEP][PASSED] - itemPrices = findTestObject("Object Repository/Page_Swag Labs/item_price"): null

30-01-2025T17:13:25 - [TEST_STEP][PASSED] - itemPriceList = findWebElements(itemPrices, 10): Found web elements by test object Object Repository/Page_Swag Labs/item_price

30-01-2025T17:13:25 - [MESSAGE][PASSED] - Found web elements by test object Object Repository/Page_Swag Labs/item_price

30-01-2025T17:13:25 - [TEST_STEP][PASSED] - price = itemPriceList[0].getText(): null

30-01-2025T17:13:25 - [TEST_STEP][PASSED] - get(0).click(): null

30-01-2025T17:13:25 - [TEST_STEP][PASSED] - verifyElementText(findTestObject("Object Repository/Page_Swag Labs/icone_carrinho"), "1"): Actual text and expected text of test object 'Object Repository/Page_Swag Labs/icone_carrinho' are matched.

30-01-2025T17:13:25 - [MESSAGE][PASSED] - Actual text and expected text of test object 'Object Repository/Page_Swag Labs/icone_carrinho' are matched.

30-01-2025T17:13:25 - [TEST_STEP][PASSED] - click(findTestObject("Object Repository/Page_Swag Labs/icone_carrinho")): Object: 'Object Repository/Page_Swag Labs/icone_carrinho' is clicked on

30-01-2025T17:13:26 - [MESSAGE][PASSED] - Object: 'Object Repository/Page_Swag Labs/icone_carrinho' is clicked on

30-01-2025T17:13:26 - [TEST_STEP][PASSED] - cartItemNames = findTestObject("Object Repository/Page_Swag Labs/cart_item_name"): null

30-01-2025T17:13:26 - [TEST_STEP][PASSED] - cartItemNameList = findWebElements(cartItemNames, 10): Found web elements by test object Object Repository/Page_Swag Labs/cart_item_name

30-01-2025T17:13:26 - [MESSAGE][PASSED] - Found web elements by test object Object Repository/Page_Swag Labs/cart_item_name

30-01-2025T17:13:26 - [TEST_STEP][PASSED] - verifyMatch(cartItemNameList[0].getText(), name, false): Actual text 'Sauce Labs Backpack' and expected text 'Sauce Labs Backpack' are matched 

30-01-2025T17:13:26 - [MESSAGE][PASSED] - Actual text 'Sauce Labs Backpack' and expected text 'Sauce Labs Backpack' are matched 

30-01-2025T17:13:26 - [TEST_STEP][PASSED] - cartItemPrices = findTestObject("Object Repository/Page_Swag Labs/cart_item_price"): null

30-01-2025T17:13:26 - [TEST_STEP][PASSED] - cartItemPriceList = findWebElements(cartItemPrices, 10): Found web elements by test object Object Repository/Page_Swag Labs/cart_item_price

30-01-2025T17:13:26 - [MESSAGE][PASSED] - Found web elements by test object Object Repository/Page_Swag Labs/cart_item_price

30-01-2025T17:13:26 - [TEST_STEP][PASSED] - verifyMatch(cartItemPriceList[0].getText(), price, false): Actual text '$29.99' and expected text '$29.99' are matched 

30-01-2025T17:13:26 - [MESSAGE][PASSED] - Actual text '$29.99' and expected text '$29.99' are matched 

30-01-2025T17:13:26 - [TEST_STEP][PASSED] - click(findTestObject("Object Repository/Page_Swag Labs/button_Continue Shopping")): Object: 'Object Repository/Page_Swag Labs/button_Continue Shopping' is clicked on

30-01-2025T17:13:27 - [MESSAGE][PASSED] - Object: 'Object Repository/Page_Swag Labs/button_Continue Shopping' is clicked on]]></system-out>
         <system-err><![CDATA[]]></system-err>
      </testcase>
      <testcase name="Test Cases/Askblue_Training/Add_to_Cart/Add_to_Cart_AleatorioUm" time="6.825" classname="Test Cases/Askblue_Training/Add_to_Cart/Add_to_Cart_AleatorioUm" status="PASSED">
         <system-out><![CDATA[30-01-2025T17:13:27 - [TEST_CASE][PASSED] - Test Cases/Askblue_Training/Add_to_Cart/Add_to_Cart_AleatorioUm: Test Cases/Askblue_Training/Add_to_Cart/Add_to_Cart_AleatorioUm

30-01-2025T17:13:27 - [TEST_STEP][PASSED] - callTestCase(findTestCase("Askblue_Training/Login_Logout/Login_Positivo"), [:], STOP_ON_FAILURE): Call Test Case 'Test Cases/Askblue_Training/Login_Logout/Login_Positivo' successfully

30-01-2025T17:13:27 - [TEST_CASE][PASSED] - Test Cases/Askblue_Training/Login_Logout/Login_Positivo: Test Cases/Askblue_Training/Login_Logout/Login_Positivo

30-01-2025T17:13:27 - [TEST_STEP][PASSED] - openBrowser(""): Browser is opened with url: ''

30-01-2025T17:13:27 - [MESSAGE][WARNING] - A browser is already opened. Closing browser and opening a new one

30-01-2025T17:13:27 - [MESSAGE][INFO] - Starting 'Chrome' driver

30-01-2025T17:13:27 - [MESSAGE][INFO] - Action delay is set to 0 milliseconds

30-01-2025T17:13:28 - [MESSAGE][PASSED] - Browser is opened with url: ''

30-01-2025T17:13:28 - [TEST_STEP][PASSED] - navigateToUrl("https://www.saucedemo.com/"): Navigate to 'https://www.saucedemo.com/' successfully

30-01-2025T17:13:28 - [MESSAGE][PASSED] - Navigate to 'https://www.saucedemo.com/' successfully

30-01-2025T17:13:28 - [TEST_STEP][PASSED] - setText(findTestObject("Object Repository/Page_Swag Labs/input_Swag Labs_user-name"), username): Text 'standard_user' is set on object 'Object Repository/Page_Swag Labs/input_Swag Labs_user-name'

30-01-2025T17:13:29 - [MESSAGE][PASSED] - Text 'standard_user' is set on object 'Object Repository/Page_Swag Labs/input_Swag Labs_user-name'

30-01-2025T17:13:29 - [TEST_STEP][PASSED] - setText(findTestObject("Object Repository/Page_Swag Labs/input_Swag Labs_password"), password): Text 'secret_sauce' is set on object 'Object Repository/Page_Swag Labs/input_Swag Labs_password'

30-01-2025T17:13:30 - [MESSAGE][PASSED] - Text 'secret_sauce' is set on object 'Object Repository/Page_Swag Labs/input_Swag Labs_password'

30-01-2025T17:13:30 - [TEST_STEP][PASSED] - click(findTestObject("Object Repository/Page_Swag Labs/input_Swag Labs_login-button")): Object: 'Object Repository/Page_Swag Labs/input_Swag Labs_login-button' is clicked on

30-01-2025T17:13:30 - [MESSAGE][PASSED] - Object: 'Object Repository/Page_Swag Labs/input_Swag Labs_login-button' is clicked on

30-01-2025T17:13:30 - [TEST_STEP][PASSED] - click(findTestObject("Object Repository/Page_Swag Labs/button_Open Menu")): Object: 'Object Repository/Page_Swag Labs/button_Open Menu' is clicked on

30-01-2025T17:13:30 - [MESSAGE][PASSED] - Object: 'Object Repository/Page_Swag Labs/button_Open Menu' is clicked on

30-01-2025T17:13:30 - [TEST_STEP][PASSED] - verifyElementText(findTestObject("Object Repository/Page_Swag Labs/a_Logout"), "Logout"): Actual text and expected text of test object 'Object Repository/Page_Swag Labs/a_Logout' are matched.

30-01-2025T17:13:30 - [MESSAGE][PASSED] - Actual text and expected text of test object 'Object Repository/Page_Swag Labs/a_Logout' are matched.

30-01-2025T17:13:30 - [TEST_STEP][PASSED] - click(findTestObject("Object Repository/Page_Swag Labs/button_Close Menu")): Object: 'Object Repository/Page_Swag Labs/button_Close Menu' is clicked on

30-01-2025T17:13:31 - [MESSAGE][PASSED] - Object: 'Object Repository/Page_Swag Labs/button_Close Menu' is clicked on

30-01-2025T17:13:31 - [MESSAGE][PASSED] - Call Test Case 'Test Cases/Askblue_Training/Login_Logout/Login_Positivo' successfully

30-01-2025T17:13:31 - [TEST_STEP][PASSED] - verifyElementText(findTestObject("Page_Swag Labs/icone_Carrinho"), ""): Actual text and expected text of test object 'Object Repository/Page_Swag Labs/icone_Carrinho' are matched.

30-01-2025T17:13:31 - [MESSAGE][PASSED] - Actual text and expected text of test object 'Object Repository/Page_Swag Labs/icone_Carrinho' are matched.

30-01-2025T17:13:31 - [TEST_STEP][PASSED] - addToCart = findTestObject("Object Repository/Page_Swag Labs/button_add_to_cart"): null

30-01-2025T17:13:31 - [TEST_STEP][PASSED] - addToCartList = findWebElements(addToCart, 10): Found web elements by test object Object Repository/Page_Swag Labs/button_add_to_cart

30-01-2025T17:13:31 - [MESSAGE][PASSED] - Found web elements by test object Object Repository/Page_Swag Labs/button_add_to_cart

30-01-2025T17:13:31 - [TEST_STEP][PASSED] - itemNames = findTestObject("Object Repository/Page_Swag Labs/item_name"): null

30-01-2025T17:13:31 - [TEST_STEP][PASSED] - itemNameList = findWebElements(itemNames, 10): Found web elements by test object Object Repository/Page_Swag Labs/item_name

30-01-2025T17:13:32 - [MESSAGE][PASSED] - Found web elements by test object Object Repository/Page_Swag Labs/item_name

30-01-2025T17:13:32 - [TEST_STEP][PASSED] - itemPrices = findTestObject("Object Repository/Page_Swag Labs/item_price"): null

30-01-2025T17:13:32 - [TEST_STEP][PASSED] - itemPriceList = findWebElements(itemPrices, 10): Found web elements by test object Object Repository/Page_Swag Labs/item_price

30-01-2025T17:13:32 - [MESSAGE][PASSED] - Found web elements by test object Object Repository/Page_Swag Labs/item_price

30-01-2025T17:13:32 - [TEST_STEP][PASSED] - rand = new java.util.Random(): null

30-01-2025T17:13:32 - [TEST_STEP][PASSED] - r = rand.nextInt(addToCartList.size()): null

30-01-2025T17:13:32 - [TEST_STEP][PASSED] - name = itemNameList[r].getText(): null

30-01-2025T17:13:32 - [TEST_STEP][PASSED] - price = itemPriceList[r].getText(): null

30-01-2025T17:13:32 - [TEST_STEP][PASSED] - get(r).click(): null

30-01-2025T17:13:32 - [TEST_STEP][PASSED] - verifyElementText(findTestObject("Page_Swag Labs/icone_carrinho"), "1"): Actual text and expected text of test object 'Object Repository/Page_Swag Labs/icone_carrinho' are matched.

30-01-2025T17:13:32 - [MESSAGE][PASSED] - Actual text and expected text of test object 'Object Repository/Page_Swag Labs/icone_carrinho' are matched.

30-01-2025T17:13:32 - [TEST_STEP][PASSED] - click(findTestObject("Object Repository/Page_Swag Labs/icone_carrinho")): Object: 'Object Repository/Page_Swag Labs/icone_carrinho' is clicked on

30-01-2025T17:13:33 - [MESSAGE][PASSED] - Object: 'Object Repository/Page_Swag Labs/icone_carrinho' is clicked on

30-01-2025T17:13:33 - [TEST_STEP][PASSED] - cartItemNames = findTestObject("Object Repository/Page_Swag Labs/cart_item_name"): null

30-01-2025T17:13:33 - [TEST_STEP][PASSED] - cartItemNameList = findWebElements(cartItemNames, 10): Found web elements by test object Object Repository/Page_Swag Labs/cart_item_name

30-01-2025T17:13:33 - [MESSAGE][PASSED] - Found web elements by test object Object Repository/Page_Swag Labs/cart_item_name

30-01-2025T17:13:33 - [TEST_STEP][PASSED] - verifyMatch(cartItemNameList[0].getText(), name, false): Actual text 'Sauce Labs Fleece Jacket' and expected text 'Sauce Labs Fleece Jacket' are matched 

30-01-2025T17:13:33 - [MESSAGE][PASSED] - Actual text 'Sauce Labs Fleece Jacket' and expected text 'Sauce Labs Fleece Jacket' are matched 

30-01-2025T17:13:33 - [TEST_STEP][PASSED] - cartItemPrices = findTestObject("Object Repository/Page_Swag Labs/cart_item_price"): null

30-01-2025T17:13:33 - [TEST_STEP][PASSED] - cartItemPriceList = findWebElements(cartItemPrices, 10): Found web elements by test object Object Repository/Page_Swag Labs/cart_item_price

30-01-2025T17:13:33 - [MESSAGE][PASSED] - Found web elements by test object Object Repository/Page_Swag Labs/cart_item_price

30-01-2025T17:13:33 - [TEST_STEP][PASSED] - verifyMatch(cartItemPriceList[0].getText(), price, false): Actual text '$49.99' and expected text '$49.99' are matched 

30-01-2025T17:13:33 - [MESSAGE][PASSED] - Actual text '$49.99' and expected text '$49.99' are matched 

30-01-2025T17:13:33 - [TEST_STEP][PASSED] - click(findTestObject("Object Repository/Page_Swag Labs/button_Continue Shopping")): Object: 'Object Repository/Page_Swag Labs/button_Continue Shopping' is clicked on

30-01-2025T17:13:33 - [MESSAGE][PASSED] - Object: 'Object Repository/Page_Swag Labs/button_Continue Shopping' is clicked on]]></system-out>
         <system-err><![CDATA[]]></system-err>
      </testcase>
      <testcase name="Test Cases/Askblue_Training/Add_to_Cart/Add_to_Cart_AleatorioVarios" time="15.137" classname="Test Cases/Askblue_Training/Add_to_Cart/Add_to_Cart_AleatorioVarios" status="PASSED">
         <system-out><![CDATA[30-01-2025T17:13:33 - [TEST_CASE][PASSED] - Test Cases/Askblue_Training/Add_to_Cart/Add_to_Cart_AleatorioVarios: Test Cases/Askblue_Training/Add_to_Cart/Add_to_Cart_AleatorioVarios

30-01-2025T17:13:34 - [TEST_STEP][PASSED] - callTestCase(findTestCase("Askblue_Training/Login_Logout/Login_Positivo"), [:], STOP_ON_FAILURE): Call Test Case 'Test Cases/Askblue_Training/Login_Logout/Login_Positivo' successfully

30-01-2025T17:13:34 - [TEST_CASE][PASSED] - Test Cases/Askblue_Training/Login_Logout/Login_Positivo: Test Cases/Askblue_Training/Login_Logout/Login_Positivo

30-01-2025T17:13:34 - [TEST_STEP][PASSED] - openBrowser(""): Browser is opened with url: ''

30-01-2025T17:13:34 - [MESSAGE][WARNING] - A browser is already opened. Closing browser and opening a new one

30-01-2025T17:13:34 - [MESSAGE][INFO] - Starting 'Chrome' driver

30-01-2025T17:13:34 - [MESSAGE][INFO] - Action delay is set to 0 milliseconds

30-01-2025T17:13:35 - [MESSAGE][PASSED] - Browser is opened with url: ''

30-01-2025T17:13:35 - [TEST_STEP][PASSED] - navigateToUrl("https://www.saucedemo.com/"): Navigate to 'https://www.saucedemo.com/' successfully

30-01-2025T17:13:35 - [MESSAGE][PASSED] - Navigate to 'https://www.saucedemo.com/' successfully

30-01-2025T17:13:35 - [TEST_STEP][PASSED] - setText(findTestObject("Object Repository/Page_Swag Labs/input_Swag Labs_user-name"), username): Text 'standard_user' is set on object 'Object Repository/Page_Swag Labs/input_Swag Labs_user-name'

30-01-2025T17:13:36 - [MESSAGE][PASSED] - Text 'standard_user' is set on object 'Object Repository/Page_Swag Labs/input_Swag Labs_user-name'

30-01-2025T17:13:36 - [TEST_STEP][PASSED] - setText(findTestObject("Object Repository/Page_Swag Labs/input_Swag Labs_password"), password): Text 'secret_sauce' is set on object 'Object Repository/Page_Swag Labs/input_Swag Labs_password'

30-01-2025T17:13:37 - [MESSAGE][PASSED] - Text 'secret_sauce' is set on object 'Object Repository/Page_Swag Labs/input_Swag Labs_password'

30-01-2025T17:13:37 - [TEST_STEP][PASSED] - click(findTestObject("Object Repository/Page_Swag Labs/input_Swag Labs_login-button")): Object: 'Object Repository/Page_Swag Labs/input_Swag Labs_login-button' is clicked on

30-01-2025T17:13:37 - [MESSAGE][PASSED] - Object: 'Object Repository/Page_Swag Labs/input_Swag Labs_login-button' is clicked on

30-01-2025T17:13:37 - [TEST_STEP][PASSED] - click(findTestObject("Object Repository/Page_Swag Labs/button_Open Menu")): Object: 'Object Repository/Page_Swag Labs/button_Open Menu' is clicked on

30-01-2025T17:13:37 - [MESSAGE][PASSED] - Object: 'Object Repository/Page_Swag Labs/button_Open Menu' is clicked on

30-01-2025T17:13:37 - [TEST_STEP][PASSED] - verifyElementText(findTestObject("Object Repository/Page_Swag Labs/a_Logout"), "Logout"): Actual text and expected text of test object 'Object Repository/Page_Swag Labs/a_Logout' are matched.

30-01-2025T17:13:38 - [MESSAGE][PASSED] - Actual text and expected text of test object 'Object Repository/Page_Swag Labs/a_Logout' are matched.

30-01-2025T17:13:38 - [TEST_STEP][PASSED] - click(findTestObject("Object Repository/Page_Swag Labs/button_Close Menu")): Object: 'Object Repository/Page_Swag Labs/button_Close Menu' is clicked on

30-01-2025T17:13:38 - [MESSAGE][PASSED] - Object: 'Object Repository/Page_Swag Labs/button_Close Menu' is clicked on

30-01-2025T17:13:38 - [MESSAGE][PASSED] - Call Test Case 'Test Cases/Askblue_Training/Login_Logout/Login_Positivo' successfully

30-01-2025T17:13:38 - [TEST_STEP][PASSED] - verifyElementText(findTestObject("Page_Swag Labs/icone_carrinho"), ""): Actual text and expected text of test object 'Object Repository/Page_Swag Labs/icone_carrinho' are matched.

30-01-2025T17:13:38 - [MESSAGE][PASSED] - Actual text and expected text of test object 'Object Repository/Page_Swag Labs/icone_carrinho' are matched.

30-01-2025T17:13:38 - [TEST_STEP][PASSED] - addToCart = TestObject().addProperty("xpath", EQUALS, "//button[text()='Add to cart']"): null

30-01-2025T17:13:38 - [TEST_STEP][PASSED] - addToCartList = findWebElements(addToCart, 10): Found web elements by test object 

30-01-2025T17:13:38 - [MESSAGE][PASSED] - Found web elements by test object 

30-01-2025T17:13:38 - [TEST_STEP][PASSED] - itemNames = findTestObject("Object Repository/Page_Swag Labs/item_name"): null

30-01-2025T17:13:38 - [TEST_STEP][PASSED] - itemNameList = findWebElements(itemNames, 10): Found web elements by test object Object Repository/Page_Swag Labs/item_name

30-01-2025T17:13:39 - [MESSAGE][PASSED] - Found web elements by test object Object Repository/Page_Swag Labs/item_name

30-01-2025T17:13:39 - [TEST_STEP][PASSED] - itemPrices = findTestObject("Object Repository/Page_Swag Labs/item_price"): null

30-01-2025T17:13:39 - [TEST_STEP][PASSED] - itemPriceList = findWebElements(itemPrices, 10): Found web elements by test object Object Repository/Page_Swag Labs/item_price

30-01-2025T17:13:39 - [MESSAGE][PASSED] - Found web elements by test object Object Repository/Page_Swag Labs/item_price

30-01-2025T17:13:39 - [TEST_STEP][PASSED] - addedItems = new java.util.HashSet(): null

30-01-2025T17:13:39 - [TEST_STEP][PASSED] - v = Random().nextInt(addToCartList.size() - 2) + 2: null

30-01-2025T17:13:39 - [TEST_STEP][PASSED] - for ([i = 0, i < v, (i++)]): Object: 'Object Repository/Page_Swag Labs/button_Continue Shopping' is clicked on

30-01-2025T17:13:39 - [TEST_STEP][PASSED] - availableItems = findWebElements(findTestObject("Object Repository/Page_Swag Labs/item_name"), 10): Found web elements by test object Object Repository/Page_Swag Labs/item_name

30-01-2025T17:13:39 - [MESSAGE][PASSED] - Found web elements by test object Object Repository/Page_Swag Labs/item_name

30-01-2025T17:13:39 - [TEST_STEP][PASSED] - availablePrices = findWebElements(findTestObject("Object Repository/Page_Swag Labs/item_price"), 10): Found web elements by test object Object Repository/Page_Swag Labs/item_price

30-01-2025T17:13:40 - [MESSAGE][PASSED] - Found web elements by test object Object Repository/Page_Swag Labs/item_price

30-01-2025T17:13:40 - [TEST_STEP][PASSED] - availableButtons = findWebElements(findTestObject("Object Repository/Page_Swag Labs/button_add_to_cart"), 10): Found web elements by test object Object Repository/Page_Swag Labs/button_add_to_cart

30-01-2025T17:13:40 - [MESSAGE][PASSED] - Found web elements by test object Object Repository/Page_Swag Labs/button_add_to_cart

30-01-2025T17:13:40 - [TEST_STEP][PASSED] - validIndexes = []: null

30-01-2025T17:13:40 - [TEST_STEP][PASSED] - for ([j = 0, j < availableItems.size(), (j++)]): null

30-01-2025T17:13:40 - [TEST_STEP][PASSED] - if (!(addedItems.contains(availableItems[j].getText()))): null

30-01-2025T17:13:40 - [TEST_STEP][PASSED] - validIndexes.add(j): null

30-01-2025T17:13:40 - [TEST_STEP][PASSED] - if (!(addedItems.contains(availableItems[j].getText()))): null

30-01-2025T17:13:40 - [TEST_STEP][PASSED] - validIndexes.add(j): null

30-01-2025T17:13:40 - [TEST_STEP][PASSED] - if (!(addedItems.contains(availableItems[j].getText()))): null

30-01-2025T17:13:40 - [TEST_STEP][PASSED] - validIndexes.add(j): null

30-01-2025T17:13:40 - [TEST_STEP][PASSED] - if (!(addedItems.contains(availableItems[j].getText()))): null

30-01-2025T17:13:40 - [TEST_STEP][PASSED] - validIndexes.add(j): null

30-01-2025T17:13:40 - [TEST_STEP][PASSED] - if (!(addedItems.contains(availableItems[j].getText()))): null

30-01-2025T17:13:40 - [TEST_STEP][PASSED] - validIndexes.add(j): null

30-01-2025T17:13:40 - [TEST_STEP][PASSED] - if (!(addedItems.contains(availableItems[j].getText()))): null

30-01-2025T17:13:40 - [TEST_STEP][PASSED] - validIndexes.add(j): null

30-01-2025T17:13:40 - [TEST_STEP][PASSED] - if (validIndexes.isEmpty()): null

30-01-2025T17:13:40 - [TEST_STEP][PASSED] - randomIndex = validIndexes.get(Random().nextInt(validIndexes.size())): null

30-01-2025T17:13:40 - [TEST_STEP][PASSED] - name = availableItems[randomIndex].getText(): null

30-01-2025T17:13:40 - [TEST_STEP][PASSED] - price = availablePrices[randomIndex].getText(): null

30-01-2025T17:13:40 - [TEST_STEP][PASSED] - availableButtons[randomIndex].click(): null

30-01-2025T17:13:40 - [TEST_STEP][PASSED] - delay(1): Delayed 1 second(s)

30-01-2025T17:13:41 - [MESSAGE][PASSED] - Delayed 1 second(s)

30-01-2025T17:13:41 - [TEST_STEP][PASSED] - verifyElementText(findTestObject("Object Repository/Page_Swag Labs/icone_carrinho"), i + 1.toString()): Actual text and expected text of test object 'Object Repository/Page_Swag Labs/icone_carrinho' are matched.

30-01-2025T17:13:41 - [MESSAGE][PASSED] - Actual text and expected text of test object 'Object Repository/Page_Swag Labs/icone_carrinho' are matched.

30-01-2025T17:13:41 - [TEST_STEP][PASSED] - click(findTestObject("Object Repository/Page_Swag Labs/icone_carrinho")): Object: 'Object Repository/Page_Swag Labs/icone_carrinho' is clicked on

30-01-2025T17:13:42 - [MESSAGE][PASSED] - Object: 'Object Repository/Page_Swag Labs/icone_carrinho' is clicked on

30-01-2025T17:13:42 - [TEST_STEP][PASSED] - delay(1): Delayed 1 second(s)

30-01-2025T17:13:43 - [MESSAGE][PASSED] - Delayed 1 second(s)

30-01-2025T17:13:43 - [TEST_STEP][PASSED] - cartItemNameList = findWebElements(findTestObject("Object Repository/Page_Swag Labs/cart_item_name"), 10): Found web elements by test object Object Repository/Page_Swag Labs/cart_item_name

30-01-2025T17:13:43 - [MESSAGE][PASSED] - Found web elements by test object Object Repository/Page_Swag Labs/cart_item_name

30-01-2025T17:13:43 - [TEST_STEP][PASSED] - cartItemPriceList = findWebElements(findTestObject("Object Repository/Page_Swag Labs/cart_item_price"), 10): Found web elements by test object Object Repository/Page_Swag Labs/cart_item_price

30-01-2025T17:13:43 - [MESSAGE][PASSED] - Found web elements by test object Object Repository/Page_Swag Labs/cart_item_price

30-01-2025T17:13:43 - [TEST_STEP][PASSED] - verifyMatch(cartItemNameList[i].getText(), name, false): Actual text 'Sauce Labs Backpack' and expected text 'Sauce Labs Backpack' are matched 

30-01-2025T17:13:43 - [MESSAGE][PASSED] - Actual text 'Sauce Labs Backpack' and expected text 'Sauce Labs Backpack' are matched 

30-01-2025T17:13:43 - [TEST_STEP][PASSED] - verifyMatch(cartItemPriceList[i].getText(), price, false): Actual text '$29.99' and expected text '$29.99' are matched 

30-01-2025T17:13:43 - [MESSAGE][PASSED] - Actual text '$29.99' and expected text '$29.99' are matched 

30-01-2025T17:13:43 - [TEST_STEP][PASSED] - addedItems.add(name): null

30-01-2025T17:13:43 - [TEST_STEP][PASSED] - click(findTestObject("Object Repository/Page_Swag Labs/button_Continue Shopping")): Object: 'Object Repository/Page_Swag Labs/button_Continue Shopping' is clicked on

30-01-2025T17:13:44 - [MESSAGE][PASSED] - Object: 'Object Repository/Page_Swag Labs/button_Continue Shopping' is clicked on

30-01-2025T17:13:44 - [TEST_STEP][PASSED] - availableItems = findWebElements(findTestObject("Object Repository/Page_Swag Labs/item_name"), 10): Found web elements by test object Object Repository/Page_Swag Labs/item_name

30-01-2025T17:13:44 - [MESSAGE][PASSED] - Found web elements by test object Object Repository/Page_Swag Labs/item_name

30-01-2025T17:13:44 - [TEST_STEP][PASSED] - availablePrices = findWebElements(findTestObject("Object Repository/Page_Swag Labs/item_price"), 10): Found web elements by test object Object Repository/Page_Swag Labs/item_price

30-01-2025T17:13:44 - [MESSAGE][PASSED] - Found web elements by test object Object Repository/Page_Swag Labs/item_price

30-01-2025T17:13:44 - [TEST_STEP][PASSED] - availableButtons = findWebElements(findTestObject("Object Repository/Page_Swag Labs/button_add_to_cart"), 10): Found web elements by test object Object Repository/Page_Swag Labs/button_add_to_cart

30-01-2025T17:13:44 - [MESSAGE][PASSED] - Found web elements by test object Object Repository/Page_Swag Labs/button_add_to_cart

30-01-2025T17:13:44 - [TEST_STEP][PASSED] - validIndexes = []: null

30-01-2025T17:13:44 - [TEST_STEP][PASSED] - for ([j = 0, j < availableItems.size(), (j++)]): null

30-01-2025T17:13:44 - [TEST_STEP][PASSED] - if (!(addedItems.contains(availableItems[j].getText()))): null

30-01-2025T17:13:44 - [TEST_STEP][PASSED] - if (!(addedItems.contains(availableItems[j].getText()))): null

30-01-2025T17:13:45 - [TEST_STEP][PASSED] - validIndexes.add(j): null

30-01-2025T17:13:45 - [TEST_STEP][PASSED] - if (!(addedItems.contains(availableItems[j].getText()))): null

30-01-2025T17:13:45 - [TEST_STEP][PASSED] - validIndexes.add(j): null

30-01-2025T17:13:45 - [TEST_STEP][PASSED] - if (!(addedItems.contains(availableItems[j].getText()))): null

30-01-2025T17:13:45 - [TEST_STEP][PASSED] - validIndexes.add(j): null

30-01-2025T17:13:45 - [TEST_STEP][PASSED] - if (!(addedItems.contains(availableItems[j].getText()))): null

30-01-2025T17:13:45 - [TEST_STEP][PASSED] - validIndexes.add(j): null

30-01-2025T17:13:45 - [TEST_STEP][PASSED] - if (!(addedItems.contains(availableItems[j].getText()))): null

30-01-2025T17:13:45 - [TEST_STEP][PASSED] - validIndexes.add(j): null

30-01-2025T17:13:45 - [TEST_STEP][PASSED] - if (validIndexes.isEmpty()): null

30-01-2025T17:13:45 - [TEST_STEP][PASSED] - randomIndex = validIndexes.get(Random().nextInt(validIndexes.size())): null

30-01-2025T17:13:45 - [TEST_STEP][PASSED] - name = availableItems[randomIndex].getText(): null

30-01-2025T17:13:45 - [TEST_STEP][PASSED] - price = availablePrices[randomIndex].getText(): null

30-01-2025T17:13:45 - [TEST_STEP][PASSED] - availableButtons[randomIndex].click(): null

30-01-2025T17:13:45 - [TEST_STEP][PASSED] - delay(1): Delayed 1 second(s)

30-01-2025T17:13:46 - [MESSAGE][PASSED] - Delayed 1 second(s)

30-01-2025T17:13:46 - [TEST_STEP][PASSED] - verifyElementText(findTestObject("Object Repository/Page_Swag Labs/icone_carrinho"), i + 1.toString()): Actual text and expected text of test object 'Object Repository/Page_Swag Labs/icone_carrinho' are matched.

30-01-2025T17:13:46 - [MESSAGE][PASSED] - Actual text and expected text of test object 'Object Repository/Page_Swag Labs/icone_carrinho' are matched.

30-01-2025T17:13:46 - [TEST_STEP][PASSED] - click(findTestObject("Object Repository/Page_Swag Labs/icone_carrinho")): Object: 'Object Repository/Page_Swag Labs/icone_carrinho' is clicked on

30-01-2025T17:13:47 - [MESSAGE][PASSED] - Object: 'Object Repository/Page_Swag Labs/icone_carrinho' is clicked on

30-01-2025T17:13:47 - [TEST_STEP][PASSED] - delay(1): Delayed 1 second(s)

30-01-2025T17:13:48 - [MESSAGE][PASSED] - Delayed 1 second(s)

30-01-2025T17:13:48 - [TEST_STEP][PASSED] - cartItemNameList = findWebElements(findTestObject("Object Repository/Page_Swag Labs/cart_item_name"), 10): Found web elements by test object Object Repository/Page_Swag Labs/cart_item_name

30-01-2025T17:13:48 - [MESSAGE][PASSED] - Found web elements by test object Object Repository/Page_Swag Labs/cart_item_name

30-01-2025T17:13:48 - [TEST_STEP][PASSED] - cartItemPriceList = findWebElements(findTestObject("Object Repository/Page_Swag Labs/cart_item_price"), 10): Found web elements by test object Object Repository/Page_Swag Labs/cart_item_price

30-01-2025T17:13:48 - [MESSAGE][PASSED] - Found web elements by test object Object Repository/Page_Swag Labs/cart_item_price

30-01-2025T17:13:48 - [TEST_STEP][PASSED] - verifyMatch(cartItemNameList[i].getText(), name, false): Actual text 'Sauce Labs Onesie' and expected text 'Sauce Labs Onesie' are matched 

30-01-2025T17:13:48 - [MESSAGE][PASSED] - Actual text 'Sauce Labs Onesie' and expected text 'Sauce Labs Onesie' are matched 

30-01-2025T17:13:48 - [TEST_STEP][PASSED] - verifyMatch(cartItemPriceList[i].getText(), price, false): Actual text '$7.99' and expected text '$7.99' are matched 

30-01-2025T17:13:48 - [MESSAGE][PASSED] - Actual text '$7.99' and expected text '$7.99' are matched 

30-01-2025T17:13:48 - [TEST_STEP][PASSED] - addedItems.add(name): null

30-01-2025T17:13:48 - [TEST_STEP][PASSED] - click(findTestObject("Object Repository/Page_Swag Labs/button_Continue Shopping")): Object: 'Object Repository/Page_Swag Labs/button_Continue Shopping' is clicked on

30-01-2025T17:13:49 - [MESSAGE][PASSED] - Object: 'Object Repository/Page_Swag Labs/button_Continue Shopping' is clicked on]]></system-out>
         <system-err><![CDATA[]]></system-err>
      </testcase>
      <testcase name="Test Cases/Askblue_Training/Add_to_Cart/Add_to_Cart_Todos" time="29.022" classname="Test Cases/Askblue_Training/Add_to_Cart/Add_to_Cart_Todos" status="PASSED">
         <system-out><![CDATA[30-01-2025T17:13:49 - [TEST_CASE][PASSED] - Test Cases/Askblue_Training/Add_to_Cart/Add_to_Cart_Todos: Test Cases/Askblue_Training/Add_to_Cart/Add_to_Cart_Todos

30-01-2025T17:13:49 - [TEST_STEP][PASSED] - callTestCase(findTestCase("Askblue_Training/Login_Logout/Login_Positivo"), ["username":"standard_user", "password":"secret_sauce"], STOP_ON_FAILURE): Call Test Case 'Test Cases/Askblue_Training/Login_Logout/Login_Positivo' successfully

30-01-2025T17:13:49 - [TEST_CASE][PASSED] - Test Cases/Askblue_Training/Login_Logout/Login_Positivo: Test Cases/Askblue_Training/Login_Logout/Login_Positivo

30-01-2025T17:13:49 - [TEST_STEP][PASSED] - openBrowser(""): Browser is opened with url: ''

30-01-2025T17:13:49 - [MESSAGE][WARNING] - A browser is already opened. Closing browser and opening a new one

30-01-2025T17:13:50 - [MESSAGE][INFO] - Starting 'Chrome' driver

30-01-2025T17:13:50 - [MESSAGE][INFO] - Action delay is set to 0 milliseconds

30-01-2025T17:13:51 - [MESSAGE][PASSED] - Browser is opened with url: ''

30-01-2025T17:13:51 - [TEST_STEP][PASSED] - navigateToUrl("https://www.saucedemo.com/"): Navigate to 'https://www.saucedemo.com/' successfully

30-01-2025T17:13:51 - [MESSAGE][PASSED] - Navigate to 'https://www.saucedemo.com/' successfully

30-01-2025T17:13:51 - [TEST_STEP][PASSED] - setText(findTestObject("Object Repository/Page_Swag Labs/input_Swag Labs_user-name"), username): Text 'standard_user' is set on object 'Object Repository/Page_Swag Labs/input_Swag Labs_user-name'

30-01-2025T17:13:52 - [MESSAGE][PASSED] - Text 'standard_user' is set on object 'Object Repository/Page_Swag Labs/input_Swag Labs_user-name'

30-01-2025T17:13:52 - [TEST_STEP][PASSED] - setText(findTestObject("Object Repository/Page_Swag Labs/input_Swag Labs_password"), password): Text 'secret_sauce' is set on object 'Object Repository/Page_Swag Labs/input_Swag Labs_password'

30-01-2025T17:13:53 - [MESSAGE][PASSED] - Text 'secret_sauce' is set on object 'Object Repository/Page_Swag Labs/input_Swag Labs_password'

30-01-2025T17:13:53 - [TEST_STEP][PASSED] - click(findTestObject("Object Repository/Page_Swag Labs/input_Swag Labs_login-button")): Object: 'Object Repository/Page_Swag Labs/input_Swag Labs_login-button' is clicked on

30-01-2025T17:13:53 - [MESSAGE][PASSED] - Object: 'Object Repository/Page_Swag Labs/input_Swag Labs_login-button' is clicked on

30-01-2025T17:13:53 - [TEST_STEP][PASSED] - click(findTestObject("Object Repository/Page_Swag Labs/button_Open Menu")): Object: 'Object Repository/Page_Swag Labs/button_Open Menu' is clicked on

30-01-2025T17:13:53 - [MESSAGE][PASSED] - Object: 'Object Repository/Page_Swag Labs/button_Open Menu' is clicked on

30-01-2025T17:13:53 - [TEST_STEP][PASSED] - verifyElementText(findTestObject("Object Repository/Page_Swag Labs/a_Logout"), "Logout"): Actual text and expected text of test object 'Object Repository/Page_Swag Labs/a_Logout' are matched.

30-01-2025T17:13:54 - [MESSAGE][PASSED] - Actual text and expected text of test object 'Object Repository/Page_Swag Labs/a_Logout' are matched.

30-01-2025T17:13:54 - [TEST_STEP][PASSED] - click(findTestObject("Object Repository/Page_Swag Labs/button_Close Menu")): Object: 'Object Repository/Page_Swag Labs/button_Close Menu' is clicked on

30-01-2025T17:13:54 - [MESSAGE][PASSED] - Object: 'Object Repository/Page_Swag Labs/button_Close Menu' is clicked on

30-01-2025T17:13:54 - [MESSAGE][PASSED] - Call Test Case 'Test Cases/Askblue_Training/Login_Logout/Login_Positivo' successfully

30-01-2025T17:13:54 - [TEST_STEP][PASSED] - addToCart = findTestObject("Object Repository/Page_Swag Labs/button_add_to_cart"): null

30-01-2025T17:13:54 - [TEST_STEP][PASSED] - addToCartList = findWebElements(addToCart, 10): Found web elements by test object Object Repository/Page_Swag Labs/button_add_to_cart

30-01-2025T17:13:54 - [MESSAGE][PASSED] - Found web elements by test object Object Repository/Page_Swag Labs/button_add_to_cart

30-01-2025T17:13:54 - [TEST_STEP][PASSED] - for ([i = 0, i < addToCartList.size(), (i++)]): Found web elements by test object Object Repository/Page_Swag Labs/item_price

30-01-2025T17:13:54 - [TEST_STEP][PASSED] - itemNames = findTestObject("Object Repository/Page_Swag Labs/item_name"): null

30-01-2025T17:13:54 - [TEST_STEP][PASSED] - itemNameList = findWebElements(itemNames, 10): Found web elements by test object Object Repository/Page_Swag Labs/item_name

30-01-2025T17:13:54 - [MESSAGE][PASSED] - Found web elements by test object Object Repository/Page_Swag Labs/item_name

30-01-2025T17:13:54 - [TEST_STEP][PASSED] - name = itemNameList[i].getText(): null

30-01-2025T17:13:54 - [TEST_STEP][PASSED] - itemPrices = findTestObject("Object Repository/Page_Swag Labs/item_price"): null

30-01-2025T17:13:54 - [TEST_STEP][PASSED] - itemPriceList = findWebElements(itemPrices, 10): Found web elements by test object Object Repository/Page_Swag Labs/item_price

30-01-2025T17:13:55 - [MESSAGE][PASSED] - Found web elements by test object Object Repository/Page_Swag Labs/item_price

30-01-2025T17:13:55 - [TEST_STEP][PASSED] - price = itemPriceList[i].getText(): null

30-01-2025T17:13:55 - [TEST_STEP][PASSED] - get(i).click(): null

30-01-2025T17:13:55 - [TEST_STEP][PASSED] - verifyElementText(findTestObject("Object Repository/Page_Swag Labs/icone_carrinho"), i + 1.toString()): Actual text and expected text of test object 'Object Repository/Page_Swag Labs/icone_carrinho' are matched.

30-01-2025T17:13:55 - [MESSAGE][PASSED] - Actual text and expected text of test object 'Object Repository/Page_Swag Labs/icone_carrinho' are matched.

30-01-2025T17:13:55 - [TEST_STEP][PASSED] - click(findTestObject("Object Repository/Page_Swag Labs/icone_carrinho")): Object: 'Object Repository/Page_Swag Labs/icone_carrinho' is clicked on

30-01-2025T17:13:55 - [MESSAGE][PASSED] - Object: 'Object Repository/Page_Swag Labs/icone_carrinho' is clicked on

30-01-2025T17:13:55 - [TEST_STEP][PASSED] - delay(1): Delayed 1 second(s)

30-01-2025T17:13:56 - [MESSAGE][PASSED] - Delayed 1 second(s)

30-01-2025T17:13:56 - [TEST_STEP][PASSED] - cartItemNames = findTestObject("Object Repository/Page_Swag Labs/cart_item_name"): null

30-01-2025T17:13:56 - [TEST_STEP][PASSED] - cartItemNameList = findWebElements(cartItemNames, 10): Found web elements by test object Object Repository/Page_Swag Labs/cart_item_name

30-01-2025T17:13:57 - [MESSAGE][PASSED] - Found web elements by test object Object Repository/Page_Swag Labs/cart_item_name

30-01-2025T17:13:57 - [TEST_STEP][PASSED] - verifyMatch(cartItemNameList[i].getText(), name, false): Actual text 'Sauce Labs Backpack' and expected text 'Sauce Labs Backpack' are matched 

30-01-2025T17:13:57 - [MESSAGE][PASSED] - Actual text 'Sauce Labs Backpack' and expected text 'Sauce Labs Backpack' are matched 

30-01-2025T17:13:57 - [TEST_STEP][PASSED] - cartItemPrices = findTestObject("Object Repository/Page_Swag Labs/cart_item_price"): null

30-01-2025T17:13:57 - [TEST_STEP][PASSED] - cartItemPriceList = findWebElements(cartItemPrices, 10): Found web elements by test object Object Repository/Page_Swag Labs/cart_item_price

30-01-2025T17:13:57 - [MESSAGE][PASSED] - Found web elements by test object Object Repository/Page_Swag Labs/cart_item_price

30-01-2025T17:13:57 - [TEST_STEP][PASSED] - verifyMatch(cartItemPriceList[i].getText(), price, false): Actual text '$29.99' and expected text '$29.99' are matched 

30-01-2025T17:13:57 - [MESSAGE][PASSED] - Actual text '$29.99' and expected text '$29.99' are matched 

30-01-2025T17:13:57 - [TEST_STEP][PASSED] - click(findTestObject("Object Repository/Page_Swag Labs/button_Continue Shopping")): Object: 'Object Repository/Page_Swag Labs/button_Continue Shopping' is clicked on

30-01-2025T17:13:57 - [MESSAGE][PASSED] - Object: 'Object Repository/Page_Swag Labs/button_Continue Shopping' is clicked on

30-01-2025T17:13:57 - [TEST_STEP][PASSED] - addToCartList = findWebElements(addToCart, 10): Found web elements by test object Object Repository/Page_Swag Labs/button_add_to_cart

30-01-2025T17:13:57 - [MESSAGE][PASSED] - Found web elements by test object Object Repository/Page_Swag Labs/button_add_to_cart

30-01-2025T17:13:57 - [TEST_STEP][PASSED] - itemNameList = findWebElements(itemNames, 10): Found web elements by test object Object Repository/Page_Swag Labs/item_name

30-01-2025T17:13:58 - [MESSAGE][PASSED] - Found web elements by test object Object Repository/Page_Swag Labs/item_name

30-01-2025T17:13:58 - [TEST_STEP][PASSED] - itemPriceList = findWebElements(itemPrices, 10): Found web elements by test object Object Repository/Page_Swag Labs/item_price

30-01-2025T17:13:58 - [MESSAGE][PASSED] - Found web elements by test object Object Repository/Page_Swag Labs/item_price

30-01-2025T17:13:58 - [TEST_STEP][PASSED] - itemNames = findTestObject("Object Repository/Page_Swag Labs/item_name"): null

30-01-2025T17:13:58 - [TEST_STEP][PASSED] - itemNameList = findWebElements(itemNames, 10): Found web elements by test object Object Repository/Page_Swag Labs/item_name

30-01-2025T17:13:58 - [MESSAGE][PASSED] - Found web elements by test object Object Repository/Page_Swag Labs/item_name

30-01-2025T17:13:58 - [TEST_STEP][PASSED] - name = itemNameList[i].getText(): null

30-01-2025T17:13:58 - [TEST_STEP][PASSED] - itemPrices = findTestObject("Object Repository/Page_Swag Labs/item_price"): null

30-01-2025T17:13:58 - [TEST_STEP][PASSED] - itemPriceList = findWebElements(itemPrices, 10): Found web elements by test object Object Repository/Page_Swag Labs/item_price

30-01-2025T17:13:58 - [MESSAGE][PASSED] - Found web elements by test object Object Repository/Page_Swag Labs/item_price

30-01-2025T17:13:58 - [TEST_STEP][PASSED] - price = itemPriceList[i].getText(): null

30-01-2025T17:13:59 - [TEST_STEP][PASSED] - get(i).click(): null

30-01-2025T17:13:59 - [TEST_STEP][PASSED] - verifyElementText(findTestObject("Object Repository/Page_Swag Labs/icone_carrinho"), i + 1.toString()): Actual text and expected text of test object 'Object Repository/Page_Swag Labs/icone_carrinho' are matched.

30-01-2025T17:13:59 - [MESSAGE][PASSED] - Actual text and expected text of test object 'Object Repository/Page_Swag Labs/icone_carrinho' are matched.

30-01-2025T17:13:59 - [TEST_STEP][PASSED] - click(findTestObject("Object Repository/Page_Swag Labs/icone_carrinho")): Object: 'Object Repository/Page_Swag Labs/icone_carrinho' is clicked on

30-01-2025T17:13:59 - [MESSAGE][PASSED] - Object: 'Object Repository/Page_Swag Labs/icone_carrinho' is clicked on

30-01-2025T17:13:59 - [TEST_STEP][PASSED] - delay(1): Delayed 1 second(s)

30-01-2025T17:14:00 - [MESSAGE][PASSED] - Delayed 1 second(s)

30-01-2025T17:14:00 - [TEST_STEP][PASSED] - cartItemNames = findTestObject("Object Repository/Page_Swag Labs/cart_item_name"): null

30-01-2025T17:14:00 - [TEST_STEP][PASSED] - cartItemNameList = findWebElements(cartItemNames, 10): Found web elements by test object Object Repository/Page_Swag Labs/cart_item_name

30-01-2025T17:14:00 - [MESSAGE][PASSED] - Found web elements by test object Object Repository/Page_Swag Labs/cart_item_name

30-01-2025T17:14:00 - [TEST_STEP][PASSED] - verifyMatch(cartItemNameList[i].getText(), name, false): Actual text 'Sauce Labs Bike Light' and expected text 'Sauce Labs Bike Light' are matched 

30-01-2025T17:14:00 - [MESSAGE][PASSED] - Actual text 'Sauce Labs Bike Light' and expected text 'Sauce Labs Bike Light' are matched 

30-01-2025T17:14:00 - [TEST_STEP][PASSED] - cartItemPrices = findTestObject("Object Repository/Page_Swag Labs/cart_item_price"): null

30-01-2025T17:14:00 - [TEST_STEP][PASSED] - cartItemPriceList = findWebElements(cartItemPrices, 10): Found web elements by test object Object Repository/Page_Swag Labs/cart_item_price

30-01-2025T17:14:01 - [MESSAGE][PASSED] - Found web elements by test object Object Repository/Page_Swag Labs/cart_item_price

30-01-2025T17:14:01 - [TEST_STEP][PASSED] - verifyMatch(cartItemPriceList[i].getText(), price, false): Actual text '$9.99' and expected text '$9.99' are matched 

30-01-2025T17:14:01 - [MESSAGE][PASSED] - Actual text '$9.99' and expected text '$9.99' are matched 

30-01-2025T17:14:01 - [TEST_STEP][PASSED] - click(findTestObject("Object Repository/Page_Swag Labs/button_Continue Shopping")): Object: 'Object Repository/Page_Swag Labs/button_Continue Shopping' is clicked on

30-01-2025T17:14:01 - [MESSAGE][PASSED] - Object: 'Object Repository/Page_Swag Labs/button_Continue Shopping' is clicked on

30-01-2025T17:14:01 - [TEST_STEP][PASSED] - addToCartList = findWebElements(addToCart, 10): Found web elements by test object Object Repository/Page_Swag Labs/button_add_to_cart

30-01-2025T17:14:01 - [MESSAGE][PASSED] - Found web elements by test object Object Repository/Page_Swag Labs/button_add_to_cart

30-01-2025T17:14:01 - [TEST_STEP][PASSED] - itemNameList = findWebElements(itemNames, 10): Found web elements by test object Object Repository/Page_Swag Labs/item_name

30-01-2025T17:14:01 - [MESSAGE][PASSED] - Found web elements by test object Object Repository/Page_Swag Labs/item_name

30-01-2025T17:14:01 - [TEST_STEP][PASSED] - itemPriceList = findWebElements(itemPrices, 10): Found web elements by test object Object Repository/Page_Swag Labs/item_price

30-01-2025T17:14:02 - [MESSAGE][PASSED] - Found web elements by test object Object Repository/Page_Swag Labs/item_price

30-01-2025T17:14:02 - [TEST_STEP][PASSED] - itemNames = findTestObject("Object Repository/Page_Swag Labs/item_name"): null

30-01-2025T17:14:02 - [TEST_STEP][PASSED] - itemNameList = findWebElements(itemNames, 10): Found web elements by test object Object Repository/Page_Swag Labs/item_name

30-01-2025T17:14:03 - [MESSAGE][PASSED] - Found web elements by test object Object Repository/Page_Swag Labs/item_name

30-01-2025T17:14:03 - [TEST_STEP][PASSED] - name = itemNameList[i].getText(): null

30-01-2025T17:14:03 - [TEST_STEP][PASSED] - itemPrices = findTestObject("Object Repository/Page_Swag Labs/item_price"): null

30-01-2025T17:14:03 - [TEST_STEP][PASSED] - itemPriceList = findWebElements(itemPrices, 10): Found web elements by test object Object Repository/Page_Swag Labs/item_price

30-01-2025T17:14:03 - [MESSAGE][PASSED] - Found web elements by test object Object Repository/Page_Swag Labs/item_price

30-01-2025T17:14:03 - [TEST_STEP][PASSED] - price = itemPriceList[i].getText(): null

30-01-2025T17:14:03 - [TEST_STEP][PASSED] - get(i).click(): null

30-01-2025T17:14:03 - [TEST_STEP][PASSED] - verifyElementText(findTestObject("Object Repository/Page_Swag Labs/icone_carrinho"), i + 1.toString()): Actual text and expected text of test object 'Object Repository/Page_Swag Labs/icone_carrinho' are matched.

30-01-2025T17:14:03 - [MESSAGE][PASSED] - Actual text and expected text of test object 'Object Repository/Page_Swag Labs/icone_carrinho' are matched.

30-01-2025T17:14:03 - [TEST_STEP][PASSED] - click(findTestObject("Object Repository/Page_Swag Labs/icone_carrinho")): Object: 'Object Repository/Page_Swag Labs/icone_carrinho' is clicked on

30-01-2025T17:14:03 - [MESSAGE][PASSED] - Object: 'Object Repository/Page_Swag Labs/icone_carrinho' is clicked on

30-01-2025T17:14:03 - [TEST_STEP][PASSED] - delay(1): Delayed 1 second(s)

30-01-2025T17:14:04 - [MESSAGE][PASSED] - Delayed 1 second(s)

30-01-2025T17:14:04 - [TEST_STEP][PASSED] - cartItemNames = findTestObject("Object Repository/Page_Swag Labs/cart_item_name"): null

30-01-2025T17:14:05 - [TEST_STEP][PASSED] - cartItemNameList = findWebElements(cartItemNames, 10): Found web elements by test object Object Repository/Page_Swag Labs/cart_item_name

30-01-2025T17:14:05 - [MESSAGE][PASSED] - Found web elements by test object Object Repository/Page_Swag Labs/cart_item_name

30-01-2025T17:14:05 - [TEST_STEP][PASSED] - verifyMatch(cartItemNameList[i].getText(), name, false): Actual text 'Sauce Labs Bolt T-Shirt' and expected text 'Sauce Labs Bolt T-Shirt' are matched 

30-01-2025T17:14:05 - [MESSAGE][PASSED] - Actual text 'Sauce Labs Bolt T-Shirt' and expected text 'Sauce Labs Bolt T-Shirt' are matched 

30-01-2025T17:14:05 - [TEST_STEP][PASSED] - cartItemPrices = findTestObject("Object Repository/Page_Swag Labs/cart_item_price"): null

30-01-2025T17:14:05 - [TEST_STEP][PASSED] - cartItemPriceList = findWebElements(cartItemPrices, 10): Found web elements by test object Object Repository/Page_Swag Labs/cart_item_price

30-01-2025T17:14:05 - [MESSAGE][PASSED] - Found web elements by test object Object Repository/Page_Swag Labs/cart_item_price

30-01-2025T17:14:05 - [TEST_STEP][PASSED] - verifyMatch(cartItemPriceList[i].getText(), price, false): Actual text '$15.99' and expected text '$15.99' are matched 

30-01-2025T17:14:05 - [MESSAGE][PASSED] - Actual text '$15.99' and expected text '$15.99' are matched 

30-01-2025T17:14:05 - [TEST_STEP][PASSED] - click(findTestObject("Object Repository/Page_Swag Labs/button_Continue Shopping")): Object: 'Object Repository/Page_Swag Labs/button_Continue Shopping' is clicked on

30-01-2025T17:14:05 - [MESSAGE][PASSED] - Object: 'Object Repository/Page_Swag Labs/button_Continue Shopping' is clicked on

30-01-2025T17:14:05 - [TEST_STEP][PASSED] - addToCartList = findWebElements(addToCart, 10): Found web elements by test object Object Repository/Page_Swag Labs/button_add_to_cart

30-01-2025T17:14:06 - [MESSAGE][PASSED] - Found web elements by test object Object Repository/Page_Swag Labs/button_add_to_cart

30-01-2025T17:14:06 - [TEST_STEP][PASSED] - itemNameList = findWebElements(itemNames, 10): Found web elements by test object Object Repository/Page_Swag Labs/item_name

30-01-2025T17:14:06 - [MESSAGE][PASSED] - Found web elements by test object Object Repository/Page_Swag Labs/item_name

30-01-2025T17:14:06 - [TEST_STEP][PASSED] - itemPriceList = findWebElements(itemPrices, 10): Found web elements by test object Object Repository/Page_Swag Labs/item_price

30-01-2025T17:14:06 - [MESSAGE][PASSED] - Found web elements by test object Object Repository/Page_Swag Labs/item_price

30-01-2025T17:14:06 - [TEST_STEP][PASSED] - itemNames = findTestObject("Object Repository/Page_Swag Labs/item_name"): null

30-01-2025T17:14:06 - [TEST_STEP][PASSED] - itemNameList = findWebElements(itemNames, 10): Found web elements by test object Object Repository/Page_Swag Labs/item_name

30-01-2025T17:14:06 - [MESSAGE][PASSED] - Found web elements by test object Object Repository/Page_Swag Labs/item_name

30-01-2025T17:14:06 - [TEST_STEP][PASSED] - name = itemNameList[i].getText(): null

30-01-2025T17:14:06 - [TEST_STEP][PASSED] - itemPrices = findTestObject("Object Repository/Page_Swag Labs/item_price"): null

30-01-2025T17:14:06 - [TEST_STEP][PASSED] - itemPriceList = findWebElements(itemPrices, 10): Found web elements by test object Object Repository/Page_Swag Labs/item_price

30-01-2025T17:14:07 - [MESSAGE][PASSED] - Found web elements by test object Object Repository/Page_Swag Labs/item_price

30-01-2025T17:14:07 - [TEST_STEP][PASSED] - price = itemPriceList[i].getText(): null

30-01-2025T17:14:07 - [TEST_STEP][PASSED] - get(i).click(): null

30-01-2025T17:14:07 - [TEST_STEP][PASSED] - verifyElementText(findTestObject("Object Repository/Page_Swag Labs/icone_carrinho"), i + 1.toString()): Actual text and expected text of test object 'Object Repository/Page_Swag Labs/icone_carrinho' are matched.

30-01-2025T17:14:07 - [MESSAGE][PASSED] - Actual text and expected text of test object 'Object Repository/Page_Swag Labs/icone_carrinho' are matched.

30-01-2025T17:14:07 - [TEST_STEP][PASSED] - click(findTestObject("Object Repository/Page_Swag Labs/icone_carrinho")): Object: 'Object Repository/Page_Swag Labs/icone_carrinho' is clicked on

30-01-2025T17:14:07 - [MESSAGE][PASSED] - Object: 'Object Repository/Page_Swag Labs/icone_carrinho' is clicked on

30-01-2025T17:14:07 - [TEST_STEP][PASSED] - delay(1): Delayed 1 second(s)

30-01-2025T17:14:08 - [MESSAGE][PASSED] - Delayed 1 second(s)

30-01-2025T17:14:08 - [TEST_STEP][PASSED] - cartItemNames = findTestObject("Object Repository/Page_Swag Labs/cart_item_name"): null

30-01-2025T17:14:08 - [TEST_STEP][PASSED] - cartItemNameList = findWebElements(cartItemNames, 10): Found web elements by test object Object Repository/Page_Swag Labs/cart_item_name

30-01-2025T17:14:09 - [MESSAGE][PASSED] - Found web elements by test object Object Repository/Page_Swag Labs/cart_item_name

30-01-2025T17:14:09 - [TEST_STEP][PASSED] - verifyMatch(cartItemNameList[i].getText(), name, false): Actual text 'Sauce Labs Fleece Jacket' and expected text 'Sauce Labs Fleece Jacket' are matched 

30-01-2025T17:14:09 - [MESSAGE][PASSED] - Actual text 'Sauce Labs Fleece Jacket' and expected text 'Sauce Labs Fleece Jacket' are matched 

30-01-2025T17:14:09 - [TEST_STEP][PASSED] - cartItemPrices = findTestObject("Object Repository/Page_Swag Labs/cart_item_price"): null

30-01-2025T17:14:09 - [TEST_STEP][PASSED] - cartItemPriceList = findWebElements(cartItemPrices, 10): Found web elements by test object Object Repository/Page_Swag Labs/cart_item_price

30-01-2025T17:14:09 - [MESSAGE][PASSED] - Found web elements by test object Object Repository/Page_Swag Labs/cart_item_price

30-01-2025T17:14:09 - [TEST_STEP][PASSED] - verifyMatch(cartItemPriceList[i].getText(), price, false): Actual text '$49.99' and expected text '$49.99' are matched 

30-01-2025T17:14:09 - [MESSAGE][PASSED] - Actual text '$49.99' and expected text '$49.99' are matched 

30-01-2025T17:14:09 - [TEST_STEP][PASSED] - click(findTestObject("Object Repository/Page_Swag Labs/button_Continue Shopping")): Object: 'Object Repository/Page_Swag Labs/button_Continue Shopping' is clicked on

30-01-2025T17:14:09 - [MESSAGE][PASSED] - Object: 'Object Repository/Page_Swag Labs/button_Continue Shopping' is clicked on

30-01-2025T17:14:09 - [TEST_STEP][PASSED] - addToCartList = findWebElements(addToCart, 10): Found web elements by test object Object Repository/Page_Swag Labs/button_add_to_cart

30-01-2025T17:14:09 - [MESSAGE][PASSED] - Found web elements by test object Object Repository/Page_Swag Labs/button_add_to_cart

30-01-2025T17:14:09 - [TEST_STEP][PASSED] - itemNameList = findWebElements(itemNames, 10): Found web elements by test object Object Repository/Page_Swag Labs/item_name

30-01-2025T17:14:10 - [MESSAGE][PASSED] - Found web elements by test object Object Repository/Page_Swag Labs/item_name

30-01-2025T17:14:10 - [TEST_STEP][PASSED] - itemPriceList = findWebElements(itemPrices, 10): Found web elements by test object Object Repository/Page_Swag Labs/item_price

30-01-2025T17:14:10 - [MESSAGE][PASSED] - Found web elements by test object Object Repository/Page_Swag Labs/item_price

30-01-2025T17:14:10 - [TEST_STEP][PASSED] - itemNames = findTestObject("Object Repository/Page_Swag Labs/item_name"): null

30-01-2025T17:14:10 - [TEST_STEP][PASSED] - itemNameList = findWebElements(itemNames, 10): Found web elements by test object Object Repository/Page_Swag Labs/item_name

30-01-2025T17:14:10 - [MESSAGE][PASSED] - Found web elements by test object Object Repository/Page_Swag Labs/item_name

30-01-2025T17:14:10 - [TEST_STEP][PASSED] - name = itemNameList[i].getText(): null

30-01-2025T17:14:10 - [TEST_STEP][PASSED] - itemPrices = findTestObject("Object Repository/Page_Swag Labs/item_price"): null

30-01-2025T17:14:10 - [TEST_STEP][PASSED] - itemPriceList = findWebElements(itemPrices, 10): Found web elements by test object Object Repository/Page_Swag Labs/item_price

30-01-2025T17:14:10 - [MESSAGE][PASSED] - Found web elements by test object Object Repository/Page_Swag Labs/item_price

30-01-2025T17:14:10 - [TEST_STEP][PASSED] - price = itemPriceList[i].getText(): null

30-01-2025T17:14:10 - [TEST_STEP][PASSED] - get(i).click(): null

30-01-2025T17:14:11 - [TEST_STEP][PASSED] - verifyElementText(findTestObject("Object Repository/Page_Swag Labs/icone_carrinho"), i + 1.toString()): Actual text and expected text of test object 'Object Repository/Page_Swag Labs/icone_carrinho' are matched.

30-01-2025T17:14:11 - [MESSAGE][PASSED] - Actual text and expected text of test object 'Object Repository/Page_Swag Labs/icone_carrinho' are matched.

30-01-2025T17:14:11 - [TEST_STEP][PASSED] - click(findTestObject("Object Repository/Page_Swag Labs/icone_carrinho")): Object: 'Object Repository/Page_Swag Labs/icone_carrinho' is clicked on

30-01-2025T17:14:11 - [MESSAGE][PASSED] - Object: 'Object Repository/Page_Swag Labs/icone_carrinho' is clicked on

30-01-2025T17:14:11 - [TEST_STEP][PASSED] - delay(1): Delayed 1 second(s)

30-01-2025T17:14:12 - [MESSAGE][PASSED] - Delayed 1 second(s)

30-01-2025T17:14:12 - [TEST_STEP][PASSED] - cartItemNames = findTestObject("Object Repository/Page_Swag Labs/cart_item_name"): null

30-01-2025T17:14:12 - [TEST_STEP][PASSED] - cartItemNameList = findWebElements(cartItemNames, 10): Found web elements by test object Object Repository/Page_Swag Labs/cart_item_name

30-01-2025T17:14:12 - [MESSAGE][PASSED] - Found web elements by test object Object Repository/Page_Swag Labs/cart_item_name

30-01-2025T17:14:12 - [TEST_STEP][PASSED] - verifyMatch(cartItemNameList[i].getText(), name, false): Actual text 'Sauce Labs Onesie' and expected text 'Sauce Labs Onesie' are matched 

30-01-2025T17:14:12 - [MESSAGE][PASSED] - Actual text 'Sauce Labs Onesie' and expected text 'Sauce Labs Onesie' are matched 

30-01-2025T17:14:12 - [TEST_STEP][PASSED] - cartItemPrices = findTestObject("Object Repository/Page_Swag Labs/cart_item_price"): null

30-01-2025T17:14:12 - [TEST_STEP][PASSED] - cartItemPriceList = findWebElements(cartItemPrices, 10): Found web elements by test object Object Repository/Page_Swag Labs/cart_item_price

30-01-2025T17:14:13 - [MESSAGE][PASSED] - Found web elements by test object Object Repository/Page_Swag Labs/cart_item_price

30-01-2025T17:14:13 - [TEST_STEP][PASSED] - verifyMatch(cartItemPriceList[i].getText(), price, false): Actual text '$7.99' and expected text '$7.99' are matched 

30-01-2025T17:14:13 - [MESSAGE][PASSED] - Actual text '$7.99' and expected text '$7.99' are matched 

30-01-2025T17:14:13 - [TEST_STEP][PASSED] - click(findTestObject("Object Repository/Page_Swag Labs/button_Continue Shopping")): Object: 'Object Repository/Page_Swag Labs/button_Continue Shopping' is clicked on

30-01-2025T17:14:13 - [MESSAGE][PASSED] - Object: 'Object Repository/Page_Swag Labs/button_Continue Shopping' is clicked on

30-01-2025T17:14:13 - [TEST_STEP][PASSED] - addToCartList = findWebElements(addToCart, 10): Found web elements by test object Object Repository/Page_Swag Labs/button_add_to_cart

30-01-2025T17:14:13 - [MESSAGE][PASSED] - Found web elements by test object Object Repository/Page_Swag Labs/button_add_to_cart

30-01-2025T17:14:13 - [TEST_STEP][PASSED] - itemNameList = findWebElements(itemNames, 10): Found web elements by test object Object Repository/Page_Swag Labs/item_name

30-01-2025T17:14:13 - [MESSAGE][PASSED] - Found web elements by test object Object Repository/Page_Swag Labs/item_name

30-01-2025T17:14:13 - [TEST_STEP][PASSED] - itemPriceList = findWebElements(itemPrices, 10): Found web elements by test object Object Repository/Page_Swag Labs/item_price

30-01-2025T17:14:14 - [MESSAGE][PASSED] - Found web elements by test object Object Repository/Page_Swag Labs/item_price

30-01-2025T17:14:14 - [TEST_STEP][PASSED] - itemNames = findTestObject("Object Repository/Page_Swag Labs/item_name"): null

30-01-2025T17:14:14 - [TEST_STEP][PASSED] - itemNameList = findWebElements(itemNames, 10): Found web elements by test object Object Repository/Page_Swag Labs/item_name

30-01-2025T17:14:14 - [MESSAGE][PASSED] - Found web elements by test object Object Repository/Page_Swag Labs/item_name

30-01-2025T17:14:14 - [TEST_STEP][PASSED] - name = itemNameList[i].getText(): null

30-01-2025T17:14:14 - [TEST_STEP][PASSED] - itemPrices = findTestObject("Object Repository/Page_Swag Labs/item_price"): null

30-01-2025T17:14:14 - [TEST_STEP][PASSED] - itemPriceList = findWebElements(itemPrices, 10): Found web elements by test object Object Repository/Page_Swag Labs/item_price

30-01-2025T17:14:14 - [MESSAGE][PASSED] - Found web elements by test object Object Repository/Page_Swag Labs/item_price

30-01-2025T17:14:14 - [TEST_STEP][PASSED] - price = itemPriceList[i].getText(): null

30-01-2025T17:14:14 - [TEST_STEP][PASSED] - get(i).click(): null

30-01-2025T17:14:14 - [TEST_STEP][PASSED] - verifyElementText(findTestObject("Object Repository/Page_Swag Labs/icone_carrinho"), i + 1.toString()): Actual text and expected text of test object 'Object Repository/Page_Swag Labs/icone_carrinho' are matched.

30-01-2025T17:14:15 - [MESSAGE][PASSED] - Actual text and expected text of test object 'Object Repository/Page_Swag Labs/icone_carrinho' are matched.

30-01-2025T17:14:15 - [TEST_STEP][PASSED] - click(findTestObject("Object Repository/Page_Swag Labs/icone_carrinho")): Object: 'Object Repository/Page_Swag Labs/icone_carrinho' is clicked on

30-01-2025T17:14:15 - [MESSAGE][PASSED] - Object: 'Object Repository/Page_Swag Labs/icone_carrinho' is clicked on

30-01-2025T17:14:15 - [TEST_STEP][PASSED] - delay(1): Delayed 1 second(s)

30-01-2025T17:14:16 - [MESSAGE][PASSED] - Delayed 1 second(s)

30-01-2025T17:14:16 - [TEST_STEP][PASSED] - cartItemNames = findTestObject("Object Repository/Page_Swag Labs/cart_item_name"): null

30-01-2025T17:14:16 - [TEST_STEP][PASSED] - cartItemNameList = findWebElements(cartItemNames, 10): Found web elements by test object Object Repository/Page_Swag Labs/cart_item_name

30-01-2025T17:14:16 - [MESSAGE][PASSED] - Found web elements by test object Object Repository/Page_Swag Labs/cart_item_name

30-01-2025T17:14:16 - [TEST_STEP][PASSED] - verifyMatch(cartItemNameList[i].getText(), name, false): Actual text 'Test.allTheThings() T-Shirt (Red)' and expected text 'Test.allTheThings() T-Shirt (Red)' are matched 

30-01-2025T17:14:16 - [MESSAGE][PASSED] - Actual text 'Test.allTheThings() T-Shirt (Red)' and expected text 'Test.allTheThings() T-Shirt (Red)' are matched 

30-01-2025T17:14:16 - [TEST_STEP][PASSED] - cartItemPrices = findTestObject("Object Repository/Page_Swag Labs/cart_item_price"): null

30-01-2025T17:14:16 - [TEST_STEP][PASSED] - cartItemPriceList = findWebElements(cartItemPrices, 10): Found web elements by test object Object Repository/Page_Swag Labs/cart_item_price

30-01-2025T17:14:16 - [MESSAGE][PASSED] - Found web elements by test object Object Repository/Page_Swag Labs/cart_item_price

30-01-2025T17:14:16 - [TEST_STEP][PASSED] - verifyMatch(cartItemPriceList[i].getText(), price, false): Actual text '$15.99' and expected text '$15.99' are matched 

30-01-2025T17:14:17 - [MESSAGE][PASSED] - Actual text '$15.99' and expected text '$15.99' are matched 

30-01-2025T17:14:17 - [TEST_STEP][PASSED] - click(findTestObject("Object Repository/Page_Swag Labs/button_Continue Shopping")): Object: 'Object Repository/Page_Swag Labs/button_Continue Shopping' is clicked on

30-01-2025T17:14:17 - [MESSAGE][PASSED] - Object: 'Object Repository/Page_Swag Labs/button_Continue Shopping' is clicked on

30-01-2025T17:14:17 - [TEST_STEP][PASSED] - addToCartList = findWebElements(addToCart, 10): Found web elements by test object Object Repository/Page_Swag Labs/button_add_to_cart

30-01-2025T17:14:17 - [MESSAGE][PASSED] - Found web elements by test object Object Repository/Page_Swag Labs/button_add_to_cart

30-01-2025T17:14:17 - [TEST_STEP][PASSED] - itemNameList = findWebElements(itemNames, 10): Found web elements by test object Object Repository/Page_Swag Labs/item_name

30-01-2025T17:14:17 - [MESSAGE][PASSED] - Found web elements by test object Object Repository/Page_Swag Labs/item_name

30-01-2025T17:14:17 - [TEST_STEP][PASSED] - itemPriceList = findWebElements(itemPrices, 10): Found web elements by test object Object Repository/Page_Swag Labs/item_price

30-01-2025T17:14:18 - [MESSAGE][PASSED] - Found web elements by test object Object Repository/Page_Swag Labs/item_price]]></system-out>
         <system-err><![CDATA[]]></system-err>
      </testcase>
      <testcase name="Test Cases/Askblue_Training/Add_to_Cart/Add_to_Cart_Todos_Record" time="8.275" classname="Test Cases/Askblue_Training/Add_to_Cart/Add_to_Cart_Todos_Record" status="PASSED">
         <system-out><![CDATA[30-01-2025T17:14:18 - [TEST_CASE][PASSED] - Test Cases/Askblue_Training/Add_to_Cart/Add_to_Cart_Todos_Record: Test Cases/Askblue_Training/Add_to_Cart/Add_to_Cart_Todos_Record

30-01-2025T17:14:18 - [TEST_STEP][PASSED] - callTestCase(findTestCase("Askblue_Training/Login_Logout/Login_Positivo"), [:], STOP_ON_FAILURE): Call Test Case 'Test Cases/Askblue_Training/Login_Logout/Login_Positivo' successfully

30-01-2025T17:14:18 - [TEST_CASE][PASSED] - Test Cases/Askblue_Training/Login_Logout/Login_Positivo: Test Cases/Askblue_Training/Login_Logout/Login_Positivo

30-01-2025T17:14:18 - [TEST_STEP][PASSED] - openBrowser(""): Browser is opened with url: ''

30-01-2025T17:14:18 - [MESSAGE][WARNING] - A browser is already opened. Closing browser and opening a new one

30-01-2025T17:14:18 - [MESSAGE][INFO] - Starting 'Chrome' driver

30-01-2025T17:14:18 - [MESSAGE][INFO] - Action delay is set to 0 milliseconds

30-01-2025T17:14:19 - [MESSAGE][PASSED] - Browser is opened with url: ''

30-01-2025T17:14:19 - [TEST_STEP][PASSED] - navigateToUrl("https://www.saucedemo.com/"): Navigate to 'https://www.saucedemo.com/' successfully

30-01-2025T17:14:19 - [MESSAGE][PASSED] - Navigate to 'https://www.saucedemo.com/' successfully

30-01-2025T17:14:19 - [TEST_STEP][PASSED] - setText(findTestObject("Object Repository/Page_Swag Labs/input_Swag Labs_user-name"), username): Text 'standard_user' is set on object 'Object Repository/Page_Swag Labs/input_Swag Labs_user-name'

30-01-2025T17:14:20 - [MESSAGE][PASSED] - Text 'standard_user' is set on object 'Object Repository/Page_Swag Labs/input_Swag Labs_user-name'

30-01-2025T17:14:20 - [TEST_STEP][PASSED] - setText(findTestObject("Object Repository/Page_Swag Labs/input_Swag Labs_password"), password): Text 'secret_sauce' is set on object 'Object Repository/Page_Swag Labs/input_Swag Labs_password'

30-01-2025T17:14:21 - [MESSAGE][PASSED] - Text 'secret_sauce' is set on object 'Object Repository/Page_Swag Labs/input_Swag Labs_password'

30-01-2025T17:14:21 - [TEST_STEP][PASSED] - click(findTestObject("Object Repository/Page_Swag Labs/input_Swag Labs_login-button")): Object: 'Object Repository/Page_Swag Labs/input_Swag Labs_login-button' is clicked on

30-01-2025T17:14:21 - [MESSAGE][PASSED] - Object: 'Object Repository/Page_Swag Labs/input_Swag Labs_login-button' is clicked on

30-01-2025T17:14:21 - [TEST_STEP][PASSED] - click(findTestObject("Object Repository/Page_Swag Labs/button_Open Menu")): Object: 'Object Repository/Page_Swag Labs/button_Open Menu' is clicked on

30-01-2025T17:14:21 - [MESSAGE][PASSED] - Object: 'Object Repository/Page_Swag Labs/button_Open Menu' is clicked on

30-01-2025T17:14:21 - [TEST_STEP][PASSED] - verifyElementText(findTestObject("Object Repository/Page_Swag Labs/a_Logout"), "Logout"): Actual text and expected text of test object 'Object Repository/Page_Swag Labs/a_Logout' are matched.

30-01-2025T17:14:21 - [MESSAGE][PASSED] - Actual text and expected text of test object 'Object Repository/Page_Swag Labs/a_Logout' are matched.

30-01-2025T17:14:21 - [TEST_STEP][PASSED] - click(findTestObject("Object Repository/Page_Swag Labs/button_Close Menu")): Object: 'Object Repository/Page_Swag Labs/button_Close Menu' is clicked on

30-01-2025T17:14:22 - [MESSAGE][PASSED] - Object: 'Object Repository/Page_Swag Labs/button_Close Menu' is clicked on

30-01-2025T17:14:22 - [MESSAGE][PASSED] - Call Test Case 'Test Cases/Askblue_Training/Login_Logout/Login_Positivo' successfully

30-01-2025T17:14:22 - [TEST_STEP][PASSED] - click(findTestObject("Object Repository/Page_Swag Labs/button_Add to cart_0")): Object: 'Object Repository/Page_Swag Labs/button_Add to cart_0' is clicked on

30-01-2025T17:14:22 - [MESSAGE][PASSED] - Object: 'Object Repository/Page_Swag Labs/button_Add to cart_0' is clicked on

30-01-2025T17:14:22 - [TEST_STEP][PASSED] - click(findTestObject("Object Repository/Page_Swag Labs/button_Add to cart_1")): Object: 'Object Repository/Page_Swag Labs/button_Add to cart_1' is clicked on

30-01-2025T17:14:22 - [MESSAGE][PASSED] - Object: 'Object Repository/Page_Swag Labs/button_Add to cart_1' is clicked on

30-01-2025T17:14:22 - [TEST_STEP][PASSED] - click(findTestObject("Object Repository/Page_Swag Labs/button_Add to cart_2")): Object: 'Object Repository/Page_Swag Labs/button_Add to cart_2' is clicked on

30-01-2025T17:14:23 - [MESSAGE][PASSED] - Object: 'Object Repository/Page_Swag Labs/button_Add to cart_2' is clicked on

30-01-2025T17:14:23 - [TEST_STEP][PASSED] - click(findTestObject("Object Repository/Page_Swag Labs/button_Add to cart_3")): Object: 'Object Repository/Page_Swag Labs/button_Add to cart_3' is clicked on

30-01-2025T17:14:23 - [MESSAGE][PASSED] - Object: 'Object Repository/Page_Swag Labs/button_Add to cart_3' is clicked on

30-01-2025T17:14:23 - [TEST_STEP][PASSED] - click(findTestObject("Object Repository/Page_Swag Labs/button_Add to cart_4")): Object: 'Object Repository/Page_Swag Labs/button_Add to cart_4' is clicked on

30-01-2025T17:14:23 - [MESSAGE][PASSED] - Object: 'Object Repository/Page_Swag Labs/button_Add to cart_4' is clicked on

30-01-2025T17:14:23 - [TEST_STEP][PASSED] - click(findTestObject("Object Repository/Page_Swag Labs/button_Add to cart_5")): Object: 'Object Repository/Page_Swag Labs/button_Add to cart_5' is clicked on

30-01-2025T17:14:24 - [MESSAGE][PASSED] - Object: 'Object Repository/Page_Swag Labs/button_Add to cart_5' is clicked on

30-01-2025T17:14:24 - [TEST_STEP][PASSED] - verifyElementText(findTestObject("Object Repository/Page_Swag Labs/icone_carrinho"), "6"): Actual text and expected text of test object 'Object Repository/Page_Swag Labs/icone_carrinho' are matched.

30-01-2025T17:14:24 - [MESSAGE][PASSED] - Actual text and expected text of test object 'Object Repository/Page_Swag Labs/icone_carrinho' are matched.

30-01-2025T17:14:24 - [TEST_STEP][PASSED] - click(findTestObject("Object Repository/Page_Swag Labs/icone_carrinho")): Object: 'Object Repository/Page_Swag Labs/icone_carrinho' is clicked on

30-01-2025T17:14:24 - [MESSAGE][PASSED] - Object: 'Object Repository/Page_Swag Labs/icone_carrinho' is clicked on

30-01-2025T17:14:24 - [TEST_STEP][PASSED] - verifyElementText(findTestObject("Object Repository/Page_Swag Labs/div_Sauce Labs Backpack"), "Sauce Labs Backpack"): Actual text and expected text of test object 'Object Repository/Page_Swag Labs/div_Sauce Labs Backpack' are matched.

30-01-2025T17:14:24 - [MESSAGE][PASSED] - Actual text and expected text of test object 'Object Repository/Page_Swag Labs/div_Sauce Labs Backpack' are matched.

30-01-2025T17:14:24 - [TEST_STEP][PASSED] - verifyElementText(findTestObject("Object Repository/Page_Swag Labs/div_Sauce Labs Bike Light"), "Sauce Labs Bike Light"): Actual text and expected text of test object 'Object Repository/Page_Swag Labs/div_Sauce Labs Bike Light' are matched.

30-01-2025T17:14:25 - [MESSAGE][PASSED] - Actual text and expected text of test object 'Object Repository/Page_Swag Labs/div_Sauce Labs Bike Light' are matched.

30-01-2025T17:14:25 - [TEST_STEP][PASSED] - verifyElementText(findTestObject("Object Repository/Page_Swag Labs/div_Sauce Labs Bolt T-Shirt"), "Sauce Labs Bolt T-Shirt"): Actual text and expected text of test object 'Object Repository/Page_Swag Labs/div_Sauce Labs Bolt T-Shirt' are matched.

30-01-2025T17:14:25 - [MESSAGE][PASSED] - Actual text and expected text of test object 'Object Repository/Page_Swag Labs/div_Sauce Labs Bolt T-Shirt' are matched.

30-01-2025T17:14:25 - [TEST_STEP][PASSED] - verifyElementText(findTestObject("Object Repository/Page_Swag Labs/div_Sauce Labs Fleece Jacket"), "Sauce Labs Fleece Jacket"): Actual text and expected text of test object 'Object Repository/Page_Swag Labs/div_Sauce Labs Fleece Jacket' are matched.

30-01-2025T17:14:25 - [MESSAGE][PASSED] - Actual text and expected text of test object 'Object Repository/Page_Swag Labs/div_Sauce Labs Fleece Jacket' are matched.

30-01-2025T17:14:25 - [TEST_STEP][PASSED] - verifyElementText(findTestObject("Object Repository/Page_Swag Labs/div_Sauce Labs Onesie"), "Sauce Labs Onesie"): Actual text and expected text of test object 'Object Repository/Page_Swag Labs/div_Sauce Labs Onesie' are matched.

30-01-2025T17:14:26 - [MESSAGE][PASSED] - Actual text and expected text of test object 'Object Repository/Page_Swag Labs/div_Sauce Labs Onesie' are matched.

30-01-2025T17:14:26 - [TEST_STEP][PASSED] - verifyElementText(findTestObject("Object Repository/Page_Swag Labs/div_Test.allTheThings() T-Shirt (Red)"), "Test.allTheThings() T-Shirt (Red)"): Actual text and expected text of test object 'Object Repository/Page_Swag Labs/div_Test.allTheThings() T-Shirt (Red)' are matched.

30-01-2025T17:14:26 - [MESSAGE][PASSED] - Actual text and expected text of test object 'Object Repository/Page_Swag Labs/div_Test.allTheThings() T-Shirt (Red)' are matched.]]></system-out>
         <system-err><![CDATA[]]></system-err>
      </testcase>
      <testcase name="Test Cases/Askblue_Training/Remove_from_Cart/Remove_from_Cart_1" time="7.144" classname="Test Cases/Askblue_Training/Remove_from_Cart/Remove_from_Cart_1" status="PASSED">
         <system-out><![CDATA[30-01-2025T17:14:26 - [TEST_CASE][PASSED] - Test Cases/Askblue_Training/Remove_from_Cart/Remove_from_Cart_1: Test Cases/Askblue_Training/Remove_from_Cart/Remove_from_Cart_1

30-01-2025T17:14:26 - [TEST_STEP][PASSED] - callTestCase(findTestCase("Askblue_Training/Add_to_Cart/Add_to_Cart_1"), [:], STOP_ON_FAILURE): Call Test Case 'Test Cases/Askblue_Training/Add_to_Cart/Add_to_Cart_1' successfully

30-01-2025T17:14:26 - [TEST_CASE][PASSED] - Test Cases/Askblue_Training/Add_to_Cart/Add_to_Cart_1: Test Cases/Askblue_Training/Add_to_Cart/Add_to_Cart_1

30-01-2025T17:14:26 - [TEST_STEP][PASSED] - callTestCase(findTestCase("Askblue_Training/Login_Logout/Login_Positivo"), ["username":"standard_user", "password":"secret_sauce"], STOP_ON_FAILURE): Call Test Case 'Test Cases/Askblue_Training/Login_Logout/Login_Positivo' successfully

30-01-2025T17:14:26 - [TEST_CASE][PASSED] - Test Cases/Askblue_Training/Login_Logout/Login_Positivo: Test Cases/Askblue_Training/Login_Logout/Login_Positivo

30-01-2025T17:14:26 - [TEST_STEP][PASSED] - openBrowser(""): Browser is opened with url: ''

30-01-2025T17:14:26 - [MESSAGE][WARNING] - A browser is already opened. Closing browser and opening a new one

30-01-2025T17:14:26 - [MESSAGE][INFO] - Starting 'Chrome' driver

30-01-2025T17:14:26 - [MESSAGE][INFO] - Action delay is set to 0 milliseconds

30-01-2025T17:14:27 - [MESSAGE][PASSED] - Browser is opened with url: ''

30-01-2025T17:14:27 - [TEST_STEP][PASSED] - navigateToUrl("https://www.saucedemo.com/"): Navigate to 'https://www.saucedemo.com/' successfully

30-01-2025T17:14:27 - [MESSAGE][PASSED] - Navigate to 'https://www.saucedemo.com/' successfully

30-01-2025T17:14:27 - [TEST_STEP][PASSED] - setText(findTestObject("Object Repository/Page_Swag Labs/input_Swag Labs_user-name"), username): Text 'standard_user' is set on object 'Object Repository/Page_Swag Labs/input_Swag Labs_user-name'

30-01-2025T17:14:28 - [MESSAGE][PASSED] - Text 'standard_user' is set on object 'Object Repository/Page_Swag Labs/input_Swag Labs_user-name'

30-01-2025T17:14:28 - [TEST_STEP][PASSED] - setText(findTestObject("Object Repository/Page_Swag Labs/input_Swag Labs_password"), password): Text 'secret_sauce' is set on object 'Object Repository/Page_Swag Labs/input_Swag Labs_password'

30-01-2025T17:14:29 - [MESSAGE][PASSED] - Text 'secret_sauce' is set on object 'Object Repository/Page_Swag Labs/input_Swag Labs_password'

30-01-2025T17:14:29 - [TEST_STEP][PASSED] - click(findTestObject("Object Repository/Page_Swag Labs/input_Swag Labs_login-button")): Object: 'Object Repository/Page_Swag Labs/input_Swag Labs_login-button' is clicked on

30-01-2025T17:14:29 - [MESSAGE][PASSED] - Object: 'Object Repository/Page_Swag Labs/input_Swag Labs_login-button' is clicked on

30-01-2025T17:14:29 - [TEST_STEP][PASSED] - click(findTestObject("Object Repository/Page_Swag Labs/button_Open Menu")): Object: 'Object Repository/Page_Swag Labs/button_Open Menu' is clicked on

30-01-2025T17:14:29 - [MESSAGE][PASSED] - Object: 'Object Repository/Page_Swag Labs/button_Open Menu' is clicked on

30-01-2025T17:14:29 - [TEST_STEP][PASSED] - verifyElementText(findTestObject("Object Repository/Page_Swag Labs/a_Logout"), "Logout"): Actual text and expected text of test object 'Object Repository/Page_Swag Labs/a_Logout' are matched.

30-01-2025T17:14:30 - [MESSAGE][PASSED] - Actual text and expected text of test object 'Object Repository/Page_Swag Labs/a_Logout' are matched.

30-01-2025T17:14:30 - [TEST_STEP][PASSED] - click(findTestObject("Object Repository/Page_Swag Labs/button_Close Menu")): Object: 'Object Repository/Page_Swag Labs/button_Close Menu' is clicked on

30-01-2025T17:14:30 - [MESSAGE][PASSED] - Object: 'Object Repository/Page_Swag Labs/button_Close Menu' is clicked on

30-01-2025T17:14:30 - [MESSAGE][PASSED] - Call Test Case 'Test Cases/Askblue_Training/Login_Logout/Login_Positivo' successfully

30-01-2025T17:14:30 - [TEST_STEP][PASSED] - addToCart = findTestObject("Object Repository/Page_Swag Labs/button_add_to_cart"): null

30-01-2025T17:14:30 - [TEST_STEP][PASSED] - addToCartList = findWebElements(addToCart, 10): Found web elements by test object Object Repository/Page_Swag Labs/button_add_to_cart

30-01-2025T17:14:30 - [MESSAGE][PASSED] - Found web elements by test object Object Repository/Page_Swag Labs/button_add_to_cart

30-01-2025T17:14:30 - [TEST_STEP][PASSED] - itemNames = findTestObject("Object Repository/Page_Swag Labs/item_name"): null

30-01-2025T17:14:30 - [TEST_STEP][PASSED] - itemNameList = findWebElements(itemNames, 10): Found web elements by test object Object Repository/Page_Swag Labs/item_name

30-01-2025T17:14:31 - [MESSAGE][PASSED] - Found web elements by test object Object Repository/Page_Swag Labs/item_name

30-01-2025T17:14:31 - [TEST_STEP][PASSED] - name = itemNameList[0].getText(): null

30-01-2025T17:14:31 - [TEST_STEP][PASSED] - itemPrices = findTestObject("Object Repository/Page_Swag Labs/item_price"): null

30-01-2025T17:14:31 - [TEST_STEP][PASSED] - itemPriceList = findWebElements(itemPrices, 10): Found web elements by test object Object Repository/Page_Swag Labs/item_price

30-01-2025T17:14:31 - [MESSAGE][PASSED] - Found web elements by test object Object Repository/Page_Swag Labs/item_price

30-01-2025T17:14:31 - [TEST_STEP][PASSED] - price = itemPriceList[0].getText(): null

30-01-2025T17:14:31 - [TEST_STEP][PASSED] - get(0).click(): null

30-01-2025T17:14:31 - [TEST_STEP][PASSED] - verifyElementText(findTestObject("Object Repository/Page_Swag Labs/icone_carrinho"), "1"): Actual text and expected text of test object 'Object Repository/Page_Swag Labs/icone_carrinho' are matched.

30-01-2025T17:14:31 - [MESSAGE][PASSED] - Actual text and expected text of test object 'Object Repository/Page_Swag Labs/icone_carrinho' are matched.

30-01-2025T17:14:31 - [TEST_STEP][PASSED] - click(findTestObject("Object Repository/Page_Swag Labs/icone_carrinho")): Object: 'Object Repository/Page_Swag Labs/icone_carrinho' is clicked on

30-01-2025T17:14:31 - [MESSAGE][PASSED] - Object: 'Object Repository/Page_Swag Labs/icone_carrinho' is clicked on

30-01-2025T17:14:31 - [TEST_STEP][PASSED] - cartItemNames = findTestObject("Object Repository/Page_Swag Labs/cart_item_name"): null

30-01-2025T17:14:31 - [TEST_STEP][PASSED] - cartItemNameList = findWebElements(cartItemNames, 10): Found web elements by test object Object Repository/Page_Swag Labs/cart_item_name

30-01-2025T17:14:32 - [MESSAGE][PASSED] - Found web elements by test object Object Repository/Page_Swag Labs/cart_item_name

30-01-2025T17:14:32 - [TEST_STEP][PASSED] - verifyMatch(cartItemNameList[0].getText(), name, false): Actual text 'Sauce Labs Backpack' and expected text 'Sauce Labs Backpack' are matched 

30-01-2025T17:14:32 - [MESSAGE][PASSED] - Actual text 'Sauce Labs Backpack' and expected text 'Sauce Labs Backpack' are matched 

30-01-2025T17:14:32 - [TEST_STEP][PASSED] - cartItemPrices = findTestObject("Object Repository/Page_Swag Labs/cart_item_price"): null

30-01-2025T17:14:32 - [TEST_STEP][PASSED] - cartItemPriceList = findWebElements(cartItemPrices, 10): Found web elements by test object Object Repository/Page_Swag Labs/cart_item_price

30-01-2025T17:14:32 - [MESSAGE][PASSED] - Found web elements by test object Object Repository/Page_Swag Labs/cart_item_price

30-01-2025T17:14:32 - [TEST_STEP][PASSED] - verifyMatch(cartItemPriceList[0].getText(), price, false): Actual text '$29.99' and expected text '$29.99' are matched 

30-01-2025T17:14:32 - [MESSAGE][PASSED] - Actual text '$29.99' and expected text '$29.99' are matched 

30-01-2025T17:14:32 - [TEST_STEP][PASSED] - click(findTestObject("Object Repository/Page_Swag Labs/button_Continue Shopping")): Object: 'Object Repository/Page_Swag Labs/button_Continue Shopping' is clicked on

30-01-2025T17:14:32 - [MESSAGE][PASSED] - Object: 'Object Repository/Page_Swag Labs/button_Continue Shopping' is clicked on

30-01-2025T17:14:32 - [MESSAGE][PASSED] - Call Test Case 'Test Cases/Askblue_Training/Add_to_Cart/Add_to_Cart_1' successfully

30-01-2025T17:14:32 - [TEST_STEP][PASSED] - click(findTestObject("Object Repository/Page_Swag Labs/button_remove")): Object: 'Object Repository/Page_Swag Labs/button_remove' is clicked on

30-01-2025T17:14:33 - [MESSAGE][PASSED] - Object: 'Object Repository/Page_Swag Labs/button_remove' is clicked on

30-01-2025T17:14:33 - [TEST_STEP][PASSED] - verifyElementText(findTestObject("Object Repository/Page_Swag Labs/icone_carrinho"), ""): Actual text and expected text of test object 'Object Repository/Page_Swag Labs/icone_carrinho' are matched.

30-01-2025T17:14:33 - [MESSAGE][PASSED] - Actual text and expected text of test object 'Object Repository/Page_Swag Labs/icone_carrinho' are matched.

30-01-2025T17:14:33 - [TEST_STEP][PASSED] - closeBrowser(): Browser is closed

30-01-2025T17:14:33 - [MESSAGE][PASSED] - Browser is closed]]></system-out>
         <system-err><![CDATA[]]></system-err>
      </testcase>
      <testcase name="Test Cases/Askblue_Training/Remove_from_Cart/Remove_from_Cart_AleatorioUm" time="7.401" classname="Test Cases/Askblue_Training/Remove_from_Cart/Remove_from_Cart_AleatorioUm" status="PASSED">
         <system-out><![CDATA[30-01-2025T17:14:33 - [TEST_CASE][PASSED] - Test Cases/Askblue_Training/Remove_from_Cart/Remove_from_Cart_AleatorioUm: Test Cases/Askblue_Training/Remove_from_Cart/Remove_from_Cart_AleatorioUm

30-01-2025T17:14:33 - [TEST_STEP][PASSED] - callTestCase(findTestCase("Askblue_Training/Add_to_Cart/Add_to_Cart_AleatorioUm"), [:], STOP_ON_FAILURE): Call Test Case 'Test Cases/Askblue_Training/Add_to_Cart/Add_to_Cart_AleatorioUm' successfully

30-01-2025T17:14:33 - [TEST_CASE][PASSED] - Test Cases/Askblue_Training/Add_to_Cart/Add_to_Cart_AleatorioUm: Test Cases/Askblue_Training/Add_to_Cart/Add_to_Cart_AleatorioUm

30-01-2025T17:14:33 - [TEST_STEP][PASSED] - callTestCase(findTestCase("Askblue_Training/Login_Logout/Login_Positivo"), [:], STOP_ON_FAILURE): Call Test Case 'Test Cases/Askblue_Training/Login_Logout/Login_Positivo' successfully

30-01-2025T17:14:33 - [TEST_CASE][PASSED] - Test Cases/Askblue_Training/Login_Logout/Login_Positivo: Test Cases/Askblue_Training/Login_Logout/Login_Positivo

30-01-2025T17:14:33 - [TEST_STEP][PASSED] - openBrowser(""): Browser is opened with url: ''

30-01-2025T17:14:33 - [MESSAGE][INFO] - Starting 'Chrome' driver

30-01-2025T17:14:33 - [MESSAGE][INFO] - Action delay is set to 0 milliseconds

30-01-2025T17:14:34 - [MESSAGE][PASSED] - Browser is opened with url: ''

30-01-2025T17:14:34 - [TEST_STEP][PASSED] - navigateToUrl("https://www.saucedemo.com/"): Navigate to 'https://www.saucedemo.com/' successfully

30-01-2025T17:14:34 - [MESSAGE][PASSED] - Navigate to 'https://www.saucedemo.com/' successfully

30-01-2025T17:14:34 - [TEST_STEP][PASSED] - setText(findTestObject("Object Repository/Page_Swag Labs/input_Swag Labs_user-name"), username): Text 'standard_user' is set on object 'Object Repository/Page_Swag Labs/input_Swag Labs_user-name'

30-01-2025T17:14:35 - [MESSAGE][PASSED] - Text 'standard_user' is set on object 'Object Repository/Page_Swag Labs/input_Swag Labs_user-name'

30-01-2025T17:14:35 - [TEST_STEP][PASSED] - setText(findTestObject("Object Repository/Page_Swag Labs/input_Swag Labs_password"), password): Text 'secret_sauce' is set on object 'Object Repository/Page_Swag Labs/input_Swag Labs_password'

30-01-2025T17:14:36 - [MESSAGE][PASSED] - Text 'secret_sauce' is set on object 'Object Repository/Page_Swag Labs/input_Swag Labs_password'

30-01-2025T17:14:36 - [TEST_STEP][PASSED] - click(findTestObject("Object Repository/Page_Swag Labs/input_Swag Labs_login-button")): Object: 'Object Repository/Page_Swag Labs/input_Swag Labs_login-button' is clicked on

30-01-2025T17:14:36 - [MESSAGE][PASSED] - Object: 'Object Repository/Page_Swag Labs/input_Swag Labs_login-button' is clicked on

30-01-2025T17:14:36 - [TEST_STEP][PASSED] - click(findTestObject("Object Repository/Page_Swag Labs/button_Open Menu")): Object: 'Object Repository/Page_Swag Labs/button_Open Menu' is clicked on

30-01-2025T17:14:37 - [MESSAGE][PASSED] - Object: 'Object Repository/Page_Swag Labs/button_Open Menu' is clicked on

30-01-2025T17:14:37 - [TEST_STEP][PASSED] - verifyElementText(findTestObject("Object Repository/Page_Swag Labs/a_Logout"), "Logout"): Actual text and expected text of test object 'Object Repository/Page_Swag Labs/a_Logout' are matched.

30-01-2025T17:14:37 - [MESSAGE][PASSED] - Actual text and expected text of test object 'Object Repository/Page_Swag Labs/a_Logout' are matched.

30-01-2025T17:14:37 - [TEST_STEP][PASSED] - click(findTestObject("Object Repository/Page_Swag Labs/button_Close Menu")): Object: 'Object Repository/Page_Swag Labs/button_Close Menu' is clicked on

30-01-2025T17:14:37 - [MESSAGE][PASSED] - Object: 'Object Repository/Page_Swag Labs/button_Close Menu' is clicked on

30-01-2025T17:14:37 - [MESSAGE][PASSED] - Call Test Case 'Test Cases/Askblue_Training/Login_Logout/Login_Positivo' successfully

30-01-2025T17:14:37 - [TEST_STEP][PASSED] - verifyElementText(findTestObject("Page_Swag Labs/icone_Carrinho"), ""): Actual text and expected text of test object 'Object Repository/Page_Swag Labs/icone_Carrinho' are matched.

30-01-2025T17:14:37 - [MESSAGE][PASSED] - Actual text and expected text of test object 'Object Repository/Page_Swag Labs/icone_Carrinho' are matched.

30-01-2025T17:14:37 - [TEST_STEP][PASSED] - addToCart = findTestObject("Object Repository/Page_Swag Labs/button_add_to_cart"): null

30-01-2025T17:14:37 - [TEST_STEP][PASSED] - addToCartList = findWebElements(addToCart, 10): Found web elements by test object Object Repository/Page_Swag Labs/button_add_to_cart

30-01-2025T17:14:38 - [MESSAGE][PASSED] - Found web elements by test object Object Repository/Page_Swag Labs/button_add_to_cart

30-01-2025T17:14:38 - [TEST_STEP][PASSED] - itemNames = findTestObject("Object Repository/Page_Swag Labs/item_name"): null

30-01-2025T17:14:38 - [TEST_STEP][PASSED] - itemNameList = findWebElements(itemNames, 10): Found web elements by test object Object Repository/Page_Swag Labs/item_name

30-01-2025T17:14:38 - [MESSAGE][PASSED] - Found web elements by test object Object Repository/Page_Swag Labs/item_name

30-01-2025T17:14:38 - [TEST_STEP][PASSED] - itemPrices = findTestObject("Object Repository/Page_Swag Labs/item_price"): null

30-01-2025T17:14:38 - [TEST_STEP][PASSED] - itemPriceList = findWebElements(itemPrices, 10): Found web elements by test object Object Repository/Page_Swag Labs/item_price

30-01-2025T17:14:38 - [MESSAGE][PASSED] - Found web elements by test object Object Repository/Page_Swag Labs/item_price

30-01-2025T17:14:38 - [TEST_STEP][PASSED] - rand = new java.util.Random(): null

30-01-2025T17:14:38 - [TEST_STEP][PASSED] - r = rand.nextInt(addToCartList.size()): null

30-01-2025T17:14:38 - [TEST_STEP][PASSED] - name = itemNameList[r].getText(): null

30-01-2025T17:14:38 - [TEST_STEP][PASSED] - price = itemPriceList[r].getText(): null

30-01-2025T17:14:38 - [TEST_STEP][PASSED] - get(r).click(): null

30-01-2025T17:14:38 - [TEST_STEP][PASSED] - verifyElementText(findTestObject("Page_Swag Labs/icone_carrinho"), "1"): Actual text and expected text of test object 'Object Repository/Page_Swag Labs/icone_carrinho' are matched.

30-01-2025T17:14:39 - [MESSAGE][PASSED] - Actual text and expected text of test object 'Object Repository/Page_Swag Labs/icone_carrinho' are matched.

30-01-2025T17:14:39 - [TEST_STEP][PASSED] - click(findTestObject("Object Repository/Page_Swag Labs/icone_carrinho")): Object: 'Object Repository/Page_Swag Labs/icone_carrinho' is clicked on

30-01-2025T17:14:39 - [MESSAGE][PASSED] - Object: 'Object Repository/Page_Swag Labs/icone_carrinho' is clicked on

30-01-2025T17:14:39 - [TEST_STEP][PASSED] - cartItemNames = findTestObject("Object Repository/Page_Swag Labs/cart_item_name"): null

30-01-2025T17:14:39 - [TEST_STEP][PASSED] - cartItemNameList = findWebElements(cartItemNames, 10): Found web elements by test object Object Repository/Page_Swag Labs/cart_item_name

30-01-2025T17:14:39 - [MESSAGE][PASSED] - Found web elements by test object Object Repository/Page_Swag Labs/cart_item_name

30-01-2025T17:14:39 - [TEST_STEP][PASSED] - verifyMatch(cartItemNameList[0].getText(), name, false): Actual text 'Sauce Labs Fleece Jacket' and expected text 'Sauce Labs Fleece Jacket' are matched 

30-01-2025T17:14:39 - [MESSAGE][PASSED] - Actual text 'Sauce Labs Fleece Jacket' and expected text 'Sauce Labs Fleece Jacket' are matched 

30-01-2025T17:14:39 - [TEST_STEP][PASSED] - cartItemPrices = findTestObject("Object Repository/Page_Swag Labs/cart_item_price"): null

30-01-2025T17:14:39 - [TEST_STEP][PASSED] - cartItemPriceList = findWebElements(cartItemPrices, 10): Found web elements by test object Object Repository/Page_Swag Labs/cart_item_price

30-01-2025T17:14:39 - [MESSAGE][PASSED] - Found web elements by test object Object Repository/Page_Swag Labs/cart_item_price

30-01-2025T17:14:39 - [TEST_STEP][PASSED] - verifyMatch(cartItemPriceList[0].getText(), price, false): Actual text '$49.99' and expected text '$49.99' are matched 

30-01-2025T17:14:39 - [MESSAGE][PASSED] - Actual text '$49.99' and expected text '$49.99' are matched 

30-01-2025T17:14:39 - [TEST_STEP][PASSED] - click(findTestObject("Object Repository/Page_Swag Labs/button_Continue Shopping")): Object: 'Object Repository/Page_Swag Labs/button_Continue Shopping' is clicked on

30-01-2025T17:14:40 - [MESSAGE][PASSED] - Object: 'Object Repository/Page_Swag Labs/button_Continue Shopping' is clicked on

30-01-2025T17:14:40 - [MESSAGE][PASSED] - Call Test Case 'Test Cases/Askblue_Training/Add_to_Cart/Add_to_Cart_AleatorioUm' successfully

30-01-2025T17:14:40 - [TEST_STEP][PASSED] - click(findTestObject("Object Repository/Page_Swag Labs/button_remove")): Object: 'Object Repository/Page_Swag Labs/button_remove' is clicked on

30-01-2025T17:14:40 - [MESSAGE][PASSED] - Object: 'Object Repository/Page_Swag Labs/button_remove' is clicked on

30-01-2025T17:14:40 - [TEST_STEP][PASSED] - verifyElementText(findTestObject("Object Repository/Page_Swag Labs/icone_carrinho"), ""): Actual text and expected text of test object 'Object Repository/Page_Swag Labs/icone_carrinho' are matched.

30-01-2025T17:14:40 - [MESSAGE][PASSED] - Actual text and expected text of test object 'Object Repository/Page_Swag Labs/icone_carrinho' are matched.

30-01-2025T17:14:40 - [TEST_STEP][PASSED] - closeBrowser(): Browser is closed

30-01-2025T17:14:40 - [MESSAGE][PASSED] - Browser is closed]]></system-out>
         <system-err><![CDATA[]]></system-err>
      </testcase>
      <testcase name="Test Cases/Askblue_Training/Remove_from_Cart/Remove_from_Cart_AleatórioVários" time="21.419" classname="Test Cases/Askblue_Training/Remove_from_Cart/Remove_from_Cart_AleatórioVários" status="PASSED">
         <system-out><![CDATA[30-01-2025T17:14:40 - [TEST_CASE][PASSED] - Test Cases/Askblue_Training/Remove_from_Cart/Remove_from_Cart_AleatórioVários: Test Cases/Askblue_Training/Remove_from_Cart/Remove_from_Cart_AleatórioVários

30-01-2025T17:14:41 - [TEST_STEP][PASSED] - callTestCase(findTestCase("Askblue_Training/Add_to_Cart/Add_to_Cart_AleatorioVarios"), [:], STOP_ON_FAILURE): Call Test Case 'Test Cases/Askblue_Training/Add_to_Cart/Add_to_Cart_AleatorioVarios' successfully

30-01-2025T17:14:41 - [TEST_CASE][PASSED] - Test Cases/Askblue_Training/Add_to_Cart/Add_to_Cart_AleatorioVarios: Test Cases/Askblue_Training/Add_to_Cart/Add_to_Cart_AleatorioVarios

30-01-2025T17:14:41 - [TEST_STEP][PASSED] - callTestCase(findTestCase("Askblue_Training/Login_Logout/Login_Positivo"), [:], STOP_ON_FAILURE): Call Test Case 'Test Cases/Askblue_Training/Login_Logout/Login_Positivo' successfully

30-01-2025T17:14:41 - [TEST_CASE][PASSED] - Test Cases/Askblue_Training/Login_Logout/Login_Positivo: Test Cases/Askblue_Training/Login_Logout/Login_Positivo

30-01-2025T17:14:41 - [TEST_STEP][PASSED] - openBrowser(""): Browser is opened with url: ''

30-01-2025T17:14:41 - [MESSAGE][INFO] - Starting 'Chrome' driver

30-01-2025T17:14:41 - [MESSAGE][INFO] - Action delay is set to 0 milliseconds

30-01-2025T17:14:41 - [MESSAGE][PASSED] - Browser is opened with url: ''

30-01-2025T17:14:41 - [TEST_STEP][PASSED] - navigateToUrl("https://www.saucedemo.com/"): Navigate to 'https://www.saucedemo.com/' successfully

30-01-2025T17:14:42 - [MESSAGE][PASSED] - Navigate to 'https://www.saucedemo.com/' successfully

30-01-2025T17:14:42 - [TEST_STEP][PASSED] - setText(findTestObject("Object Repository/Page_Swag Labs/input_Swag Labs_user-name"), username): Text 'standard_user' is set on object 'Object Repository/Page_Swag Labs/input_Swag Labs_user-name'

30-01-2025T17:14:43 - [MESSAGE][PASSED] - Text 'standard_user' is set on object 'Object Repository/Page_Swag Labs/input_Swag Labs_user-name'

30-01-2025T17:14:43 - [TEST_STEP][PASSED] - setText(findTestObject("Object Repository/Page_Swag Labs/input_Swag Labs_password"), password): Text 'secret_sauce' is set on object 'Object Repository/Page_Swag Labs/input_Swag Labs_password'

30-01-2025T17:14:43 - [MESSAGE][PASSED] - Text 'secret_sauce' is set on object 'Object Repository/Page_Swag Labs/input_Swag Labs_password'

30-01-2025T17:14:43 - [TEST_STEP][PASSED] - click(findTestObject("Object Repository/Page_Swag Labs/input_Swag Labs_login-button")): Object: 'Object Repository/Page_Swag Labs/input_Swag Labs_login-button' is clicked on

30-01-2025T17:14:44 - [MESSAGE][PASSED] - Object: 'Object Repository/Page_Swag Labs/input_Swag Labs_login-button' is clicked on

30-01-2025T17:14:44 - [TEST_STEP][PASSED] - click(findTestObject("Object Repository/Page_Swag Labs/button_Open Menu")): Object: 'Object Repository/Page_Swag Labs/button_Open Menu' is clicked on

30-01-2025T17:14:44 - [MESSAGE][PASSED] - Object: 'Object Repository/Page_Swag Labs/button_Open Menu' is clicked on

30-01-2025T17:14:44 - [TEST_STEP][PASSED] - verifyElementText(findTestObject("Object Repository/Page_Swag Labs/a_Logout"), "Logout"): Actual text and expected text of test object 'Object Repository/Page_Swag Labs/a_Logout' are matched.

30-01-2025T17:14:44 - [MESSAGE][PASSED] - Actual text and expected text of test object 'Object Repository/Page_Swag Labs/a_Logout' are matched.

30-01-2025T17:14:44 - [TEST_STEP][PASSED] - click(findTestObject("Object Repository/Page_Swag Labs/button_Close Menu")): Object: 'Object Repository/Page_Swag Labs/button_Close Menu' is clicked on

30-01-2025T17:14:45 - [MESSAGE][PASSED] - Object: 'Object Repository/Page_Swag Labs/button_Close Menu' is clicked on

30-01-2025T17:14:45 - [MESSAGE][PASSED] - Call Test Case 'Test Cases/Askblue_Training/Login_Logout/Login_Positivo' successfully

30-01-2025T17:14:45 - [TEST_STEP][PASSED] - verifyElementText(findTestObject("Page_Swag Labs/icone_carrinho"), ""): Actual text and expected text of test object 'Object Repository/Page_Swag Labs/icone_carrinho' are matched.

30-01-2025T17:14:45 - [MESSAGE][PASSED] - Actual text and expected text of test object 'Object Repository/Page_Swag Labs/icone_carrinho' are matched.

30-01-2025T17:14:45 - [TEST_STEP][PASSED] - addToCart = TestObject().addProperty("xpath", EQUALS, "//button[text()='Add to cart']"): null

30-01-2025T17:14:45 - [TEST_STEP][PASSED] - addToCartList = findWebElements(addToCart, 10): Found web elements by test object 

30-01-2025T17:14:45 - [MESSAGE][PASSED] - Found web elements by test object 

30-01-2025T17:14:45 - [TEST_STEP][PASSED] - itemNames = findTestObject("Object Repository/Page_Swag Labs/item_name"): null

30-01-2025T17:14:45 - [TEST_STEP][PASSED] - itemNameList = findWebElements(itemNames, 10): Found web elements by test object Object Repository/Page_Swag Labs/item_name

30-01-2025T17:14:45 - [MESSAGE][PASSED] - Found web elements by test object Object Repository/Page_Swag Labs/item_name

30-01-2025T17:14:45 - [TEST_STEP][PASSED] - itemPrices = findTestObject("Object Repository/Page_Swag Labs/item_price"): null

30-01-2025T17:14:45 - [TEST_STEP][PASSED] - itemPriceList = findWebElements(itemPrices, 10): Found web elements by test object Object Repository/Page_Swag Labs/item_price

30-01-2025T17:14:46 - [MESSAGE][PASSED] - Found web elements by test object Object Repository/Page_Swag Labs/item_price

30-01-2025T17:14:46 - [TEST_STEP][PASSED] - addedItems = new java.util.HashSet(): null

30-01-2025T17:14:46 - [TEST_STEP][PASSED] - v = Random().nextInt(addToCartList.size() - 2) + 2: null

30-01-2025T17:14:46 - [TEST_STEP][PASSED] - for ([i = 0, i < v, (i++)]): Object: 'Object Repository/Page_Swag Labs/button_Continue Shopping' is clicked on

30-01-2025T17:14:46 - [TEST_STEP][PASSED] - availableItems = findWebElements(findTestObject("Object Repository/Page_Swag Labs/item_name"), 10): Found web elements by test object Object Repository/Page_Swag Labs/item_name

30-01-2025T17:14:46 - [MESSAGE][PASSED] - Found web elements by test object Object Repository/Page_Swag Labs/item_name

30-01-2025T17:14:46 - [TEST_STEP][PASSED] - availablePrices = findWebElements(findTestObject("Object Repository/Page_Swag Labs/item_price"), 10): Found web elements by test object Object Repository/Page_Swag Labs/item_price

30-01-2025T17:14:46 - [MESSAGE][PASSED] - Found web elements by test object Object Repository/Page_Swag Labs/item_price

30-01-2025T17:14:46 - [TEST_STEP][PASSED] - availableButtons = findWebElements(findTestObject("Object Repository/Page_Swag Labs/button_add_to_cart"), 10): Found web elements by test object Object Repository/Page_Swag Labs/button_add_to_cart

30-01-2025T17:14:47 - [MESSAGE][PASSED] - Found web elements by test object Object Repository/Page_Swag Labs/button_add_to_cart

30-01-2025T17:14:47 - [TEST_STEP][PASSED] - validIndexes = []: null

30-01-2025T17:14:47 - [TEST_STEP][PASSED] - for ([j = 0, j < availableItems.size(), (j++)]): null

30-01-2025T17:14:47 - [TEST_STEP][PASSED] - if (!(addedItems.contains(availableItems[j].getText()))): null

30-01-2025T17:14:47 - [TEST_STEP][PASSED] - validIndexes.add(j): null

30-01-2025T17:14:47 - [TEST_STEP][PASSED] - if (!(addedItems.contains(availableItems[j].getText()))): null

30-01-2025T17:14:47 - [TEST_STEP][PASSED] - validIndexes.add(j): null

30-01-2025T17:14:47 - [TEST_STEP][PASSED] - if (!(addedItems.contains(availableItems[j].getText()))): null

30-01-2025T17:14:47 - [TEST_STEP][PASSED] - validIndexes.add(j): null

30-01-2025T17:14:47 - [TEST_STEP][PASSED] - if (!(addedItems.contains(availableItems[j].getText()))): null

30-01-2025T17:14:47 - [TEST_STEP][PASSED] - validIndexes.add(j): null

30-01-2025T17:14:47 - [TEST_STEP][PASSED] - if (!(addedItems.contains(availableItems[j].getText()))): null

30-01-2025T17:14:47 - [TEST_STEP][PASSED] - validIndexes.add(j): null

30-01-2025T17:14:47 - [TEST_STEP][PASSED] - if (!(addedItems.contains(availableItems[j].getText()))): null

30-01-2025T17:14:47 - [TEST_STEP][PASSED] - validIndexes.add(j): null

30-01-2025T17:14:47 - [TEST_STEP][PASSED] - if (validIndexes.isEmpty()): null

30-01-2025T17:14:47 - [TEST_STEP][PASSED] - randomIndex = validIndexes.get(Random().nextInt(validIndexes.size())): null

30-01-2025T17:14:47 - [TEST_STEP][PASSED] - name = availableItems[randomIndex].getText(): null

30-01-2025T17:14:47 - [TEST_STEP][PASSED] - price = availablePrices[randomIndex].getText(): null

30-01-2025T17:14:47 - [TEST_STEP][PASSED] - availableButtons[randomIndex].click(): null

30-01-2025T17:14:47 - [TEST_STEP][PASSED] - delay(1): Delayed 1 second(s)

30-01-2025T17:14:48 - [MESSAGE][PASSED] - Delayed 1 second(s)

30-01-2025T17:14:48 - [TEST_STEP][PASSED] - verifyElementText(findTestObject("Object Repository/Page_Swag Labs/icone_carrinho"), i + 1.toString()): Actual text and expected text of test object 'Object Repository/Page_Swag Labs/icone_carrinho' are matched.

30-01-2025T17:14:48 - [MESSAGE][PASSED] - Actual text and expected text of test object 'Object Repository/Page_Swag Labs/icone_carrinho' are matched.

30-01-2025T17:14:48 - [TEST_STEP][PASSED] - click(findTestObject("Object Repository/Page_Swag Labs/icone_carrinho")): Object: 'Object Repository/Page_Swag Labs/icone_carrinho' is clicked on

30-01-2025T17:14:48 - [MESSAGE][PASSED] - Object: 'Object Repository/Page_Swag Labs/icone_carrinho' is clicked on

30-01-2025T17:14:48 - [TEST_STEP][PASSED] - delay(1): Delayed 1 second(s)

30-01-2025T17:14:49 - [MESSAGE][PASSED] - Delayed 1 second(s)

30-01-2025T17:14:49 - [TEST_STEP][PASSED] - cartItemNameList = findWebElements(findTestObject("Object Repository/Page_Swag Labs/cart_item_name"), 10): Found web elements by test object Object Repository/Page_Swag Labs/cart_item_name

30-01-2025T17:14:50 - [MESSAGE][PASSED] - Found web elements by test object Object Repository/Page_Swag Labs/cart_item_name

30-01-2025T17:14:50 - [TEST_STEP][PASSED] - cartItemPriceList = findWebElements(findTestObject("Object Repository/Page_Swag Labs/cart_item_price"), 10): Found web elements by test object Object Repository/Page_Swag Labs/cart_item_price

30-01-2025T17:14:50 - [MESSAGE][PASSED] - Found web elements by test object Object Repository/Page_Swag Labs/cart_item_price

30-01-2025T17:14:50 - [TEST_STEP][PASSED] - verifyMatch(cartItemNameList[i].getText(), name, false): Actual text 'Sauce Labs Backpack' and expected text 'Sauce Labs Backpack' are matched 

30-01-2025T17:14:50 - [MESSAGE][PASSED] - Actual text 'Sauce Labs Backpack' and expected text 'Sauce Labs Backpack' are matched 

30-01-2025T17:14:50 - [TEST_STEP][PASSED] - verifyMatch(cartItemPriceList[i].getText(), price, false): Actual text '$29.99' and expected text '$29.99' are matched 

30-01-2025T17:14:50 - [MESSAGE][PASSED] - Actual text '$29.99' and expected text '$29.99' are matched 

30-01-2025T17:14:50 - [TEST_STEP][PASSED] - addedItems.add(name): null

30-01-2025T17:14:50 - [TEST_STEP][PASSED] - click(findTestObject("Object Repository/Page_Swag Labs/button_Continue Shopping")): Object: 'Object Repository/Page_Swag Labs/button_Continue Shopping' is clicked on

30-01-2025T17:14:50 - [MESSAGE][PASSED] - Object: 'Object Repository/Page_Swag Labs/button_Continue Shopping' is clicked on

30-01-2025T17:14:50 - [TEST_STEP][PASSED] - availableItems = findWebElements(findTestObject("Object Repository/Page_Swag Labs/item_name"), 10): Found web elements by test object Object Repository/Page_Swag Labs/item_name

30-01-2025T17:14:50 - [MESSAGE][PASSED] - Found web elements by test object Object Repository/Page_Swag Labs/item_name

30-01-2025T17:14:50 - [TEST_STEP][PASSED] - availablePrices = findWebElements(findTestObject("Object Repository/Page_Swag Labs/item_price"), 10): Found web elements by test object Object Repository/Page_Swag Labs/item_price

30-01-2025T17:14:51 - [MESSAGE][PASSED] - Found web elements by test object Object Repository/Page_Swag Labs/item_price

30-01-2025T17:14:51 - [TEST_STEP][PASSED] - availableButtons = findWebElements(findTestObject("Object Repository/Page_Swag Labs/button_add_to_cart"), 10): Found web elements by test object Object Repository/Page_Swag Labs/button_add_to_cart

30-01-2025T17:14:51 - [MESSAGE][PASSED] - Found web elements by test object Object Repository/Page_Swag Labs/button_add_to_cart

30-01-2025T17:14:51 - [TEST_STEP][PASSED] - validIndexes = []: null

30-01-2025T17:14:51 - [TEST_STEP][PASSED] - for ([j = 0, j < availableItems.size(), (j++)]): null

30-01-2025T17:14:51 - [TEST_STEP][PASSED] - if (!(addedItems.contains(availableItems[j].getText()))): null

30-01-2025T17:14:51 - [TEST_STEP][PASSED] - if (!(addedItems.contains(availableItems[j].getText()))): null

30-01-2025T17:14:51 - [TEST_STEP][PASSED] - validIndexes.add(j): null

30-01-2025T17:14:51 - [TEST_STEP][PASSED] - if (!(addedItems.contains(availableItems[j].getText()))): null

30-01-2025T17:14:51 - [TEST_STEP][PASSED] - validIndexes.add(j): null

30-01-2025T17:14:51 - [TEST_STEP][PASSED] - if (!(addedItems.contains(availableItems[j].getText()))): null

30-01-2025T17:14:51 - [TEST_STEP][PASSED] - validIndexes.add(j): null

30-01-2025T17:14:51 - [TEST_STEP][PASSED] - if (!(addedItems.contains(availableItems[j].getText()))): null

30-01-2025T17:14:51 - [TEST_STEP][PASSED] - validIndexes.add(j): null

30-01-2025T17:14:51 - [TEST_STEP][PASSED] - if (!(addedItems.contains(availableItems[j].getText()))): null

30-01-2025T17:14:51 - [TEST_STEP][PASSED] - validIndexes.add(j): null

30-01-2025T17:14:51 - [TEST_STEP][PASSED] - if (validIndexes.isEmpty()): null

30-01-2025T17:14:51 - [TEST_STEP][PASSED] - randomIndex = validIndexes.get(Random().nextInt(validIndexes.size())): null

30-01-2025T17:14:51 - [TEST_STEP][PASSED] - name = availableItems[randomIndex].getText(): null

30-01-2025T17:14:51 - [TEST_STEP][PASSED] - price = availablePrices[randomIndex].getText(): null

30-01-2025T17:14:51 - [TEST_STEP][PASSED] - availableButtons[randomIndex].click(): null

30-01-2025T17:14:51 - [TEST_STEP][PASSED] - delay(1): Delayed 1 second(s)

30-01-2025T17:14:52 - [MESSAGE][PASSED] - Delayed 1 second(s)

30-01-2025T17:14:52 - [TEST_STEP][PASSED] - verifyElementText(findTestObject("Object Repository/Page_Swag Labs/icone_carrinho"), i + 1.toString()): Actual text and expected text of test object 'Object Repository/Page_Swag Labs/icone_carrinho' are matched.

30-01-2025T17:14:53 - [MESSAGE][PASSED] - Actual text and expected text of test object 'Object Repository/Page_Swag Labs/icone_carrinho' are matched.

30-01-2025T17:14:53 - [TEST_STEP][PASSED] - click(findTestObject("Object Repository/Page_Swag Labs/icone_carrinho")): Object: 'Object Repository/Page_Swag Labs/icone_carrinho' is clicked on

30-01-2025T17:14:54 - [MESSAGE][PASSED] - Object: 'Object Repository/Page_Swag Labs/icone_carrinho' is clicked on

30-01-2025T17:14:54 - [TEST_STEP][PASSED] - delay(1): Delayed 1 second(s)

30-01-2025T17:14:55 - [MESSAGE][PASSED] - Delayed 1 second(s)

30-01-2025T17:14:55 - [TEST_STEP][PASSED] - cartItemNameList = findWebElements(findTestObject("Object Repository/Page_Swag Labs/cart_item_name"), 10): Found web elements by test object Object Repository/Page_Swag Labs/cart_item_name

30-01-2025T17:14:55 - [MESSAGE][PASSED] - Found web elements by test object Object Repository/Page_Swag Labs/cart_item_name

30-01-2025T17:14:55 - [TEST_STEP][PASSED] - cartItemPriceList = findWebElements(findTestObject("Object Repository/Page_Swag Labs/cart_item_price"), 10): Found web elements by test object Object Repository/Page_Swag Labs/cart_item_price

30-01-2025T17:14:55 - [MESSAGE][PASSED] - Found web elements by test object Object Repository/Page_Swag Labs/cart_item_price

30-01-2025T17:14:55 - [TEST_STEP][PASSED] - verifyMatch(cartItemNameList[i].getText(), name, false): Actual text 'Sauce Labs Bike Light' and expected text 'Sauce Labs Bike Light' are matched 

30-01-2025T17:14:55 - [MESSAGE][PASSED] - Actual text 'Sauce Labs Bike Light' and expected text 'Sauce Labs Bike Light' are matched 

30-01-2025T17:14:55 - [TEST_STEP][PASSED] - verifyMatch(cartItemPriceList[i].getText(), price, false): Actual text '$9.99' and expected text '$9.99' are matched 

30-01-2025T17:14:55 - [MESSAGE][PASSED] - Actual text '$9.99' and expected text '$9.99' are matched 

30-01-2025T17:14:55 - [TEST_STEP][PASSED] - addedItems.add(name): null

30-01-2025T17:14:55 - [TEST_STEP][PASSED] - click(findTestObject("Object Repository/Page_Swag Labs/button_Continue Shopping")): Object: 'Object Repository/Page_Swag Labs/button_Continue Shopping' is clicked on

30-01-2025T17:14:55 - [MESSAGE][PASSED] - Object: 'Object Repository/Page_Swag Labs/button_Continue Shopping' is clicked on

30-01-2025T17:14:55 - [TEST_STEP][PASSED] - availableItems = findWebElements(findTestObject("Object Repository/Page_Swag Labs/item_name"), 10): Found web elements by test object Object Repository/Page_Swag Labs/item_name

30-01-2025T17:14:56 - [MESSAGE][PASSED] - Found web elements by test object Object Repository/Page_Swag Labs/item_name

30-01-2025T17:14:56 - [TEST_STEP][PASSED] - availablePrices = findWebElements(findTestObject("Object Repository/Page_Swag Labs/item_price"), 10): Found web elements by test object Object Repository/Page_Swag Labs/item_price

30-01-2025T17:14:56 - [MESSAGE][PASSED] - Found web elements by test object Object Repository/Page_Swag Labs/item_price

30-01-2025T17:14:56 - [TEST_STEP][PASSED] - availableButtons = findWebElements(findTestObject("Object Repository/Page_Swag Labs/button_add_to_cart"), 10): Found web elements by test object Object Repository/Page_Swag Labs/button_add_to_cart

30-01-2025T17:14:56 - [MESSAGE][PASSED] - Found web elements by test object Object Repository/Page_Swag Labs/button_add_to_cart

30-01-2025T17:14:56 - [TEST_STEP][PASSED] - validIndexes = []: null

30-01-2025T17:14:56 - [TEST_STEP][PASSED] - for ([j = 0, j < availableItems.size(), (j++)]): null

30-01-2025T17:14:56 - [TEST_STEP][PASSED] - if (!(addedItems.contains(availableItems[j].getText()))): null

30-01-2025T17:14:56 - [TEST_STEP][PASSED] - if (!(addedItems.contains(availableItems[j].getText()))): null

30-01-2025T17:14:56 - [TEST_STEP][PASSED] - if (!(addedItems.contains(availableItems[j].getText()))): null

30-01-2025T17:14:56 - [TEST_STEP][PASSED] - validIndexes.add(j): null

30-01-2025T17:14:56 - [TEST_STEP][PASSED] - if (!(addedItems.contains(availableItems[j].getText()))): null

30-01-2025T17:14:56 - [TEST_STEP][PASSED] - validIndexes.add(j): null

30-01-2025T17:14:56 - [TEST_STEP][PASSED] - if (!(addedItems.contains(availableItems[j].getText()))): null

30-01-2025T17:14:56 - [TEST_STEP][PASSED] - validIndexes.add(j): null

30-01-2025T17:14:56 - [TEST_STEP][PASSED] - if (!(addedItems.contains(availableItems[j].getText()))): null

30-01-2025T17:14:56 - [TEST_STEP][PASSED] - validIndexes.add(j): null

30-01-2025T17:14:56 - [TEST_STEP][PASSED] - if (validIndexes.isEmpty()): null

30-01-2025T17:14:56 - [TEST_STEP][PASSED] - randomIndex = validIndexes.get(Random().nextInt(validIndexes.size())): null

30-01-2025T17:14:56 - [TEST_STEP][PASSED] - name = availableItems[randomIndex].getText(): null

30-01-2025T17:14:56 - [TEST_STEP][PASSED] - price = availablePrices[randomIndex].getText(): null

30-01-2025T17:14:56 - [TEST_STEP][PASSED] - availableButtons[randomIndex].click(): null

30-01-2025T17:14:56 - [TEST_STEP][PASSED] - delay(1): Delayed 1 second(s)

30-01-2025T17:14:57 - [MESSAGE][PASSED] - Delayed 1 second(s)

30-01-2025T17:14:57 - [TEST_STEP][PASSED] - verifyElementText(findTestObject("Object Repository/Page_Swag Labs/icone_carrinho"), i + 1.toString()): Actual text and expected text of test object 'Object Repository/Page_Swag Labs/icone_carrinho' are matched.

30-01-2025T17:14:58 - [MESSAGE][PASSED] - Actual text and expected text of test object 'Object Repository/Page_Swag Labs/icone_carrinho' are matched.

30-01-2025T17:14:58 - [TEST_STEP][PASSED] - click(findTestObject("Object Repository/Page_Swag Labs/icone_carrinho")): Object: 'Object Repository/Page_Swag Labs/icone_carrinho' is clicked on

30-01-2025T17:14:58 - [MESSAGE][PASSED] - Object: 'Object Repository/Page_Swag Labs/icone_carrinho' is clicked on

30-01-2025T17:14:58 - [TEST_STEP][PASSED] - delay(1): Delayed 1 second(s)

30-01-2025T17:14:59 - [MESSAGE][PASSED] - Delayed 1 second(s)

30-01-2025T17:14:59 - [TEST_STEP][PASSED] - cartItemNameList = findWebElements(findTestObject("Object Repository/Page_Swag Labs/cart_item_name"), 10): Found web elements by test object Object Repository/Page_Swag Labs/cart_item_name

30-01-2025T17:14:59 - [MESSAGE][PASSED] - Found web elements by test object Object Repository/Page_Swag Labs/cart_item_name

30-01-2025T17:14:59 - [TEST_STEP][PASSED] - cartItemPriceList = findWebElements(findTestObject("Object Repository/Page_Swag Labs/cart_item_price"), 10): Found web elements by test object Object Repository/Page_Swag Labs/cart_item_price

30-01-2025T17:14:59 - [MESSAGE][PASSED] - Found web elements by test object Object Repository/Page_Swag Labs/cart_item_price

30-01-2025T17:14:59 - [TEST_STEP][PASSED] - verifyMatch(cartItemNameList[i].getText(), name, false): Actual text 'Sauce Labs Onesie' and expected text 'Sauce Labs Onesie' are matched 

30-01-2025T17:15:00 - [MESSAGE][PASSED] - Actual text 'Sauce Labs Onesie' and expected text 'Sauce Labs Onesie' are matched 

30-01-2025T17:15:00 - [TEST_STEP][PASSED] - verifyMatch(cartItemPriceList[i].getText(), price, false): Actual text '$7.99' and expected text '$7.99' are matched 

30-01-2025T17:15:00 - [MESSAGE][PASSED] - Actual text '$7.99' and expected text '$7.99' are matched 

30-01-2025T17:15:00 - [TEST_STEP][PASSED] - addedItems.add(name): null

30-01-2025T17:15:00 - [TEST_STEP][PASSED] - click(findTestObject("Object Repository/Page_Swag Labs/button_Continue Shopping")): Object: 'Object Repository/Page_Swag Labs/button_Continue Shopping' is clicked on

30-01-2025T17:15:00 - [MESSAGE][PASSED] - Object: 'Object Repository/Page_Swag Labs/button_Continue Shopping' is clicked on

30-01-2025T17:15:00 - [MESSAGE][PASSED] - Call Test Case 'Test Cases/Askblue_Training/Add_to_Cart/Add_to_Cart_AleatorioVarios' successfully

30-01-2025T17:15:00 - [TEST_STEP][PASSED] - remove = findTestObject("Object Repository/Page_Swag Labs/button_remove"): null

30-01-2025T17:15:00 - [TEST_STEP][PASSED] - removeList = findWebElements(remove, 10): Found web elements by test object Object Repository/Page_Swag Labs/button_remove

30-01-2025T17:15:00 - [MESSAGE][PASSED] - Found web elements by test object Object Repository/Page_Swag Labs/button_remove

30-01-2025T17:15:00 - [TEST_STEP][PASSED] - v = Random().nextInt(removeList.size() - 2) + 1: null

30-01-2025T17:15:00 - [TEST_STEP][PASSED] - for ([i = 0, i < v, (i++)]): Actual text '2' and expected text '2' are matched 

30-01-2025T17:15:00 - [TEST_STEP][PASSED] - removeList = findWebElements(remove, 10): Found web elements by test object Object Repository/Page_Swag Labs/button_remove

30-01-2025T17:15:00 - [MESSAGE][PASSED] - Found web elements by test object Object Repository/Page_Swag Labs/button_remove

30-01-2025T17:15:00 - [TEST_STEP][PASSED] - if (removeList.isEmpty()): null

30-01-2025T17:15:00 - [TEST_STEP][PASSED] - rand = new java.util.Random(): null

30-01-2025T17:15:00 - [TEST_STEP][PASSED] - r = rand.nextInt(removeList.size()): null

30-01-2025T17:15:00 - [TEST_STEP][PASSED] - get(r).click(): null

30-01-2025T17:15:00 - [TEST_STEP][PASSED] - delay(1): Delayed 1 second(s)

30-01-2025T17:15:01 - [MESSAGE][PASSED] - Delayed 1 second(s)

30-01-2025T17:15:01 - [TEST_STEP][PASSED] - cartIconText = getText(findTestObject("Object Repository/Page_Swag Labs/icone_carrinho")).trim(): Text of object 'Object Repository/Page_Swag Labs/icone_carrinho' is: '2'

30-01-2025T17:15:02 - [MESSAGE][PASSED] - Text of object 'Object Repository/Page_Swag Labs/icone_carrinho' is: '2'

30-01-2025T17:15:02 - [TEST_STEP][PASSED] - expectedCount = removeList.size() - 1: null

30-01-2025T17:15:02 - [TEST_STEP][PASSED] - if (expectedCount == 0): null

30-01-2025T17:15:02 - [TEST_STEP][PASSED] - else: Actual text '2' and expected text '2' are matched 

30-01-2025T17:15:02 - [TEST_STEP][PASSED] - verifyMatch(cartIconText, expectedCount.toString(), false): Actual text '2' and expected text '2' are matched 

30-01-2025T17:15:02 - [MESSAGE][PASSED] - Actual text '2' and expected text '2' are matched]]></system-out>
         <system-err><![CDATA[]]></system-err>
      </testcase>
      <testcase name="Test Cases/Askblue_Training/Remove_from_Cart/Remove_from_Cart_Todos" time="30.332" classname="Test Cases/Askblue_Training/Remove_from_Cart/Remove_from_Cart_Todos" status="PASSED">
         <system-out><![CDATA[30-01-2025T17:15:02 - [TEST_CASE][PASSED] - Test Cases/Askblue_Training/Remove_from_Cart/Remove_from_Cart_Todos: Test Cases/Askblue_Training/Remove_from_Cart/Remove_from_Cart_Todos

30-01-2025T17:15:02 - [TEST_STEP][PASSED] - callTestCase(findTestCase("Askblue_Training/Add_to_Cart/Add_to_Cart_Todos"), [:], STOP_ON_FAILURE): Call Test Case 'Test Cases/Askblue_Training/Add_to_Cart/Add_to_Cart_Todos' successfully

30-01-2025T17:15:02 - [TEST_CASE][PASSED] - Test Cases/Askblue_Training/Add_to_Cart/Add_to_Cart_Todos: Test Cases/Askblue_Training/Add_to_Cart/Add_to_Cart_Todos

30-01-2025T17:15:02 - [TEST_STEP][PASSED] - callTestCase(findTestCase("Askblue_Training/Login_Logout/Login_Positivo"), ["username":"standard_user", "password":"secret_sauce"], STOP_ON_FAILURE): Call Test Case 'Test Cases/Askblue_Training/Login_Logout/Login_Positivo' successfully

30-01-2025T17:15:02 - [TEST_CASE][PASSED] - Test Cases/Askblue_Training/Login_Logout/Login_Positivo: Test Cases/Askblue_Training/Login_Logout/Login_Positivo

30-01-2025T17:15:02 - [TEST_STEP][PASSED] - openBrowser(""): Browser is opened with url: ''

30-01-2025T17:15:02 - [MESSAGE][WARNING] - A browser is already opened. Closing browser and opening a new one

30-01-2025T17:15:02 - [MESSAGE][INFO] - Starting 'Chrome' driver

30-01-2025T17:15:02 - [MESSAGE][INFO] - Action delay is set to 0 milliseconds

30-01-2025T17:15:03 - [MESSAGE][PASSED] - Browser is opened with url: ''

30-01-2025T17:15:03 - [TEST_STEP][PASSED] - navigateToUrl("https://www.saucedemo.com/"): Navigate to 'https://www.saucedemo.com/' successfully

30-01-2025T17:15:03 - [MESSAGE][PASSED] - Navigate to 'https://www.saucedemo.com/' successfully

30-01-2025T17:15:03 - [TEST_STEP][PASSED] - setText(findTestObject("Object Repository/Page_Swag Labs/input_Swag Labs_user-name"), username): Text 'standard_user' is set on object 'Object Repository/Page_Swag Labs/input_Swag Labs_user-name'

30-01-2025T17:15:04 - [MESSAGE][PASSED] - Text 'standard_user' is set on object 'Object Repository/Page_Swag Labs/input_Swag Labs_user-name'

30-01-2025T17:15:04 - [TEST_STEP][PASSED] - setText(findTestObject("Object Repository/Page_Swag Labs/input_Swag Labs_password"), password): Text 'secret_sauce' is set on object 'Object Repository/Page_Swag Labs/input_Swag Labs_password'

30-01-2025T17:15:05 - [MESSAGE][PASSED] - Text 'secret_sauce' is set on object 'Object Repository/Page_Swag Labs/input_Swag Labs_password'

30-01-2025T17:15:05 - [TEST_STEP][PASSED] - click(findTestObject("Object Repository/Page_Swag Labs/input_Swag Labs_login-button")): Object: 'Object Repository/Page_Swag Labs/input_Swag Labs_login-button' is clicked on

30-01-2025T17:15:05 - [MESSAGE][PASSED] - Object: 'Object Repository/Page_Swag Labs/input_Swag Labs_login-button' is clicked on

30-01-2025T17:15:05 - [TEST_STEP][PASSED] - click(findTestObject("Object Repository/Page_Swag Labs/button_Open Menu")): Object: 'Object Repository/Page_Swag Labs/button_Open Menu' is clicked on

30-01-2025T17:15:06 - [MESSAGE][PASSED] - Object: 'Object Repository/Page_Swag Labs/button_Open Menu' is clicked on

30-01-2025T17:15:06 - [TEST_STEP][PASSED] - verifyElementText(findTestObject("Object Repository/Page_Swag Labs/a_Logout"), "Logout"): Actual text and expected text of test object 'Object Repository/Page_Swag Labs/a_Logout' are matched.

30-01-2025T17:15:06 - [MESSAGE][PASSED] - Actual text and expected text of test object 'Object Repository/Page_Swag Labs/a_Logout' are matched.

30-01-2025T17:15:06 - [TEST_STEP][PASSED] - click(findTestObject("Object Repository/Page_Swag Labs/button_Close Menu")): Object: 'Object Repository/Page_Swag Labs/button_Close Menu' is clicked on

30-01-2025T17:15:06 - [MESSAGE][PASSED] - Object: 'Object Repository/Page_Swag Labs/button_Close Menu' is clicked on

30-01-2025T17:15:06 - [MESSAGE][PASSED] - Call Test Case 'Test Cases/Askblue_Training/Login_Logout/Login_Positivo' successfully

30-01-2025T17:15:06 - [TEST_STEP][PASSED] - addToCart = findTestObject("Object Repository/Page_Swag Labs/button_add_to_cart"): null

30-01-2025T17:15:06 - [TEST_STEP][PASSED] - addToCartList = findWebElements(addToCart, 10): Found web elements by test object Object Repository/Page_Swag Labs/button_add_to_cart

30-01-2025T17:15:06 - [MESSAGE][PASSED] - Found web elements by test object Object Repository/Page_Swag Labs/button_add_to_cart

30-01-2025T17:15:06 - [TEST_STEP][PASSED] - for ([i = 0, i < addToCartList.size(), (i++)]): Found web elements by test object Object Repository/Page_Swag Labs/item_price

30-01-2025T17:15:06 - [TEST_STEP][PASSED] - itemNames = findTestObject("Object Repository/Page_Swag Labs/item_name"): null

30-01-2025T17:15:06 - [TEST_STEP][PASSED] - itemNameList = findWebElements(itemNames, 10): Found web elements by test object Object Repository/Page_Swag Labs/item_name

30-01-2025T17:15:07 - [MESSAGE][PASSED] - Found web elements by test object Object Repository/Page_Swag Labs/item_name

30-01-2025T17:15:07 - [TEST_STEP][PASSED] - name = itemNameList[i].getText(): null

30-01-2025T17:15:07 - [TEST_STEP][PASSED] - itemPrices = findTestObject("Object Repository/Page_Swag Labs/item_price"): null

30-01-2025T17:15:07 - [TEST_STEP][PASSED] - itemPriceList = findWebElements(itemPrices, 10): Found web elements by test object Object Repository/Page_Swag Labs/item_price

30-01-2025T17:15:07 - [MESSAGE][PASSED] - Found web elements by test object Object Repository/Page_Swag Labs/item_price

30-01-2025T17:15:07 - [TEST_STEP][PASSED] - price = itemPriceList[i].getText(): null

30-01-2025T17:15:07 - [TEST_STEP][PASSED] - get(i).click(): null

30-01-2025T17:15:07 - [TEST_STEP][PASSED] - verifyElementText(findTestObject("Object Repository/Page_Swag Labs/icone_carrinho"), i + 1.toString()): Actual text and expected text of test object 'Object Repository/Page_Swag Labs/icone_carrinho' are matched.

30-01-2025T17:15:07 - [MESSAGE][PASSED] - Actual text and expected text of test object 'Object Repository/Page_Swag Labs/icone_carrinho' are matched.

30-01-2025T17:15:07 - [TEST_STEP][PASSED] - click(findTestObject("Object Repository/Page_Swag Labs/icone_carrinho")): Object: 'Object Repository/Page_Swag Labs/icone_carrinho' is clicked on

30-01-2025T17:15:08 - [MESSAGE][PASSED] - Object: 'Object Repository/Page_Swag Labs/icone_carrinho' is clicked on

30-01-2025T17:15:08 - [TEST_STEP][PASSED] - delay(1): Delayed 1 second(s)

30-01-2025T17:15:09 - [MESSAGE][PASSED] - Delayed 1 second(s)

30-01-2025T17:15:09 - [TEST_STEP][PASSED] - cartItemNames = findTestObject("Object Repository/Page_Swag Labs/cart_item_name"): null

30-01-2025T17:15:09 - [TEST_STEP][PASSED] - cartItemNameList = findWebElements(cartItemNames, 10): Found web elements by test object Object Repository/Page_Swag Labs/cart_item_name

30-01-2025T17:15:09 - [MESSAGE][PASSED] - Found web elements by test object Object Repository/Page_Swag Labs/cart_item_name

30-01-2025T17:15:09 - [TEST_STEP][PASSED] - verifyMatch(cartItemNameList[i].getText(), name, false): Actual text 'Sauce Labs Backpack' and expected text 'Sauce Labs Backpack' are matched 

30-01-2025T17:15:09 - [MESSAGE][PASSED] - Actual text 'Sauce Labs Backpack' and expected text 'Sauce Labs Backpack' are matched 

30-01-2025T17:15:09 - [TEST_STEP][PASSED] - cartItemPrices = findTestObject("Object Repository/Page_Swag Labs/cart_item_price"): null

30-01-2025T17:15:09 - [TEST_STEP][PASSED] - cartItemPriceList = findWebElements(cartItemPrices, 10): Found web elements by test object Object Repository/Page_Swag Labs/cart_item_price

30-01-2025T17:15:09 - [MESSAGE][PASSED] - Found web elements by test object Object Repository/Page_Swag Labs/cart_item_price

30-01-2025T17:15:09 - [TEST_STEP][PASSED] - verifyMatch(cartItemPriceList[i].getText(), price, false): Actual text '$29.99' and expected text '$29.99' are matched 

30-01-2025T17:15:09 - [MESSAGE][PASSED] - Actual text '$29.99' and expected text '$29.99' are matched 

30-01-2025T17:15:09 - [TEST_STEP][PASSED] - click(findTestObject("Object Repository/Page_Swag Labs/button_Continue Shopping")): Object: 'Object Repository/Page_Swag Labs/button_Continue Shopping' is clicked on

30-01-2025T17:15:10 - [MESSAGE][PASSED] - Object: 'Object Repository/Page_Swag Labs/button_Continue Shopping' is clicked on

30-01-2025T17:15:10 - [TEST_STEP][PASSED] - addToCartList = findWebElements(addToCart, 10): Found web elements by test object Object Repository/Page_Swag Labs/button_add_to_cart

30-01-2025T17:15:10 - [MESSAGE][PASSED] - Found web elements by test object Object Repository/Page_Swag Labs/button_add_to_cart

30-01-2025T17:15:10 - [TEST_STEP][PASSED] - itemNameList = findWebElements(itemNames, 10): Found web elements by test object Object Repository/Page_Swag Labs/item_name

30-01-2025T17:15:10 - [MESSAGE][PASSED] - Found web elements by test object Object Repository/Page_Swag Labs/item_name

30-01-2025T17:15:10 - [TEST_STEP][PASSED] - itemPriceList = findWebElements(itemPrices, 10): Found web elements by test object Object Repository/Page_Swag Labs/item_price

30-01-2025T17:15:10 - [MESSAGE][PASSED] - Found web elements by test object Object Repository/Page_Swag Labs/item_price

30-01-2025T17:15:10 - [TEST_STEP][PASSED] - itemNames = findTestObject("Object Repository/Page_Swag Labs/item_name"): null

30-01-2025T17:15:10 - [TEST_STEP][PASSED] - itemNameList = findWebElements(itemNames, 10): Found web elements by test object Object Repository/Page_Swag Labs/item_name

30-01-2025T17:15:11 - [MESSAGE][PASSED] - Found web elements by test object Object Repository/Page_Swag Labs/item_name

30-01-2025T17:15:11 - [TEST_STEP][PASSED] - name = itemNameList[i].getText(): null

30-01-2025T17:15:11 - [TEST_STEP][PASSED] - itemPrices = findTestObject("Object Repository/Page_Swag Labs/item_price"): null

30-01-2025T17:15:11 - [TEST_STEP][PASSED] - itemPriceList = findWebElements(itemPrices, 10): Found web elements by test object Object Repository/Page_Swag Labs/item_price

30-01-2025T17:15:11 - [MESSAGE][PASSED] - Found web elements by test object Object Repository/Page_Swag Labs/item_price

30-01-2025T17:15:11 - [TEST_STEP][PASSED] - price = itemPriceList[i].getText(): null

30-01-2025T17:15:11 - [TEST_STEP][PASSED] - get(i).click(): null

30-01-2025T17:15:11 - [TEST_STEP][PASSED] - verifyElementText(findTestObject("Object Repository/Page_Swag Labs/icone_carrinho"), i + 1.toString()): Actual text and expected text of test object 'Object Repository/Page_Swag Labs/icone_carrinho' are matched.

30-01-2025T17:15:11 - [MESSAGE][PASSED] - Actual text and expected text of test object 'Object Repository/Page_Swag Labs/icone_carrinho' are matched.

30-01-2025T17:15:11 - [TEST_STEP][PASSED] - click(findTestObject("Object Repository/Page_Swag Labs/icone_carrinho")): Object: 'Object Repository/Page_Swag Labs/icone_carrinho' is clicked on

30-01-2025T17:15:12 - [MESSAGE][PASSED] - Object: 'Object Repository/Page_Swag Labs/icone_carrinho' is clicked on

30-01-2025T17:15:12 - [TEST_STEP][PASSED] - delay(1): Delayed 1 second(s)

30-01-2025T17:15:13 - [MESSAGE][PASSED] - Delayed 1 second(s)

30-01-2025T17:15:13 - [TEST_STEP][PASSED] - cartItemNames = findTestObject("Object Repository/Page_Swag Labs/cart_item_name"): null

30-01-2025T17:15:13 - [TEST_STEP][PASSED] - cartItemNameList = findWebElements(cartItemNames, 10): Found web elements by test object Object Repository/Page_Swag Labs/cart_item_name

30-01-2025T17:15:13 - [MESSAGE][PASSED] - Found web elements by test object Object Repository/Page_Swag Labs/cart_item_name

30-01-2025T17:15:13 - [TEST_STEP][PASSED] - verifyMatch(cartItemNameList[i].getText(), name, false): Actual text 'Sauce Labs Bike Light' and expected text 'Sauce Labs Bike Light' are matched 

30-01-2025T17:15:13 - [MESSAGE][PASSED] - Actual text 'Sauce Labs Bike Light' and expected text 'Sauce Labs Bike Light' are matched 

30-01-2025T17:15:13 - [TEST_STEP][PASSED] - cartItemPrices = findTestObject("Object Repository/Page_Swag Labs/cart_item_price"): null

30-01-2025T17:15:13 - [TEST_STEP][PASSED] - cartItemPriceList = findWebElements(cartItemPrices, 10): Found web elements by test object Object Repository/Page_Swag Labs/cart_item_price

30-01-2025T17:15:13 - [MESSAGE][PASSED] - Found web elements by test object Object Repository/Page_Swag Labs/cart_item_price

30-01-2025T17:15:13 - [TEST_STEP][PASSED] - verifyMatch(cartItemPriceList[i].getText(), price, false): Actual text '$9.99' and expected text '$9.99' are matched 

30-01-2025T17:15:13 - [MESSAGE][PASSED] - Actual text '$9.99' and expected text '$9.99' are matched 

30-01-2025T17:15:13 - [TEST_STEP][PASSED] - click(findTestObject("Object Repository/Page_Swag Labs/button_Continue Shopping")): Object: 'Object Repository/Page_Swag Labs/button_Continue Shopping' is clicked on

30-01-2025T17:15:13 - [MESSAGE][PASSED] - Object: 'Object Repository/Page_Swag Labs/button_Continue Shopping' is clicked on

30-01-2025T17:15:13 - [TEST_STEP][PASSED] - addToCartList = findWebElements(addToCart, 10): Found web elements by test object Object Repository/Page_Swag Labs/button_add_to_cart

30-01-2025T17:15:14 - [MESSAGE][PASSED] - Found web elements by test object Object Repository/Page_Swag Labs/button_add_to_cart

30-01-2025T17:15:14 - [TEST_STEP][PASSED] - itemNameList = findWebElements(itemNames, 10): Found web elements by test object Object Repository/Page_Swag Labs/item_name

30-01-2025T17:15:14 - [MESSAGE][PASSED] - Found web elements by test object Object Repository/Page_Swag Labs/item_name

30-01-2025T17:15:14 - [TEST_STEP][PASSED] - itemPriceList = findWebElements(itemPrices, 10): Found web elements by test object Object Repository/Page_Swag Labs/item_price

30-01-2025T17:15:15 - [MESSAGE][PASSED] - Found web elements by test object Object Repository/Page_Swag Labs/item_price

30-01-2025T17:15:15 - [TEST_STEP][PASSED] - itemNames = findTestObject("Object Repository/Page_Swag Labs/item_name"): null

30-01-2025T17:15:15 - [TEST_STEP][PASSED] - itemNameList = findWebElements(itemNames, 10): Found web elements by test object Object Repository/Page_Swag Labs/item_name

30-01-2025T17:15:15 - [MESSAGE][PASSED] - Found web elements by test object Object Repository/Page_Swag Labs/item_name

30-01-2025T17:15:15 - [TEST_STEP][PASSED] - name = itemNameList[i].getText(): null

30-01-2025T17:15:15 - [TEST_STEP][PASSED] - itemPrices = findTestObject("Object Repository/Page_Swag Labs/item_price"): null

30-01-2025T17:15:15 - [TEST_STEP][PASSED] - itemPriceList = findWebElements(itemPrices, 10): Found web elements by test object Object Repository/Page_Swag Labs/item_price

30-01-2025T17:15:15 - [MESSAGE][PASSED] - Found web elements by test object Object Repository/Page_Swag Labs/item_price

30-01-2025T17:15:15 - [TEST_STEP][PASSED] - price = itemPriceList[i].getText(): null

30-01-2025T17:15:15 - [TEST_STEP][PASSED] - get(i).click(): null

30-01-2025T17:15:15 - [TEST_STEP][PASSED] - verifyElementText(findTestObject("Object Repository/Page_Swag Labs/icone_carrinho"), i + 1.toString()): Actual text and expected text of test object 'Object Repository/Page_Swag Labs/icone_carrinho' are matched.

30-01-2025T17:15:16 - [MESSAGE][PASSED] - Actual text and expected text of test object 'Object Repository/Page_Swag Labs/icone_carrinho' are matched.

30-01-2025T17:15:16 - [TEST_STEP][PASSED] - click(findTestObject("Object Repository/Page_Swag Labs/icone_carrinho")): Object: 'Object Repository/Page_Swag Labs/icone_carrinho' is clicked on

30-01-2025T17:15:16 - [MESSAGE][PASSED] - Object: 'Object Repository/Page_Swag Labs/icone_carrinho' is clicked on

30-01-2025T17:15:16 - [TEST_STEP][PASSED] - delay(1): Delayed 1 second(s)

30-01-2025T17:15:17 - [MESSAGE][PASSED] - Delayed 1 second(s)

30-01-2025T17:15:17 - [TEST_STEP][PASSED] - cartItemNames = findTestObject("Object Repository/Page_Swag Labs/cart_item_name"): null

30-01-2025T17:15:17 - [TEST_STEP][PASSED] - cartItemNameList = findWebElements(cartItemNames, 10): Found web elements by test object Object Repository/Page_Swag Labs/cart_item_name

30-01-2025T17:15:17 - [MESSAGE][PASSED] - Found web elements by test object Object Repository/Page_Swag Labs/cart_item_name

30-01-2025T17:15:17 - [TEST_STEP][PASSED] - verifyMatch(cartItemNameList[i].getText(), name, false): Actual text 'Sauce Labs Bolt T-Shirt' and expected text 'Sauce Labs Bolt T-Shirt' are matched 

30-01-2025T17:15:17 - [MESSAGE][PASSED] - Actual text 'Sauce Labs Bolt T-Shirt' and expected text 'Sauce Labs Bolt T-Shirt' are matched 

30-01-2025T17:15:17 - [TEST_STEP][PASSED] - cartItemPrices = findTestObject("Object Repository/Page_Swag Labs/cart_item_price"): null

30-01-2025T17:15:17 - [TEST_STEP][PASSED] - cartItemPriceList = findWebElements(cartItemPrices, 10): Found web elements by test object Object Repository/Page_Swag Labs/cart_item_price

30-01-2025T17:15:18 - [MESSAGE][PASSED] - Found web elements by test object Object Repository/Page_Swag Labs/cart_item_price

30-01-2025T17:15:18 - [TEST_STEP][PASSED] - verifyMatch(cartItemPriceList[i].getText(), price, false): Actual text '$15.99' and expected text '$15.99' are matched 

30-01-2025T17:15:18 - [MESSAGE][PASSED] - Actual text '$15.99' and expected text '$15.99' are matched 

30-01-2025T17:15:18 - [TEST_STEP][PASSED] - click(findTestObject("Object Repository/Page_Swag Labs/button_Continue Shopping")): Object: 'Object Repository/Page_Swag Labs/button_Continue Shopping' is clicked on

30-01-2025T17:15:18 - [MESSAGE][PASSED] - Object: 'Object Repository/Page_Swag Labs/button_Continue Shopping' is clicked on

30-01-2025T17:15:18 - [TEST_STEP][PASSED] - addToCartList = findWebElements(addToCart, 10): Found web elements by test object Object Repository/Page_Swag Labs/button_add_to_cart

30-01-2025T17:15:18 - [MESSAGE][PASSED] - Found web elements by test object Object Repository/Page_Swag Labs/button_add_to_cart

30-01-2025T17:15:18 - [TEST_STEP][PASSED] - itemNameList = findWebElements(itemNames, 10): Found web elements by test object Object Repository/Page_Swag Labs/item_name

30-01-2025T17:15:18 - [MESSAGE][PASSED] - Found web elements by test object Object Repository/Page_Swag Labs/item_name

30-01-2025T17:15:18 - [TEST_STEP][PASSED] - itemPriceList = findWebElements(itemPrices, 10): Found web elements by test object Object Repository/Page_Swag Labs/item_price

30-01-2025T17:15:19 - [MESSAGE][PASSED] - Found web elements by test object Object Repository/Page_Swag Labs/item_price

30-01-2025T17:15:19 - [TEST_STEP][PASSED] - itemNames = findTestObject("Object Repository/Page_Swag Labs/item_name"): null

30-01-2025T17:15:19 - [TEST_STEP][PASSED] - itemNameList = findWebElements(itemNames, 10): Found web elements by test object Object Repository/Page_Swag Labs/item_name

30-01-2025T17:15:19 - [MESSAGE][PASSED] - Found web elements by test object Object Repository/Page_Swag Labs/item_name

30-01-2025T17:15:19 - [TEST_STEP][PASSED] - name = itemNameList[i].getText(): null

30-01-2025T17:15:19 - [TEST_STEP][PASSED] - itemPrices = findTestObject("Object Repository/Page_Swag Labs/item_price"): null

30-01-2025T17:15:19 - [TEST_STEP][PASSED] - itemPriceList = findWebElements(itemPrices, 10): Found web elements by test object Object Repository/Page_Swag Labs/item_price

30-01-2025T17:15:19 - [MESSAGE][PASSED] - Found web elements by test object Object Repository/Page_Swag Labs/item_price

30-01-2025T17:15:19 - [TEST_STEP][PASSED] - price = itemPriceList[i].getText(): null

30-01-2025T17:15:19 - [TEST_STEP][PASSED] - get(i).click(): null

30-01-2025T17:15:19 - [TEST_STEP][PASSED] - verifyElementText(findTestObject("Object Repository/Page_Swag Labs/icone_carrinho"), i + 1.toString()): Actual text and expected text of test object 'Object Repository/Page_Swag Labs/icone_carrinho' are matched.

30-01-2025T17:15:19 - [MESSAGE][PASSED] - Actual text and expected text of test object 'Object Repository/Page_Swag Labs/icone_carrinho' are matched.

30-01-2025T17:15:19 - [TEST_STEP][PASSED] - click(findTestObject("Object Repository/Page_Swag Labs/icone_carrinho")): Object: 'Object Repository/Page_Swag Labs/icone_carrinho' is clicked on

30-01-2025T17:15:20 - [MESSAGE][PASSED] - Object: 'Object Repository/Page_Swag Labs/icone_carrinho' is clicked on

30-01-2025T17:15:20 - [TEST_STEP][PASSED] - delay(1): Delayed 1 second(s)

30-01-2025T17:15:21 - [MESSAGE][PASSED] - Delayed 1 second(s)

30-01-2025T17:15:21 - [TEST_STEP][PASSED] - cartItemNames = findTestObject("Object Repository/Page_Swag Labs/cart_item_name"): null

30-01-2025T17:15:21 - [TEST_STEP][PASSED] - cartItemNameList = findWebElements(cartItemNames, 10): Found web elements by test object Object Repository/Page_Swag Labs/cart_item_name

30-01-2025T17:15:21 - [MESSAGE][PASSED] - Found web elements by test object Object Repository/Page_Swag Labs/cart_item_name

30-01-2025T17:15:21 - [TEST_STEP][PASSED] - verifyMatch(cartItemNameList[i].getText(), name, false): Actual text 'Sauce Labs Fleece Jacket' and expected text 'Sauce Labs Fleece Jacket' are matched 

30-01-2025T17:15:21 - [MESSAGE][PASSED] - Actual text 'Sauce Labs Fleece Jacket' and expected text 'Sauce Labs Fleece Jacket' are matched 

30-01-2025T17:15:21 - [TEST_STEP][PASSED] - cartItemPrices = findTestObject("Object Repository/Page_Swag Labs/cart_item_price"): null

30-01-2025T17:15:21 - [TEST_STEP][PASSED] - cartItemPriceList = findWebElements(cartItemPrices, 10): Found web elements by test object Object Repository/Page_Swag Labs/cart_item_price

30-01-2025T17:15:21 - [MESSAGE][PASSED] - Found web elements by test object Object Repository/Page_Swag Labs/cart_item_price

30-01-2025T17:15:21 - [TEST_STEP][PASSED] - verifyMatch(cartItemPriceList[i].getText(), price, false): Actual text '$49.99' and expected text '$49.99' are matched 

30-01-2025T17:15:21 - [MESSAGE][PASSED] - Actual text '$49.99' and expected text '$49.99' are matched 

30-01-2025T17:15:21 - [TEST_STEP][PASSED] - click(findTestObject("Object Repository/Page_Swag Labs/button_Continue Shopping")): Object: 'Object Repository/Page_Swag Labs/button_Continue Shopping' is clicked on

30-01-2025T17:15:22 - [MESSAGE][PASSED] - Object: 'Object Repository/Page_Swag Labs/button_Continue Shopping' is clicked on

30-01-2025T17:15:22 - [TEST_STEP][PASSED] - addToCartList = findWebElements(addToCart, 10): Found web elements by test object Object Repository/Page_Swag Labs/button_add_to_cart

30-01-2025T17:15:22 - [MESSAGE][PASSED] - Found web elements by test object Object Repository/Page_Swag Labs/button_add_to_cart

30-01-2025T17:15:22 - [TEST_STEP][PASSED] - itemNameList = findWebElements(itemNames, 10): Found web elements by test object Object Repository/Page_Swag Labs/item_name

30-01-2025T17:15:22 - [MESSAGE][PASSED] - Found web elements by test object Object Repository/Page_Swag Labs/item_name

30-01-2025T17:15:22 - [TEST_STEP][PASSED] - itemPriceList = findWebElements(itemPrices, 10): Found web elements by test object Object Repository/Page_Swag Labs/item_price

30-01-2025T17:15:22 - [MESSAGE][PASSED] - Found web elements by test object Object Repository/Page_Swag Labs/item_price

30-01-2025T17:15:22 - [TEST_STEP][PASSED] - itemNames = findTestObject("Object Repository/Page_Swag Labs/item_name"): null

30-01-2025T17:15:22 - [TEST_STEP][PASSED] - itemNameList = findWebElements(itemNames, 10): Found web elements by test object Object Repository/Page_Swag Labs/item_name

30-01-2025T17:15:23 - [MESSAGE][PASSED] - Found web elements by test object Object Repository/Page_Swag Labs/item_name

30-01-2025T17:15:23 - [TEST_STEP][PASSED] - name = itemNameList[i].getText(): null

30-01-2025T17:15:23 - [TEST_STEP][PASSED] - itemPrices = findTestObject("Object Repository/Page_Swag Labs/item_price"): null

30-01-2025T17:15:23 - [TEST_STEP][PASSED] - itemPriceList = findWebElements(itemPrices, 10): Found web elements by test object Object Repository/Page_Swag Labs/item_price

30-01-2025T17:15:23 - [MESSAGE][PASSED] - Found web elements by test object Object Repository/Page_Swag Labs/item_price

30-01-2025T17:15:23 - [TEST_STEP][PASSED] - price = itemPriceList[i].getText(): null

30-01-2025T17:15:23 - [TEST_STEP][PASSED] - get(i).click(): null

30-01-2025T17:15:23 - [TEST_STEP][PASSED] - verifyElementText(findTestObject("Object Repository/Page_Swag Labs/icone_carrinho"), i + 1.toString()): Actual text and expected text of test object 'Object Repository/Page_Swag Labs/icone_carrinho' are matched.

30-01-2025T17:15:23 - [MESSAGE][PASSED] - Actual text and expected text of test object 'Object Repository/Page_Swag Labs/icone_carrinho' are matched.

30-01-2025T17:15:23 - [TEST_STEP][PASSED] - click(findTestObject("Object Repository/Page_Swag Labs/icone_carrinho")): Object: 'Object Repository/Page_Swag Labs/icone_carrinho' is clicked on

30-01-2025T17:15:24 - [MESSAGE][PASSED] - Object: 'Object Repository/Page_Swag Labs/icone_carrinho' is clicked on

30-01-2025T17:15:24 - [TEST_STEP][PASSED] - delay(1): Delayed 1 second(s)

30-01-2025T17:15:25 - [MESSAGE][PASSED] - Delayed 1 second(s)

30-01-2025T17:15:25 - [TEST_STEP][PASSED] - cartItemNames = findTestObject("Object Repository/Page_Swag Labs/cart_item_name"): null

30-01-2025T17:15:25 - [TEST_STEP][PASSED] - cartItemNameList = findWebElements(cartItemNames, 10): Found web elements by test object Object Repository/Page_Swag Labs/cart_item_name

30-01-2025T17:15:25 - [MESSAGE][PASSED] - Found web elements by test object Object Repository/Page_Swag Labs/cart_item_name

30-01-2025T17:15:25 - [TEST_STEP][PASSED] - verifyMatch(cartItemNameList[i].getText(), name, false): Actual text 'Sauce Labs Onesie' and expected text 'Sauce Labs Onesie' are matched 

30-01-2025T17:15:25 - [MESSAGE][PASSED] - Actual text 'Sauce Labs Onesie' and expected text 'Sauce Labs Onesie' are matched 

30-01-2025T17:15:25 - [TEST_STEP][PASSED] - cartItemPrices = findTestObject("Object Repository/Page_Swag Labs/cart_item_price"): null

30-01-2025T17:15:25 - [TEST_STEP][PASSED] - cartItemPriceList = findWebElements(cartItemPrices, 10): Found web elements by test object Object Repository/Page_Swag Labs/cart_item_price

30-01-2025T17:15:25 - [MESSAGE][PASSED] - Found web elements by test object Object Repository/Page_Swag Labs/cart_item_price

30-01-2025T17:15:25 - [TEST_STEP][PASSED] - verifyMatch(cartItemPriceList[i].getText(), price, false): Actual text '$7.99' and expected text '$7.99' are matched 

30-01-2025T17:15:25 - [MESSAGE][PASSED] - Actual text '$7.99' and expected text '$7.99' are matched 

30-01-2025T17:15:25 - [TEST_STEP][PASSED] - click(findTestObject("Object Repository/Page_Swag Labs/button_Continue Shopping")): Object: 'Object Repository/Page_Swag Labs/button_Continue Shopping' is clicked on

30-01-2025T17:15:26 - [MESSAGE][PASSED] - Object: 'Object Repository/Page_Swag Labs/button_Continue Shopping' is clicked on

30-01-2025T17:15:26 - [TEST_STEP][PASSED] - addToCartList = findWebElements(addToCart, 10): Found web elements by test object Object Repository/Page_Swag Labs/button_add_to_cart

30-01-2025T17:15:26 - [MESSAGE][PASSED] - Found web elements by test object Object Repository/Page_Swag Labs/button_add_to_cart

30-01-2025T17:15:26 - [TEST_STEP][PASSED] - itemNameList = findWebElements(itemNames, 10): Found web elements by test object Object Repository/Page_Swag Labs/item_name

30-01-2025T17:15:26 - [MESSAGE][PASSED] - Found web elements by test object Object Repository/Page_Swag Labs/item_name

30-01-2025T17:15:26 - [TEST_STEP][PASSED] - itemPriceList = findWebElements(itemPrices, 10): Found web elements by test object Object Repository/Page_Swag Labs/item_price

30-01-2025T17:15:26 - [MESSAGE][PASSED] - Found web elements by test object Object Repository/Page_Swag Labs/item_price

30-01-2025T17:15:26 - [TEST_STEP][PASSED] - itemNames = findTestObject("Object Repository/Page_Swag Labs/item_name"): null

30-01-2025T17:15:26 - [TEST_STEP][PASSED] - itemNameList = findWebElements(itemNames, 10): Found web elements by test object Object Repository/Page_Swag Labs/item_name

30-01-2025T17:15:27 - [MESSAGE][PASSED] - Found web elements by test object Object Repository/Page_Swag Labs/item_name

30-01-2025T17:15:27 - [TEST_STEP][PASSED] - name = itemNameList[i].getText(): null

30-01-2025T17:15:27 - [TEST_STEP][PASSED] - itemPrices = findTestObject("Object Repository/Page_Swag Labs/item_price"): null

30-01-2025T17:15:27 - [TEST_STEP][PASSED] - itemPriceList = findWebElements(itemPrices, 10): Found web elements by test object Object Repository/Page_Swag Labs/item_price

30-01-2025T17:15:27 - [MESSAGE][PASSED] - Found web elements by test object Object Repository/Page_Swag Labs/item_price

30-01-2025T17:15:27 - [TEST_STEP][PASSED] - price = itemPriceList[i].getText(): null

30-01-2025T17:15:27 - [TEST_STEP][PASSED] - get(i).click(): null

30-01-2025T17:15:27 - [TEST_STEP][PASSED] - verifyElementText(findTestObject("Object Repository/Page_Swag Labs/icone_carrinho"), i + 1.toString()): Actual text and expected text of test object 'Object Repository/Page_Swag Labs/icone_carrinho' are matched.

30-01-2025T17:15:27 - [MESSAGE][PASSED] - Actual text and expected text of test object 'Object Repository/Page_Swag Labs/icone_carrinho' are matched.

30-01-2025T17:15:27 - [TEST_STEP][PASSED] - click(findTestObject("Object Repository/Page_Swag Labs/icone_carrinho")): Object: 'Object Repository/Page_Swag Labs/icone_carrinho' is clicked on

30-01-2025T17:15:27 - [MESSAGE][PASSED] - Object: 'Object Repository/Page_Swag Labs/icone_carrinho' is clicked on

30-01-2025T17:15:27 - [TEST_STEP][PASSED] - delay(1): Delayed 1 second(s)

30-01-2025T17:15:28 - [MESSAGE][PASSED] - Delayed 1 second(s)

30-01-2025T17:15:28 - [TEST_STEP][PASSED] - cartItemNames = findTestObject("Object Repository/Page_Swag Labs/cart_item_name"): null

30-01-2025T17:15:28 - [TEST_STEP][PASSED] - cartItemNameList = findWebElements(cartItemNames, 10): Found web elements by test object Object Repository/Page_Swag Labs/cart_item_name

30-01-2025T17:15:29 - [MESSAGE][PASSED] - Found web elements by test object Object Repository/Page_Swag Labs/cart_item_name

30-01-2025T17:15:29 - [TEST_STEP][PASSED] - verifyMatch(cartItemNameList[i].getText(), name, false): Actual text 'Test.allTheThings() T-Shirt (Red)' and expected text 'Test.allTheThings() T-Shirt (Red)' are matched 

30-01-2025T17:15:29 - [MESSAGE][PASSED] - Actual text 'Test.allTheThings() T-Shirt (Red)' and expected text 'Test.allTheThings() T-Shirt (Red)' are matched 

30-01-2025T17:15:29 - [TEST_STEP][PASSED] - cartItemPrices = findTestObject("Object Repository/Page_Swag Labs/cart_item_price"): null

30-01-2025T17:15:29 - [TEST_STEP][PASSED] - cartItemPriceList = findWebElements(cartItemPrices, 10): Found web elements by test object Object Repository/Page_Swag Labs/cart_item_price

30-01-2025T17:15:29 - [MESSAGE][PASSED] - Found web elements by test object Object Repository/Page_Swag Labs/cart_item_price

30-01-2025T17:15:29 - [TEST_STEP][PASSED] - verifyMatch(cartItemPriceList[i].getText(), price, false): Actual text '$15.99' and expected text '$15.99' are matched 

30-01-2025T17:15:29 - [MESSAGE][PASSED] - Actual text '$15.99' and expected text '$15.99' are matched 

30-01-2025T17:15:29 - [TEST_STEP][PASSED] - click(findTestObject("Object Repository/Page_Swag Labs/button_Continue Shopping")): Object: 'Object Repository/Page_Swag Labs/button_Continue Shopping' is clicked on

30-01-2025T17:15:29 - [MESSAGE][PASSED] - Object: 'Object Repository/Page_Swag Labs/button_Continue Shopping' is clicked on

30-01-2025T17:15:29 - [TEST_STEP][PASSED] - addToCartList = findWebElements(addToCart, 10): Found web elements by test object Object Repository/Page_Swag Labs/button_add_to_cart

30-01-2025T17:15:30 - [MESSAGE][PASSED] - Found web elements by test object Object Repository/Page_Swag Labs/button_add_to_cart

30-01-2025T17:15:30 - [TEST_STEP][PASSED] - itemNameList = findWebElements(itemNames, 10): Found web elements by test object Object Repository/Page_Swag Labs/item_name

30-01-2025T17:15:30 - [MESSAGE][PASSED] - Found web elements by test object Object Repository/Page_Swag Labs/item_name

30-01-2025T17:15:30 - [TEST_STEP][PASSED] - itemPriceList = findWebElements(itemPrices, 10): Found web elements by test object Object Repository/Page_Swag Labs/item_price

30-01-2025T17:15:30 - [MESSAGE][PASSED] - Found web elements by test object Object Repository/Page_Swag Labs/item_price

30-01-2025T17:15:30 - [MESSAGE][PASSED] - Call Test Case 'Test Cases/Askblue_Training/Add_to_Cart/Add_to_Cart_Todos' successfully

30-01-2025T17:15:30 - [TEST_STEP][PASSED] - remove = findTestObject("Object Repository/Page_Swag Labs/button_remove"): null

30-01-2025T17:15:30 - [TEST_STEP][PASSED] - removeList = findWebElements(remove, 10): Found web elements by test object Object Repository/Page_Swag Labs/button_remove

30-01-2025T17:15:30 - [MESSAGE][PASSED] - Found web elements by test object Object Repository/Page_Swag Labs/button_remove

30-01-2025T17:15:30 - [TEST_STEP][PASSED] - for ([i = 0, i < removeList.size(), (i++)]): Actual text '' and expected text '' are matched 

30-01-2025T17:15:30 - [TEST_STEP][PASSED] - get(i).click(): null

30-01-2025T17:15:30 - [TEST_STEP][PASSED] - cartIconText = getText(findTestObject("Object Repository/Page_Swag Labs/icone_carrinho")).trim(): Text of object 'Object Repository/Page_Swag Labs/icone_carrinho' is: '5'

30-01-2025T17:15:31 - [MESSAGE][PASSED] - Text of object 'Object Repository/Page_Swag Labs/icone_carrinho' is: '5'

30-01-2025T17:15:31 - [TEST_STEP][PASSED] - expectedCount = removeList.size() - i - 1: null

30-01-2025T17:15:31 - [TEST_STEP][PASSED] - if (expectedCount == 0): null

30-01-2025T17:15:31 - [TEST_STEP][PASSED] - else: Actual text '5' and expected text '5' are matched 

30-01-2025T17:15:31 - [TEST_STEP][PASSED] - verifyMatch(cartIconText, expectedCount.toString(), false): Actual text '5' and expected text '5' are matched 

30-01-2025T17:15:31 - [MESSAGE][PASSED] - Actual text '5' and expected text '5' are matched 

30-01-2025T17:15:31 - [TEST_STEP][PASSED] - get(i).click(): null

30-01-2025T17:15:31 - [TEST_STEP][PASSED] - cartIconText = getText(findTestObject("Object Repository/Page_Swag Labs/icone_carrinho")).trim(): Text of object 'Object Repository/Page_Swag Labs/icone_carrinho' is: '4'

30-01-2025T17:15:31 - [MESSAGE][PASSED] - Text of object 'Object Repository/Page_Swag Labs/icone_carrinho' is: '4'

30-01-2025T17:15:31 - [TEST_STEP][PASSED] - expectedCount = removeList.size() - i - 1: null

30-01-2025T17:15:31 - [TEST_STEP][PASSED] - if (expectedCount == 0): null

30-01-2025T17:15:31 - [TEST_STEP][PASSED] - else: Actual text '4' and expected text '4' are matched 

30-01-2025T17:15:31 - [TEST_STEP][PASSED] - verifyMatch(cartIconText, expectedCount.toString(), false): Actual text '4' and expected text '4' are matched 

30-01-2025T17:15:31 - [MESSAGE][PASSED] - Actual text '4' and expected text '4' are matched 

30-01-2025T17:15:31 - [TEST_STEP][PASSED] - get(i).click(): null

30-01-2025T17:15:31 - [TEST_STEP][PASSED] - cartIconText = getText(findTestObject("Object Repository/Page_Swag Labs/icone_carrinho")).trim(): Text of object 'Object Repository/Page_Swag Labs/icone_carrinho' is: '3'

30-01-2025T17:15:31 - [MESSAGE][PASSED] - Text of object 'Object Repository/Page_Swag Labs/icone_carrinho' is: '3'

30-01-2025T17:15:31 - [TEST_STEP][PASSED] - expectedCount = removeList.size() - i - 1: null

30-01-2025T17:15:31 - [TEST_STEP][PASSED] - if (expectedCount == 0): null

30-01-2025T17:15:31 - [TEST_STEP][PASSED] - else: Actual text '3' and expected text '3' are matched 

30-01-2025T17:15:31 - [TEST_STEP][PASSED] - verifyMatch(cartIconText, expectedCount.toString(), false): Actual text '3' and expected text '3' are matched 

30-01-2025T17:15:31 - [MESSAGE][PASSED] - Actual text '3' and expected text '3' are matched 

30-01-2025T17:15:31 - [TEST_STEP][PASSED] - get(i).click(): null

30-01-2025T17:15:31 - [TEST_STEP][PASSED] - cartIconText = getText(findTestObject("Object Repository/Page_Swag Labs/icone_carrinho")).trim(): Text of object 'Object Repository/Page_Swag Labs/icone_carrinho' is: '2'

30-01-2025T17:15:32 - [MESSAGE][PASSED] - Text of object 'Object Repository/Page_Swag Labs/icone_carrinho' is: '2'

30-01-2025T17:15:32 - [TEST_STEP][PASSED] - expectedCount = removeList.size() - i - 1: null

30-01-2025T17:15:32 - [TEST_STEP][PASSED] - if (expectedCount == 0): null

30-01-2025T17:15:32 - [TEST_STEP][PASSED] - else: Actual text '2' and expected text '2' are matched 

30-01-2025T17:15:32 - [TEST_STEP][PASSED] - verifyMatch(cartIconText, expectedCount.toString(), false): Actual text '2' and expected text '2' are matched 

30-01-2025T17:15:32 - [MESSAGE][PASSED] - Actual text '2' and expected text '2' are matched 

30-01-2025T17:15:32 - [TEST_STEP][PASSED] - get(i).click(): null

30-01-2025T17:15:32 - [TEST_STEP][PASSED] - cartIconText = getText(findTestObject("Object Repository/Page_Swag Labs/icone_carrinho")).trim(): Text of object 'Object Repository/Page_Swag Labs/icone_carrinho' is: '1'

30-01-2025T17:15:32 - [MESSAGE][PASSED] - Text of object 'Object Repository/Page_Swag Labs/icone_carrinho' is: '1'

30-01-2025T17:15:32 - [TEST_STEP][PASSED] - expectedCount = removeList.size() - i - 1: null

30-01-2025T17:15:32 - [TEST_STEP][PASSED] - if (expectedCount == 0): null

30-01-2025T17:15:32 - [TEST_STEP][PASSED] - else: Actual text '1' and expected text '1' are matched 

30-01-2025T17:15:32 - [TEST_STEP][PASSED] - verifyMatch(cartIconText, expectedCount.toString(), false): Actual text '1' and expected text '1' are matched 

30-01-2025T17:15:32 - [MESSAGE][PASSED] - Actual text '1' and expected text '1' are matched 

30-01-2025T17:15:32 - [TEST_STEP][PASSED] - get(i).click(): null

30-01-2025T17:15:32 - [TEST_STEP][PASSED] - cartIconText = getText(findTestObject("Object Repository/Page_Swag Labs/icone_carrinho")).trim(): Text of object 'Object Repository/Page_Swag Labs/icone_carrinho' is: ''

30-01-2025T17:15:32 - [MESSAGE][PASSED] - Text of object 'Object Repository/Page_Swag Labs/icone_carrinho' is: ''

30-01-2025T17:15:32 - [TEST_STEP][PASSED] - expectedCount = removeList.size() - i - 1: null

30-01-2025T17:15:32 - [TEST_STEP][PASSED] - if (expectedCount == 0): Actual text '' and expected text '' are matched 

30-01-2025T17:15:32 - [TEST_STEP][PASSED] - verifyMatch(cartIconText, "", false): Actual text '' and expected text '' are matched 

30-01-2025T17:15:32 - [MESSAGE][PASSED] - Actual text '' and expected text '' are matched]]></system-out>
         <system-err><![CDATA[]]></system-err>
      </testcase>
      <testcase name="Test Cases/Askblue_Training/Ordenar/Ordernar_High_to_Low" time="7.989" classname="Test Cases/Askblue_Training/Ordenar/Ordernar_High_to_Low" status="PASSED">
         <system-out><![CDATA[30-01-2025T17:15:32 - [TEST_CASE][PASSED] - Test Cases/Askblue_Training/Ordenar/Ordernar_High_to_Low: Test Cases/Askblue_Training/Ordenar/Ordernar_High_to_Low

30-01-2025T17:15:32 - [TEST_STEP][PASSED] - callTestCase(findTestCase("Askblue_Training/Login_Logout/Login_Positivo"), ["username":"standard_user", "password":"secret_sauce"], STOP_ON_FAILURE): Call Test Case 'Test Cases/Askblue_Training/Login_Logout/Login_Positivo' successfully

30-01-2025T17:15:32 - [TEST_CASE][PASSED] - Test Cases/Askblue_Training/Login_Logout/Login_Positivo: Test Cases/Askblue_Training/Login_Logout/Login_Positivo

30-01-2025T17:15:32 - [TEST_STEP][PASSED] - openBrowser(""): Browser is opened with url: ''

30-01-2025T17:15:32 - [MESSAGE][WARNING] - A browser is already opened. Closing browser and opening a new one

30-01-2025T17:15:33 - [MESSAGE][INFO] - Starting 'Chrome' driver

30-01-2025T17:15:33 - [MESSAGE][INFO] - Action delay is set to 0 milliseconds

30-01-2025T17:15:33 - [MESSAGE][PASSED] - Browser is opened with url: ''

30-01-2025T17:15:33 - [TEST_STEP][PASSED] - navigateToUrl("https://www.saucedemo.com/"): Navigate to 'https://www.saucedemo.com/' successfully

30-01-2025T17:15:34 - [MESSAGE][PASSED] - Navigate to 'https://www.saucedemo.com/' successfully

30-01-2025T17:15:34 - [TEST_STEP][PASSED] - setText(findTestObject("Object Repository/Page_Swag Labs/input_Swag Labs_user-name"), username): Text 'standard_user' is set on object 'Object Repository/Page_Swag Labs/input_Swag Labs_user-name'

30-01-2025T17:15:35 - [MESSAGE][PASSED] - Text 'standard_user' is set on object 'Object Repository/Page_Swag Labs/input_Swag Labs_user-name'

30-01-2025T17:15:35 - [TEST_STEP][PASSED] - setText(findTestObject("Object Repository/Page_Swag Labs/input_Swag Labs_password"), password): Text 'secret_sauce' is set on object 'Object Repository/Page_Swag Labs/input_Swag Labs_password'

30-01-2025T17:15:35 - [MESSAGE][PASSED] - Text 'secret_sauce' is set on object 'Object Repository/Page_Swag Labs/input_Swag Labs_password'

30-01-2025T17:15:35 - [TEST_STEP][PASSED] - click(findTestObject("Object Repository/Page_Swag Labs/input_Swag Labs_login-button")): Object: 'Object Repository/Page_Swag Labs/input_Swag Labs_login-button' is clicked on

30-01-2025T17:15:35 - [MESSAGE][PASSED] - Object: 'Object Repository/Page_Swag Labs/input_Swag Labs_login-button' is clicked on

30-01-2025T17:15:35 - [TEST_STEP][PASSED] - click(findTestObject("Object Repository/Page_Swag Labs/button_Open Menu")): Object: 'Object Repository/Page_Swag Labs/button_Open Menu' is clicked on

30-01-2025T17:15:36 - [MESSAGE][PASSED] - Object: 'Object Repository/Page_Swag Labs/button_Open Menu' is clicked on

30-01-2025T17:15:36 - [TEST_STEP][PASSED] - verifyElementText(findTestObject("Object Repository/Page_Swag Labs/a_Logout"), "Logout"): Actual text and expected text of test object 'Object Repository/Page_Swag Labs/a_Logout' are matched.

30-01-2025T17:15:36 - [MESSAGE][PASSED] - Actual text and expected text of test object 'Object Repository/Page_Swag Labs/a_Logout' are matched.

30-01-2025T17:15:36 - [TEST_STEP][PASSED] - click(findTestObject("Object Repository/Page_Swag Labs/button_Close Menu")): Object: 'Object Repository/Page_Swag Labs/button_Close Menu' is clicked on

30-01-2025T17:15:36 - [MESSAGE][PASSED] - Object: 'Object Repository/Page_Swag Labs/button_Close Menu' is clicked on

30-01-2025T17:15:36 - [MESSAGE][PASSED] - Call Test Case 'Test Cases/Askblue_Training/Login_Logout/Login_Positivo' successfully

30-01-2025T17:15:36 - [TEST_STEP][PASSED] - itemPrices = findTestObject("Object Repository/Page_Swag Labs/item_price"): null

30-01-2025T17:15:36 - [TEST_STEP][PASSED] - itemPriceList = findWebElements(itemPrices, 10): Found web elements by test object Object Repository/Page_Swag Labs/item_price

30-01-2025T17:15:37 - [MESSAGE][PASSED] - Found web elements by test object Object Repository/Page_Swag Labs/item_price

30-01-2025T17:15:37 - [TEST_STEP][PASSED] - prices = itemPriceList.collect({ -> ... }): null

30-01-2025T17:15:37 - [TEST_STEP][PASSED] - maxPrice = prices.max(): null

30-01-2025T17:15:37 - [TEST_STEP][PASSED] - click(findTestObject("Object Repository/Page_Swag Labs/span_Name (A to Z)Name (A to Z)Name (Z to A_3f2346")): Object: 'Object Repository/Page_Swag Labs/span_Name (A to Z)Name (A to Z)Name (Z to A_3f2346' is clicked on

30-01-2025T17:15:37 - [MESSAGE][PASSED] - Object: 'Object Repository/Page_Swag Labs/span_Name (A to Z)Name (A to Z)Name (Z to A_3f2346' is clicked on

30-01-2025T17:15:37 - [TEST_STEP][PASSED] - selectOptionByValue(findTestObject("Object Repository/Page_Swag Labs/select_Name (A to Z)Name (Z to A)Price (low_f7e90a"), "hilo", true): All options with value 'hilo' are selected in object 'Object Repository/Page_Swag Labs/select_Name (A to Z)Name (Z to A)Price (low_f7e90a'  using regular expression

30-01-2025T17:15:38 - [MESSAGE][PASSED] - All options with value 'hilo' are selected in object 'Object Repository/Page_Swag Labs/select_Name (A to Z)Name (Z to A)Price (low_f7e90a'  using regular expression

30-01-2025T17:15:38 - [TEST_STEP][PASSED] - delay(2): Delayed 2 second(s)

30-01-2025T17:15:40 - [MESSAGE][PASSED] - Delayed 2 second(s)

30-01-2025T17:15:40 - [TEST_STEP][PASSED] - sortedPrices = findWebElements(itemPrices, 10): Found web elements by test object Object Repository/Page_Swag Labs/item_price

30-01-2025T17:15:40 - [MESSAGE][PASSED] - Found web elements by test object Object Repository/Page_Swag Labs/item_price

30-01-2025T17:15:40 - [TEST_STEP][PASSED] - firstPriceText = replace("$", "").toDouble(): null

30-01-2025T17:15:40 - [TEST_STEP][PASSED] - verifyEqual(firstPriceText, maxPrice): Actual object '49.99' and expected object '49,99' are equal

30-01-2025T17:15:40 - [MESSAGE][PASSED] - Actual object '49.99' and expected object '49,99' are equal]]></system-out>
         <system-err><![CDATA[]]></system-err>
      </testcase>
      <testcase name="Test Cases/Askblue_Training/Finalizar_CompraE2E/Finalizar_Compra_1" time="0.032" classname="Test Cases/Askblue_Training/Finalizar_CompraE2E/Finalizar_Compra_1" status="PASSED">
         <system-out><![CDATA[30-01-2025T17:15:40 - [TEST_CASE][PASSED] - Test Cases/Askblue_Training/Finalizar_CompraE2E/Finalizar_Compra_1: Test Cases/Askblue_Training/Finalizar_CompraE2E/Finalizar_Compra_1

30-01-2025T17:15:40 - [TEST_STEP][PASSED] - return null: null]]></system-out>
         <system-err><![CDATA[]]></system-err>
      </testcase>
      <testcase name="Test Cases/Askblue_Training/Finalizar_CompraE2E/Finalizar_Compra_Record" time="16.97" classname="Test Cases/Askblue_Training/Finalizar_CompraE2E/Finalizar_Compra_Record" status="PASSED">
         <system-out><![CDATA[30-01-2025T17:15:40 - [TEST_CASE][PASSED] - Test Cases/Askblue_Training/Finalizar_CompraE2E/Finalizar_Compra_Record: Test Cases/Askblue_Training/Finalizar_CompraE2E/Finalizar_Compra_Record

30-01-2025T17:15:40 - [TEST_STEP][PASSED] - callTestCase(findTestCase("Askblue_Training/Add_to_Cart/Add_to_Cart_Todos_Record"), [:], STOP_ON_FAILURE): Call Test Case 'Test Cases/Askblue_Training/Add_to_Cart/Add_to_Cart_Todos_Record' successfully

30-01-2025T17:15:40 - [TEST_CASE][PASSED] - Test Cases/Askblue_Training/Add_to_Cart/Add_to_Cart_Todos_Record: Test Cases/Askblue_Training/Add_to_Cart/Add_to_Cart_Todos_Record

30-01-2025T17:15:40 - [TEST_STEP][PASSED] - callTestCase(findTestCase("Askblue_Training/Login_Logout/Login_Positivo"), [:], STOP_ON_FAILURE): Call Test Case 'Test Cases/Askblue_Training/Login_Logout/Login_Positivo' successfully

30-01-2025T17:15:40 - [TEST_CASE][PASSED] - Test Cases/Askblue_Training/Login_Logout/Login_Positivo: Test Cases/Askblue_Training/Login_Logout/Login_Positivo

30-01-2025T17:15:40 - [TEST_STEP][PASSED] - openBrowser(""): Browser is opened with url: ''

30-01-2025T17:15:40 - [MESSAGE][WARNING] - A browser is already opened. Closing browser and opening a new one

30-01-2025T17:15:41 - [MESSAGE][INFO] - Starting 'Chrome' driver

30-01-2025T17:15:41 - [MESSAGE][INFO] - Action delay is set to 0 milliseconds

30-01-2025T17:15:41 - [MESSAGE][PASSED] - Browser is opened with url: ''

30-01-2025T17:15:41 - [TEST_STEP][PASSED] - navigateToUrl("https://www.saucedemo.com/"): Navigate to 'https://www.saucedemo.com/' successfully

30-01-2025T17:15:42 - [MESSAGE][PASSED] - Navigate to 'https://www.saucedemo.com/' successfully

30-01-2025T17:15:42 - [TEST_STEP][PASSED] - setText(findTestObject("Object Repository/Page_Swag Labs/input_Swag Labs_user-name"), username): Text 'standard_user' is set on object 'Object Repository/Page_Swag Labs/input_Swag Labs_user-name'

30-01-2025T17:15:43 - [MESSAGE][PASSED] - Text 'standard_user' is set on object 'Object Repository/Page_Swag Labs/input_Swag Labs_user-name'

30-01-2025T17:15:43 - [TEST_STEP][PASSED] - setText(findTestObject("Object Repository/Page_Swag Labs/input_Swag Labs_password"), password): Text 'secret_sauce' is set on object 'Object Repository/Page_Swag Labs/input_Swag Labs_password'

30-01-2025T17:15:43 - [MESSAGE][PASSED] - Text 'secret_sauce' is set on object 'Object Repository/Page_Swag Labs/input_Swag Labs_password'

30-01-2025T17:15:43 - [TEST_STEP][PASSED] - click(findTestObject("Object Repository/Page_Swag Labs/input_Swag Labs_login-button")): Object: 'Object Repository/Page_Swag Labs/input_Swag Labs_login-button' is clicked on

30-01-2025T17:15:43 - [MESSAGE][PASSED] - Object: 'Object Repository/Page_Swag Labs/input_Swag Labs_login-button' is clicked on

30-01-2025T17:15:43 - [TEST_STEP][PASSED] - click(findTestObject("Object Repository/Page_Swag Labs/button_Open Menu")): Object: 'Object Repository/Page_Swag Labs/button_Open Menu' is clicked on

30-01-2025T17:15:44 - [MESSAGE][PASSED] - Object: 'Object Repository/Page_Swag Labs/button_Open Menu' is clicked on

30-01-2025T17:15:44 - [TEST_STEP][PASSED] - verifyElementText(findTestObject("Object Repository/Page_Swag Labs/a_Logout"), "Logout"): Actual text and expected text of test object 'Object Repository/Page_Swag Labs/a_Logout' are matched.

30-01-2025T17:15:44 - [MESSAGE][PASSED] - Actual text and expected text of test object 'Object Repository/Page_Swag Labs/a_Logout' are matched.

30-01-2025T17:15:44 - [TEST_STEP][PASSED] - click(findTestObject("Object Repository/Page_Swag Labs/button_Close Menu")): Object: 'Object Repository/Page_Swag Labs/button_Close Menu' is clicked on

30-01-2025T17:15:44 - [MESSAGE][PASSED] - Object: 'Object Repository/Page_Swag Labs/button_Close Menu' is clicked on

30-01-2025T17:15:44 - [MESSAGE][PASSED] - Call Test Case 'Test Cases/Askblue_Training/Login_Logout/Login_Positivo' successfully

30-01-2025T17:15:44 - [TEST_STEP][PASSED] - click(findTestObject("Object Repository/Page_Swag Labs/button_Add to cart_0")): Object: 'Object Repository/Page_Swag Labs/button_Add to cart_0' is clicked on

30-01-2025T17:15:45 - [MESSAGE][PASSED] - Object: 'Object Repository/Page_Swag Labs/button_Add to cart_0' is clicked on

30-01-2025T17:15:45 - [TEST_STEP][PASSED] - click(findTestObject("Object Repository/Page_Swag Labs/button_Add to cart_1")): Object: 'Object Repository/Page_Swag Labs/button_Add to cart_1' is clicked on

30-01-2025T17:15:45 - [MESSAGE][PASSED] - Object: 'Object Repository/Page_Swag Labs/button_Add to cart_1' is clicked on

30-01-2025T17:15:45 - [TEST_STEP][PASSED] - click(findTestObject("Object Repository/Page_Swag Labs/button_Add to cart_2")): Object: 'Object Repository/Page_Swag Labs/button_Add to cart_2' is clicked on

30-01-2025T17:15:45 - [MESSAGE][PASSED] - Object: 'Object Repository/Page_Swag Labs/button_Add to cart_2' is clicked on

30-01-2025T17:15:45 - [TEST_STEP][PASSED] - click(findTestObject("Object Repository/Page_Swag Labs/button_Add to cart_3")): Object: 'Object Repository/Page_Swag Labs/button_Add to cart_3' is clicked on

30-01-2025T17:15:46 - [MESSAGE][PASSED] - Object: 'Object Repository/Page_Swag Labs/button_Add to cart_3' is clicked on

30-01-2025T17:15:46 - [TEST_STEP][PASSED] - click(findTestObject("Object Repository/Page_Swag Labs/button_Add to cart_4")): Object: 'Object Repository/Page_Swag Labs/button_Add to cart_4' is clicked on

30-01-2025T17:15:46 - [MESSAGE][PASSED] - Object: 'Object Repository/Page_Swag Labs/button_Add to cart_4' is clicked on

30-01-2025T17:15:46 - [TEST_STEP][PASSED] - click(findTestObject("Object Repository/Page_Swag Labs/button_Add to cart_5")): Object: 'Object Repository/Page_Swag Labs/button_Add to cart_5' is clicked on

30-01-2025T17:15:46 - [MESSAGE][PASSED] - Object: 'Object Repository/Page_Swag Labs/button_Add to cart_5' is clicked on

30-01-2025T17:15:46 - [TEST_STEP][PASSED] - verifyElementText(findTestObject("Object Repository/Page_Swag Labs/icone_carrinho"), "6"): Actual text and expected text of test object 'Object Repository/Page_Swag Labs/icone_carrinho' are matched.

30-01-2025T17:15:47 - [MESSAGE][PASSED] - Actual text and expected text of test object 'Object Repository/Page_Swag Labs/icone_carrinho' are matched.

30-01-2025T17:15:47 - [TEST_STEP][PASSED] - click(findTestObject("Object Repository/Page_Swag Labs/icone_carrinho")): Object: 'Object Repository/Page_Swag Labs/icone_carrinho' is clicked on

30-01-2025T17:15:47 - [MESSAGE][PASSED] - Object: 'Object Repository/Page_Swag Labs/icone_carrinho' is clicked on

30-01-2025T17:15:47 - [TEST_STEP][PASSED] - verifyElementText(findTestObject("Object Repository/Page_Swag Labs/div_Sauce Labs Backpack"), "Sauce Labs Backpack"): Actual text and expected text of test object 'Object Repository/Page_Swag Labs/div_Sauce Labs Backpack' are matched.

30-01-2025T17:15:47 - [MESSAGE][PASSED] - Actual text and expected text of test object 'Object Repository/Page_Swag Labs/div_Sauce Labs Backpack' are matched.

30-01-2025T17:15:47 - [TEST_STEP][PASSED] - verifyElementText(findTestObject("Object Repository/Page_Swag Labs/div_Sauce Labs Bike Light"), "Sauce Labs Bike Light"): Actual text and expected text of test object 'Object Repository/Page_Swag Labs/div_Sauce Labs Bike Light' are matched.

30-01-2025T17:15:47 - [MESSAGE][PASSED] - Actual text and expected text of test object 'Object Repository/Page_Swag Labs/div_Sauce Labs Bike Light' are matched.

30-01-2025T17:15:47 - [TEST_STEP][PASSED] - verifyElementText(findTestObject("Object Repository/Page_Swag Labs/div_Sauce Labs Bolt T-Shirt"), "Sauce Labs Bolt T-Shirt"): Actual text and expected text of test object 'Object Repository/Page_Swag Labs/div_Sauce Labs Bolt T-Shirt' are matched.

30-01-2025T17:15:48 - [MESSAGE][PASSED] - Actual text and expected text of test object 'Object Repository/Page_Swag Labs/div_Sauce Labs Bolt T-Shirt' are matched.

30-01-2025T17:15:48 - [TEST_STEP][PASSED] - verifyElementText(findTestObject("Object Repository/Page_Swag Labs/div_Sauce Labs Fleece Jacket"), "Sauce Labs Fleece Jacket"): Actual text and expected text of test object 'Object Repository/Page_Swag Labs/div_Sauce Labs Fleece Jacket' are matched.

30-01-2025T17:15:48 - [MESSAGE][PASSED] - Actual text and expected text of test object 'Object Repository/Page_Swag Labs/div_Sauce Labs Fleece Jacket' are matched.

30-01-2025T17:15:48 - [TEST_STEP][PASSED] - verifyElementText(findTestObject("Object Repository/Page_Swag Labs/div_Sauce Labs Onesie"), "Sauce Labs Onesie"): Actual text and expected text of test object 'Object Repository/Page_Swag Labs/div_Sauce Labs Onesie' are matched.

30-01-2025T17:15:48 - [MESSAGE][PASSED] - Actual text and expected text of test object 'Object Repository/Page_Swag Labs/div_Sauce Labs Onesie' are matched.

30-01-2025T17:15:48 - [TEST_STEP][PASSED] - verifyElementText(findTestObject("Object Repository/Page_Swag Labs/div_Test.allTheThings() T-Shirt (Red)"), "Test.allTheThings() T-Shirt (Red)"): Actual text and expected text of test object 'Object Repository/Page_Swag Labs/div_Test.allTheThings() T-Shirt (Red)' are matched.

30-01-2025T17:15:49 - [MESSAGE][PASSED] - Actual text and expected text of test object 'Object Repository/Page_Swag Labs/div_Test.allTheThings() T-Shirt (Red)' are matched.

30-01-2025T17:15:49 - [MESSAGE][PASSED] - Call Test Case 'Test Cases/Askblue_Training/Add_to_Cart/Add_to_Cart_Todos_Record' successfully

30-01-2025T17:15:49 - [TEST_STEP][PASSED] - click(findTestObject("Object Repository/Page_Swag Labs/button_Checkout")): Object: 'Object Repository/Page_Swag Labs/button_Checkout' is clicked on

30-01-2025T17:15:49 - [MESSAGE][PASSED] - Object: 'Object Repository/Page_Swag Labs/button_Checkout' is clicked on

30-01-2025T17:15:49 - [TEST_STEP][PASSED] - setText(findTestObject("Object Repository/Page_Swag Labs/input_Checkout Your Information_firstName"), "João"): Text 'João' is set on object 'Object Repository/Page_Swag Labs/input_Checkout Your Information_firstName'

30-01-2025T17:15:50 - [MESSAGE][PASSED] - Text 'João' is set on object 'Object Repository/Page_Swag Labs/input_Checkout Your Information_firstName'

30-01-2025T17:15:50 - [TEST_STEP][PASSED] - setText(findTestObject("Object Repository/Page_Swag Labs/input_Checkout Your Information_lastName"), "Silva"): Text 'Silva' is set on object 'Object Repository/Page_Swag Labs/input_Checkout Your Information_lastName'

30-01-2025T17:15:50 - [MESSAGE][PASSED] - Text 'Silva' is set on object 'Object Repository/Page_Swag Labs/input_Checkout Your Information_lastName'

30-01-2025T17:15:50 - [TEST_STEP][PASSED] - setText(findTestObject("Object Repository/Page_Swag Labs/input_Checkout Your Information_postalCode"), "1000-001"): Text '1000-001' is set on object 'Object Repository/Page_Swag Labs/input_Checkout Your Information_postalCode'

30-01-2025T17:15:51 - [MESSAGE][PASSED] - Text '1000-001' is set on object 'Object Repository/Page_Swag Labs/input_Checkout Your Information_postalCode'

30-01-2025T17:15:51 - [TEST_STEP][PASSED] - click(findTestObject("Object Repository/Page_Swag Labs/input_Cancel_continue")): Object: 'Object Repository/Page_Swag Labs/input_Cancel_continue' is clicked on

30-01-2025T17:15:51 - [MESSAGE][PASSED] - Object: 'Object Repository/Page_Swag Labs/input_Cancel_continue' is clicked on

30-01-2025T17:15:51 - [TEST_STEP][PASSED] - verifyElementText(findTestObject("Object Repository/Page_Swag Labs/div_Sauce Labs Backpack"), "Sauce Labs Backpack"): Actual text and expected text of test object 'Object Repository/Page_Swag Labs/div_Sauce Labs Backpack' are matched.

30-01-2025T17:15:51 - [MESSAGE][PASSED] - Actual text and expected text of test object 'Object Repository/Page_Swag Labs/div_Sauce Labs Backpack' are matched.

30-01-2025T17:15:51 - [TEST_STEP][PASSED] - verifyElementText(findTestObject("Object Repository/Page_Swag Labs/div_29.99"), "$29.99"): Actual text and expected text of test object 'Object Repository/Page_Swag Labs/div_29.99' are matched.

30-01-2025T17:15:52 - [MESSAGE][PASSED] - Actual text and expected text of test object 'Object Repository/Page_Swag Labs/div_29.99' are matched.

30-01-2025T17:15:52 - [TEST_STEP][PASSED] - verifyElementText(findTestObject("Object Repository/Page_Swag Labs/div_Sauce Labs Bike Light"), "Sauce Labs Bike Light"): Actual text and expected text of test object 'Object Repository/Page_Swag Labs/div_Sauce Labs Bike Light' are matched.

30-01-2025T17:15:52 - [MESSAGE][PASSED] - Actual text and expected text of test object 'Object Repository/Page_Swag Labs/div_Sauce Labs Bike Light' are matched.

30-01-2025T17:15:52 - [TEST_STEP][PASSED] - verifyElementText(findTestObject("Object Repository/Page_Swag Labs/div_9.99"), "$9.99"): Actual text and expected text of test object 'Object Repository/Page_Swag Labs/div_9.99' are matched.

30-01-2025T17:15:52 - [MESSAGE][PASSED] - Actual text and expected text of test object 'Object Repository/Page_Swag Labs/div_9.99' are matched.

30-01-2025T17:15:52 - [TEST_STEP][PASSED] - verifyElementText(findTestObject("Object Repository/Page_Swag Labs/div_Sauce Labs Bolt T-Shirt"), "Sauce Labs Bolt T-Shirt"): Actual text and expected text of test object 'Object Repository/Page_Swag Labs/div_Sauce Labs Bolt T-Shirt' are matched.

30-01-2025T17:15:53 - [MESSAGE][PASSED] - Actual text and expected text of test object 'Object Repository/Page_Swag Labs/div_Sauce Labs Bolt T-Shirt' are matched.

30-01-2025T17:15:53 - [TEST_STEP][PASSED] - verifyElementText(findTestObject("Object Repository/Page_Swag Labs/div_15.99"), "$15.99"): Actual text and expected text of test object 'Object Repository/Page_Swag Labs/div_15.99' are matched.

30-01-2025T17:15:54 - [MESSAGE][PASSED] - Actual text and expected text of test object 'Object Repository/Page_Swag Labs/div_15.99' are matched.

30-01-2025T17:15:54 - [TEST_STEP][PASSED] - verifyElementText(findTestObject("Object Repository/Page_Swag Labs/div_Sauce Labs Fleece Jacket"), "Sauce Labs Fleece Jacket"): Actual text and expected text of test object 'Object Repository/Page_Swag Labs/div_Sauce Labs Fleece Jacket' are matched.

30-01-2025T17:15:54 - [MESSAGE][PASSED] - Actual text and expected text of test object 'Object Repository/Page_Swag Labs/div_Sauce Labs Fleece Jacket' are matched.

30-01-2025T17:15:54 - [TEST_STEP][PASSED] - verifyElementText(findTestObject("Object Repository/Page_Swag Labs/div_49.99"), "$49.99"): Actual text and expected text of test object 'Object Repository/Page_Swag Labs/div_49.99' are matched.

30-01-2025T17:15:54 - [MESSAGE][PASSED] - Actual text and expected text of test object 'Object Repository/Page_Swag Labs/div_49.99' are matched.

30-01-2025T17:15:54 - [TEST_STEP][PASSED] - verifyElementText(findTestObject("Object Repository/Page_Swag Labs/div_Sauce Labs Onesie"), "Sauce Labs Onesie"): Actual text and expected text of test object 'Object Repository/Page_Swag Labs/div_Sauce Labs Onesie' are matched.

30-01-2025T17:15:54 - [MESSAGE][PASSED] - Actual text and expected text of test object 'Object Repository/Page_Swag Labs/div_Sauce Labs Onesie' are matched.

30-01-2025T17:15:54 - [TEST_STEP][PASSED] - verifyElementText(findTestObject("Object Repository/Page_Swag Labs/div_7.99"), "$7.99"): Actual text and expected text of test object 'Object Repository/Page_Swag Labs/div_7.99' are matched.

30-01-2025T17:15:55 - [MESSAGE][PASSED] - Actual text and expected text of test object 'Object Repository/Page_Swag Labs/div_7.99' are matched.

30-01-2025T17:15:55 - [TEST_STEP][PASSED] - verifyElementText(findTestObject("Object Repository/Page_Swag Labs/div_Test.allTheThings() T-Shirt (Red)"), "Test.allTheThings() T-Shirt (Red)"): Actual text and expected text of test object 'Object Repository/Page_Swag Labs/div_Test.allTheThings() T-Shirt (Red)' are matched.

30-01-2025T17:15:55 - [MESSAGE][PASSED] - Actual text and expected text of test object 'Object Repository/Page_Swag Labs/div_Test.allTheThings() T-Shirt (Red)' are matched.

30-01-2025T17:15:55 - [TEST_STEP][PASSED] - verifyElementText(findTestObject("Object Repository/Page_Swag Labs/div_15.99"), "$15.99"): Actual text and expected text of test object 'Object Repository/Page_Swag Labs/div_15.99' are matched.

30-01-2025T17:15:55 - [MESSAGE][PASSED] - Actual text and expected text of test object 'Object Repository/Page_Swag Labs/div_15.99' are matched.

30-01-2025T17:15:55 - [TEST_STEP][PASSED] - verifyElementText(findTestObject("Object Repository/Page_Swag Labs/div_Item total 129.94"), "Item total: $129.94"): Actual text and expected text of test object 'Object Repository/Page_Swag Labs/div_Item total 129.94' are matched.

30-01-2025T17:15:56 - [MESSAGE][PASSED] - Actual text and expected text of test object 'Object Repository/Page_Swag Labs/div_Item total 129.94' are matched.

30-01-2025T17:15:56 - [TEST_STEP][PASSED] - verifyElementText(findTestObject("Object Repository/Page_Swag Labs/div_Tax 10.40"), "Tax: $10.40"): Actual text and expected text of test object 'Object Repository/Page_Swag Labs/div_Tax 10.40' are matched.

30-01-2025T17:15:56 - [MESSAGE][PASSED] - Actual text and expected text of test object 'Object Repository/Page_Swag Labs/div_Tax 10.40' are matched.

30-01-2025T17:15:56 - [TEST_STEP][PASSED] - verifyElementText(findTestObject("Object Repository/Page_Swag Labs/div_Total 140.34"), "Total: $140.34"): Actual text and expected text of test object 'Object Repository/Page_Swag Labs/div_Total 140.34' are matched.

30-01-2025T17:15:56 - [MESSAGE][PASSED] - Actual text and expected text of test object 'Object Repository/Page_Swag Labs/div_Total 140.34' are matched.

30-01-2025T17:15:56 - [TEST_STEP][PASSED] - click(findTestObject("Object Repository/Page_Swag Labs/button_Finish")): Object: 'Object Repository/Page_Swag Labs/button_Finish' is clicked on

30-01-2025T17:15:56 - [MESSAGE][PASSED] - Object: 'Object Repository/Page_Swag Labs/button_Finish' is clicked on

30-01-2025T17:15:56 - [TEST_STEP][PASSED] - verifyElementText(findTestObject("Object Repository/Page_Swag Labs/h2_Thank you for your order"), "Thank you for your order!"): Actual text and expected text of test object 'Object Repository/Page_Swag Labs/h2_Thank you for your order' are matched.

30-01-2025T17:15:57 - [MESSAGE][PASSED] - Actual text and expected text of test object 'Object Repository/Page_Swag Labs/h2_Thank you for your order' are matched.

30-01-2025T17:15:57 - [TEST_STEP][PASSED] - click(findTestObject("Object Repository/Page_Swag Labs/button_Back Home")): Object: 'Object Repository/Page_Swag Labs/button_Back Home' is clicked on

30-01-2025T17:15:57 - [MESSAGE][PASSED] - Object: 'Object Repository/Page_Swag Labs/button_Back Home' is clicked on

30-01-2025T17:15:57 - [TEST_STEP][PASSED] - closeBrowser(): Browser is closed

30-01-2025T17:15:57 - [MESSAGE][PASSED] - Browser is closed]]></system-out>
         <system-err><![CDATA[]]></system-err>
      </testcase>
      <testcase name="Test Cases/Askblue_Training/Finalizar_CompraE2E/Finalizar_Compra_Todos" time="39.99" classname="Test Cases/Askblue_Training/Finalizar_CompraE2E/Finalizar_Compra_Todos" status="PASSED">
         <system-out><![CDATA[30-01-2025T17:15:57 - [TEST_CASE][PASSED] - Test Cases/Askblue_Training/Finalizar_CompraE2E/Finalizar_Compra_Todos: Test Cases/Askblue_Training/Finalizar_CompraE2E/Finalizar_Compra_Todos

30-01-2025T17:15:57 - [TEST_STEP][PASSED] - callTestCase(findTestCase("Askblue_Training/Login_Logout/Login_Positivo"), ["username":"standard_user", "password":"secret_sauce"], STOP_ON_FAILURE): Call Test Case 'Test Cases/Askblue_Training/Login_Logout/Login_Positivo' successfully

30-01-2025T17:15:57 - [TEST_CASE][PASSED] - Test Cases/Askblue_Training/Login_Logout/Login_Positivo: Test Cases/Askblue_Training/Login_Logout/Login_Positivo

30-01-2025T17:15:57 - [TEST_STEP][PASSED] - openBrowser(""): Browser is opened with url: ''

30-01-2025T17:15:57 - [MESSAGE][INFO] - Starting 'Chrome' driver

30-01-2025T17:15:57 - [MESSAGE][INFO] - Action delay is set to 0 milliseconds

30-01-2025T17:15:58 - [MESSAGE][PASSED] - Browser is opened with url: ''

30-01-2025T17:15:58 - [TEST_STEP][PASSED] - navigateToUrl("https://www.saucedemo.com/"): Navigate to 'https://www.saucedemo.com/' successfully

30-01-2025T17:15:59 - [MESSAGE][PASSED] - Navigate to 'https://www.saucedemo.com/' successfully

30-01-2025T17:15:59 - [TEST_STEP][PASSED] - setText(findTestObject("Object Repository/Page_Swag Labs/input_Swag Labs_user-name"), username): Text 'standard_user' is set on object 'Object Repository/Page_Swag Labs/input_Swag Labs_user-name'

30-01-2025T17:16:00 - [MESSAGE][PASSED] - Text 'standard_user' is set on object 'Object Repository/Page_Swag Labs/input_Swag Labs_user-name'

30-01-2025T17:16:00 - [TEST_STEP][PASSED] - setText(findTestObject("Object Repository/Page_Swag Labs/input_Swag Labs_password"), password): Text 'secret_sauce' is set on object 'Object Repository/Page_Swag Labs/input_Swag Labs_password'

30-01-2025T17:16:00 - [MESSAGE][PASSED] - Text 'secret_sauce' is set on object 'Object Repository/Page_Swag Labs/input_Swag Labs_password'

30-01-2025T17:16:00 - [TEST_STEP][PASSED] - click(findTestObject("Object Repository/Page_Swag Labs/input_Swag Labs_login-button")): Object: 'Object Repository/Page_Swag Labs/input_Swag Labs_login-button' is clicked on

30-01-2025T17:16:00 - [MESSAGE][PASSED] - Object: 'Object Repository/Page_Swag Labs/input_Swag Labs_login-button' is clicked on

30-01-2025T17:16:01 - [TEST_STEP][PASSED] - click(findTestObject("Object Repository/Page_Swag Labs/button_Open Menu")): Object: 'Object Repository/Page_Swag Labs/button_Open Menu' is clicked on

30-01-2025T17:16:01 - [MESSAGE][PASSED] - Object: 'Object Repository/Page_Swag Labs/button_Open Menu' is clicked on

30-01-2025T17:16:01 - [TEST_STEP][PASSED] - verifyElementText(findTestObject("Object Repository/Page_Swag Labs/a_Logout"), "Logout"): Actual text and expected text of test object 'Object Repository/Page_Swag Labs/a_Logout' are matched.

30-01-2025T17:16:01 - [MESSAGE][PASSED] - Actual text and expected text of test object 'Object Repository/Page_Swag Labs/a_Logout' are matched.

30-01-2025T17:16:01 - [TEST_STEP][PASSED] - click(findTestObject("Object Repository/Page_Swag Labs/button_Close Menu")): Object: 'Object Repository/Page_Swag Labs/button_Close Menu' is clicked on

30-01-2025T17:16:01 - [MESSAGE][PASSED] - Object: 'Object Repository/Page_Swag Labs/button_Close Menu' is clicked on

30-01-2025T17:16:01 - [MESSAGE][PASSED] - Call Test Case 'Test Cases/Askblue_Training/Login_Logout/Login_Positivo' successfully

30-01-2025T17:16:01 - [TEST_STEP][PASSED] - callTestCase(findTestCase("Askblue_Training/Add_to_Cart/Add_to_Cart_Todos"), [:], STOP_ON_FAILURE): Call Test Case 'Test Cases/Askblue_Training/Add_to_Cart/Add_to_Cart_Todos' successfully

30-01-2025T17:16:01 - [TEST_CASE][PASSED] - Test Cases/Askblue_Training/Add_to_Cart/Add_to_Cart_Todos: Test Cases/Askblue_Training/Add_to_Cart/Add_to_Cart_Todos

30-01-2025T17:16:01 - [TEST_STEP][PASSED] - callTestCase(findTestCase("Askblue_Training/Login_Logout/Login_Positivo"), ["username":"standard_user", "password":"secret_sauce"], STOP_ON_FAILURE): Call Test Case 'Test Cases/Askblue_Training/Login_Logout/Login_Positivo' successfully

30-01-2025T17:16:02 - [TEST_CASE][PASSED] - Test Cases/Askblue_Training/Login_Logout/Login_Positivo: Test Cases/Askblue_Training/Login_Logout/Login_Positivo

30-01-2025T17:16:02 - [TEST_STEP][PASSED] - openBrowser(""): Browser is opened with url: ''

30-01-2025T17:16:02 - [MESSAGE][WARNING] - A browser is already opened. Closing browser and opening a new one

30-01-2025T17:16:02 - [MESSAGE][INFO] - Starting 'Chrome' driver

30-01-2025T17:16:02 - [MESSAGE][INFO] - Action delay is set to 0 milliseconds

30-01-2025T17:16:02 - [MESSAGE][PASSED] - Browser is opened with url: ''

30-01-2025T17:16:02 - [TEST_STEP][PASSED] - navigateToUrl("https://www.saucedemo.com/"): Navigate to 'https://www.saucedemo.com/' successfully

30-01-2025T17:16:03 - [MESSAGE][PASSED] - Navigate to 'https://www.saucedemo.com/' successfully

30-01-2025T17:16:03 - [TEST_STEP][PASSED] - setText(findTestObject("Object Repository/Page_Swag Labs/input_Swag Labs_user-name"), username): Text 'standard_user' is set on object 'Object Repository/Page_Swag Labs/input_Swag Labs_user-name'

30-01-2025T17:16:04 - [MESSAGE][PASSED] - Text 'standard_user' is set on object 'Object Repository/Page_Swag Labs/input_Swag Labs_user-name'

30-01-2025T17:16:04 - [TEST_STEP][PASSED] - setText(findTestObject("Object Repository/Page_Swag Labs/input_Swag Labs_password"), password): Text 'secret_sauce' is set on object 'Object Repository/Page_Swag Labs/input_Swag Labs_password'

30-01-2025T17:16:04 - [MESSAGE][PASSED] - Text 'secret_sauce' is set on object 'Object Repository/Page_Swag Labs/input_Swag Labs_password'

30-01-2025T17:16:04 - [TEST_STEP][PASSED] - click(findTestObject("Object Repository/Page_Swag Labs/input_Swag Labs_login-button")): Object: 'Object Repository/Page_Swag Labs/input_Swag Labs_login-button' is clicked on

30-01-2025T17:16:05 - [MESSAGE][PASSED] - Object: 'Object Repository/Page_Swag Labs/input_Swag Labs_login-button' is clicked on

30-01-2025T17:16:05 - [TEST_STEP][PASSED] - click(findTestObject("Object Repository/Page_Swag Labs/button_Open Menu")): Object: 'Object Repository/Page_Swag Labs/button_Open Menu' is clicked on

30-01-2025T17:16:05 - [MESSAGE][PASSED] - Object: 'Object Repository/Page_Swag Labs/button_Open Menu' is clicked on

30-01-2025T17:16:05 - [TEST_STEP][PASSED] - verifyElementText(findTestObject("Object Repository/Page_Swag Labs/a_Logout"), "Logout"): Actual text and expected text of test object 'Object Repository/Page_Swag Labs/a_Logout' are matched.

30-01-2025T17:16:05 - [MESSAGE][PASSED] - Actual text and expected text of test object 'Object Repository/Page_Swag Labs/a_Logout' are matched.

30-01-2025T17:16:05 - [TEST_STEP][PASSED] - click(findTestObject("Object Repository/Page_Swag Labs/button_Close Menu")): Object: 'Object Repository/Page_Swag Labs/button_Close Menu' is clicked on

30-01-2025T17:16:05 - [MESSAGE][PASSED] - Object: 'Object Repository/Page_Swag Labs/button_Close Menu' is clicked on

30-01-2025T17:16:05 - [MESSAGE][PASSED] - Call Test Case 'Test Cases/Askblue_Training/Login_Logout/Login_Positivo' successfully

30-01-2025T17:16:05 - [TEST_STEP][PASSED] - addToCart = findTestObject("Object Repository/Page_Swag Labs/button_add_to_cart"): null

30-01-2025T17:16:06 - [TEST_STEP][PASSED] - addToCartList = findWebElements(addToCart, 10): Found web elements by test object Object Repository/Page_Swag Labs/button_add_to_cart

30-01-2025T17:16:06 - [MESSAGE][PASSED] - Found web elements by test object Object Repository/Page_Swag Labs/button_add_to_cart

30-01-2025T17:16:06 - [TEST_STEP][PASSED] - for ([i = 0, i < addToCartList.size(), (i++)]): Found web elements by test object Object Repository/Page_Swag Labs/item_price

30-01-2025T17:16:06 - [TEST_STEP][PASSED] - itemNames = findTestObject("Object Repository/Page_Swag Labs/item_name"): null

30-01-2025T17:16:06 - [TEST_STEP][PASSED] - itemNameList = findWebElements(itemNames, 10): Found web elements by test object Object Repository/Page_Swag Labs/item_name

30-01-2025T17:16:06 - [MESSAGE][PASSED] - Found web elements by test object Object Repository/Page_Swag Labs/item_name

30-01-2025T17:16:06 - [TEST_STEP][PASSED] - name = itemNameList[i].getText(): null

30-01-2025T17:16:06 - [TEST_STEP][PASSED] - itemPrices = findTestObject("Object Repository/Page_Swag Labs/item_price"): null

30-01-2025T17:16:06 - [TEST_STEP][PASSED] - itemPriceList = findWebElements(itemPrices, 10): Found web elements by test object Object Repository/Page_Swag Labs/item_price

30-01-2025T17:16:06 - [MESSAGE][PASSED] - Found web elements by test object Object Repository/Page_Swag Labs/item_price

30-01-2025T17:16:06 - [TEST_STEP][PASSED] - price = itemPriceList[i].getText(): null

30-01-2025T17:16:06 - [TEST_STEP][PASSED] - get(i).click(): null

30-01-2025T17:16:06 - [TEST_STEP][PASSED] - verifyElementText(findTestObject("Object Repository/Page_Swag Labs/icone_carrinho"), i + 1.toString()): Actual text and expected text of test object 'Object Repository/Page_Swag Labs/icone_carrinho' are matched.

30-01-2025T17:16:07 - [MESSAGE][PASSED] - Actual text and expected text of test object 'Object Repository/Page_Swag Labs/icone_carrinho' are matched.

30-01-2025T17:16:07 - [TEST_STEP][PASSED] - click(findTestObject("Object Repository/Page_Swag Labs/icone_carrinho")): Object: 'Object Repository/Page_Swag Labs/icone_carrinho' is clicked on

30-01-2025T17:16:07 - [MESSAGE][PASSED] - Object: 'Object Repository/Page_Swag Labs/icone_carrinho' is clicked on

30-01-2025T17:16:07 - [TEST_STEP][PASSED] - delay(1): Delayed 1 second(s)

30-01-2025T17:16:08 - [MESSAGE][PASSED] - Delayed 1 second(s)

30-01-2025T17:16:08 - [TEST_STEP][PASSED] - cartItemNames = findTestObject("Object Repository/Page_Swag Labs/cart_item_name"): null

30-01-2025T17:16:08 - [TEST_STEP][PASSED] - cartItemNameList = findWebElements(cartItemNames, 10): Found web elements by test object Object Repository/Page_Swag Labs/cart_item_name

30-01-2025T17:16:08 - [MESSAGE][PASSED] - Found web elements by test object Object Repository/Page_Swag Labs/cart_item_name

30-01-2025T17:16:08 - [TEST_STEP][PASSED] - verifyMatch(cartItemNameList[i].getText(), name, false): Actual text 'Sauce Labs Backpack' and expected text 'Sauce Labs Backpack' are matched 

30-01-2025T17:16:08 - [MESSAGE][PASSED] - Actual text 'Sauce Labs Backpack' and expected text 'Sauce Labs Backpack' are matched 

30-01-2025T17:16:08 - [TEST_STEP][PASSED] - cartItemPrices = findTestObject("Object Repository/Page_Swag Labs/cart_item_price"): null

30-01-2025T17:16:08 - [TEST_STEP][PASSED] - cartItemPriceList = findWebElements(cartItemPrices, 10): Found web elements by test object Object Repository/Page_Swag Labs/cart_item_price

30-01-2025T17:16:08 - [MESSAGE][PASSED] - Found web elements by test object Object Repository/Page_Swag Labs/cart_item_price

30-01-2025T17:16:08 - [TEST_STEP][PASSED] - verifyMatch(cartItemPriceList[i].getText(), price, false): Actual text '$29.99' and expected text '$29.99' are matched 

30-01-2025T17:16:08 - [MESSAGE][PASSED] - Actual text '$29.99' and expected text '$29.99' are matched 

30-01-2025T17:16:08 - [TEST_STEP][PASSED] - click(findTestObject("Object Repository/Page_Swag Labs/button_Continue Shopping")): Object: 'Object Repository/Page_Swag Labs/button_Continue Shopping' is clicked on

30-01-2025T17:16:09 - [MESSAGE][PASSED] - Object: 'Object Repository/Page_Swag Labs/button_Continue Shopping' is clicked on

30-01-2025T17:16:09 - [TEST_STEP][PASSED] - addToCartList = findWebElements(addToCart, 10): Found web elements by test object Object Repository/Page_Swag Labs/button_add_to_cart

30-01-2025T17:16:09 - [MESSAGE][PASSED] - Found web elements by test object Object Repository/Page_Swag Labs/button_add_to_cart

30-01-2025T17:16:09 - [TEST_STEP][PASSED] - itemNameList = findWebElements(itemNames, 10): Found web elements by test object Object Repository/Page_Swag Labs/item_name

30-01-2025T17:16:09 - [MESSAGE][PASSED] - Found web elements by test object Object Repository/Page_Swag Labs/item_name

30-01-2025T17:16:09 - [TEST_STEP][PASSED] - itemPriceList = findWebElements(itemPrices, 10): Found web elements by test object Object Repository/Page_Swag Labs/item_price

30-01-2025T17:16:10 - [MESSAGE][PASSED] - Found web elements by test object Object Repository/Page_Swag Labs/item_price

30-01-2025T17:16:10 - [TEST_STEP][PASSED] - itemNames = findTestObject("Object Repository/Page_Swag Labs/item_name"): null

30-01-2025T17:16:10 - [TEST_STEP][PASSED] - itemNameList = findWebElements(itemNames, 10): Found web elements by test object Object Repository/Page_Swag Labs/item_name

30-01-2025T17:16:10 - [MESSAGE][PASSED] - Found web elements by test object Object Repository/Page_Swag Labs/item_name

30-01-2025T17:16:10 - [TEST_STEP][PASSED] - name = itemNameList[i].getText(): null

30-01-2025T17:16:10 - [TEST_STEP][PASSED] - itemPrices = findTestObject("Object Repository/Page_Swag Labs/item_price"): null

30-01-2025T17:16:10 - [TEST_STEP][PASSED] - itemPriceList = findWebElements(itemPrices, 10): Found web elements by test object Object Repository/Page_Swag Labs/item_price

30-01-2025T17:16:10 - [MESSAGE][PASSED] - Found web elements by test object Object Repository/Page_Swag Labs/item_price

30-01-2025T17:16:10 - [TEST_STEP][PASSED] - price = itemPriceList[i].getText(): null

30-01-2025T17:16:10 - [TEST_STEP][PASSED] - get(i).click(): null

30-01-2025T17:16:10 - [TEST_STEP][PASSED] - verifyElementText(findTestObject("Object Repository/Page_Swag Labs/icone_carrinho"), i + 1.toString()): Actual text and expected text of test object 'Object Repository/Page_Swag Labs/icone_carrinho' are matched.

30-01-2025T17:16:10 - [MESSAGE][PASSED] - Actual text and expected text of test object 'Object Repository/Page_Swag Labs/icone_carrinho' are matched.

30-01-2025T17:16:10 - [TEST_STEP][PASSED] - click(findTestObject("Object Repository/Page_Swag Labs/icone_carrinho")): Object: 'Object Repository/Page_Swag Labs/icone_carrinho' is clicked on

30-01-2025T17:16:11 - [MESSAGE][PASSED] - Object: 'Object Repository/Page_Swag Labs/icone_carrinho' is clicked on

30-01-2025T17:16:11 - [TEST_STEP][PASSED] - delay(1): Delayed 1 second(s)

30-01-2025T17:16:12 - [MESSAGE][PASSED] - Delayed 1 second(s)

30-01-2025T17:16:12 - [TEST_STEP][PASSED] - cartItemNames = findTestObject("Object Repository/Page_Swag Labs/cart_item_name"): null

30-01-2025T17:16:12 - [TEST_STEP][PASSED] - cartItemNameList = findWebElements(cartItemNames, 10): Found web elements by test object Object Repository/Page_Swag Labs/cart_item_name

30-01-2025T17:16:12 - [MESSAGE][PASSED] - Found web elements by test object Object Repository/Page_Swag Labs/cart_item_name

30-01-2025T17:16:12 - [TEST_STEP][PASSED] - verifyMatch(cartItemNameList[i].getText(), name, false): Actual text 'Sauce Labs Bike Light' and expected text 'Sauce Labs Bike Light' are matched 

30-01-2025T17:16:12 - [MESSAGE][PASSED] - Actual text 'Sauce Labs Bike Light' and expected text 'Sauce Labs Bike Light' are matched 

30-01-2025T17:16:12 - [TEST_STEP][PASSED] - cartItemPrices = findTestObject("Object Repository/Page_Swag Labs/cart_item_price"): null

30-01-2025T17:16:12 - [TEST_STEP][PASSED] - cartItemPriceList = findWebElements(cartItemPrices, 10): Found web elements by test object Object Repository/Page_Swag Labs/cart_item_price

30-01-2025T17:16:12 - [MESSAGE][PASSED] - Found web elements by test object Object Repository/Page_Swag Labs/cart_item_price

30-01-2025T17:16:12 - [TEST_STEP][PASSED] - verifyMatch(cartItemPriceList[i].getText(), price, false): Actual text '$9.99' and expected text '$9.99' are matched 

30-01-2025T17:16:12 - [MESSAGE][PASSED] - Actual text '$9.99' and expected text '$9.99' are matched 

30-01-2025T17:16:12 - [TEST_STEP][PASSED] - click(findTestObject("Object Repository/Page_Swag Labs/button_Continue Shopping")): Object: 'Object Repository/Page_Swag Labs/button_Continue Shopping' is clicked on

30-01-2025T17:16:13 - [MESSAGE][PASSED] - Object: 'Object Repository/Page_Swag Labs/button_Continue Shopping' is clicked on

30-01-2025T17:16:13 - [TEST_STEP][PASSED] - addToCartList = findWebElements(addToCart, 10): Found web elements by test object Object Repository/Page_Swag Labs/button_add_to_cart

30-01-2025T17:16:13 - [MESSAGE][PASSED] - Found web elements by test object Object Repository/Page_Swag Labs/button_add_to_cart

30-01-2025T17:16:13 - [TEST_STEP][PASSED] - itemNameList = findWebElements(itemNames, 10): Found web elements by test object Object Repository/Page_Swag Labs/item_name

30-01-2025T17:16:13 - [MESSAGE][PASSED] - Found web elements by test object Object Repository/Page_Swag Labs/item_name

30-01-2025T17:16:13 - [TEST_STEP][PASSED] - itemPriceList = findWebElements(itemPrices, 10): Found web elements by test object Object Repository/Page_Swag Labs/item_price

30-01-2025T17:16:13 - [MESSAGE][PASSED] - Found web elements by test object Object Repository/Page_Swag Labs/item_price

30-01-2025T17:16:13 - [TEST_STEP][PASSED] - itemNames = findTestObject("Object Repository/Page_Swag Labs/item_name"): null

30-01-2025T17:16:13 - [TEST_STEP][PASSED] - itemNameList = findWebElements(itemNames, 10): Found web elements by test object Object Repository/Page_Swag Labs/item_name

30-01-2025T17:16:14 - [MESSAGE][PASSED] - Found web elements by test object Object Repository/Page_Swag Labs/item_name

30-01-2025T17:16:14 - [TEST_STEP][PASSED] - name = itemNameList[i].getText(): null

30-01-2025T17:16:14 - [TEST_STEP][PASSED] - itemPrices = findTestObject("Object Repository/Page_Swag Labs/item_price"): null

30-01-2025T17:16:14 - [TEST_STEP][PASSED] - itemPriceList = findWebElements(itemPrices, 10): Found web elements by test object Object Repository/Page_Swag Labs/item_price

30-01-2025T17:16:14 - [MESSAGE][PASSED] - Found web elements by test object Object Repository/Page_Swag Labs/item_price

30-01-2025T17:16:14 - [TEST_STEP][PASSED] - price = itemPriceList[i].getText(): null

30-01-2025T17:16:14 - [TEST_STEP][PASSED] - get(i).click(): null

30-01-2025T17:16:14 - [TEST_STEP][PASSED] - verifyElementText(findTestObject("Object Repository/Page_Swag Labs/icone_carrinho"), i + 1.toString()): Actual text and expected text of test object 'Object Repository/Page_Swag Labs/icone_carrinho' are matched.

30-01-2025T17:16:15 - [MESSAGE][PASSED] - Actual text and expected text of test object 'Object Repository/Page_Swag Labs/icone_carrinho' are matched.

30-01-2025T17:16:15 - [TEST_STEP][PASSED] - click(findTestObject("Object Repository/Page_Swag Labs/icone_carrinho")): Object: 'Object Repository/Page_Swag Labs/icone_carrinho' is clicked on

30-01-2025T17:16:15 - [MESSAGE][PASSED] - Object: 'Object Repository/Page_Swag Labs/icone_carrinho' is clicked on

30-01-2025T17:16:15 - [TEST_STEP][PASSED] - delay(1): Delayed 1 second(s)

30-01-2025T17:16:16 - [MESSAGE][PASSED] - Delayed 1 second(s)

30-01-2025T17:16:16 - [TEST_STEP][PASSED] - cartItemNames = findTestObject("Object Repository/Page_Swag Labs/cart_item_name"): null

30-01-2025T17:16:16 - [TEST_STEP][PASSED] - cartItemNameList = findWebElements(cartItemNames, 10): Found web elements by test object Object Repository/Page_Swag Labs/cart_item_name

30-01-2025T17:16:16 - [MESSAGE][PASSED] - Found web elements by test object Object Repository/Page_Swag Labs/cart_item_name

30-01-2025T17:16:16 - [TEST_STEP][PASSED] - verifyMatch(cartItemNameList[i].getText(), name, false): Actual text 'Sauce Labs Bolt T-Shirt' and expected text 'Sauce Labs Bolt T-Shirt' are matched 

30-01-2025T17:16:16 - [MESSAGE][PASSED] - Actual text 'Sauce Labs Bolt T-Shirt' and expected text 'Sauce Labs Bolt T-Shirt' are matched 

30-01-2025T17:16:16 - [TEST_STEP][PASSED] - cartItemPrices = findTestObject("Object Repository/Page_Swag Labs/cart_item_price"): null

30-01-2025T17:16:16 - [TEST_STEP][PASSED] - cartItemPriceList = findWebElements(cartItemPrices, 10): Found web elements by test object Object Repository/Page_Swag Labs/cart_item_price

30-01-2025T17:16:16 - [MESSAGE][PASSED] - Found web elements by test object Object Repository/Page_Swag Labs/cart_item_price

30-01-2025T17:16:16 - [TEST_STEP][PASSED] - verifyMatch(cartItemPriceList[i].getText(), price, false): Actual text '$15.99' and expected text '$15.99' are matched 

30-01-2025T17:16:16 - [MESSAGE][PASSED] - Actual text '$15.99' and expected text '$15.99' are matched 

30-01-2025T17:16:16 - [TEST_STEP][PASSED] - click(findTestObject("Object Repository/Page_Swag Labs/button_Continue Shopping")): Object: 'Object Repository/Page_Swag Labs/button_Continue Shopping' is clicked on

30-01-2025T17:16:17 - [MESSAGE][PASSED] - Object: 'Object Repository/Page_Swag Labs/button_Continue Shopping' is clicked on

30-01-2025T17:16:17 - [TEST_STEP][PASSED] - addToCartList = findWebElements(addToCart, 10): Found web elements by test object Object Repository/Page_Swag Labs/button_add_to_cart

30-01-2025T17:16:17 - [MESSAGE][PASSED] - Found web elements by test object Object Repository/Page_Swag Labs/button_add_to_cart

30-01-2025T17:16:17 - [TEST_STEP][PASSED] - itemNameList = findWebElements(itemNames, 10): Found web elements by test object Object Repository/Page_Swag Labs/item_name

30-01-2025T17:16:17 - [MESSAGE][PASSED] - Found web elements by test object Object Repository/Page_Swag Labs/item_name

30-01-2025T17:16:17 - [TEST_STEP][PASSED] - itemPriceList = findWebElements(itemPrices, 10): Found web elements by test object Object Repository/Page_Swag Labs/item_price

30-01-2025T17:16:17 - [MESSAGE][PASSED] - Found web elements by test object Object Repository/Page_Swag Labs/item_price

30-01-2025T17:16:17 - [TEST_STEP][PASSED] - itemNames = findTestObject("Object Repository/Page_Swag Labs/item_name"): null

30-01-2025T17:16:18 - [TEST_STEP][PASSED] - itemNameList = findWebElements(itemNames, 10): Found web elements by test object Object Repository/Page_Swag Labs/item_name

30-01-2025T17:16:18 - [MESSAGE][PASSED] - Found web elements by test object Object Repository/Page_Swag Labs/item_name

30-01-2025T17:16:18 - [TEST_STEP][PASSED] - name = itemNameList[i].getText(): null

30-01-2025T17:16:18 - [TEST_STEP][PASSED] - itemPrices = findTestObject("Object Repository/Page_Swag Labs/item_price"): null

30-01-2025T17:16:18 - [TEST_STEP][PASSED] - itemPriceList = findWebElements(itemPrices, 10): Found web elements by test object Object Repository/Page_Swag Labs/item_price

30-01-2025T17:16:18 - [MESSAGE][PASSED] - Found web elements by test object Object Repository/Page_Swag Labs/item_price

30-01-2025T17:16:18 - [TEST_STEP][PASSED] - price = itemPriceList[i].getText(): null

30-01-2025T17:16:18 - [TEST_STEP][PASSED] - get(i).click(): null

30-01-2025T17:16:18 - [TEST_STEP][PASSED] - verifyElementText(findTestObject("Object Repository/Page_Swag Labs/icone_carrinho"), i + 1.toString()): Actual text and expected text of test object 'Object Repository/Page_Swag Labs/icone_carrinho' are matched.

30-01-2025T17:16:18 - [MESSAGE][PASSED] - Actual text and expected text of test object 'Object Repository/Page_Swag Labs/icone_carrinho' are matched.

30-01-2025T17:16:18 - [TEST_STEP][PASSED] - click(findTestObject("Object Repository/Page_Swag Labs/icone_carrinho")): Object: 'Object Repository/Page_Swag Labs/icone_carrinho' is clicked on

30-01-2025T17:16:19 - [MESSAGE][PASSED] - Object: 'Object Repository/Page_Swag Labs/icone_carrinho' is clicked on

30-01-2025T17:16:19 - [TEST_STEP][PASSED] - delay(1): Delayed 1 second(s)

30-01-2025T17:16:20 - [MESSAGE][PASSED] - Delayed 1 second(s)

30-01-2025T17:16:20 - [TEST_STEP][PASSED] - cartItemNames = findTestObject("Object Repository/Page_Swag Labs/cart_item_name"): null

30-01-2025T17:16:20 - [TEST_STEP][PASSED] - cartItemNameList = findWebElements(cartItemNames, 10): Found web elements by test object Object Repository/Page_Swag Labs/cart_item_name

30-01-2025T17:16:20 - [MESSAGE][PASSED] - Found web elements by test object Object Repository/Page_Swag Labs/cart_item_name

30-01-2025T17:16:20 - [TEST_STEP][PASSED] - verifyMatch(cartItemNameList[i].getText(), name, false): Actual text 'Sauce Labs Fleece Jacket' and expected text 'Sauce Labs Fleece Jacket' are matched 

30-01-2025T17:16:20 - [MESSAGE][PASSED] - Actual text 'Sauce Labs Fleece Jacket' and expected text 'Sauce Labs Fleece Jacket' are matched 

30-01-2025T17:16:20 - [TEST_STEP][PASSED] - cartItemPrices = findTestObject("Object Repository/Page_Swag Labs/cart_item_price"): null

30-01-2025T17:16:20 - [TEST_STEP][PASSED] - cartItemPriceList = findWebElements(cartItemPrices, 10): Found web elements by test object Object Repository/Page_Swag Labs/cart_item_price

30-01-2025T17:16:20 - [MESSAGE][PASSED] - Found web elements by test object Object Repository/Page_Swag Labs/cart_item_price

30-01-2025T17:16:20 - [TEST_STEP][PASSED] - verifyMatch(cartItemPriceList[i].getText(), price, false): Actual text '$49.99' and expected text '$49.99' are matched 

30-01-2025T17:16:20 - [MESSAGE][PASSED] - Actual text '$49.99' and expected text '$49.99' are matched 

30-01-2025T17:16:20 - [TEST_STEP][PASSED] - click(findTestObject("Object Repository/Page_Swag Labs/button_Continue Shopping")): Object: 'Object Repository/Page_Swag Labs/button_Continue Shopping' is clicked on

30-01-2025T17:16:21 - [MESSAGE][PASSED] - Object: 'Object Repository/Page_Swag Labs/button_Continue Shopping' is clicked on

30-01-2025T17:16:21 - [TEST_STEP][PASSED] - addToCartList = findWebElements(addToCart, 10): Found web elements by test object Object Repository/Page_Swag Labs/button_add_to_cart

30-01-2025T17:16:21 - [MESSAGE][PASSED] - Found web elements by test object Object Repository/Page_Swag Labs/button_add_to_cart

30-01-2025T17:16:21 - [TEST_STEP][PASSED] - itemNameList = findWebElements(itemNames, 10): Found web elements by test object Object Repository/Page_Swag Labs/item_name

30-01-2025T17:16:21 - [MESSAGE][PASSED] - Found web elements by test object Object Repository/Page_Swag Labs/item_name

30-01-2025T17:16:21 - [TEST_STEP][PASSED] - itemPriceList = findWebElements(itemPrices, 10): Found web elements by test object Object Repository/Page_Swag Labs/item_price

30-01-2025T17:16:21 - [MESSAGE][PASSED] - Found web elements by test object Object Repository/Page_Swag Labs/item_price

30-01-2025T17:16:21 - [TEST_STEP][PASSED] - itemNames = findTestObject("Object Repository/Page_Swag Labs/item_name"): null

30-01-2025T17:16:21 - [TEST_STEP][PASSED] - itemNameList = findWebElements(itemNames, 10): Found web elements by test object Object Repository/Page_Swag Labs/item_name

30-01-2025T17:16:22 - [MESSAGE][PASSED] - Found web elements by test object Object Repository/Page_Swag Labs/item_name

30-01-2025T17:16:22 - [TEST_STEP][PASSED] - name = itemNameList[i].getText(): null

30-01-2025T17:16:22 - [TEST_STEP][PASSED] - itemPrices = findTestObject("Object Repository/Page_Swag Labs/item_price"): null

30-01-2025T17:16:22 - [TEST_STEP][PASSED] - itemPriceList = findWebElements(itemPrices, 10): Found web elements by test object Object Repository/Page_Swag Labs/item_price

30-01-2025T17:16:22 - [MESSAGE][PASSED] - Found web elements by test object Object Repository/Page_Swag Labs/item_price

30-01-2025T17:16:22 - [TEST_STEP][PASSED] - price = itemPriceList[i].getText(): null

30-01-2025T17:16:22 - [TEST_STEP][PASSED] - get(i).click(): null

30-01-2025T17:16:22 - [TEST_STEP][PASSED] - verifyElementText(findTestObject("Object Repository/Page_Swag Labs/icone_carrinho"), i + 1.toString()): Actual text and expected text of test object 'Object Repository/Page_Swag Labs/icone_carrinho' are matched.

30-01-2025T17:16:22 - [MESSAGE][PASSED] - Actual text and expected text of test object 'Object Repository/Page_Swag Labs/icone_carrinho' are matched.

30-01-2025T17:16:22 - [TEST_STEP][PASSED] - click(findTestObject("Object Repository/Page_Swag Labs/icone_carrinho")): Object: 'Object Repository/Page_Swag Labs/icone_carrinho' is clicked on

30-01-2025T17:16:22 - [MESSAGE][PASSED] - Object: 'Object Repository/Page_Swag Labs/icone_carrinho' is clicked on

30-01-2025T17:16:22 - [TEST_STEP][PASSED] - delay(1): Delayed 1 second(s)

30-01-2025T17:16:23 - [MESSAGE][PASSED] - Delayed 1 second(s)

30-01-2025T17:16:23 - [TEST_STEP][PASSED] - cartItemNames = findTestObject("Object Repository/Page_Swag Labs/cart_item_name"): null

30-01-2025T17:16:24 - [TEST_STEP][PASSED] - cartItemNameList = findWebElements(cartItemNames, 10): Found web elements by test object Object Repository/Page_Swag Labs/cart_item_name

30-01-2025T17:16:24 - [MESSAGE][PASSED] - Found web elements by test object Object Repository/Page_Swag Labs/cart_item_name

30-01-2025T17:16:24 - [TEST_STEP][PASSED] - verifyMatch(cartItemNameList[i].getText(), name, false): Actual text 'Sauce Labs Onesie' and expected text 'Sauce Labs Onesie' are matched 

30-01-2025T17:16:24 - [MESSAGE][PASSED] - Actual text 'Sauce Labs Onesie' and expected text 'Sauce Labs Onesie' are matched 

30-01-2025T17:16:24 - [TEST_STEP][PASSED] - cartItemPrices = findTestObject("Object Repository/Page_Swag Labs/cart_item_price"): null

30-01-2025T17:16:24 - [TEST_STEP][PASSED] - cartItemPriceList = findWebElements(cartItemPrices, 10): Found web elements by test object Object Repository/Page_Swag Labs/cart_item_price

30-01-2025T17:16:24 - [MESSAGE][PASSED] - Found web elements by test object Object Repository/Page_Swag Labs/cart_item_price

30-01-2025T17:16:24 - [TEST_STEP][PASSED] - verifyMatch(cartItemPriceList[i].getText(), price, false): Actual text '$7.99' and expected text '$7.99' are matched 

30-01-2025T17:16:24 - [MESSAGE][PASSED] - Actual text '$7.99' and expected text '$7.99' are matched 

30-01-2025T17:16:24 - [TEST_STEP][PASSED] - click(findTestObject("Object Repository/Page_Swag Labs/button_Continue Shopping")): Object: 'Object Repository/Page_Swag Labs/button_Continue Shopping' is clicked on

30-01-2025T17:16:24 - [MESSAGE][PASSED] - Object: 'Object Repository/Page_Swag Labs/button_Continue Shopping' is clicked on

30-01-2025T17:16:24 - [TEST_STEP][PASSED] - addToCartList = findWebElements(addToCart, 10): Found web elements by test object Object Repository/Page_Swag Labs/button_add_to_cart

30-01-2025T17:16:25 - [MESSAGE][PASSED] - Found web elements by test object Object Repository/Page_Swag Labs/button_add_to_cart

30-01-2025T17:16:25 - [TEST_STEP][PASSED] - itemNameList = findWebElements(itemNames, 10): Found web elements by test object Object Repository/Page_Swag Labs/item_name

30-01-2025T17:16:25 - [MESSAGE][PASSED] - Found web elements by test object Object Repository/Page_Swag Labs/item_name

30-01-2025T17:16:25 - [TEST_STEP][PASSED] - itemPriceList = findWebElements(itemPrices, 10): Found web elements by test object Object Repository/Page_Swag Labs/item_price

30-01-2025T17:16:25 - [MESSAGE][PASSED] - Found web elements by test object Object Repository/Page_Swag Labs/item_price

30-01-2025T17:16:25 - [TEST_STEP][PASSED] - itemNames = findTestObject("Object Repository/Page_Swag Labs/item_name"): null

30-01-2025T17:16:25 - [TEST_STEP][PASSED] - itemNameList = findWebElements(itemNames, 10): Found web elements by test object Object Repository/Page_Swag Labs/item_name

30-01-2025T17:16:25 - [MESSAGE][PASSED] - Found web elements by test object Object Repository/Page_Swag Labs/item_name

30-01-2025T17:16:25 - [TEST_STEP][PASSED] - name = itemNameList[i].getText(): null

30-01-2025T17:16:25 - [TEST_STEP][PASSED] - itemPrices = findTestObject("Object Repository/Page_Swag Labs/item_price"): null

30-01-2025T17:16:25 - [TEST_STEP][PASSED] - itemPriceList = findWebElements(itemPrices, 10): Found web elements by test object Object Repository/Page_Swag Labs/item_price

30-01-2025T17:16:26 - [MESSAGE][PASSED] - Found web elements by test object Object Repository/Page_Swag Labs/item_price

30-01-2025T17:16:26 - [TEST_STEP][PASSED] - price = itemPriceList[i].getText(): null

30-01-2025T17:16:26 - [TEST_STEP][PASSED] - get(i).click(): null

30-01-2025T17:16:26 - [TEST_STEP][PASSED] - verifyElementText(findTestObject("Object Repository/Page_Swag Labs/icone_carrinho"), i + 1.toString()): Actual text and expected text of test object 'Object Repository/Page_Swag Labs/icone_carrinho' are matched.

30-01-2025T17:16:26 - [MESSAGE][PASSED] - Actual text and expected text of test object 'Object Repository/Page_Swag Labs/icone_carrinho' are matched.

30-01-2025T17:16:26 - [TEST_STEP][PASSED] - click(findTestObject("Object Repository/Page_Swag Labs/icone_carrinho")): Object: 'Object Repository/Page_Swag Labs/icone_carrinho' is clicked on

30-01-2025T17:16:26 - [MESSAGE][PASSED] - Object: 'Object Repository/Page_Swag Labs/icone_carrinho' is clicked on

30-01-2025T17:16:26 - [TEST_STEP][PASSED] - delay(1): Delayed 1 second(s)

30-01-2025T17:16:27 - [MESSAGE][PASSED] - Delayed 1 second(s)

30-01-2025T17:16:27 - [TEST_STEP][PASSED] - cartItemNames = findTestObject("Object Repository/Page_Swag Labs/cart_item_name"): null

30-01-2025T17:16:27 - [TEST_STEP][PASSED] - cartItemNameList = findWebElements(cartItemNames, 10): Found web elements by test object Object Repository/Page_Swag Labs/cart_item_name

30-01-2025T17:16:27 - [MESSAGE][PASSED] - Found web elements by test object Object Repository/Page_Swag Labs/cart_item_name

30-01-2025T17:16:27 - [TEST_STEP][PASSED] - verifyMatch(cartItemNameList[i].getText(), name, false): Actual text 'Test.allTheThings() T-Shirt (Red)' and expected text 'Test.allTheThings() T-Shirt (Red)' are matched 

30-01-2025T17:16:28 - [MESSAGE][PASSED] - Actual text 'Test.allTheThings() T-Shirt (Red)' and expected text 'Test.allTheThings() T-Shirt (Red)' are matched 

30-01-2025T17:16:28 - [TEST_STEP][PASSED] - cartItemPrices = findTestObject("Object Repository/Page_Swag Labs/cart_item_price"): null

30-01-2025T17:16:28 - [TEST_STEP][PASSED] - cartItemPriceList = findWebElements(cartItemPrices, 10): Found web elements by test object Object Repository/Page_Swag Labs/cart_item_price

30-01-2025T17:16:28 - [MESSAGE][PASSED] - Found web elements by test object Object Repository/Page_Swag Labs/cart_item_price

30-01-2025T17:16:28 - [TEST_STEP][PASSED] - verifyMatch(cartItemPriceList[i].getText(), price, false): Actual text '$15.99' and expected text '$15.99' are matched 

30-01-2025T17:16:28 - [MESSAGE][PASSED] - Actual text '$15.99' and expected text '$15.99' are matched 

30-01-2025T17:16:28 - [TEST_STEP][PASSED] - click(findTestObject("Object Repository/Page_Swag Labs/button_Continue Shopping")): Object: 'Object Repository/Page_Swag Labs/button_Continue Shopping' is clicked on

30-01-2025T17:16:28 - [MESSAGE][PASSED] - Object: 'Object Repository/Page_Swag Labs/button_Continue Shopping' is clicked on

30-01-2025T17:16:28 - [TEST_STEP][PASSED] - addToCartList = findWebElements(addToCart, 10): Found web elements by test object Object Repository/Page_Swag Labs/button_add_to_cart

30-01-2025T17:16:28 - [MESSAGE][PASSED] - Found web elements by test object Object Repository/Page_Swag Labs/button_add_to_cart

30-01-2025T17:16:28 - [TEST_STEP][PASSED] - itemNameList = findWebElements(itemNames, 10): Found web elements by test object Object Repository/Page_Swag Labs/item_name

30-01-2025T17:16:29 - [MESSAGE][PASSED] - Found web elements by test object Object Repository/Page_Swag Labs/item_name

30-01-2025T17:16:29 - [TEST_STEP][PASSED] - itemPriceList = findWebElements(itemPrices, 10): Found web elements by test object Object Repository/Page_Swag Labs/item_price

30-01-2025T17:16:29 - [MESSAGE][PASSED] - Found web elements by test object Object Repository/Page_Swag Labs/item_price

30-01-2025T17:16:29 - [MESSAGE][PASSED] - Call Test Case 'Test Cases/Askblue_Training/Add_to_Cart/Add_to_Cart_Todos' successfully

30-01-2025T17:16:29 - [TEST_STEP][PASSED] - click(findTestObject("Page_Swag Labs/icone_carrinho")): Object: 'Object Repository/Page_Swag Labs/icone_carrinho' is clicked on

30-01-2025T17:16:29 - [MESSAGE][PASSED] - Object: 'Object Repository/Page_Swag Labs/icone_carrinho' is clicked on

30-01-2025T17:16:29 - [TEST_STEP][PASSED] - cartItemNames = findTestObject("Object Repository/Page_Swag Labs/cart_item_name"): null

30-01-2025T17:16:29 - [TEST_STEP][PASSED] - cartItemNameList = findWebElements(cartItemNames, 10): Found web elements by test object Object Repository/Page_Swag Labs/cart_item_name

30-01-2025T17:16:29 - [MESSAGE][PASSED] - Found web elements by test object Object Repository/Page_Swag Labs/cart_item_name

30-01-2025T17:16:29 - [TEST_STEP][PASSED] - cartItemPrices = findTestObject("Object Repository/Page_Swag Labs/cart_item_price"): null

30-01-2025T17:16:29 - [TEST_STEP][PASSED] - cartItemPriceList = findWebElements(cartItemPrices, 10): Found web elements by test object Object Repository/Page_Swag Labs/cart_item_price

30-01-2025T17:16:30 - [MESSAGE][PASSED] - Found web elements by test object Object Repository/Page_Swag Labs/cart_item_price

30-01-2025T17:16:30 - [TEST_STEP][PASSED] - delay(2): Delayed 2 second(s)

30-01-2025T17:16:32 - [MESSAGE][PASSED] - Delayed 2 second(s)

30-01-2025T17:16:32 - [TEST_STEP][PASSED] - click(findTestObject("Object Repository/Page_Swag Labs/button_Checkout")): Object: 'Object Repository/Page_Swag Labs/button_Checkout' is clicked on

30-01-2025T17:16:32 - [MESSAGE][PASSED] - Object: 'Object Repository/Page_Swag Labs/button_Checkout' is clicked on

30-01-2025T17:16:32 - [TEST_STEP][PASSED] - setText(findTestObject("Object Repository/Page_Swag Labs/input_Checkout Your Information_firstName"), "João"): Text 'João' is set on object 'Object Repository/Page_Swag Labs/input_Checkout Your Information_firstName'

30-01-2025T17:16:33 - [MESSAGE][PASSED] - Text 'João' is set on object 'Object Repository/Page_Swag Labs/input_Checkout Your Information_firstName'

30-01-2025T17:16:33 - [TEST_STEP][PASSED] - setText(findTestObject("Object Repository/Page_Swag Labs/input_Checkout Your Information_lastName"), "Silva"): Text 'Silva' is set on object 'Object Repository/Page_Swag Labs/input_Checkout Your Information_lastName'

30-01-2025T17:16:33 - [MESSAGE][PASSED] - Text 'Silva' is set on object 'Object Repository/Page_Swag Labs/input_Checkout Your Information_lastName'

30-01-2025T17:16:33 - [TEST_STEP][PASSED] - setText(findTestObject("Object Repository/Page_Swag Labs/input_Checkout Your Information_postalCode"), "1000-001"): Text '1000-001' is set on object 'Object Repository/Page_Swag Labs/input_Checkout Your Information_postalCode'

30-01-2025T17:16:34 - [MESSAGE][PASSED] - Text '1000-001' is set on object 'Object Repository/Page_Swag Labs/input_Checkout Your Information_postalCode'

30-01-2025T17:16:34 - [TEST_STEP][PASSED] - click(findTestObject("Object Repository/Page_Swag Labs/input_Cancel_continue")): Object: 'Object Repository/Page_Swag Labs/input_Cancel_continue' is clicked on

30-01-2025T17:16:34 - [MESSAGE][PASSED] - Object: 'Object Repository/Page_Swag Labs/input_Cancel_continue' is clicked on

30-01-2025T17:16:34 - [TEST_STEP][PASSED] - checkoutItemNameList = findWebElements(findTestObject("Object Repository/Page_Swag Labs/checkout_item_price"), 10): Found web elements by test object Object Repository/Page_Swag Labs/checkout_item_price

30-01-2025T17:16:35 - [MESSAGE][PASSED] - Found web elements by test object Object Repository/Page_Swag Labs/checkout_item_price

30-01-2025T17:16:35 - [TEST_STEP][PASSED] - checkoutItemPriceList = findWebElements(findTestObject("Object Repository/Page_Swag Labs/checkout_item_price"), 10): Found web elements by test object Object Repository/Page_Swag Labs/checkout_item_price

30-01-2025T17:16:35 - [MESSAGE][PASSED] - Found web elements by test object Object Repository/Page_Swag Labs/checkout_item_price

30-01-2025T17:16:35 - [TEST_STEP][PASSED] - totalitemPrice = 0.00: null

30-01-2025T17:16:35 - [TEST_STEP][PASSED] - for ([i = 0, i < checkoutItemNameList.size(), (i++)]): null

30-01-2025T17:16:35 - [TEST_STEP][PASSED] - itemPrice = Double.parseDouble(getText().replaceAll("[^0-9.]", "")): null

30-01-2025T17:16:35 - [TEST_STEP][PASSED] - totalitemPrice += itemPrice: null

30-01-2025T17:16:35 - [TEST_STEP][PASSED] - itemPrice = Double.parseDouble(getText().replaceAll("[^0-9.]", "")): null

30-01-2025T17:16:35 - [TEST_STEP][PASSED] - totalitemPrice += itemPrice: null

30-01-2025T17:16:35 - [TEST_STEP][PASSED] - itemPrice = Double.parseDouble(getText().replaceAll("[^0-9.]", "")): null

30-01-2025T17:16:35 - [TEST_STEP][PASSED] - totalitemPrice += itemPrice: null

30-01-2025T17:16:35 - [TEST_STEP][PASSED] - itemPrice = Double.parseDouble(getText().replaceAll("[^0-9.]", "")): null

30-01-2025T17:16:35 - [TEST_STEP][PASSED] - totalitemPrice += itemPrice: null

30-01-2025T17:16:35 - [TEST_STEP][PASSED] - itemPrice = Double.parseDouble(getText().replaceAll("[^0-9.]", "")): null

30-01-2025T17:16:35 - [TEST_STEP][PASSED] - totalitemPrice += itemPrice: null

30-01-2025T17:16:35 - [TEST_STEP][PASSED] - itemPrice = Double.parseDouble(getText().replaceAll("[^0-9.]", "")): null

30-01-2025T17:16:35 - [TEST_STEP][PASSED] - totalitemPrice += itemPrice: null

30-01-2025T17:16:35 - [TEST_STEP][PASSED] - expectedTotalItemPriceText = "Item total: $" + String.format(US, "%.2f", totalitemPrice): null

30-01-2025T17:16:35 - [TEST_STEP][PASSED] - verifyElementText(findTestObject("Object Repository/Page_Swag Labs/summary_item_total"), expectedTotalItemPriceText): Actual text and expected text of test object 'Object Repository/Page_Swag Labs/summary_item_total' are matched.

30-01-2025T17:16:35 - [MESSAGE][PASSED] - Actual text and expected text of test object 'Object Repository/Page_Swag Labs/summary_item_total' are matched.

30-01-2025T17:16:35 - [TEST_STEP][PASSED] - taxRate = tax: null

30-01-2025T17:16:35 - [TEST_STEP][PASSED] - expectedTax = Math.round(totalitemPrice * taxRate * 100.0) / 100.0: null

30-01-2025T17:16:35 - [TEST_STEP][PASSED] - expectedTaxText = "Tax: $" + String.format(US, "%.2f", expectedTax): null

30-01-2025T17:16:35 - [TEST_STEP][PASSED] - verifyElementText(findTestObject("Object Repository/Page_Swag Labs/summary_tax_total"), expectedTaxText): Actual text and expected text of test object 'Object Repository/Page_Swag Labs/summary_tax_total' are matched.

30-01-2025T17:16:36 - [MESSAGE][PASSED] - Actual text and expected text of test object 'Object Repository/Page_Swag Labs/summary_tax_total' are matched.

30-01-2025T17:16:36 - [TEST_STEP][PASSED] - expectedFinalTotal = totalitemPrice + expectedTax: null

30-01-2025T17:16:36 - [TEST_STEP][PASSED] - expectedTotalText = "Total: $" + String.format(US, "%.2f", expectedFinalTotal): null

30-01-2025T17:16:36 - [TEST_STEP][PASSED] - verifyElementText(findTestObject("Object Repository/Page_Swag Labs/summary_total"), expectedTotalText): Actual text and expected text of test object 'Object Repository/Page_Swag Labs/summary_total' are matched.

30-01-2025T17:16:36 - [MESSAGE][PASSED] - Actual text and expected text of test object 'Object Repository/Page_Swag Labs/summary_total' are matched.

30-01-2025T17:16:36 - [TEST_STEP][PASSED] - click(findTestObject("Object Repository/Page_Swag Labs/button_Finish")): Object: 'Object Repository/Page_Swag Labs/button_Finish' is clicked on

30-01-2025T17:16:36 - [MESSAGE][PASSED] - Object: 'Object Repository/Page_Swag Labs/button_Finish' is clicked on

30-01-2025T17:16:36 - [TEST_STEP][PASSED] - verifyElementText(findTestObject("Object Repository/Page_Swag Labs/h2_Thank you for your order"), "Thank you for your order!"): Actual text and expected text of test object 'Object Repository/Page_Swag Labs/h2_Thank you for your order' are matched.

30-01-2025T17:16:36 - [MESSAGE][PASSED] - Actual text and expected text of test object 'Object Repository/Page_Swag Labs/h2_Thank you for your order' are matched.

30-01-2025T17:16:36 - [TEST_STEP][PASSED] - click(findTestObject("Object Repository/Page_Swag Labs/button_Back Home")): Object: 'Object Repository/Page_Swag Labs/button_Back Home' is clicked on

30-01-2025T17:16:37 - [MESSAGE][PASSED] - Object: 'Object Repository/Page_Swag Labs/button_Back Home' is clicked on

30-01-2025T17:16:37 - [TEST_STEP][PASSED] - verifyElementText(findTestObject("Object Repository/Page_Swag Labs/div_Swag Labs"), "Swag Labs"): Actual text and expected text of test object 'Object Repository/Page_Swag Labs/div_Swag Labs' are matched.

30-01-2025T17:16:37 - [MESSAGE][PASSED] - Actual text and expected text of test object 'Object Repository/Page_Swag Labs/div_Swag Labs' are matched.

30-01-2025T17:16:37 - [TEST_STEP][PASSED] - closeBrowser(): Browser is closed

30-01-2025T17:16:37 - [MESSAGE][PASSED] - Browser is closed]]></system-out>
         <system-err><![CDATA[]]></system-err>
      </testcase>
      <system-out><![CDATA[30-01-2025T17:12:00 - [TEST_SUITE][PASSED] - Test_Suite_Askblue_Training: Test Cases/Askblue_Training/Finalizar_CompraE2E/Finalizar_Compra_Todos]]></system-out>
      <system-err><![CDATA[]]></system-err>
   </testsuite>
</testsuites>
