<?xml version="1.0" encoding="UTF-8"?>
<testsuites name="Login_Positivo" time="5.664" tests="1" failures="0" errors="0">
   <testsuite name="Login_Positivo" tests="1" failures="0" errors="0" time="5.664" skipped="0" timestamp="30-01-2025T16:39:24" hostname="Pedro Carreira - ABN0312.lan" id="Test Suites/Askblue_training/Login_Positivo">
      <properties>
         <property name="deviceName" value=""/>
         <property name="devicePlatform" value=""/>
         <property name="logFolder" value="C:\\Users\\Pedro Carreira\\PMCAutomationpub\\Reports\\20250130_163919\\Askblue_training\\Login_Positivo\\20250130_163919"/>
         <property name="logFiles" value="C:\\Users\\Pedro Carreira\\PMCAutomationpub\\Reports\\20250130_163919\\Askblue_training\\Login_Positivo\\20250130_163919\\execution0.log"/>
         <property name="attachments" value=""/>
         <property name="hostName" value="Pedro Carreira - ABN0312.lan"/>
         <property name="os" value="Windows 10 64bit"/>
         <property name="katalonVersion" value="9.3.0.212"/>
         <property name="browser" value="Chrome 132.0.0.0"/>
         <property name="hostAddress" value="192.168.1.215"/>
         <property name="sessionId" value="d4b2fb467578931043bb839b6b4d1106"/>
         <property name="seleniumVersion" value="3.141.59"/>
         <property name="proxyInformation" value="ProxyInformation { proxyOption=NO_PROXY, proxyServerType=HTTP, username=, password=********, proxyServerAddress=, proxyServerPort=0, executionList=&quot;&quot;, isApplyToDesiredCapabilities=true }"/>
         <property name="platform" value="Windows 10"/>
      </properties>
      <testcase name="Test Cases/Askblue_Training/Login_Logout/Login_Positivo" time="5.492" classname="Test Cases/Askblue_Training/Login_Logout/Login_Positivo" status="PASSED">
         <system-out><![CDATA[30-01-2025T16:39:25 - [TEST_CASE][PASSED] - Test Cases/Askblue_Training/Login_Logout/Login_Positivo: Test Cases/Askblue_Training/Login_Logout/Login_Positivo

30-01-2025T16:39:25 - [TEST_STEP][PASSED] - openBrowser(""): Browser is opened with url: ''

30-01-2025T16:39:25 - [MESSAGE][INFO] - Starting 'Chrome' driver

30-01-2025T16:39:25 - [MESSAGE][INFO] - Action delay is set to 0 milliseconds

30-01-2025T16:39:26 - [MESSAGE][PASSED] - Browser is opened with url: ''

30-01-2025T16:39:27 - [TEST_STEP][PASSED] - navigateToUrl("https://www.saucedemo.com/"): Navigate to 'https://www.saucedemo.com/' successfully

30-01-2025T16:39:27 - [MESSAGE][PASSED] - Navigate to 'https://www.saucedemo.com/' successfully

30-01-2025T16:39:27 - [TEST_STEP][PASSED] - setText(findTestObject("Object Repository/Page_Swag Labs/input_Swag Labs_user-name"), username): Text 'standard_user' is set on object 'Object Repository/Page_Swag Labs/input_Swag Labs_user-name'

30-01-2025T16:39:28 - [MESSAGE][PASSED] - Text 'standard_user' is set on object 'Object Repository/Page_Swag Labs/input_Swag Labs_user-name'

30-01-2025T16:39:28 - [TEST_STEP][PASSED] - setText(findTestObject("Object Repository/Page_Swag Labs/input_Swag Labs_password"), password): Text 'secret_sauce' is set on object 'Object Repository/Page_Swag Labs/input_Swag Labs_password'

30-01-2025T16:39:29 - [MESSAGE][PASSED] - Text 'secret_sauce' is set on object 'Object Repository/Page_Swag Labs/input_Swag Labs_password'

30-01-2025T16:39:29 - [TEST_STEP][PASSED] - click(findTestObject("Object Repository/Page_Swag Labs/input_Swag Labs_login-button")): Object: 'Object Repository/Page_Swag Labs/input_Swag Labs_login-button' is clicked on

30-01-2025T16:39:29 - [MESSAGE][PASSED] - Object: 'Object Repository/Page_Swag Labs/input_Swag Labs_login-button' is clicked on

30-01-2025T16:39:29 - [TEST_STEP][PASSED] - click(findTestObject("Object Repository/Page_Swag Labs/button_Open Menu")): Object: 'Object Repository/Page_Swag Labs/button_Open Menu' is clicked on

30-01-2025T16:39:29 - [MESSAGE][PASSED] - Object: 'Object Repository/Page_Swag Labs/button_Open Menu' is clicked on

30-01-2025T16:39:29 - [TEST_STEP][PASSED] - verifyElementText(findTestObject("Object Repository/Page_Swag Labs/a_Logout"), "Logout"): Actual text and expected text of test object 'Object Repository/Page_Swag Labs/a_Logout' are matched.

30-01-2025T16:39:30 - [MESSAGE][PASSED] - Actual text and expected text of test object 'Object Repository/Page_Swag Labs/a_Logout' are matched.

30-01-2025T16:39:30 - [TEST_STEP][PASSED] - click(findTestObject("Object Repository/Page_Swag Labs/button_Close Menu")): Object: 'Object Repository/Page_Swag Labs/button_Close Menu' is clicked on

30-01-2025T16:39:30 - [MESSAGE][PASSED] - Object: 'Object Repository/Page_Swag Labs/button_Close Menu' is clicked on]]></system-out>
         <system-err><![CDATA[]]></system-err>
      </testcase>
      <system-out><![CDATA[30-01-2025T16:39:24 - [TEST_SUITE][PASSED] - Login_Positivo: Test Cases/Askblue_Training/Login_Logout/Login_Positivo]]></system-out>
      <system-err><![CDATA[]]></system-err>
   </testsuite>
</testsuites>
