<?xml version="1.0" encoding="UTF-8"?>
<testsuites name="Test_Suite_Askblue_Training" time="325.866" tests="19" failures="2" errors="0">
   <testsuite name="Test_Suite_Askblue_Training" tests="19" failures="2" errors="0" time="325.866" skipped="0" timestamp="30-01-2025T16:43:41" hostname="Pedro Carreira - ABN0312.lan" id="Test Suites/Askblue_training/Test_Suite_Askblue_Training">
      <properties>
         <property name="deviceName" value=""/>
         <property name="devicePlatform" value=""/>
         <property name="logFolder" value="C:\\Users\\Pedro Carreira\\PMCAutomationpub\\Reports\\20250130_164337\\Askblue_training\\Test_Suite_Askblue_Training\\20250130_164338"/>
         <property name="logFiles" value="C:\\Users\\Pedro Carreira\\PMCAutomationpub\\Reports\\20250130_164337\\Askblue_training\\Test_Suite_Askblue_Training\\20250130_164338\\execution0.log"/>
         <property name="attachments" value="C:\\Users\\Pedro Carreira\\PMCAutomationpub\\Reports\\20250130_164337\\Askblue_training\\Test_Suite_Askblue_Training\\20250130_164338\\1738255593130.png, C:\\Users\\Pedro Carreira\\PMCAutomationpub\\Reports\\20250130_164337\\Askblue_training\\Test_Suite_Askblue_Training\\20250130_164338\\1738255706530.png, C:\\Users\\Pedro Carreira\\PMCAutomationpub\\Reports\\20250130_164337\\Askblue_training\\Test_Suite_Askblue_Training\\20250130_164338\\1738255706638.png"/>
         <property name="hostName" value="Pedro Carreira - ABN0312.lan"/>
         <property name="os" value="Windows 10 64bit"/>
         <property name="katalonVersion" value="9.3.0.212"/>
         <property name="browser" value="Chrome 132.0.0.0"/>
         <property name="hostAddress" value="192.168.1.215"/>
         <property name="sessionId" value="810c174a29c4fab07480980364dfc163"/>
         <property name="seleniumVersion" value="3.141.59"/>
         <property name="proxyInformation" value="ProxyInformation { proxyOption=NO_PROXY, proxyServerType=HTTP, username=, password=********, proxyServerAddress=, proxyServerPort=0, executionList=&quot;&quot;, isApplyToDesiredCapabilities=true }"/>
         <property name="platform" value="Windows 10"/>
      </properties>
      <testcase name="Test Cases/Askblue_Training/Login_Logout/Login_Negativo_PassIncorreta" time="34.366" classname="Test Cases/Askblue_Training/Login_Logout/Login_Negativo_PassIncorreta" status="PASSED">
         <system-out><![CDATA[30-01-2025T16:43:41 - [TEST_CASE][PASSED] - Test Cases/Askblue_Training/Login_Logout/Login_Negativo_PassIncorreta: Test Cases/Askblue_Training/Login_Logout/Login_Negativo_PassIncorreta

30-01-2025T16:43:41 - [TEST_STEP][PASSED] - openBrowser(""): Browser is opened with url: ''

30-01-2025T16:43:41 - [MESSAGE][INFO] - Starting 'Chrome' driver

30-01-2025T16:43:41 - [MESSAGE][INFO] - Action delay is set to 0 milliseconds

30-01-2025T16:43:43 - [MESSAGE][PASSED] - Browser is opened with url: ''

30-01-2025T16:43:43 - [TEST_STEP][PASSED] - navigateToUrl("https://www.saucedemo.com/"): Navigate to 'https://www.saucedemo.com/' successfully

30-01-2025T16:43:43 - [MESSAGE][PASSED] - Navigate to 'https://www.saucedemo.com/' successfully

30-01-2025T16:43:43 - [TEST_STEP][PASSED] - setText(findTestObject("Object Repository/Page_Swag Labs/input_Swag Labs_user-name"), username): Text 'standard_user' is set on object 'Object Repository/Page_Swag Labs/input_Swag Labs_user-name'

30-01-2025T16:43:44 - [MESSAGE][PASSED] - Text 'standard_user' is set on object 'Object Repository/Page_Swag Labs/input_Swag Labs_user-name'

30-01-2025T16:43:44 - [TEST_STEP][PASSED] - setText(findTestObject("Object Repository/Page_Swag Labs/input_Swag Labs_password"), "C^.Yx%)p6)yty=bywXlc5!rt&"): Text 'C^.Yx%)p6)yty=bywXlc5!rt&' is set on object 'Object Repository/Page_Swag Labs/input_Swag Labs_password'

30-01-2025T16:43:45 - [MESSAGE][PASSED] - Text 'C^.Yx%)p6)yty=bywXlc5!rt&' is set on object 'Object Repository/Page_Swag Labs/input_Swag Labs_password'

30-01-2025T16:43:45 - [TEST_STEP][PASSED] - click(findTestObject("Object Repository/Page_Swag Labs/input_Swag Labs_login-button")): Object: 'Object Repository/Page_Swag Labs/input_Swag Labs_login-button' is clicked on

30-01-2025T16:43:45 - [MESSAGE][PASSED] - Object: 'Object Repository/Page_Swag Labs/input_Swag Labs_login-button' is clicked on

30-01-2025T16:43:45 - [TEST_STEP][PASSED] - verifyElementText(findTestObject("Object Repository/Page_Swag Labs/div_Epic sadface Username and password do n_e703ed"), "Epic sadface: Username and password do not match any user in this service"): Actual text and expected text of test object 'Object Repository/Page_Swag Labs/div_Epic sadface Username and password do n_e703ed' are matched.

30-01-2025T16:44:15 - [MESSAGE][PASSED] - Actual text and expected text of test object 'Object Repository/Page_Swag Labs/div_Epic sadface Username and password do n_e703ed' are matched.

30-01-2025T16:44:15 - [TEST_STEP][PASSED] - closeBrowser(): Browser is closed

30-01-2025T16:44:15 - [MESSAGE][PASSED] - Browser is closed]]></system-out>
         <system-err><![CDATA[]]></system-err>
      </testcase>
      <testcase name="Test Cases/Askblue_Training/Login_Logout/Login_Negativo_PassVazia" time="2.927" classname="Test Cases/Askblue_Training/Login_Logout/Login_Negativo_PassVazia" status="PASSED">
         <system-out><![CDATA[30-01-2025T16:44:15 - [TEST_CASE][PASSED] - Test Cases/Askblue_Training/Login_Logout/Login_Negativo_PassVazia: Test Cases/Askblue_Training/Login_Logout/Login_Negativo_PassVazia

30-01-2025T16:44:15 - [TEST_STEP][PASSED] - openBrowser(""): Browser is opened with url: ''

30-01-2025T16:44:15 - [MESSAGE][INFO] - Starting 'Chrome' driver

30-01-2025T16:44:15 - [MESSAGE][INFO] - Action delay is set to 0 milliseconds

30-01-2025T16:44:16 - [MESSAGE][PASSED] - Browser is opened with url: ''

30-01-2025T16:44:16 - [TEST_STEP][PASSED] - navigateToUrl("https://www.saucedemo.com/"): Navigate to 'https://www.saucedemo.com/' successfully

30-01-2025T16:44:16 - [MESSAGE][PASSED] - Navigate to 'https://www.saucedemo.com/' successfully

30-01-2025T16:44:16 - [TEST_STEP][PASSED] - setText(findTestObject("Object Repository/Page_Swag Labs/input_Swag Labs_user-name"), username): Text 'standard_user' is set on object 'Object Repository/Page_Swag Labs/input_Swag Labs_user-name'

30-01-2025T16:44:17 - [MESSAGE][PASSED] - Text 'standard_user' is set on object 'Object Repository/Page_Swag Labs/input_Swag Labs_user-name'

30-01-2025T16:44:17 - [TEST_STEP][PASSED] - click(findTestObject("Object Repository/Page_Swag Labs/input_Swag Labs_login-button")): Object: 'Object Repository/Page_Swag Labs/input_Swag Labs_login-button' is clicked on

30-01-2025T16:44:18 - [MESSAGE][PASSED] - Object: 'Object Repository/Page_Swag Labs/input_Swag Labs_login-button' is clicked on

30-01-2025T16:44:18 - [TEST_STEP][PASSED] - verifyElementText(findTestObject("Object Repository/Page_Swag Labs/div_Epic sadface Password is required"), "Epic sadface: Password is required"): Actual text and expected text of test object 'Object Repository/Page_Swag Labs/div_Epic sadface Password is required' are matched.

30-01-2025T16:44:18 - [MESSAGE][PASSED] - Actual text and expected text of test object 'Object Repository/Page_Swag Labs/div_Epic sadface Password is required' are matched.

30-01-2025T16:44:18 - [TEST_STEP][PASSED] - closeBrowser(): Browser is closed

30-01-2025T16:44:18 - [MESSAGE][PASSED] - Browser is closed]]></system-out>
         <system-err><![CDATA[]]></system-err>
      </testcase>
      <testcase name="Test Cases/Askblue_Training/Login_Logout/Login_Negativo_UserBloqueado" time="20.538" classname="Test Cases/Askblue_Training/Login_Logout/Login_Negativo_UserBloqueado" status="PASSED">
         <system-out><![CDATA[30-01-2025T16:44:18 - [TEST_CASE][PASSED] - Test Cases/Askblue_Training/Login_Logout/Login_Negativo_UserBloqueado: Test Cases/Askblue_Training/Login_Logout/Login_Negativo_UserBloqueado

30-01-2025T16:44:18 - [TEST_STEP][PASSED] - openBrowser(""): Browser is opened with url: ''

30-01-2025T16:44:18 - [MESSAGE][INFO] - Starting 'Chrome' driver

30-01-2025T16:44:18 - [MESSAGE][INFO] - Action delay is set to 0 milliseconds

30-01-2025T16:44:19 - [MESSAGE][PASSED] - Browser is opened with url: ''

30-01-2025T16:44:19 - [TEST_STEP][PASSED] - navigateToUrl("https://www.saucedemo.com/"): Navigate to 'https://www.saucedemo.com/' successfully

30-01-2025T16:44:19 - [MESSAGE][PASSED] - Navigate to 'https://www.saucedemo.com/' successfully

30-01-2025T16:44:19 - [TEST_STEP][PASSED] - setText(findTestObject("Object Repository/Page_Swag Labs/input_Swag Labs_user-name"), username): Text 'locked_out_user' is set on object 'Object Repository/Page_Swag Labs/input_Swag Labs_user-name'

30-01-2025T16:44:20 - [MESSAGE][PASSED] - Text 'locked_out_user' is set on object 'Object Repository/Page_Swag Labs/input_Swag Labs_user-name'

30-01-2025T16:44:20 - [TEST_STEP][PASSED] - setText(findTestObject("Object Repository/Page_Swag Labs/input_Swag Labs_password"), password): Text 'secret_sauce' is set on object 'Object Repository/Page_Swag Labs/input_Swag Labs_password'

30-01-2025T16:44:21 - [MESSAGE][PASSED] - Text 'secret_sauce' is set on object 'Object Repository/Page_Swag Labs/input_Swag Labs_password'

30-01-2025T16:44:21 - [TEST_STEP][PASSED] - click(findTestObject("Object Repository/Page_Swag Labs/input_Swag Labs_login-button")): Object: 'Object Repository/Page_Swag Labs/input_Swag Labs_login-button' is clicked on

30-01-2025T16:44:21 - [MESSAGE][PASSED] - Object: 'Object Repository/Page_Swag Labs/input_Swag Labs_login-button' is clicked on

30-01-2025T16:44:21 - [TEST_STEP][PASSED] - verifyElementText(findTestObject("Object Repository/Page_Swag Labs/div_Epic sadface Sorry, this user has been _e43fcb"), "Epic sadface: Sorry, this user has been locked out."): Actual text and expected text of test object 'Object Repository/Page_Swag Labs/div_Epic sadface Sorry, this user has been _e43fcb' are matched.

30-01-2025T16:44:39 - [MESSAGE][PASSED] - Actual text and expected text of test object 'Object Repository/Page_Swag Labs/div_Epic sadface Sorry, this user has been _e43fcb' are matched.

30-01-2025T16:44:39 - [TEST_STEP][PASSED] - closeBrowser(): Browser is closed

30-01-2025T16:44:39 - [MESSAGE][PASSED] - Browser is closed]]></system-out>
         <system-err><![CDATA[]]></system-err>
      </testcase>
      <testcase name="Test Cases/Askblue_Training/Login_Logout/Login_Negativo_UserPassVazio" time="2.225" classname="Test Cases/Askblue_Training/Login_Logout/Login_Negativo_UserPassVazio" status="PASSED">
         <system-out><![CDATA[30-01-2025T16:44:39 - [TEST_CASE][PASSED] - Test Cases/Askblue_Training/Login_Logout/Login_Negativo_UserPassVazio: Test Cases/Askblue_Training/Login_Logout/Login_Negativo_UserPassVazio

30-01-2025T16:44:39 - [TEST_STEP][PASSED] - openBrowser(""): Browser is opened with url: ''

30-01-2025T16:44:39 - [MESSAGE][INFO] - Starting 'Chrome' driver

30-01-2025T16:44:39 - [MESSAGE][INFO] - Action delay is set to 0 milliseconds

30-01-2025T16:44:39 - [MESSAGE][PASSED] - Browser is opened with url: ''

30-01-2025T16:44:39 - [TEST_STEP][PASSED] - navigateToUrl("https://www.saucedemo.com/"): Navigate to 'https://www.saucedemo.com/' successfully

30-01-2025T16:44:40 - [MESSAGE][PASSED] - Navigate to 'https://www.saucedemo.com/' successfully

30-01-2025T16:44:40 - [TEST_STEP][PASSED] - click(findTestObject("Object Repository/Page_Swag Labs/input_Swag Labs_login-button")): Object: 'Object Repository/Page_Swag Labs/input_Swag Labs_login-button' is clicked on

30-01-2025T16:44:41 - [MESSAGE][PASSED] - Object: 'Object Repository/Page_Swag Labs/input_Swag Labs_login-button' is clicked on

30-01-2025T16:44:41 - [TEST_STEP][PASSED] - verifyElementText(findTestObject("Object Repository/Page_Swag Labs/div_Epic sadface Username is required"), "Epic sadface: Username is required"): Actual text and expected text of test object 'Object Repository/Page_Swag Labs/div_Epic sadface Username is required' are matched.

30-01-2025T16:44:41 - [MESSAGE][PASSED] - Actual text and expected text of test object 'Object Repository/Page_Swag Labs/div_Epic sadface Username is required' are matched.

30-01-2025T16:44:41 - [TEST_STEP][PASSED] - closeBrowser(): Browser is closed

30-01-2025T16:44:41 - [MESSAGE][PASSED] - Browser is closed]]></system-out>
         <system-err><![CDATA[]]></system-err>
      </testcase>
      <testcase name="Test Cases/Askblue_Training/Login_Logout/Login_Positivo" time="3.943" classname="Test Cases/Askblue_Training/Login_Logout/Login_Positivo" status="PASSED">
         <system-out><![CDATA[30-01-2025T16:44:41 - [TEST_CASE][PASSED] - Test Cases/Askblue_Training/Login_Logout/Login_Positivo: Test Cases/Askblue_Training/Login_Logout/Login_Positivo

30-01-2025T16:44:41 - [TEST_STEP][PASSED] - openBrowser(""): Browser is opened with url: ''

30-01-2025T16:44:41 - [MESSAGE][INFO] - Starting 'Chrome' driver

30-01-2025T16:44:41 - [MESSAGE][INFO] - Action delay is set to 0 milliseconds

30-01-2025T16:44:42 - [MESSAGE][PASSED] - Browser is opened with url: ''

30-01-2025T16:44:42 - [TEST_STEP][PASSED] - navigateToUrl("https://www.saucedemo.com/"): Navigate to 'https://www.saucedemo.com/' successfully

30-01-2025T16:44:42 - [MESSAGE][PASSED] - Navigate to 'https://www.saucedemo.com/' successfully

30-01-2025T16:44:42 - [TEST_STEP][PASSED] - setText(findTestObject("Object Repository/Page_Swag Labs/input_Swag Labs_user-name"), username): Text 'standard_user' is set on object 'Object Repository/Page_Swag Labs/input_Swag Labs_user-name'

30-01-2025T16:44:43 - [MESSAGE][PASSED] - Text 'standard_user' is set on object 'Object Repository/Page_Swag Labs/input_Swag Labs_user-name'

30-01-2025T16:44:43 - [TEST_STEP][PASSED] - setText(findTestObject("Object Repository/Page_Swag Labs/input_Swag Labs_password"), password): Text 'secret_sauce' is set on object 'Object Repository/Page_Swag Labs/input_Swag Labs_password'

30-01-2025T16:44:44 - [MESSAGE][PASSED] - Text 'secret_sauce' is set on object 'Object Repository/Page_Swag Labs/input_Swag Labs_password'

30-01-2025T16:44:44 - [TEST_STEP][PASSED] - click(findTestObject("Object Repository/Page_Swag Labs/input_Swag Labs_login-button")): Object: 'Object Repository/Page_Swag Labs/input_Swag Labs_login-button' is clicked on

30-01-2025T16:44:44 - [MESSAGE][PASSED] - Object: 'Object Repository/Page_Swag Labs/input_Swag Labs_login-button' is clicked on

30-01-2025T16:44:44 - [TEST_STEP][PASSED] - click(findTestObject("Object Repository/Page_Swag Labs/button_Open Menu")): Object: 'Object Repository/Page_Swag Labs/button_Open Menu' is clicked on

30-01-2025T16:44:44 - [MESSAGE][PASSED] - Object: 'Object Repository/Page_Swag Labs/button_Open Menu' is clicked on

30-01-2025T16:44:44 - [TEST_STEP][PASSED] - verifyElementText(findTestObject("Object Repository/Page_Swag Labs/a_Logout"), "Logout"): Actual text and expected text of test object 'Object Repository/Page_Swag Labs/a_Logout' are matched.

30-01-2025T16:44:45 - [MESSAGE][PASSED] - Actual text and expected text of test object 'Object Repository/Page_Swag Labs/a_Logout' are matched.

30-01-2025T16:44:45 - [TEST_STEP][PASSED] - click(findTestObject("Object Repository/Page_Swag Labs/button_Close Menu")): Object: 'Object Repository/Page_Swag Labs/button_Close Menu' is clicked on

30-01-2025T16:44:45 - [MESSAGE][PASSED] - Object: 'Object Repository/Page_Swag Labs/button_Close Menu' is clicked on]]></system-out>
         <system-err><![CDATA[]]></system-err>
      </testcase>
      <testcase name="Test Cases/Askblue_Training/Login_Logout/Logout" time="5.275" classname="Test Cases/Askblue_Training/Login_Logout/Logout" status="PASSED">
         <system-out><![CDATA[30-01-2025T16:44:45 - [TEST_CASE][PASSED] - Test Cases/Askblue_Training/Login_Logout/Logout: Test Cases/Askblue_Training/Login_Logout/Logout

30-01-2025T16:44:45 - [TEST_STEP][PASSED] - callTestCase(findTestCase("Askblue_Training/Login_Logout/Login_Positivo"), [:], STOP_ON_FAILURE): Call Test Case 'Test Cases/Askblue_Training/Login_Logout/Login_Positivo' successfully

30-01-2025T16:44:45 - [TEST_CASE][PASSED] - Test Cases/Askblue_Training/Login_Logout/Login_Positivo: Test Cases/Askblue_Training/Login_Logout/Login_Positivo

30-01-2025T16:44:45 - [TEST_STEP][PASSED] - openBrowser(""): Browser is opened with url: ''

30-01-2025T16:44:45 - [MESSAGE][WARNING] - A browser is already opened. Closing browser and opening a new one

30-01-2025T16:44:45 - [MESSAGE][INFO] - Starting 'Chrome' driver

30-01-2025T16:44:45 - [MESSAGE][INFO] - Action delay is set to 0 milliseconds

30-01-2025T16:44:46 - [MESSAGE][PASSED] - Browser is opened with url: ''

30-01-2025T16:44:46 - [TEST_STEP][PASSED] - navigateToUrl("https://www.saucedemo.com/"): Navigate to 'https://www.saucedemo.com/' successfully

30-01-2025T16:44:46 - [MESSAGE][PASSED] - Navigate to 'https://www.saucedemo.com/' successfully

30-01-2025T16:44:46 - [TEST_STEP][PASSED] - setText(findTestObject("Object Repository/Page_Swag Labs/input_Swag Labs_user-name"), username): Text 'standard_user' is set on object 'Object Repository/Page_Swag Labs/input_Swag Labs_user-name'

30-01-2025T16:44:47 - [MESSAGE][PASSED] - Text 'standard_user' is set on object 'Object Repository/Page_Swag Labs/input_Swag Labs_user-name'

30-01-2025T16:44:47 - [TEST_STEP][PASSED] - setText(findTestObject("Object Repository/Page_Swag Labs/input_Swag Labs_password"), password): Text 'secret_sauce' is set on object 'Object Repository/Page_Swag Labs/input_Swag Labs_password'

30-01-2025T16:44:48 - [MESSAGE][PASSED] - Text 'secret_sauce' is set on object 'Object Repository/Page_Swag Labs/input_Swag Labs_password'

30-01-2025T16:44:48 - [TEST_STEP][PASSED] - click(findTestObject("Object Repository/Page_Swag Labs/input_Swag Labs_login-button")): Object: 'Object Repository/Page_Swag Labs/input_Swag Labs_login-button' is clicked on

30-01-2025T16:44:48 - [MESSAGE][PASSED] - Object: 'Object Repository/Page_Swag Labs/input_Swag Labs_login-button' is clicked on

30-01-2025T16:44:48 - [TEST_STEP][PASSED] - click(findTestObject("Object Repository/Page_Swag Labs/button_Open Menu")): Object: 'Object Repository/Page_Swag Labs/button_Open Menu' is clicked on

30-01-2025T16:44:49 - [MESSAGE][PASSED] - Object: 'Object Repository/Page_Swag Labs/button_Open Menu' is clicked on

30-01-2025T16:44:49 - [TEST_STEP][PASSED] - verifyElementText(findTestObject("Object Repository/Page_Swag Labs/a_Logout"), "Logout"): Actual text and expected text of test object 'Object Repository/Page_Swag Labs/a_Logout' are matched.

30-01-2025T16:44:49 - [MESSAGE][PASSED] - Actual text and expected text of test object 'Object Repository/Page_Swag Labs/a_Logout' are matched.

30-01-2025T16:44:49 - [TEST_STEP][PASSED] - click(findTestObject("Object Repository/Page_Swag Labs/button_Close Menu")): Object: 'Object Repository/Page_Swag Labs/button_Close Menu' is clicked on

30-01-2025T16:44:49 - [MESSAGE][PASSED] - Object: 'Object Repository/Page_Swag Labs/button_Close Menu' is clicked on

30-01-2025T16:44:49 - [MESSAGE][PASSED] - Call Test Case 'Test Cases/Askblue_Training/Login_Logout/Login_Positivo' successfully

30-01-2025T16:44:49 - [TEST_STEP][PASSED] - click(findTestObject("Object Repository/Page_Swag Labs/button_Open Menu")): Object: 'Object Repository/Page_Swag Labs/button_Open Menu' is clicked on

30-01-2025T16:44:50 - [MESSAGE][PASSED] - Object: 'Object Repository/Page_Swag Labs/button_Open Menu' is clicked on

30-01-2025T16:44:50 - [TEST_STEP][PASSED] - click(findTestObject("Object Repository/Page_Swag Labs/a_Logout")): Object: 'Object Repository/Page_Swag Labs/a_Logout' is clicked on

30-01-2025T16:44:50 - [MESSAGE][PASSED] - Object: 'Object Repository/Page_Swag Labs/a_Logout' is clicked on

30-01-2025T16:44:50 - [TEST_STEP][PASSED] - verifyElementText(findTestObject("Object Repository/Page_Swag Labs/input_Swag Labs_login-button"), ""): Actual text and expected text of test object 'Object Repository/Page_Swag Labs/input_Swag Labs_login-button' are matched.

30-01-2025T16:44:50 - [MESSAGE][PASSED] - Actual text and expected text of test object 'Object Repository/Page_Swag Labs/input_Swag Labs_login-button' are matched.

30-01-2025T16:44:50 - [TEST_STEP][PASSED] - closeBrowser(): Browser is closed

30-01-2025T16:44:50 - [MESSAGE][PASSED] - Browser is closed]]></system-out>
         <system-err><![CDATA[]]></system-err>
      </testcase>
      <testcase name="Test Cases/Askblue_Training/Add_to_Cart/Add_to_Cart_1" time="6.762" classname="Test Cases/Askblue_Training/Add_to_Cart/Add_to_Cart_1" status="PASSED">
         <system-out><![CDATA[30-01-2025T16:44:50 - [TEST_CASE][PASSED] - Test Cases/Askblue_Training/Add_to_Cart/Add_to_Cart_1: Test Cases/Askblue_Training/Add_to_Cart/Add_to_Cart_1

30-01-2025T16:44:50 - [TEST_STEP][PASSED] - callTestCase(findTestCase("Askblue_Training/Login_Logout/Login_Positivo"), ["username":"standard_user", "password":"secret_sauce"], STOP_ON_FAILURE): Call Test Case 'Test Cases/Askblue_Training/Login_Logout/Login_Positivo' successfully

30-01-2025T16:44:51 - [TEST_CASE][PASSED] - Test Cases/Askblue_Training/Login_Logout/Login_Positivo: Test Cases/Askblue_Training/Login_Logout/Login_Positivo

30-01-2025T16:44:51 - [TEST_STEP][PASSED] - openBrowser(""): Browser is opened with url: ''

30-01-2025T16:44:51 - [MESSAGE][INFO] - Starting 'Chrome' driver

30-01-2025T16:44:51 - [MESSAGE][INFO] - Action delay is set to 0 milliseconds

30-01-2025T16:44:51 - [MESSAGE][PASSED] - Browser is opened with url: ''

30-01-2025T16:44:51 - [TEST_STEP][PASSED] - navigateToUrl("https://www.saucedemo.com/"): Navigate to 'https://www.saucedemo.com/' successfully

30-01-2025T16:44:52 - [MESSAGE][PASSED] - Navigate to 'https://www.saucedemo.com/' successfully

30-01-2025T16:44:52 - [TEST_STEP][PASSED] - setText(findTestObject("Object Repository/Page_Swag Labs/input_Swag Labs_user-name"), username): Text 'standard_user' is set on object 'Object Repository/Page_Swag Labs/input_Swag Labs_user-name'

30-01-2025T16:44:53 - [MESSAGE][PASSED] - Text 'standard_user' is set on object 'Object Repository/Page_Swag Labs/input_Swag Labs_user-name'

30-01-2025T16:44:53 - [TEST_STEP][PASSED] - setText(findTestObject("Object Repository/Page_Swag Labs/input_Swag Labs_password"), password): Text 'secret_sauce' is set on object 'Object Repository/Page_Swag Labs/input_Swag Labs_password'

30-01-2025T16:44:53 - [MESSAGE][PASSED] - Text 'secret_sauce' is set on object 'Object Repository/Page_Swag Labs/input_Swag Labs_password'

30-01-2025T16:44:53 - [TEST_STEP][PASSED] - click(findTestObject("Object Repository/Page_Swag Labs/input_Swag Labs_login-button")): Object: 'Object Repository/Page_Swag Labs/input_Swag Labs_login-button' is clicked on

30-01-2025T16:44:54 - [MESSAGE][PASSED] - Object: 'Object Repository/Page_Swag Labs/input_Swag Labs_login-button' is clicked on

30-01-2025T16:44:54 - [TEST_STEP][PASSED] - click(findTestObject("Object Repository/Page_Swag Labs/button_Open Menu")): Object: 'Object Repository/Page_Swag Labs/button_Open Menu' is clicked on

30-01-2025T16:44:54 - [MESSAGE][PASSED] - Object: 'Object Repository/Page_Swag Labs/button_Open Menu' is clicked on

30-01-2025T16:44:54 - [TEST_STEP][PASSED] - verifyElementText(findTestObject("Object Repository/Page_Swag Labs/a_Logout"), "Logout"): Actual text and expected text of test object 'Object Repository/Page_Swag Labs/a_Logout' are matched.

30-01-2025T16:44:54 - [MESSAGE][PASSED] - Actual text and expected text of test object 'Object Repository/Page_Swag Labs/a_Logout' are matched.

30-01-2025T16:44:54 - [TEST_STEP][PASSED] - click(findTestObject("Object Repository/Page_Swag Labs/button_Close Menu")): Object: 'Object Repository/Page_Swag Labs/button_Close Menu' is clicked on

30-01-2025T16:44:55 - [MESSAGE][PASSED] - Object: 'Object Repository/Page_Swag Labs/button_Close Menu' is clicked on

30-01-2025T16:44:55 - [MESSAGE][PASSED] - Call Test Case 'Test Cases/Askblue_Training/Login_Logout/Login_Positivo' successfully

30-01-2025T16:44:55 - [TEST_STEP][PASSED] - addToCart = findTestObject("Object Repository/Page_Swag Labs/button_add_to_cart"): null

30-01-2025T16:44:55 - [TEST_STEP][PASSED] - addToCartList = findWebElements(addToCart, 10): Found web elements by test object Object Repository/Page_Swag Labs/button_add_to_cart

30-01-2025T16:44:55 - [MESSAGE][PASSED] - Found web elements by test object Object Repository/Page_Swag Labs/button_add_to_cart

30-01-2025T16:44:55 - [TEST_STEP][PASSED] - itemNames = findTestObject("Object Repository/Page_Swag Labs/item_name"): null

30-01-2025T16:44:55 - [TEST_STEP][PASSED] - itemNameList = findWebElements(itemNames, 10): Found web elements by test object Object Repository/Page_Swag Labs/item_name

30-01-2025T16:44:55 - [MESSAGE][PASSED] - Found web elements by test object Object Repository/Page_Swag Labs/item_name

30-01-2025T16:44:55 - [TEST_STEP][PASSED] - name = itemNameList[0].getText(): null

30-01-2025T16:44:55 - [TEST_STEP][PASSED] - itemPrices = findTestObject("Object Repository/Page_Swag Labs/item_price"): null

30-01-2025T16:44:55 - [TEST_STEP][PASSED] - itemPriceList = findWebElements(itemPrices, 10): Found web elements by test object Object Repository/Page_Swag Labs/item_price

30-01-2025T16:44:55 - [MESSAGE][PASSED] - Found web elements by test object Object Repository/Page_Swag Labs/item_price

30-01-2025T16:44:55 - [TEST_STEP][PASSED] - price = itemPriceList[0].getText(): null

30-01-2025T16:44:55 - [TEST_STEP][PASSED] - get(0).click(): null

30-01-2025T16:44:55 - [TEST_STEP][PASSED] - verifyElementText(findTestObject("Object Repository/Page_Swag Labs/icone_carrinho"), "1"): Actual text and expected text of test object 'Object Repository/Page_Swag Labs/icone_carrinho' are matched.

30-01-2025T16:44:56 - [MESSAGE][PASSED] - Actual text and expected text of test object 'Object Repository/Page_Swag Labs/icone_carrinho' are matched.

30-01-2025T16:44:56 - [TEST_STEP][PASSED] - click(findTestObject("Object Repository/Page_Swag Labs/icone_carrinho")): Object: 'Object Repository/Page_Swag Labs/icone_carrinho' is clicked on

30-01-2025T16:44:56 - [MESSAGE][PASSED] - Object: 'Object Repository/Page_Swag Labs/icone_carrinho' is clicked on

30-01-2025T16:44:56 - [TEST_STEP][PASSED] - cartItemNames = findTestObject("Object Repository/Page_Swag Labs/cart_item_name"): null

30-01-2025T16:44:56 - [TEST_STEP][PASSED] - cartItemNameList = findWebElements(cartItemNames, 10): Found web elements by test object Object Repository/Page_Swag Labs/cart_item_name

30-01-2025T16:44:56 - [MESSAGE][PASSED] - Found web elements by test object Object Repository/Page_Swag Labs/cart_item_name

30-01-2025T16:44:56 - [TEST_STEP][PASSED] - verifyMatch(cartItemNameList[0].getText(), name, false): Actual text 'Sauce Labs Backpack' and expected text 'Sauce Labs Backpack' are matched 

30-01-2025T16:44:56 - [MESSAGE][PASSED] - Actual text 'Sauce Labs Backpack' and expected text 'Sauce Labs Backpack' are matched 

30-01-2025T16:44:56 - [TEST_STEP][PASSED] - cartItemPrices = findTestObject("Object Repository/Page_Swag Labs/cart_item_price"): null

30-01-2025T16:44:56 - [TEST_STEP][PASSED] - cartItemPriceList = findWebElements(cartItemPrices, 10): Found web elements by test object Object Repository/Page_Swag Labs/cart_item_price

30-01-2025T16:44:57 - [MESSAGE][PASSED] - Found web elements by test object Object Repository/Page_Swag Labs/cart_item_price

30-01-2025T16:44:57 - [TEST_STEP][PASSED] - verifyMatch(cartItemPriceList[0].getText(), price, false): Actual text '$29.99' and expected text '$29.99' are matched 

30-01-2025T16:44:57 - [MESSAGE][PASSED] - Actual text '$29.99' and expected text '$29.99' are matched 

30-01-2025T16:44:57 - [TEST_STEP][PASSED] - click(findTestObject("Object Repository/Page_Swag Labs/button_Continue Shopping")): Object: 'Object Repository/Page_Swag Labs/button_Continue Shopping' is clicked on

30-01-2025T16:44:57 - [MESSAGE][PASSED] - Object: 'Object Repository/Page_Swag Labs/button_Continue Shopping' is clicked on]]></system-out>
         <system-err><![CDATA[]]></system-err>
      </testcase>
      <testcase name="Test Cases/Askblue_Training/Add_to_Cart/Add_to_Cart_AleatorioUm" time="6.986" classname="Test Cases/Askblue_Training/Add_to_Cart/Add_to_Cart_AleatorioUm" status="PASSED">
         <system-out><![CDATA[30-01-2025T16:44:57 - [TEST_CASE][PASSED] - Test Cases/Askblue_Training/Add_to_Cart/Add_to_Cart_AleatorioUm: Test Cases/Askblue_Training/Add_to_Cart/Add_to_Cart_AleatorioUm

30-01-2025T16:44:57 - [TEST_STEP][PASSED] - callTestCase(findTestCase("Askblue_Training/Login_Logout/Login_Positivo"), [:], STOP_ON_FAILURE): Call Test Case 'Test Cases/Askblue_Training/Login_Logout/Login_Positivo' successfully

30-01-2025T16:44:57 - [TEST_CASE][PASSED] - Test Cases/Askblue_Training/Login_Logout/Login_Positivo: Test Cases/Askblue_Training/Login_Logout/Login_Positivo

30-01-2025T16:44:57 - [TEST_STEP][PASSED] - openBrowser(""): Browser is opened with url: ''

30-01-2025T16:44:57 - [MESSAGE][WARNING] - A browser is already opened. Closing browser and opening a new one

30-01-2025T16:44:57 - [MESSAGE][INFO] - Starting 'Chrome' driver

30-01-2025T16:44:57 - [MESSAGE][INFO] - Action delay is set to 0 milliseconds

30-01-2025T16:44:58 - [MESSAGE][PASSED] - Browser is opened with url: ''

30-01-2025T16:44:58 - [TEST_STEP][PASSED] - navigateToUrl("https://www.saucedemo.com/"): Navigate to 'https://www.saucedemo.com/' successfully

30-01-2025T16:44:58 - [MESSAGE][PASSED] - Navigate to 'https://www.saucedemo.com/' successfully

30-01-2025T16:44:58 - [TEST_STEP][PASSED] - setText(findTestObject("Object Repository/Page_Swag Labs/input_Swag Labs_user-name"), username): Text 'standard_user' is set on object 'Object Repository/Page_Swag Labs/input_Swag Labs_user-name'

30-01-2025T16:44:59 - [MESSAGE][PASSED] - Text 'standard_user' is set on object 'Object Repository/Page_Swag Labs/input_Swag Labs_user-name'

30-01-2025T16:44:59 - [TEST_STEP][PASSED] - setText(findTestObject("Object Repository/Page_Swag Labs/input_Swag Labs_password"), password): Text 'secret_sauce' is set on object 'Object Repository/Page_Swag Labs/input_Swag Labs_password'

30-01-2025T16:45:00 - [MESSAGE][PASSED] - Text 'secret_sauce' is set on object 'Object Repository/Page_Swag Labs/input_Swag Labs_password'

30-01-2025T16:45:00 - [TEST_STEP][PASSED] - click(findTestObject("Object Repository/Page_Swag Labs/input_Swag Labs_login-button")): Object: 'Object Repository/Page_Swag Labs/input_Swag Labs_login-button' is clicked on

30-01-2025T16:45:00 - [MESSAGE][PASSED] - Object: 'Object Repository/Page_Swag Labs/input_Swag Labs_login-button' is clicked on

30-01-2025T16:45:00 - [TEST_STEP][PASSED] - click(findTestObject("Object Repository/Page_Swag Labs/button_Open Menu")): Object: 'Object Repository/Page_Swag Labs/button_Open Menu' is clicked on

30-01-2025T16:45:01 - [MESSAGE][PASSED] - Object: 'Object Repository/Page_Swag Labs/button_Open Menu' is clicked on

30-01-2025T16:45:01 - [TEST_STEP][PASSED] - verifyElementText(findTestObject("Object Repository/Page_Swag Labs/a_Logout"), "Logout"): Actual text and expected text of test object 'Object Repository/Page_Swag Labs/a_Logout' are matched.

30-01-2025T16:45:01 - [MESSAGE][PASSED] - Actual text and expected text of test object 'Object Repository/Page_Swag Labs/a_Logout' are matched.

30-01-2025T16:45:01 - [TEST_STEP][PASSED] - click(findTestObject("Object Repository/Page_Swag Labs/button_Close Menu")): Object: 'Object Repository/Page_Swag Labs/button_Close Menu' is clicked on

30-01-2025T16:45:01 - [MESSAGE][PASSED] - Object: 'Object Repository/Page_Swag Labs/button_Close Menu' is clicked on

30-01-2025T16:45:01 - [MESSAGE][PASSED] - Call Test Case 'Test Cases/Askblue_Training/Login_Logout/Login_Positivo' successfully

30-01-2025T16:45:01 - [TEST_STEP][PASSED] - verifyElementText(findTestObject("Page_Swag Labs/icone_Carrinho"), ""): Actual text and expected text of test object 'Object Repository/Page_Swag Labs/icone_Carrinho' are matched.

30-01-2025T16:45:01 - [MESSAGE][PASSED] - Actual text and expected text of test object 'Object Repository/Page_Swag Labs/icone_Carrinho' are matched.

30-01-2025T16:45:01 - [TEST_STEP][PASSED] - addToCart = findTestObject("Object Repository/Page_Swag Labs/button_add_to_cart"): null

30-01-2025T16:45:02 - [TEST_STEP][PASSED] - addToCartList = findWebElements(addToCart, 10): Found web elements by test object Object Repository/Page_Swag Labs/button_add_to_cart

30-01-2025T16:45:02 - [MESSAGE][PASSED] - Found web elements by test object Object Repository/Page_Swag Labs/button_add_to_cart

30-01-2025T16:45:02 - [TEST_STEP][PASSED] - itemNames = findTestObject("Object Repository/Page_Swag Labs/item_name"): null

30-01-2025T16:45:02 - [TEST_STEP][PASSED] - itemNameList = findWebElements(itemNames, 10): Found web elements by test object Object Repository/Page_Swag Labs/item_name

30-01-2025T16:45:02 - [MESSAGE][PASSED] - Found web elements by test object Object Repository/Page_Swag Labs/item_name

30-01-2025T16:45:02 - [TEST_STEP][PASSED] - itemPrices = findTestObject("Object Repository/Page_Swag Labs/item_price"): null

30-01-2025T16:45:02 - [TEST_STEP][PASSED] - itemPriceList = findWebElements(itemPrices, 10): Found web elements by test object Object Repository/Page_Swag Labs/item_price

30-01-2025T16:45:02 - [MESSAGE][PASSED] - Found web elements by test object Object Repository/Page_Swag Labs/item_price

30-01-2025T16:45:02 - [TEST_STEP][PASSED] - rand = new java.util.Random(): null

30-01-2025T16:45:02 - [TEST_STEP][PASSED] - r = rand.nextInt(addToCartList.size()): null

30-01-2025T16:45:02 - [TEST_STEP][PASSED] - name = itemNameList[r].getText(): null

30-01-2025T16:45:02 - [TEST_STEP][PASSED] - price = itemPriceList[r].getText(): null

30-01-2025T16:45:02 - [TEST_STEP][PASSED] - get(r).click(): null

30-01-2025T16:45:02 - [TEST_STEP][PASSED] - verifyElementText(findTestObject("Page_Swag Labs/icone_carrinho"), "1"): Actual text and expected text of test object 'Object Repository/Page_Swag Labs/icone_carrinho' are matched.

30-01-2025T16:45:03 - [MESSAGE][PASSED] - Actual text and expected text of test object 'Object Repository/Page_Swag Labs/icone_carrinho' are matched.

30-01-2025T16:45:03 - [TEST_STEP][PASSED] - click(findTestObject("Object Repository/Page_Swag Labs/icone_carrinho")): Object: 'Object Repository/Page_Swag Labs/icone_carrinho' is clicked on

30-01-2025T16:45:03 - [MESSAGE][PASSED] - Object: 'Object Repository/Page_Swag Labs/icone_carrinho' is clicked on

30-01-2025T16:45:03 - [TEST_STEP][PASSED] - cartItemNames = findTestObject("Object Repository/Page_Swag Labs/cart_item_name"): null

30-01-2025T16:45:03 - [TEST_STEP][PASSED] - cartItemNameList = findWebElements(cartItemNames, 10): Found web elements by test object Object Repository/Page_Swag Labs/cart_item_name

30-01-2025T16:45:03 - [MESSAGE][PASSED] - Found web elements by test object Object Repository/Page_Swag Labs/cart_item_name

30-01-2025T16:45:03 - [TEST_STEP][PASSED] - verifyMatch(cartItemNameList[0].getText(), name, false): Actual text 'Sauce Labs Onesie' and expected text 'Sauce Labs Onesie' are matched 

30-01-2025T16:45:03 - [MESSAGE][PASSED] - Actual text 'Sauce Labs Onesie' and expected text 'Sauce Labs Onesie' are matched 

30-01-2025T16:45:03 - [TEST_STEP][PASSED] - cartItemPrices = findTestObject("Object Repository/Page_Swag Labs/cart_item_price"): null

30-01-2025T16:45:03 - [TEST_STEP][PASSED] - cartItemPriceList = findWebElements(cartItemPrices, 10): Found web elements by test object Object Repository/Page_Swag Labs/cart_item_price

30-01-2025T16:45:04 - [MESSAGE][PASSED] - Found web elements by test object Object Repository/Page_Swag Labs/cart_item_price

30-01-2025T16:45:04 - [TEST_STEP][PASSED] - verifyMatch(cartItemPriceList[0].getText(), price, false): Actual text '$7.99' and expected text '$7.99' are matched 

30-01-2025T16:45:04 - [MESSAGE][PASSED] - Actual text '$7.99' and expected text '$7.99' are matched 

30-01-2025T16:45:04 - [TEST_STEP][PASSED] - click(findTestObject("Object Repository/Page_Swag Labs/button_Continue Shopping")): Object: 'Object Repository/Page_Swag Labs/button_Continue Shopping' is clicked on

30-01-2025T16:45:04 - [MESSAGE][PASSED] - Object: 'Object Repository/Page_Swag Labs/button_Continue Shopping' is clicked on]]></system-out>
         <system-err><![CDATA[]]></system-err>
      </testcase>
      <testcase name="Test Cases/Askblue_Training/Add_to_Cart/Add_to_Cart_AleatorioVarios" time="24.463" classname="Test Cases/Askblue_Training/Add_to_Cart/Add_to_Cart_AleatorioVarios" status="PASSED">
         <system-out><![CDATA[30-01-2025T16:45:04 - [TEST_CASE][PASSED] - Test Cases/Askblue_Training/Add_to_Cart/Add_to_Cart_AleatorioVarios: Test Cases/Askblue_Training/Add_to_Cart/Add_to_Cart_AleatorioVarios

30-01-2025T16:45:04 - [TEST_STEP][PASSED] - callTestCase(findTestCase("Askblue_Training/Login_Logout/Login_Positivo"), [:], STOP_ON_FAILURE): Call Test Case 'Test Cases/Askblue_Training/Login_Logout/Login_Positivo' successfully

30-01-2025T16:45:04 - [TEST_CASE][PASSED] - Test Cases/Askblue_Training/Login_Logout/Login_Positivo: Test Cases/Askblue_Training/Login_Logout/Login_Positivo

30-01-2025T16:45:04 - [TEST_STEP][PASSED] - openBrowser(""): Browser is opened with url: ''

30-01-2025T16:45:04 - [MESSAGE][WARNING] - A browser is already opened. Closing browser and opening a new one

30-01-2025T16:45:04 - [MESSAGE][INFO] - Starting 'Chrome' driver

30-01-2025T16:45:04 - [MESSAGE][INFO] - Action delay is set to 0 milliseconds

30-01-2025T16:45:05 - [MESSAGE][PASSED] - Browser is opened with url: ''

30-01-2025T16:45:05 - [TEST_STEP][PASSED] - navigateToUrl("https://www.saucedemo.com/"): Navigate to 'https://www.saucedemo.com/' successfully

30-01-2025T16:45:05 - [MESSAGE][PASSED] - Navigate to 'https://www.saucedemo.com/' successfully

30-01-2025T16:45:05 - [TEST_STEP][PASSED] - setText(findTestObject("Object Repository/Page_Swag Labs/input_Swag Labs_user-name"), username): Text 'standard_user' is set on object 'Object Repository/Page_Swag Labs/input_Swag Labs_user-name'

30-01-2025T16:45:07 - [MESSAGE][PASSED] - Text 'standard_user' is set on object 'Object Repository/Page_Swag Labs/input_Swag Labs_user-name'

30-01-2025T16:45:07 - [TEST_STEP][PASSED] - setText(findTestObject("Object Repository/Page_Swag Labs/input_Swag Labs_password"), password): Text 'secret_sauce' is set on object 'Object Repository/Page_Swag Labs/input_Swag Labs_password'

30-01-2025T16:45:07 - [MESSAGE][PASSED] - Text 'secret_sauce' is set on object 'Object Repository/Page_Swag Labs/input_Swag Labs_password'

30-01-2025T16:45:07 - [TEST_STEP][PASSED] - click(findTestObject("Object Repository/Page_Swag Labs/input_Swag Labs_login-button")): Object: 'Object Repository/Page_Swag Labs/input_Swag Labs_login-button' is clicked on

30-01-2025T16:45:07 - [MESSAGE][PASSED] - Object: 'Object Repository/Page_Swag Labs/input_Swag Labs_login-button' is clicked on

30-01-2025T16:45:07 - [TEST_STEP][PASSED] - click(findTestObject("Object Repository/Page_Swag Labs/button_Open Menu")): Object: 'Object Repository/Page_Swag Labs/button_Open Menu' is clicked on

30-01-2025T16:45:08 - [MESSAGE][PASSED] - Object: 'Object Repository/Page_Swag Labs/button_Open Menu' is clicked on

30-01-2025T16:45:08 - [TEST_STEP][PASSED] - verifyElementText(findTestObject("Object Repository/Page_Swag Labs/a_Logout"), "Logout"): Actual text and expected text of test object 'Object Repository/Page_Swag Labs/a_Logout' are matched.

30-01-2025T16:45:08 - [MESSAGE][PASSED] - Actual text and expected text of test object 'Object Repository/Page_Swag Labs/a_Logout' are matched.

30-01-2025T16:45:08 - [TEST_STEP][PASSED] - click(findTestObject("Object Repository/Page_Swag Labs/button_Close Menu")): Object: 'Object Repository/Page_Swag Labs/button_Close Menu' is clicked on

30-01-2025T16:45:08 - [MESSAGE][PASSED] - Object: 'Object Repository/Page_Swag Labs/button_Close Menu' is clicked on

30-01-2025T16:45:08 - [MESSAGE][PASSED] - Call Test Case 'Test Cases/Askblue_Training/Login_Logout/Login_Positivo' successfully

30-01-2025T16:45:08 - [TEST_STEP][PASSED] - verifyElementText(findTestObject("Page_Swag Labs/icone_carrinho"), ""): Actual text and expected text of test object 'Object Repository/Page_Swag Labs/icone_carrinho' are matched.

30-01-2025T16:45:09 - [MESSAGE][PASSED] - Actual text and expected text of test object 'Object Repository/Page_Swag Labs/icone_carrinho' are matched.

30-01-2025T16:45:09 - [TEST_STEP][PASSED] - addToCart = TestObject().addProperty("xpath", EQUALS, "//button[text()='Add to cart']"): null

30-01-2025T16:45:09 - [TEST_STEP][PASSED] - addToCartList = findWebElements(addToCart, 10): Found web elements by test object 

30-01-2025T16:45:09 - [MESSAGE][PASSED] - Found web elements by test object 

30-01-2025T16:45:09 - [TEST_STEP][PASSED] - itemNames = findTestObject("Object Repository/Page_Swag Labs/item_name"): null

30-01-2025T16:45:09 - [TEST_STEP][PASSED] - itemNameList = findWebElements(itemNames, 10): Found web elements by test object Object Repository/Page_Swag Labs/item_name

30-01-2025T16:45:09 - [MESSAGE][PASSED] - Found web elements by test object Object Repository/Page_Swag Labs/item_name

30-01-2025T16:45:09 - [TEST_STEP][PASSED] - itemPrices = findTestObject("Object Repository/Page_Swag Labs/item_price"): null

30-01-2025T16:45:09 - [TEST_STEP][PASSED] - itemPriceList = findWebElements(itemPrices, 10): Found web elements by test object Object Repository/Page_Swag Labs/item_price

30-01-2025T16:45:09 - [MESSAGE][PASSED] - Found web elements by test object Object Repository/Page_Swag Labs/item_price

30-01-2025T16:45:09 - [TEST_STEP][PASSED] - addedItems = new java.util.HashSet(): null

30-01-2025T16:45:09 - [TEST_STEP][PASSED] - v = Random().nextInt(addToCartList.size() - 2) + 2: null

30-01-2025T16:45:09 - [TEST_STEP][PASSED] - for ([i = 0, i < v, (i++)]): Object: 'Object Repository/Page_Swag Labs/button_Continue Shopping' is clicked on

30-01-2025T16:45:09 - [TEST_STEP][PASSED] - availableItems = findWebElements(findTestObject("Object Repository/Page_Swag Labs/item_name"), 10): Found web elements by test object Object Repository/Page_Swag Labs/item_name

30-01-2025T16:45:10 - [MESSAGE][PASSED] - Found web elements by test object Object Repository/Page_Swag Labs/item_name

30-01-2025T16:45:10 - [TEST_STEP][PASSED] - availablePrices = findWebElements(findTestObject("Object Repository/Page_Swag Labs/item_price"), 10): Found web elements by test object Object Repository/Page_Swag Labs/item_price

30-01-2025T16:45:10 - [MESSAGE][PASSED] - Found web elements by test object Object Repository/Page_Swag Labs/item_price

30-01-2025T16:45:10 - [TEST_STEP][PASSED] - availableButtons = findWebElements(findTestObject("Object Repository/Page_Swag Labs/button_add_to_cart"), 10): Found web elements by test object Object Repository/Page_Swag Labs/button_add_to_cart

30-01-2025T16:45:10 - [MESSAGE][PASSED] - Found web elements by test object Object Repository/Page_Swag Labs/button_add_to_cart

30-01-2025T16:45:10 - [TEST_STEP][PASSED] - validIndexes = []: null

30-01-2025T16:45:10 - [TEST_STEP][PASSED] - for ([j = 0, j < availableItems.size(), (j++)]): null

30-01-2025T16:45:10 - [TEST_STEP][PASSED] - if (!(addedItems.contains(availableItems[j].getText()))): null

30-01-2025T16:45:10 - [TEST_STEP][PASSED] - validIndexes.add(j): null

30-01-2025T16:45:10 - [TEST_STEP][PASSED] - if (!(addedItems.contains(availableItems[j].getText()))): null

30-01-2025T16:45:10 - [TEST_STEP][PASSED] - validIndexes.add(j): null

30-01-2025T16:45:10 - [TEST_STEP][PASSED] - if (!(addedItems.contains(availableItems[j].getText()))): null

30-01-2025T16:45:10 - [TEST_STEP][PASSED] - validIndexes.add(j): null

30-01-2025T16:45:10 - [TEST_STEP][PASSED] - if (!(addedItems.contains(availableItems[j].getText()))): null

30-01-2025T16:45:10 - [TEST_STEP][PASSED] - validIndexes.add(j): null

30-01-2025T16:45:10 - [TEST_STEP][PASSED] - if (!(addedItems.contains(availableItems[j].getText()))): null

30-01-2025T16:45:10 - [TEST_STEP][PASSED] - validIndexes.add(j): null

30-01-2025T16:45:10 - [TEST_STEP][PASSED] - if (!(addedItems.contains(availableItems[j].getText()))): null

30-01-2025T16:45:10 - [TEST_STEP][PASSED] - validIndexes.add(j): null

30-01-2025T16:45:10 - [TEST_STEP][PASSED] - if (validIndexes.isEmpty()): null

30-01-2025T16:45:10 - [TEST_STEP][PASSED] - randomIndex = validIndexes.get(Random().nextInt(validIndexes.size())): null

30-01-2025T16:45:10 - [TEST_STEP][PASSED] - name = availableItems[randomIndex].getText(): null

30-01-2025T16:45:10 - [TEST_STEP][PASSED] - price = availablePrices[randomIndex].getText(): null

30-01-2025T16:45:10 - [TEST_STEP][PASSED] - availableButtons[randomIndex].click(): null

30-01-2025T16:45:10 - [TEST_STEP][PASSED] - delay(1): Delayed 1 second(s)

30-01-2025T16:45:11 - [MESSAGE][PASSED] - Delayed 1 second(s)

30-01-2025T16:45:11 - [TEST_STEP][PASSED] - verifyElementText(findTestObject("Object Repository/Page_Swag Labs/icone_carrinho"), i + 1.toString()): Actual text and expected text of test object 'Object Repository/Page_Swag Labs/icone_carrinho' are matched.

30-01-2025T16:45:12 - [MESSAGE][PASSED] - Actual text and expected text of test object 'Object Repository/Page_Swag Labs/icone_carrinho' are matched.

30-01-2025T16:45:12 - [TEST_STEP][PASSED] - click(findTestObject("Object Repository/Page_Swag Labs/icone_carrinho")): Object: 'Object Repository/Page_Swag Labs/icone_carrinho' is clicked on

30-01-2025T16:45:12 - [MESSAGE][PASSED] - Object: 'Object Repository/Page_Swag Labs/icone_carrinho' is clicked on

30-01-2025T16:45:12 - [TEST_STEP][PASSED] - delay(1): Delayed 1 second(s)

30-01-2025T16:45:13 - [MESSAGE][PASSED] - Delayed 1 second(s)

30-01-2025T16:45:13 - [TEST_STEP][PASSED] - cartItemNameList = findWebElements(findTestObject("Object Repository/Page_Swag Labs/cart_item_name"), 10): Found web elements by test object Object Repository/Page_Swag Labs/cart_item_name

30-01-2025T16:45:13 - [MESSAGE][PASSED] - Found web elements by test object Object Repository/Page_Swag Labs/cart_item_name

30-01-2025T16:45:13 - [TEST_STEP][PASSED] - cartItemPriceList = findWebElements(findTestObject("Object Repository/Page_Swag Labs/cart_item_price"), 10): Found web elements by test object Object Repository/Page_Swag Labs/cart_item_price

30-01-2025T16:45:14 - [MESSAGE][PASSED] - Found web elements by test object Object Repository/Page_Swag Labs/cart_item_price

30-01-2025T16:45:14 - [TEST_STEP][PASSED] - verifyMatch(cartItemNameList[i].getText(), name, false): Actual text 'Test.allTheThings() T-Shirt (Red)' and expected text 'Test.allTheThings() T-Shirt (Red)' are matched 

30-01-2025T16:45:14 - [MESSAGE][PASSED] - Actual text 'Test.allTheThings() T-Shirt (Red)' and expected text 'Test.allTheThings() T-Shirt (Red)' are matched 

30-01-2025T16:45:14 - [TEST_STEP][PASSED] - verifyMatch(cartItemPriceList[i].getText(), price, false): Actual text '$15.99' and expected text '$15.99' are matched 

30-01-2025T16:45:14 - [MESSAGE][PASSED] - Actual text '$15.99' and expected text '$15.99' are matched 

30-01-2025T16:45:14 - [TEST_STEP][PASSED] - addedItems.add(name): null

30-01-2025T16:45:14 - [TEST_STEP][PASSED] - click(findTestObject("Object Repository/Page_Swag Labs/button_Continue Shopping")): Object: 'Object Repository/Page_Swag Labs/button_Continue Shopping' is clicked on

30-01-2025T16:45:14 - [MESSAGE][PASSED] - Object: 'Object Repository/Page_Swag Labs/button_Continue Shopping' is clicked on

30-01-2025T16:45:14 - [TEST_STEP][PASSED] - availableItems = findWebElements(findTestObject("Object Repository/Page_Swag Labs/item_name"), 10): Found web elements by test object Object Repository/Page_Swag Labs/item_name

30-01-2025T16:45:14 - [MESSAGE][PASSED] - Found web elements by test object Object Repository/Page_Swag Labs/item_name

30-01-2025T16:45:14 - [TEST_STEP][PASSED] - availablePrices = findWebElements(findTestObject("Object Repository/Page_Swag Labs/item_price"), 10): Found web elements by test object Object Repository/Page_Swag Labs/item_price

30-01-2025T16:45:14 - [MESSAGE][PASSED] - Found web elements by test object Object Repository/Page_Swag Labs/item_price

30-01-2025T16:45:14 - [TEST_STEP][PASSED] - availableButtons = findWebElements(findTestObject("Object Repository/Page_Swag Labs/button_add_to_cart"), 10): Found web elements by test object Object Repository/Page_Swag Labs/button_add_to_cart

30-01-2025T16:45:15 - [MESSAGE][PASSED] - Found web elements by test object Object Repository/Page_Swag Labs/button_add_to_cart

30-01-2025T16:45:15 - [TEST_STEP][PASSED] - validIndexes = []: null

30-01-2025T16:45:15 - [TEST_STEP][PASSED] - for ([j = 0, j < availableItems.size(), (j++)]): null

30-01-2025T16:45:15 - [TEST_STEP][PASSED] - if (!(addedItems.contains(availableItems[j].getText()))): null

30-01-2025T16:45:15 - [TEST_STEP][PASSED] - validIndexes.add(j): null

30-01-2025T16:45:15 - [TEST_STEP][PASSED] - if (!(addedItems.contains(availableItems[j].getText()))): null

30-01-2025T16:45:15 - [TEST_STEP][PASSED] - validIndexes.add(j): null

30-01-2025T16:45:15 - [TEST_STEP][PASSED] - if (!(addedItems.contains(availableItems[j].getText()))): null

30-01-2025T16:45:15 - [TEST_STEP][PASSED] - validIndexes.add(j): null

30-01-2025T16:45:15 - [TEST_STEP][PASSED] - if (!(addedItems.contains(availableItems[j].getText()))): null

30-01-2025T16:45:15 - [TEST_STEP][PASSED] - validIndexes.add(j): null

30-01-2025T16:45:15 - [TEST_STEP][PASSED] - if (!(addedItems.contains(availableItems[j].getText()))): null

30-01-2025T16:45:15 - [TEST_STEP][PASSED] - validIndexes.add(j): null

30-01-2025T16:45:15 - [TEST_STEP][PASSED] - if (!(addedItems.contains(availableItems[j].getText()))): null

30-01-2025T16:45:15 - [TEST_STEP][PASSED] - if (validIndexes.isEmpty()): null

30-01-2025T16:45:15 - [TEST_STEP][PASSED] - randomIndex = validIndexes.get(Random().nextInt(validIndexes.size())): null

30-01-2025T16:45:15 - [TEST_STEP][PASSED] - name = availableItems[randomIndex].getText(): null

30-01-2025T16:45:15 - [TEST_STEP][PASSED] - price = availablePrices[randomIndex].getText(): null

30-01-2025T16:45:15 - [TEST_STEP][PASSED] - availableButtons[randomIndex].click(): null

30-01-2025T16:45:15 - [TEST_STEP][PASSED] - delay(1): Delayed 1 second(s)

30-01-2025T16:45:16 - [MESSAGE][PASSED] - Delayed 1 second(s)

30-01-2025T16:45:16 - [TEST_STEP][PASSED] - verifyElementText(findTestObject("Object Repository/Page_Swag Labs/icone_carrinho"), i + 1.toString()): Actual text and expected text of test object 'Object Repository/Page_Swag Labs/icone_carrinho' are matched.

30-01-2025T16:45:16 - [MESSAGE][PASSED] - Actual text and expected text of test object 'Object Repository/Page_Swag Labs/icone_carrinho' are matched.

30-01-2025T16:45:16 - [TEST_STEP][PASSED] - click(findTestObject("Object Repository/Page_Swag Labs/icone_carrinho")): Object: 'Object Repository/Page_Swag Labs/icone_carrinho' is clicked on

30-01-2025T16:45:18 - [MESSAGE][PASSED] - Object: 'Object Repository/Page_Swag Labs/icone_carrinho' is clicked on

30-01-2025T16:45:18 - [TEST_STEP][PASSED] - delay(1): Delayed 1 second(s)

30-01-2025T16:45:19 - [MESSAGE][PASSED] - Delayed 1 second(s)

30-01-2025T16:45:19 - [TEST_STEP][PASSED] - cartItemNameList = findWebElements(findTestObject("Object Repository/Page_Swag Labs/cart_item_name"), 10): Found web elements by test object Object Repository/Page_Swag Labs/cart_item_name

30-01-2025T16:45:19 - [MESSAGE][PASSED] - Found web elements by test object Object Repository/Page_Swag Labs/cart_item_name

30-01-2025T16:45:19 - [TEST_STEP][PASSED] - cartItemPriceList = findWebElements(findTestObject("Object Repository/Page_Swag Labs/cart_item_price"), 10): Found web elements by test object Object Repository/Page_Swag Labs/cart_item_price

30-01-2025T16:45:19 - [MESSAGE][PASSED] - Found web elements by test object Object Repository/Page_Swag Labs/cart_item_price

30-01-2025T16:45:19 - [TEST_STEP][PASSED] - verifyMatch(cartItemNameList[i].getText(), name, false): Actual text 'Sauce Labs Onesie' and expected text 'Sauce Labs Onesie' are matched 

30-01-2025T16:45:19 - [MESSAGE][PASSED] - Actual text 'Sauce Labs Onesie' and expected text 'Sauce Labs Onesie' are matched 

30-01-2025T16:45:19 - [TEST_STEP][PASSED] - verifyMatch(cartItemPriceList[i].getText(), price, false): Actual text '$7.99' and expected text '$7.99' are matched 

30-01-2025T16:45:19 - [MESSAGE][PASSED] - Actual text '$7.99' and expected text '$7.99' are matched 

30-01-2025T16:45:19 - [TEST_STEP][PASSED] - addedItems.add(name): null

30-01-2025T16:45:19 - [TEST_STEP][PASSED] - click(findTestObject("Object Repository/Page_Swag Labs/button_Continue Shopping")): Object: 'Object Repository/Page_Swag Labs/button_Continue Shopping' is clicked on

30-01-2025T16:45:20 - [MESSAGE][PASSED] - Object: 'Object Repository/Page_Swag Labs/button_Continue Shopping' is clicked on

30-01-2025T16:45:20 - [TEST_STEP][PASSED] - availableItems = findWebElements(findTestObject("Object Repository/Page_Swag Labs/item_name"), 10): Found web elements by test object Object Repository/Page_Swag Labs/item_name

30-01-2025T16:45:20 - [MESSAGE][PASSED] - Found web elements by test object Object Repository/Page_Swag Labs/item_name

30-01-2025T16:45:20 - [TEST_STEP][PASSED] - availablePrices = findWebElements(findTestObject("Object Repository/Page_Swag Labs/item_price"), 10): Found web elements by test object Object Repository/Page_Swag Labs/item_price

30-01-2025T16:45:20 - [MESSAGE][PASSED] - Found web elements by test object Object Repository/Page_Swag Labs/item_price

30-01-2025T16:45:20 - [TEST_STEP][PASSED] - availableButtons = findWebElements(findTestObject("Object Repository/Page_Swag Labs/button_add_to_cart"), 10): Found web elements by test object Object Repository/Page_Swag Labs/button_add_to_cart

30-01-2025T16:45:21 - [MESSAGE][PASSED] - Found web elements by test object Object Repository/Page_Swag Labs/button_add_to_cart

30-01-2025T16:45:21 - [TEST_STEP][PASSED] - validIndexes = []: null

30-01-2025T16:45:21 - [TEST_STEP][PASSED] - for ([j = 0, j < availableItems.size(), (j++)]): null

30-01-2025T16:45:21 - [TEST_STEP][PASSED] - if (!(addedItems.contains(availableItems[j].getText()))): null

30-01-2025T16:45:21 - [TEST_STEP][PASSED] - validIndexes.add(j): null

30-01-2025T16:45:21 - [TEST_STEP][PASSED] - if (!(addedItems.contains(availableItems[j].getText()))): null

30-01-2025T16:45:21 - [TEST_STEP][PASSED] - validIndexes.add(j): null

30-01-2025T16:45:21 - [TEST_STEP][PASSED] - if (!(addedItems.contains(availableItems[j].getText()))): null

30-01-2025T16:45:21 - [TEST_STEP][PASSED] - validIndexes.add(j): null

30-01-2025T16:45:21 - [TEST_STEP][PASSED] - if (!(addedItems.contains(availableItems[j].getText()))): null

30-01-2025T16:45:21 - [TEST_STEP][PASSED] - validIndexes.add(j): null

30-01-2025T16:45:21 - [TEST_STEP][PASSED] - if (!(addedItems.contains(availableItems[j].getText()))): null

30-01-2025T16:45:21 - [TEST_STEP][PASSED] - if (!(addedItems.contains(availableItems[j].getText()))): null

30-01-2025T16:45:21 - [TEST_STEP][PASSED] - if (validIndexes.isEmpty()): null

30-01-2025T16:45:21 - [TEST_STEP][PASSED] - randomIndex = validIndexes.get(Random().nextInt(validIndexes.size())): null

30-01-2025T16:45:21 - [TEST_STEP][PASSED] - name = availableItems[randomIndex].getText(): null

30-01-2025T16:45:21 - [TEST_STEP][PASSED] - price = availablePrices[randomIndex].getText(): null

30-01-2025T16:45:21 - [TEST_STEP][PASSED] - availableButtons[randomIndex].click(): null

30-01-2025T16:45:21 - [TEST_STEP][PASSED] - delay(1): Delayed 1 second(s)

30-01-2025T16:45:22 - [MESSAGE][PASSED] - Delayed 1 second(s)

30-01-2025T16:45:22 - [TEST_STEP][PASSED] - verifyElementText(findTestObject("Object Repository/Page_Swag Labs/icone_carrinho"), i + 1.toString()): Actual text and expected text of test object 'Object Repository/Page_Swag Labs/icone_carrinho' are matched.

30-01-2025T16:45:22 - [MESSAGE][PASSED] - Actual text and expected text of test object 'Object Repository/Page_Swag Labs/icone_carrinho' are matched.

30-01-2025T16:45:22 - [TEST_STEP][PASSED] - click(findTestObject("Object Repository/Page_Swag Labs/icone_carrinho")): Object: 'Object Repository/Page_Swag Labs/icone_carrinho' is clicked on

30-01-2025T16:45:22 - [MESSAGE][PASSED] - Object: 'Object Repository/Page_Swag Labs/icone_carrinho' is clicked on

30-01-2025T16:45:22 - [TEST_STEP][PASSED] - delay(1): Delayed 1 second(s)

30-01-2025T16:45:23 - [MESSAGE][PASSED] - Delayed 1 second(s)

30-01-2025T16:45:23 - [TEST_STEP][PASSED] - cartItemNameList = findWebElements(findTestObject("Object Repository/Page_Swag Labs/cart_item_name"), 10): Found web elements by test object Object Repository/Page_Swag Labs/cart_item_name

30-01-2025T16:45:23 - [MESSAGE][PASSED] - Found web elements by test object Object Repository/Page_Swag Labs/cart_item_name

30-01-2025T16:45:23 - [TEST_STEP][PASSED] - cartItemPriceList = findWebElements(findTestObject("Object Repository/Page_Swag Labs/cart_item_price"), 10): Found web elements by test object Object Repository/Page_Swag Labs/cart_item_price

30-01-2025T16:45:24 - [MESSAGE][PASSED] - Found web elements by test object Object Repository/Page_Swag Labs/cart_item_price

30-01-2025T16:45:24 - [TEST_STEP][PASSED] - verifyMatch(cartItemNameList[i].getText(), name, false): Actual text 'Sauce Labs Fleece Jacket' and expected text 'Sauce Labs Fleece Jacket' are matched 

30-01-2025T16:45:24 - [MESSAGE][PASSED] - Actual text 'Sauce Labs Fleece Jacket' and expected text 'Sauce Labs Fleece Jacket' are matched 

30-01-2025T16:45:24 - [TEST_STEP][PASSED] - verifyMatch(cartItemPriceList[i].getText(), price, false): Actual text '$49.99' and expected text '$49.99' are matched 

30-01-2025T16:45:24 - [MESSAGE][PASSED] - Actual text '$49.99' and expected text '$49.99' are matched 

30-01-2025T16:45:24 - [TEST_STEP][PASSED] - addedItems.add(name): null

30-01-2025T16:45:24 - [TEST_STEP][PASSED] - click(findTestObject("Object Repository/Page_Swag Labs/button_Continue Shopping")): Object: 'Object Repository/Page_Swag Labs/button_Continue Shopping' is clicked on

30-01-2025T16:45:24 - [MESSAGE][PASSED] - Object: 'Object Repository/Page_Swag Labs/button_Continue Shopping' is clicked on

30-01-2025T16:45:24 - [TEST_STEP][PASSED] - availableItems = findWebElements(findTestObject("Object Repository/Page_Swag Labs/item_name"), 10): Found web elements by test object Object Repository/Page_Swag Labs/item_name

30-01-2025T16:45:24 - [MESSAGE][PASSED] - Found web elements by test object Object Repository/Page_Swag Labs/item_name

30-01-2025T16:45:24 - [TEST_STEP][PASSED] - availablePrices = findWebElements(findTestObject("Object Repository/Page_Swag Labs/item_price"), 10): Found web elements by test object Object Repository/Page_Swag Labs/item_price

30-01-2025T16:45:25 - [MESSAGE][PASSED] - Found web elements by test object Object Repository/Page_Swag Labs/item_price

30-01-2025T16:45:25 - [TEST_STEP][PASSED] - availableButtons = findWebElements(findTestObject("Object Repository/Page_Swag Labs/button_add_to_cart"), 10): Found web elements by test object Object Repository/Page_Swag Labs/button_add_to_cart

30-01-2025T16:45:25 - [MESSAGE][PASSED] - Found web elements by test object Object Repository/Page_Swag Labs/button_add_to_cart

30-01-2025T16:45:25 - [TEST_STEP][PASSED] - validIndexes = []: null

30-01-2025T16:45:25 - [TEST_STEP][PASSED] - for ([j = 0, j < availableItems.size(), (j++)]): null

30-01-2025T16:45:25 - [TEST_STEP][PASSED] - if (!(addedItems.contains(availableItems[j].getText()))): null

30-01-2025T16:45:25 - [TEST_STEP][PASSED] - validIndexes.add(j): null

30-01-2025T16:45:25 - [TEST_STEP][PASSED] - if (!(addedItems.contains(availableItems[j].getText()))): null

30-01-2025T16:45:25 - [TEST_STEP][PASSED] - validIndexes.add(j): null

30-01-2025T16:45:25 - [TEST_STEP][PASSED] - if (!(addedItems.contains(availableItems[j].getText()))): null

30-01-2025T16:45:25 - [TEST_STEP][PASSED] - validIndexes.add(j): null

30-01-2025T16:45:25 - [TEST_STEP][PASSED] - if (!(addedItems.contains(availableItems[j].getText()))): null

30-01-2025T16:45:25 - [TEST_STEP][PASSED] - if (!(addedItems.contains(availableItems[j].getText()))): null

30-01-2025T16:45:25 - [TEST_STEP][PASSED] - if (!(addedItems.contains(availableItems[j].getText()))): null

30-01-2025T16:45:25 - [TEST_STEP][PASSED] - if (validIndexes.isEmpty()): null

30-01-2025T16:45:25 - [TEST_STEP][PASSED] - randomIndex = validIndexes.get(Random().nextInt(validIndexes.size())): null

30-01-2025T16:45:25 - [TEST_STEP][PASSED] - name = availableItems[randomIndex].getText(): null

30-01-2025T16:45:25 - [TEST_STEP][PASSED] - price = availablePrices[randomIndex].getText(): null

30-01-2025T16:45:25 - [TEST_STEP][PASSED] - availableButtons[randomIndex].click(): null

30-01-2025T16:45:25 - [TEST_STEP][PASSED] - delay(1): Delayed 1 second(s)

30-01-2025T16:45:26 - [MESSAGE][PASSED] - Delayed 1 second(s)

30-01-2025T16:45:26 - [TEST_STEP][PASSED] - verifyElementText(findTestObject("Object Repository/Page_Swag Labs/icone_carrinho"), i + 1.toString()): Actual text and expected text of test object 'Object Repository/Page_Swag Labs/icone_carrinho' are matched.

30-01-2025T16:45:26 - [MESSAGE][PASSED] - Actual text and expected text of test object 'Object Repository/Page_Swag Labs/icone_carrinho' are matched.

30-01-2025T16:45:26 - [TEST_STEP][PASSED] - click(findTestObject("Object Repository/Page_Swag Labs/icone_carrinho")): Object: 'Object Repository/Page_Swag Labs/icone_carrinho' is clicked on

30-01-2025T16:45:27 - [MESSAGE][PASSED] - Object: 'Object Repository/Page_Swag Labs/icone_carrinho' is clicked on

30-01-2025T16:45:27 - [TEST_STEP][PASSED] - delay(1): Delayed 1 second(s)

30-01-2025T16:45:28 - [MESSAGE][PASSED] - Delayed 1 second(s)

30-01-2025T16:45:28 - [TEST_STEP][PASSED] - cartItemNameList = findWebElements(findTestObject("Object Repository/Page_Swag Labs/cart_item_name"), 10): Found web elements by test object Object Repository/Page_Swag Labs/cart_item_name

30-01-2025T16:45:28 - [MESSAGE][PASSED] - Found web elements by test object Object Repository/Page_Swag Labs/cart_item_name

30-01-2025T16:45:28 - [TEST_STEP][PASSED] - cartItemPriceList = findWebElements(findTestObject("Object Repository/Page_Swag Labs/cart_item_price"), 10): Found web elements by test object Object Repository/Page_Swag Labs/cart_item_price

30-01-2025T16:45:28 - [MESSAGE][PASSED] - Found web elements by test object Object Repository/Page_Swag Labs/cart_item_price

30-01-2025T16:45:28 - [TEST_STEP][PASSED] - verifyMatch(cartItemNameList[i].getText(), name, false): Actual text 'Sauce Labs Backpack' and expected text 'Sauce Labs Backpack' are matched 

30-01-2025T16:45:28 - [MESSAGE][PASSED] - Actual text 'Sauce Labs Backpack' and expected text 'Sauce Labs Backpack' are matched 

30-01-2025T16:45:28 - [TEST_STEP][PASSED] - verifyMatch(cartItemPriceList[i].getText(), price, false): Actual text '$29.99' and expected text '$29.99' are matched 

30-01-2025T16:45:28 - [MESSAGE][PASSED] - Actual text '$29.99' and expected text '$29.99' are matched 

30-01-2025T16:45:28 - [TEST_STEP][PASSED] - addedItems.add(name): null

30-01-2025T16:45:28 - [TEST_STEP][PASSED] - click(findTestObject("Object Repository/Page_Swag Labs/button_Continue Shopping")): Object: 'Object Repository/Page_Swag Labs/button_Continue Shopping' is clicked on

30-01-2025T16:45:28 - [MESSAGE][PASSED] - Object: 'Object Repository/Page_Swag Labs/button_Continue Shopping' is clicked on]]></system-out>
         <system-err><![CDATA[]]></system-err>
      </testcase>
      <testcase name="Test Cases/Askblue_Training/Add_to_Cart/Add_to_Cart_Todos" time="27.853" classname="Test Cases/Askblue_Training/Add_to_Cart/Add_to_Cart_Todos" status="PASSED">
         <system-out><![CDATA[30-01-2025T16:45:28 - [TEST_CASE][PASSED] - Test Cases/Askblue_Training/Add_to_Cart/Add_to_Cart_Todos: Test Cases/Askblue_Training/Add_to_Cart/Add_to_Cart_Todos

30-01-2025T16:45:29 - [TEST_STEP][PASSED] - callTestCase(findTestCase("Askblue_Training/Login_Logout/Login_Positivo"), ["username":"standard_user", "password":"secret_sauce"], STOP_ON_FAILURE): Call Test Case 'Test Cases/Askblue_Training/Login_Logout/Login_Positivo' successfully

30-01-2025T16:45:29 - [TEST_CASE][PASSED] - Test Cases/Askblue_Training/Login_Logout/Login_Positivo: Test Cases/Askblue_Training/Login_Logout/Login_Positivo

30-01-2025T16:45:29 - [TEST_STEP][PASSED] - openBrowser(""): Browser is opened with url: ''

30-01-2025T16:45:29 - [MESSAGE][WARNING] - A browser is already opened. Closing browser and opening a new one

30-01-2025T16:45:29 - [MESSAGE][INFO] - Starting 'Chrome' driver

30-01-2025T16:45:29 - [MESSAGE][INFO] - Action delay is set to 0 milliseconds

30-01-2025T16:45:30 - [MESSAGE][PASSED] - Browser is opened with url: ''

30-01-2025T16:45:30 - [TEST_STEP][PASSED] - navigateToUrl("https://www.saucedemo.com/"): Navigate to 'https://www.saucedemo.com/' successfully

30-01-2025T16:45:30 - [MESSAGE][PASSED] - Navigate to 'https://www.saucedemo.com/' successfully

30-01-2025T16:45:30 - [TEST_STEP][PASSED] - setText(findTestObject("Object Repository/Page_Swag Labs/input_Swag Labs_user-name"), username): Text 'standard_user' is set on object 'Object Repository/Page_Swag Labs/input_Swag Labs_user-name'

30-01-2025T16:45:31 - [MESSAGE][PASSED] - Text 'standard_user' is set on object 'Object Repository/Page_Swag Labs/input_Swag Labs_user-name'

30-01-2025T16:45:31 - [TEST_STEP][PASSED] - setText(findTestObject("Object Repository/Page_Swag Labs/input_Swag Labs_password"), password): Text 'secret_sauce' is set on object 'Object Repository/Page_Swag Labs/input_Swag Labs_password'

30-01-2025T16:45:32 - [MESSAGE][PASSED] - Text 'secret_sauce' is set on object 'Object Repository/Page_Swag Labs/input_Swag Labs_password'

30-01-2025T16:45:32 - [TEST_STEP][PASSED] - click(findTestObject("Object Repository/Page_Swag Labs/input_Swag Labs_login-button")): Object: 'Object Repository/Page_Swag Labs/input_Swag Labs_login-button' is clicked on

30-01-2025T16:45:32 - [MESSAGE][PASSED] - Object: 'Object Repository/Page_Swag Labs/input_Swag Labs_login-button' is clicked on

30-01-2025T16:45:32 - [TEST_STEP][PASSED] - click(findTestObject("Object Repository/Page_Swag Labs/button_Open Menu")): Object: 'Object Repository/Page_Swag Labs/button_Open Menu' is clicked on

30-01-2025T16:45:32 - [MESSAGE][PASSED] - Object: 'Object Repository/Page_Swag Labs/button_Open Menu' is clicked on

30-01-2025T16:45:32 - [TEST_STEP][PASSED] - verifyElementText(findTestObject("Object Repository/Page_Swag Labs/a_Logout"), "Logout"): Actual text and expected text of test object 'Object Repository/Page_Swag Labs/a_Logout' are matched.

30-01-2025T16:45:33 - [MESSAGE][PASSED] - Actual text and expected text of test object 'Object Repository/Page_Swag Labs/a_Logout' are matched.

30-01-2025T16:45:33 - [TEST_STEP][PASSED] - click(findTestObject("Object Repository/Page_Swag Labs/button_Close Menu")): Object: 'Object Repository/Page_Swag Labs/button_Close Menu' is clicked on

30-01-2025T16:45:33 - [MESSAGE][PASSED] - Object: 'Object Repository/Page_Swag Labs/button_Close Menu' is clicked on

30-01-2025T16:45:33 - [MESSAGE][PASSED] - Call Test Case 'Test Cases/Askblue_Training/Login_Logout/Login_Positivo' successfully

30-01-2025T16:45:33 - [TEST_STEP][PASSED] - addToCart = findTestObject("Object Repository/Page_Swag Labs/button_add_to_cart"): null

30-01-2025T16:45:33 - [TEST_STEP][PASSED] - addToCartList = findWebElements(addToCart, 10): Found web elements by test object Object Repository/Page_Swag Labs/button_add_to_cart

30-01-2025T16:45:33 - [MESSAGE][PASSED] - Found web elements by test object Object Repository/Page_Swag Labs/button_add_to_cart

30-01-2025T16:45:33 - [TEST_STEP][PASSED] - for ([i = 0, i < addToCartList.size(), (i++)]): Found web elements by test object Object Repository/Page_Swag Labs/item_price

30-01-2025T16:45:33 - [TEST_STEP][PASSED] - itemNames = findTestObject("Object Repository/Page_Swag Labs/item_name"): null

30-01-2025T16:45:33 - [TEST_STEP][PASSED] - itemNameList = findWebElements(itemNames, 10): Found web elements by test object Object Repository/Page_Swag Labs/item_name

30-01-2025T16:45:33 - [MESSAGE][PASSED] - Found web elements by test object Object Repository/Page_Swag Labs/item_name

30-01-2025T16:45:33 - [TEST_STEP][PASSED] - name = itemNameList[i].getText(): null

30-01-2025T16:45:33 - [TEST_STEP][PASSED] - itemPrices = findTestObject("Object Repository/Page_Swag Labs/item_price"): null

30-01-2025T16:45:33 - [TEST_STEP][PASSED] - itemPriceList = findWebElements(itemPrices, 10): Found web elements by test object Object Repository/Page_Swag Labs/item_price

30-01-2025T16:45:34 - [MESSAGE][PASSED] - Found web elements by test object Object Repository/Page_Swag Labs/item_price

30-01-2025T16:45:34 - [TEST_STEP][PASSED] - price = itemPriceList[i].getText(): null

30-01-2025T16:45:34 - [TEST_STEP][PASSED] - get(i).click(): null

30-01-2025T16:45:34 - [TEST_STEP][PASSED] - verifyElementText(findTestObject("Object Repository/Page_Swag Labs/icone_carrinho"), i + 1.toString()): Actual text and expected text of test object 'Object Repository/Page_Swag Labs/icone_carrinho' are matched.

30-01-2025T16:45:34 - [MESSAGE][PASSED] - Actual text and expected text of test object 'Object Repository/Page_Swag Labs/icone_carrinho' are matched.

30-01-2025T16:45:34 - [TEST_STEP][PASSED] - click(findTestObject("Object Repository/Page_Swag Labs/icone_carrinho")): Object: 'Object Repository/Page_Swag Labs/icone_carrinho' is clicked on

30-01-2025T16:45:34 - [MESSAGE][PASSED] - Object: 'Object Repository/Page_Swag Labs/icone_carrinho' is clicked on

30-01-2025T16:45:34 - [TEST_STEP][PASSED] - delay(1): Delayed 1 second(s)

30-01-2025T16:45:35 - [MESSAGE][PASSED] - Delayed 1 second(s)

30-01-2025T16:45:35 - [TEST_STEP][PASSED] - cartItemNames = findTestObject("Object Repository/Page_Swag Labs/cart_item_name"): null

30-01-2025T16:45:35 - [TEST_STEP][PASSED] - cartItemNameList = findWebElements(cartItemNames, 10): Found web elements by test object Object Repository/Page_Swag Labs/cart_item_name

30-01-2025T16:45:36 - [MESSAGE][PASSED] - Found web elements by test object Object Repository/Page_Swag Labs/cart_item_name

30-01-2025T16:45:36 - [TEST_STEP][PASSED] - verifyMatch(cartItemNameList[i].getText(), name, false): Actual text 'Sauce Labs Backpack' and expected text 'Sauce Labs Backpack' are matched 

30-01-2025T16:45:36 - [MESSAGE][PASSED] - Actual text 'Sauce Labs Backpack' and expected text 'Sauce Labs Backpack' are matched 

30-01-2025T16:45:36 - [TEST_STEP][PASSED] - cartItemPrices = findTestObject("Object Repository/Page_Swag Labs/cart_item_price"): null

30-01-2025T16:45:36 - [TEST_STEP][PASSED] - cartItemPriceList = findWebElements(cartItemPrices, 10): Found web elements by test object Object Repository/Page_Swag Labs/cart_item_price

30-01-2025T16:45:36 - [MESSAGE][PASSED] - Found web elements by test object Object Repository/Page_Swag Labs/cart_item_price

30-01-2025T16:45:36 - [TEST_STEP][PASSED] - verifyMatch(cartItemPriceList[i].getText(), price, false): Actual text '$29.99' and expected text '$29.99' are matched 

30-01-2025T16:45:36 - [MESSAGE][PASSED] - Actual text '$29.99' and expected text '$29.99' are matched 

30-01-2025T16:45:36 - [TEST_STEP][PASSED] - click(findTestObject("Object Repository/Page_Swag Labs/button_Continue Shopping")): Object: 'Object Repository/Page_Swag Labs/button_Continue Shopping' is clicked on

30-01-2025T16:45:36 - [MESSAGE][PASSED] - Object: 'Object Repository/Page_Swag Labs/button_Continue Shopping' is clicked on

30-01-2025T16:45:36 - [TEST_STEP][PASSED] - addToCartList = findWebElements(addToCart, 10): Found web elements by test object Object Repository/Page_Swag Labs/button_add_to_cart

30-01-2025T16:45:36 - [MESSAGE][PASSED] - Found web elements by test object Object Repository/Page_Swag Labs/button_add_to_cart

30-01-2025T16:45:36 - [TEST_STEP][PASSED] - itemNameList = findWebElements(itemNames, 10): Found web elements by test object Object Repository/Page_Swag Labs/item_name

30-01-2025T16:45:37 - [MESSAGE][PASSED] - Found web elements by test object Object Repository/Page_Swag Labs/item_name

30-01-2025T16:45:37 - [TEST_STEP][PASSED] - itemPriceList = findWebElements(itemPrices, 10): Found web elements by test object Object Repository/Page_Swag Labs/item_price

30-01-2025T16:45:37 - [MESSAGE][PASSED] - Found web elements by test object Object Repository/Page_Swag Labs/item_price

30-01-2025T16:45:37 - [TEST_STEP][PASSED] - itemNames = findTestObject("Object Repository/Page_Swag Labs/item_name"): null

30-01-2025T16:45:37 - [TEST_STEP][PASSED] - itemNameList = findWebElements(itemNames, 10): Found web elements by test object Object Repository/Page_Swag Labs/item_name

30-01-2025T16:45:37 - [MESSAGE][PASSED] - Found web elements by test object Object Repository/Page_Swag Labs/item_name

30-01-2025T16:45:37 - [TEST_STEP][PASSED] - name = itemNameList[i].getText(): null

30-01-2025T16:45:37 - [TEST_STEP][PASSED] - itemPrices = findTestObject("Object Repository/Page_Swag Labs/item_price"): null

30-01-2025T16:45:37 - [TEST_STEP][PASSED] - itemPriceList = findWebElements(itemPrices, 10): Found web elements by test object Object Repository/Page_Swag Labs/item_price

30-01-2025T16:45:37 - [MESSAGE][PASSED] - Found web elements by test object Object Repository/Page_Swag Labs/item_price

30-01-2025T16:45:37 - [TEST_STEP][PASSED] - price = itemPriceList[i].getText(): null

30-01-2025T16:45:37 - [TEST_STEP][PASSED] - get(i).click(): null

30-01-2025T16:45:38 - [TEST_STEP][PASSED] - verifyElementText(findTestObject("Object Repository/Page_Swag Labs/icone_carrinho"), i + 1.toString()): Actual text and expected text of test object 'Object Repository/Page_Swag Labs/icone_carrinho' are matched.

30-01-2025T16:45:38 - [MESSAGE][PASSED] - Actual text and expected text of test object 'Object Repository/Page_Swag Labs/icone_carrinho' are matched.

30-01-2025T16:45:38 - [TEST_STEP][PASSED] - click(findTestObject("Object Repository/Page_Swag Labs/icone_carrinho")): Object: 'Object Repository/Page_Swag Labs/icone_carrinho' is clicked on

30-01-2025T16:45:38 - [MESSAGE][PASSED] - Object: 'Object Repository/Page_Swag Labs/icone_carrinho' is clicked on

30-01-2025T16:45:38 - [TEST_STEP][PASSED] - delay(1): Delayed 1 second(s)

30-01-2025T16:45:39 - [MESSAGE][PASSED] - Delayed 1 second(s)

30-01-2025T16:45:39 - [TEST_STEP][PASSED] - cartItemNames = findTestObject("Object Repository/Page_Swag Labs/cart_item_name"): null

30-01-2025T16:45:39 - [TEST_STEP][PASSED] - cartItemNameList = findWebElements(cartItemNames, 10): Found web elements by test object Object Repository/Page_Swag Labs/cart_item_name

30-01-2025T16:45:39 - [MESSAGE][PASSED] - Found web elements by test object Object Repository/Page_Swag Labs/cart_item_name

30-01-2025T16:45:39 - [TEST_STEP][PASSED] - verifyMatch(cartItemNameList[i].getText(), name, false): Actual text 'Sauce Labs Bike Light' and expected text 'Sauce Labs Bike Light' are matched 

30-01-2025T16:45:39 - [MESSAGE][PASSED] - Actual text 'Sauce Labs Bike Light' and expected text 'Sauce Labs Bike Light' are matched 

30-01-2025T16:45:39 - [TEST_STEP][PASSED] - cartItemPrices = findTestObject("Object Repository/Page_Swag Labs/cart_item_price"): null

30-01-2025T16:45:39 - [TEST_STEP][PASSED] - cartItemPriceList = findWebElements(cartItemPrices, 10): Found web elements by test object Object Repository/Page_Swag Labs/cart_item_price

30-01-2025T16:45:40 - [MESSAGE][PASSED] - Found web elements by test object Object Repository/Page_Swag Labs/cart_item_price

30-01-2025T16:45:40 - [TEST_STEP][PASSED] - verifyMatch(cartItemPriceList[i].getText(), price, false): Actual text '$9.99' and expected text '$9.99' are matched 

30-01-2025T16:45:40 - [MESSAGE][PASSED] - Actual text '$9.99' and expected text '$9.99' are matched 

30-01-2025T16:45:40 - [TEST_STEP][PASSED] - click(findTestObject("Object Repository/Page_Swag Labs/button_Continue Shopping")): Object: 'Object Repository/Page_Swag Labs/button_Continue Shopping' is clicked on

30-01-2025T16:45:40 - [MESSAGE][PASSED] - Object: 'Object Repository/Page_Swag Labs/button_Continue Shopping' is clicked on

30-01-2025T16:45:40 - [TEST_STEP][PASSED] - addToCartList = findWebElements(addToCart, 10): Found web elements by test object Object Repository/Page_Swag Labs/button_add_to_cart

30-01-2025T16:45:40 - [MESSAGE][PASSED] - Found web elements by test object Object Repository/Page_Swag Labs/button_add_to_cart

30-01-2025T16:45:40 - [TEST_STEP][PASSED] - itemNameList = findWebElements(itemNames, 10): Found web elements by test object Object Repository/Page_Swag Labs/item_name

30-01-2025T16:45:40 - [MESSAGE][PASSED] - Found web elements by test object Object Repository/Page_Swag Labs/item_name

30-01-2025T16:45:40 - [TEST_STEP][PASSED] - itemPriceList = findWebElements(itemPrices, 10): Found web elements by test object Object Repository/Page_Swag Labs/item_price

30-01-2025T16:45:41 - [MESSAGE][PASSED] - Found web elements by test object Object Repository/Page_Swag Labs/item_price

30-01-2025T16:45:41 - [TEST_STEP][PASSED] - itemNames = findTestObject("Object Repository/Page_Swag Labs/item_name"): null

30-01-2025T16:45:41 - [TEST_STEP][PASSED] - itemNameList = findWebElements(itemNames, 10): Found web elements by test object Object Repository/Page_Swag Labs/item_name

30-01-2025T16:45:41 - [MESSAGE][PASSED] - Found web elements by test object Object Repository/Page_Swag Labs/item_name

30-01-2025T16:45:41 - [TEST_STEP][PASSED] - name = itemNameList[i].getText(): null

30-01-2025T16:45:41 - [TEST_STEP][PASSED] - itemPrices = findTestObject("Object Repository/Page_Swag Labs/item_price"): null

30-01-2025T16:45:41 - [TEST_STEP][PASSED] - itemPriceList = findWebElements(itemPrices, 10): Found web elements by test object Object Repository/Page_Swag Labs/item_price

30-01-2025T16:45:42 - [MESSAGE][PASSED] - Found web elements by test object Object Repository/Page_Swag Labs/item_price

30-01-2025T16:45:42 - [TEST_STEP][PASSED] - price = itemPriceList[i].getText(): null

30-01-2025T16:45:42 - [TEST_STEP][PASSED] - get(i).click(): null

30-01-2025T16:45:42 - [TEST_STEP][PASSED] - verifyElementText(findTestObject("Object Repository/Page_Swag Labs/icone_carrinho"), i + 1.toString()): Actual text and expected text of test object 'Object Repository/Page_Swag Labs/icone_carrinho' are matched.

30-01-2025T16:45:42 - [MESSAGE][PASSED] - Actual text and expected text of test object 'Object Repository/Page_Swag Labs/icone_carrinho' are matched.

30-01-2025T16:45:42 - [TEST_STEP][PASSED] - click(findTestObject("Object Repository/Page_Swag Labs/icone_carrinho")): Object: 'Object Repository/Page_Swag Labs/icone_carrinho' is clicked on

30-01-2025T16:45:42 - [MESSAGE][PASSED] - Object: 'Object Repository/Page_Swag Labs/icone_carrinho' is clicked on

30-01-2025T16:45:42 - [TEST_STEP][PASSED] - delay(1): Delayed 1 second(s)

30-01-2025T16:45:43 - [MESSAGE][PASSED] - Delayed 1 second(s)

30-01-2025T16:45:43 - [TEST_STEP][PASSED] - cartItemNames = findTestObject("Object Repository/Page_Swag Labs/cart_item_name"): null

30-01-2025T16:45:43 - [TEST_STEP][PASSED] - cartItemNameList = findWebElements(cartItemNames, 10): Found web elements by test object Object Repository/Page_Swag Labs/cart_item_name

30-01-2025T16:45:43 - [MESSAGE][PASSED] - Found web elements by test object Object Repository/Page_Swag Labs/cart_item_name

30-01-2025T16:45:43 - [TEST_STEP][PASSED] - verifyMatch(cartItemNameList[i].getText(), name, false): Actual text 'Sauce Labs Bolt T-Shirt' and expected text 'Sauce Labs Bolt T-Shirt' are matched 

30-01-2025T16:45:44 - [MESSAGE][PASSED] - Actual text 'Sauce Labs Bolt T-Shirt' and expected text 'Sauce Labs Bolt T-Shirt' are matched 

30-01-2025T16:45:44 - [TEST_STEP][PASSED] - cartItemPrices = findTestObject("Object Repository/Page_Swag Labs/cart_item_price"): null

30-01-2025T16:45:44 - [TEST_STEP][PASSED] - cartItemPriceList = findWebElements(cartItemPrices, 10): Found web elements by test object Object Repository/Page_Swag Labs/cart_item_price

30-01-2025T16:45:44 - [MESSAGE][PASSED] - Found web elements by test object Object Repository/Page_Swag Labs/cart_item_price

30-01-2025T16:45:44 - [TEST_STEP][PASSED] - verifyMatch(cartItemPriceList[i].getText(), price, false): Actual text '$15.99' and expected text '$15.99' are matched 

30-01-2025T16:45:44 - [MESSAGE][PASSED] - Actual text '$15.99' and expected text '$15.99' are matched 

30-01-2025T16:45:44 - [TEST_STEP][PASSED] - click(findTestObject("Object Repository/Page_Swag Labs/button_Continue Shopping")): Object: 'Object Repository/Page_Swag Labs/button_Continue Shopping' is clicked on

30-01-2025T16:45:44 - [MESSAGE][PASSED] - Object: 'Object Repository/Page_Swag Labs/button_Continue Shopping' is clicked on

30-01-2025T16:45:44 - [TEST_STEP][PASSED] - addToCartList = findWebElements(addToCart, 10): Found web elements by test object Object Repository/Page_Swag Labs/button_add_to_cart

30-01-2025T16:45:44 - [MESSAGE][PASSED] - Found web elements by test object Object Repository/Page_Swag Labs/button_add_to_cart

30-01-2025T16:45:44 - [TEST_STEP][PASSED] - itemNameList = findWebElements(itemNames, 10): Found web elements by test object Object Repository/Page_Swag Labs/item_name

30-01-2025T16:45:45 - [MESSAGE][PASSED] - Found web elements by test object Object Repository/Page_Swag Labs/item_name

30-01-2025T16:45:45 - [TEST_STEP][PASSED] - itemPriceList = findWebElements(itemPrices, 10): Found web elements by test object Object Repository/Page_Swag Labs/item_price

30-01-2025T16:45:45 - [MESSAGE][PASSED] - Found web elements by test object Object Repository/Page_Swag Labs/item_price

30-01-2025T16:45:45 - [TEST_STEP][PASSED] - itemNames = findTestObject("Object Repository/Page_Swag Labs/item_name"): null

30-01-2025T16:45:45 - [TEST_STEP][PASSED] - itemNameList = findWebElements(itemNames, 10): Found web elements by test object Object Repository/Page_Swag Labs/item_name

30-01-2025T16:45:45 - [MESSAGE][PASSED] - Found web elements by test object Object Repository/Page_Swag Labs/item_name

30-01-2025T16:45:45 - [TEST_STEP][PASSED] - name = itemNameList[i].getText(): null

30-01-2025T16:45:45 - [TEST_STEP][PASSED] - itemPrices = findTestObject("Object Repository/Page_Swag Labs/item_price"): null

30-01-2025T16:45:45 - [TEST_STEP][PASSED] - itemPriceList = findWebElements(itemPrices, 10): Found web elements by test object Object Repository/Page_Swag Labs/item_price

30-01-2025T16:45:45 - [MESSAGE][PASSED] - Found web elements by test object Object Repository/Page_Swag Labs/item_price

30-01-2025T16:45:45 - [TEST_STEP][PASSED] - price = itemPriceList[i].getText(): null

30-01-2025T16:45:45 - [TEST_STEP][PASSED] - get(i).click(): null

30-01-2025T16:45:45 - [TEST_STEP][PASSED] - verifyElementText(findTestObject("Object Repository/Page_Swag Labs/icone_carrinho"), i + 1.toString()): Actual text and expected text of test object 'Object Repository/Page_Swag Labs/icone_carrinho' are matched.

30-01-2025T16:45:46 - [MESSAGE][PASSED] - Actual text and expected text of test object 'Object Repository/Page_Swag Labs/icone_carrinho' are matched.

30-01-2025T16:45:46 - [TEST_STEP][PASSED] - click(findTestObject("Object Repository/Page_Swag Labs/icone_carrinho")): Object: 'Object Repository/Page_Swag Labs/icone_carrinho' is clicked on

30-01-2025T16:45:46 - [MESSAGE][PASSED] - Object: 'Object Repository/Page_Swag Labs/icone_carrinho' is clicked on

30-01-2025T16:45:46 - [TEST_STEP][PASSED] - delay(1): Delayed 1 second(s)

30-01-2025T16:45:47 - [MESSAGE][PASSED] - Delayed 1 second(s)

30-01-2025T16:45:47 - [TEST_STEP][PASSED] - cartItemNames = findTestObject("Object Repository/Page_Swag Labs/cart_item_name"): null

30-01-2025T16:45:47 - [TEST_STEP][PASSED] - cartItemNameList = findWebElements(cartItemNames, 10): Found web elements by test object Object Repository/Page_Swag Labs/cart_item_name

30-01-2025T16:45:47 - [MESSAGE][PASSED] - Found web elements by test object Object Repository/Page_Swag Labs/cart_item_name

30-01-2025T16:45:47 - [TEST_STEP][PASSED] - verifyMatch(cartItemNameList[i].getText(), name, false): Actual text 'Sauce Labs Fleece Jacket' and expected text 'Sauce Labs Fleece Jacket' are matched 

30-01-2025T16:45:47 - [MESSAGE][PASSED] - Actual text 'Sauce Labs Fleece Jacket' and expected text 'Sauce Labs Fleece Jacket' are matched 

30-01-2025T16:45:47 - [TEST_STEP][PASSED] - cartItemPrices = findTestObject("Object Repository/Page_Swag Labs/cart_item_price"): null

30-01-2025T16:45:47 - [TEST_STEP][PASSED] - cartItemPriceList = findWebElements(cartItemPrices, 10): Found web elements by test object Object Repository/Page_Swag Labs/cart_item_price

30-01-2025T16:45:48 - [MESSAGE][PASSED] - Found web elements by test object Object Repository/Page_Swag Labs/cart_item_price

30-01-2025T16:45:48 - [TEST_STEP][PASSED] - verifyMatch(cartItemPriceList[i].getText(), price, false): Actual text '$49.99' and expected text '$49.99' are matched 

30-01-2025T16:45:48 - [MESSAGE][PASSED] - Actual text '$49.99' and expected text '$49.99' are matched 

30-01-2025T16:45:48 - [TEST_STEP][PASSED] - click(findTestObject("Object Repository/Page_Swag Labs/button_Continue Shopping")): Object: 'Object Repository/Page_Swag Labs/button_Continue Shopping' is clicked on

30-01-2025T16:45:48 - [MESSAGE][PASSED] - Object: 'Object Repository/Page_Swag Labs/button_Continue Shopping' is clicked on

30-01-2025T16:45:48 - [TEST_STEP][PASSED] - addToCartList = findWebElements(addToCart, 10): Found web elements by test object Object Repository/Page_Swag Labs/button_add_to_cart

30-01-2025T16:45:48 - [MESSAGE][PASSED] - Found web elements by test object Object Repository/Page_Swag Labs/button_add_to_cart

30-01-2025T16:45:48 - [TEST_STEP][PASSED] - itemNameList = findWebElements(itemNames, 10): Found web elements by test object Object Repository/Page_Swag Labs/item_name

30-01-2025T16:45:48 - [MESSAGE][PASSED] - Found web elements by test object Object Repository/Page_Swag Labs/item_name

30-01-2025T16:45:48 - [TEST_STEP][PASSED] - itemPriceList = findWebElements(itemPrices, 10): Found web elements by test object Object Repository/Page_Swag Labs/item_price

30-01-2025T16:45:49 - [MESSAGE][PASSED] - Found web elements by test object Object Repository/Page_Swag Labs/item_price

30-01-2025T16:45:49 - [TEST_STEP][PASSED] - itemNames = findTestObject("Object Repository/Page_Swag Labs/item_name"): null

30-01-2025T16:45:49 - [TEST_STEP][PASSED] - itemNameList = findWebElements(itemNames, 10): Found web elements by test object Object Repository/Page_Swag Labs/item_name

30-01-2025T16:45:49 - [MESSAGE][PASSED] - Found web elements by test object Object Repository/Page_Swag Labs/item_name

30-01-2025T16:45:49 - [TEST_STEP][PASSED] - name = itemNameList[i].getText(): null

30-01-2025T16:45:49 - [TEST_STEP][PASSED] - itemPrices = findTestObject("Object Repository/Page_Swag Labs/item_price"): null

30-01-2025T16:45:49 - [TEST_STEP][PASSED] - itemPriceList = findWebElements(itemPrices, 10): Found web elements by test object Object Repository/Page_Swag Labs/item_price

30-01-2025T16:45:49 - [MESSAGE][PASSED] - Found web elements by test object Object Repository/Page_Swag Labs/item_price

30-01-2025T16:45:49 - [TEST_STEP][PASSED] - price = itemPriceList[i].getText(): null

30-01-2025T16:45:49 - [TEST_STEP][PASSED] - get(i).click(): null

30-01-2025T16:45:49 - [TEST_STEP][PASSED] - verifyElementText(findTestObject("Object Repository/Page_Swag Labs/icone_carrinho"), i + 1.toString()): Actual text and expected text of test object 'Object Repository/Page_Swag Labs/icone_carrinho' are matched.

30-01-2025T16:45:50 - [MESSAGE][PASSED] - Actual text and expected text of test object 'Object Repository/Page_Swag Labs/icone_carrinho' are matched.

30-01-2025T16:45:50 - [TEST_STEP][PASSED] - click(findTestObject("Object Repository/Page_Swag Labs/icone_carrinho")): Object: 'Object Repository/Page_Swag Labs/icone_carrinho' is clicked on

30-01-2025T16:45:50 - [MESSAGE][PASSED] - Object: 'Object Repository/Page_Swag Labs/icone_carrinho' is clicked on

30-01-2025T16:45:50 - [TEST_STEP][PASSED] - delay(1): Delayed 1 second(s)

30-01-2025T16:45:51 - [MESSAGE][PASSED] - Delayed 1 second(s)

30-01-2025T16:45:51 - [TEST_STEP][PASSED] - cartItemNames = findTestObject("Object Repository/Page_Swag Labs/cart_item_name"): null

30-01-2025T16:45:51 - [TEST_STEP][PASSED] - cartItemNameList = findWebElements(cartItemNames, 10): Found web elements by test object Object Repository/Page_Swag Labs/cart_item_name

30-01-2025T16:45:51 - [MESSAGE][PASSED] - Found web elements by test object Object Repository/Page_Swag Labs/cart_item_name

30-01-2025T16:45:51 - [TEST_STEP][PASSED] - verifyMatch(cartItemNameList[i].getText(), name, false): Actual text 'Sauce Labs Onesie' and expected text 'Sauce Labs Onesie' are matched 

30-01-2025T16:45:51 - [MESSAGE][PASSED] - Actual text 'Sauce Labs Onesie' and expected text 'Sauce Labs Onesie' are matched 

30-01-2025T16:45:51 - [TEST_STEP][PASSED] - cartItemPrices = findTestObject("Object Repository/Page_Swag Labs/cart_item_price"): null

30-01-2025T16:45:51 - [TEST_STEP][PASSED] - cartItemPriceList = findWebElements(cartItemPrices, 10): Found web elements by test object Object Repository/Page_Swag Labs/cart_item_price

30-01-2025T16:45:51 - [MESSAGE][PASSED] - Found web elements by test object Object Repository/Page_Swag Labs/cart_item_price

30-01-2025T16:45:51 - [TEST_STEP][PASSED] - verifyMatch(cartItemPriceList[i].getText(), price, false): Actual text '$7.99' and expected text '$7.99' are matched 

30-01-2025T16:45:51 - [MESSAGE][PASSED] - Actual text '$7.99' and expected text '$7.99' are matched 

30-01-2025T16:45:51 - [TEST_STEP][PASSED] - click(findTestObject("Object Repository/Page_Swag Labs/button_Continue Shopping")): Object: 'Object Repository/Page_Swag Labs/button_Continue Shopping' is clicked on

30-01-2025T16:45:52 - [MESSAGE][PASSED] - Object: 'Object Repository/Page_Swag Labs/button_Continue Shopping' is clicked on

30-01-2025T16:45:52 - [TEST_STEP][PASSED] - addToCartList = findWebElements(addToCart, 10): Found web elements by test object Object Repository/Page_Swag Labs/button_add_to_cart

30-01-2025T16:45:52 - [MESSAGE][PASSED] - Found web elements by test object Object Repository/Page_Swag Labs/button_add_to_cart

30-01-2025T16:45:52 - [TEST_STEP][PASSED] - itemNameList = findWebElements(itemNames, 10): Found web elements by test object Object Repository/Page_Swag Labs/item_name

30-01-2025T16:45:52 - [MESSAGE][PASSED] - Found web elements by test object Object Repository/Page_Swag Labs/item_name

30-01-2025T16:45:52 - [TEST_STEP][PASSED] - itemPriceList = findWebElements(itemPrices, 10): Found web elements by test object Object Repository/Page_Swag Labs/item_price

30-01-2025T16:45:52 - [MESSAGE][PASSED] - Found web elements by test object Object Repository/Page_Swag Labs/item_price

30-01-2025T16:45:52 - [TEST_STEP][PASSED] - itemNames = findTestObject("Object Repository/Page_Swag Labs/item_name"): null

30-01-2025T16:45:52 - [TEST_STEP][PASSED] - itemNameList = findWebElements(itemNames, 10): Found web elements by test object Object Repository/Page_Swag Labs/item_name

30-01-2025T16:45:53 - [MESSAGE][PASSED] - Found web elements by test object Object Repository/Page_Swag Labs/item_name

30-01-2025T16:45:53 - [TEST_STEP][PASSED] - name = itemNameList[i].getText(): null

30-01-2025T16:45:53 - [TEST_STEP][PASSED] - itemPrices = findTestObject("Object Repository/Page_Swag Labs/item_price"): null

30-01-2025T16:45:53 - [TEST_STEP][PASSED] - itemPriceList = findWebElements(itemPrices, 10): Found web elements by test object Object Repository/Page_Swag Labs/item_price

30-01-2025T16:45:53 - [MESSAGE][PASSED] - Found web elements by test object Object Repository/Page_Swag Labs/item_price

30-01-2025T16:45:53 - [TEST_STEP][PASSED] - price = itemPriceList[i].getText(): null

30-01-2025T16:45:53 - [TEST_STEP][PASSED] - get(i).click(): null

30-01-2025T16:45:53 - [TEST_STEP][PASSED] - verifyElementText(findTestObject("Object Repository/Page_Swag Labs/icone_carrinho"), i + 1.toString()): Actual text and expected text of test object 'Object Repository/Page_Swag Labs/icone_carrinho' are matched.

30-01-2025T16:45:53 - [MESSAGE][PASSED] - Actual text and expected text of test object 'Object Repository/Page_Swag Labs/icone_carrinho' are matched.

30-01-2025T16:45:53 - [TEST_STEP][PASSED] - click(findTestObject("Object Repository/Page_Swag Labs/icone_carrinho")): Object: 'Object Repository/Page_Swag Labs/icone_carrinho' is clicked on

30-01-2025T16:45:54 - [MESSAGE][PASSED] - Object: 'Object Repository/Page_Swag Labs/icone_carrinho' is clicked on

30-01-2025T16:45:54 - [TEST_STEP][PASSED] - delay(1): Delayed 1 second(s)

30-01-2025T16:45:55 - [MESSAGE][PASSED] - Delayed 1 second(s)

30-01-2025T16:45:55 - [TEST_STEP][PASSED] - cartItemNames = findTestObject("Object Repository/Page_Swag Labs/cart_item_name"): null

30-01-2025T16:45:55 - [TEST_STEP][PASSED] - cartItemNameList = findWebElements(cartItemNames, 10): Found web elements by test object Object Repository/Page_Swag Labs/cart_item_name

30-01-2025T16:45:55 - [MESSAGE][PASSED] - Found web elements by test object Object Repository/Page_Swag Labs/cart_item_name

30-01-2025T16:45:55 - [TEST_STEP][PASSED] - verifyMatch(cartItemNameList[i].getText(), name, false): Actual text 'Test.allTheThings() T-Shirt (Red)' and expected text 'Test.allTheThings() T-Shirt (Red)' are matched 

30-01-2025T16:45:55 - [MESSAGE][PASSED] - Actual text 'Test.allTheThings() T-Shirt (Red)' and expected text 'Test.allTheThings() T-Shirt (Red)' are matched 

30-01-2025T16:45:55 - [TEST_STEP][PASSED] - cartItemPrices = findTestObject("Object Repository/Page_Swag Labs/cart_item_price"): null

30-01-2025T16:45:55 - [TEST_STEP][PASSED] - cartItemPriceList = findWebElements(cartItemPrices, 10): Found web elements by test object Object Repository/Page_Swag Labs/cart_item_price

30-01-2025T16:45:55 - [MESSAGE][PASSED] - Found web elements by test object Object Repository/Page_Swag Labs/cart_item_price

30-01-2025T16:45:55 - [TEST_STEP][PASSED] - verifyMatch(cartItemPriceList[i].getText(), price, false): Actual text '$15.99' and expected text '$15.99' are matched 

30-01-2025T16:45:55 - [MESSAGE][PASSED] - Actual text '$15.99' and expected text '$15.99' are matched 

30-01-2025T16:45:55 - [TEST_STEP][PASSED] - click(findTestObject("Object Repository/Page_Swag Labs/button_Continue Shopping")): Object: 'Object Repository/Page_Swag Labs/button_Continue Shopping' is clicked on

30-01-2025T16:45:56 - [MESSAGE][PASSED] - Object: 'Object Repository/Page_Swag Labs/button_Continue Shopping' is clicked on

30-01-2025T16:45:56 - [TEST_STEP][PASSED] - addToCartList = findWebElements(addToCart, 10): Found web elements by test object Object Repository/Page_Swag Labs/button_add_to_cart

30-01-2025T16:45:56 - [MESSAGE][PASSED] - Found web elements by test object Object Repository/Page_Swag Labs/button_add_to_cart

30-01-2025T16:45:56 - [TEST_STEP][PASSED] - itemNameList = findWebElements(itemNames, 10): Found web elements by test object Object Repository/Page_Swag Labs/item_name

30-01-2025T16:45:56 - [MESSAGE][PASSED] - Found web elements by test object Object Repository/Page_Swag Labs/item_name

30-01-2025T16:45:56 - [TEST_STEP][PASSED] - itemPriceList = findWebElements(itemPrices, 10): Found web elements by test object Object Repository/Page_Swag Labs/item_price

30-01-2025T16:45:56 - [MESSAGE][PASSED] - Found web elements by test object Object Repository/Page_Swag Labs/item_price]]></system-out>
         <system-err><![CDATA[]]></system-err>
      </testcase>
      <testcase name="Test Cases/Askblue_Training/Add_to_Cart/Add_to_Cart_Todos_Record" time="36.444" classname="Test Cases/Askblue_Training/Add_to_Cart/Add_to_Cart_Todos_Record" status="FAILED">
         <failure type="FAILED" message="Test Cases/Askblue_Training/Add_to_Cart/Add_to_Cart_Todos_Record FAILED.&#xa;Reason:&#xa;com.kms.katalon.core.exception.StepFailedException: Unable to click on object 'Object Repository/Page_Swag Labs/button_Add to cart_2'&#xa;	at com.kms.katalon.core.webui.keyword.internal.WebUIKeywordMain.stepFailed(WebUIKeywordMain.groovy:64)&#xa;	at com.kms.katalon.core.webui.keyword.internal.WebUIKeywordMain.runKeyword(WebUIKeywordMain.groovy:26)&#xa;	at com.kms.katalon.core.webui.keyword.builtin.ClickKeyword.click(ClickKeyword.groovy:74)&#xa;	at com.kms.katalon.core.webui.keyword.builtin.ClickKeyword.execute(ClickKeyword.groovy:40)&#xa;	at com.kms.katalon.core.keyword.internal.KeywordExecutor.executeKeywordForPlatform(KeywordExecutor.groovy:74)&#xa;	at com.kms.katalon.core.webui.keyword.WebUiBuiltInKeywords.click(WebUiBuiltInKeywords.groovy:659)&#xa;	at Add_to_Cart_Todos_Record.run(Add_to_Cart_Todos_Record:30)&#xa;	at com.kms.katalon.core.main.ScriptEngine.run(ScriptEngine.java:194)&#xa;	at com.kms.katalon.core.main.ScriptEngine.runScriptAsRawText(ScriptEngine.java:119)&#xa;	at com.kms.katalon.core.main.TestCaseExecutor.runScript(TestCaseExecutor.java:448)&#xa;	at com.kms.katalon.core.main.TestCaseExecutor.doExecute(TestCaseExecutor.java:439)&#xa;	at com.kms.katalon.core.main.TestCaseExecutor.processExecutionPhase(TestCaseExecutor.java:418)&#xa;	at com.kms.katalon.core.main.TestCaseExecutor.accessMainPhase(TestCaseExecutor.java:410)&#xa;	at com.kms.katalon.core.main.TestCaseExecutor.execute(TestCaseExecutor.java:285)&#xa;	at com.kms.katalon.core.common.CommonExecutor.accessTestCaseMainPhase(CommonExecutor.java:65)&#xa;	at com.kms.katalon.core.main.TestSuiteExecutor.accessTestSuiteMainPhase(TestSuiteExecutor.java:148)&#xa;	at com.kms.katalon.core.main.TestSuiteExecutor.execute(TestSuiteExecutor.java:106)&#xa;	at com.kms.katalon.core.main.TestCaseMain.startTestSuite(TestCaseMain.java:180)&#xa;	at TempTestSuite1738255418588.run(TempTestSuite1738255418588.groovy:36)&#xa;	at java.base/jdk.internal.reflect.NativeMethodAccessorImpl.invoke0(Native Method)&#xa;	at java.base/jdk.internal.reflect.NativeMethodAccessorImpl.invoke(NativeMethodAccessorImpl.java:77)&#xa;	at java.base/jdk.internal.reflect.DelegatingMethodAccessorImpl.invoke(DelegatingMethodAccessorImpl.java:43)&#xa;Caused by: com.kms.katalon.core.webui.exception.WebElementNotFoundException: Web element with id: 'Object Repository/Page_Swag Labs/button_Add to cart_2' located by '//button[@id='add-to-cart-sauce-labs-bolt-t-shirt']' not found&#xa;	at com.kms.katalon.core.webui.common.WebUiCommonHelper.findWebElement(WebUiCommonHelper.java:1379)&#xa;	at com.kms.katalon.core.webui.keyword.internal.WebUIAbstractKeyword.findWebElement(WebUIAbstractKeyword.groovy:27)&#xa;	at com.kms.katalon.core.webui.keyword.builtin.ClickKeyword$_click_closure1.doCall(ClickKeyword.groovy:65)&#xa;	at com.kms.katalon.core.webui.keyword.builtin.ClickKeyword$_click_closure1.call(ClickKeyword.groovy)&#xa;	at com.kms.katalon.core.webui.keyword.internal.WebUIKeywordMain.runKeyword(WebUIKeywordMain.groovy:20)&#xa;	... 20 more&#xa;"/>
         <system-out><![CDATA[30-01-2025T16:45:56 - [TEST_CASE][FAILED] - Test Cases/Askblue_Training/Add_to_Cart/Add_to_Cart_Todos_Record: Test Cases/Askblue_Training/Add_to_Cart/Add_to_Cart_Todos_Record FAILED.
Reason:
com.kms.katalon.core.exception.StepFailedException: Unable to click on object 'Object Repository/Page_Swag Labs/button_Add to cart_2'
	at com.kms.katalon.core.webui.keyword.internal.WebUIKeywordMain.stepFailed(WebUIKeywordMain.groovy:64)
	at com.kms.katalon.core.webui.keyword.internal.WebUIKeywordMain.runKeyword(WebUIKeywordMain.groovy:26)
	at com.kms.katalon.core.webui.keyword.builtin.ClickKeyword.click(ClickKeyword.groovy:74)
	at com.kms.katalon.core.webui.keyword.builtin.ClickKeyword.execute(ClickKeyword.groovy:40)
	at com.kms.katalon.core.keyword.internal.KeywordExecutor.executeKeywordForPlatform(KeywordExecutor.groovy:74)
	at com.kms.katalon.core.webui.keyword.WebUiBuiltInKeywords.click(WebUiBuiltInKeywords.groovy:659)
	at Add_to_Cart_Todos_Record.run(Add_to_Cart_Todos_Record:30)
	at com.kms.katalon.core.main.ScriptEngine.run(ScriptEngine.java:194)
	at com.kms.katalon.core.main.ScriptEngine.runScriptAsRawText(ScriptEngine.java:119)
	at com.kms.katalon.core.main.TestCaseExecutor.runScript(TestCaseExecutor.java:448)
	at com.kms.katalon.core.main.TestCaseExecutor.doExecute(TestCaseExecutor.java:439)
	at com.kms.katalon.core.main.TestCaseExecutor.processExecutionPhase(TestCaseExecutor.java:418)
	at com.kms.katalon.core.main.TestCaseExecutor.accessMainPhase(TestCaseExecutor.java:410)
	at com.kms.katalon.core.main.TestCaseExecutor.execute(TestCaseExecutor.java:285)
	at com.kms.katalon.core.common.CommonExecutor.accessTestCaseMainPhase(CommonExecutor.java:65)
	at com.kms.katalon.core.main.TestSuiteExecutor.accessTestSuiteMainPhase(TestSuiteExecutor.java:148)
	at com.kms.katalon.core.main.TestSuiteExecutor.execute(TestSuiteExecutor.java:106)
	at com.kms.katalon.core.main.TestCaseMain.startTestSuite(TestCaseMain.java:180)
	at TempTestSuite1738255418588.run(TempTestSuite1738255418588.groovy:36)
	at java.base/jdk.internal.reflect.NativeMethodAccessorImpl.invoke0(Native Method)
	at java.base/jdk.internal.reflect.NativeMethodAccessorImpl.invoke(NativeMethodAccessorImpl.java:77)
	at java.base/jdk.internal.reflect.DelegatingMethodAccessorImpl.invoke(DelegatingMethodAccessorImpl.java:43)
Caused by: com.kms.katalon.core.webui.exception.WebElementNotFoundException: Web element with id: 'Object Repository/Page_Swag Labs/button_Add to cart_2' located by '//button[@id='add-to-cart-sauce-labs-bolt-t-shirt']' not found
	at com.kms.katalon.core.webui.common.WebUiCommonHelper.findWebElement(WebUiCommonHelper.java:1379)
	at com.kms.katalon.core.webui.keyword.internal.WebUIAbstractKeyword.findWebElement(WebUIAbstractKeyword.groovy:27)
	at com.kms.katalon.core.webui.keyword.builtin.ClickKeyword$_click_closure1.doCall(ClickKeyword.groovy:65)
	at com.kms.katalon.core.webui.keyword.builtin.ClickKeyword$_click_closure1.call(ClickKeyword.groovy)
	at com.kms.katalon.core.webui.keyword.internal.WebUIKeywordMain.runKeyword(WebUIKeywordMain.groovy:20)
	... 20 more


30-01-2025T16:45:56 - [TEST_STEP][PASSED] - callTestCase(findTestCase("Askblue_Training/Login_Logout/Login_Positivo"), [:], STOP_ON_FAILURE): Call Test Case 'Test Cases/Askblue_Training/Login_Logout/Login_Positivo' successfully

30-01-2025T16:45:56 - [TEST_CASE][PASSED] - Test Cases/Askblue_Training/Login_Logout/Login_Positivo: Test Cases/Askblue_Training/Login_Logout/Login_Positivo

30-01-2025T16:45:56 - [TEST_STEP][PASSED] - openBrowser(""): Browser is opened with url: ''

30-01-2025T16:45:56 - [MESSAGE][WARNING] - A browser is already opened. Closing browser and opening a new one

30-01-2025T16:45:57 - [MESSAGE][INFO] - Starting 'Chrome' driver

30-01-2025T16:45:57 - [MESSAGE][INFO] - Action delay is set to 0 milliseconds

30-01-2025T16:45:57 - [MESSAGE][PASSED] - Browser is opened with url: ''

30-01-2025T16:45:57 - [TEST_STEP][PASSED] - navigateToUrl("https://www.saucedemo.com/"): Navigate to 'https://www.saucedemo.com/' successfully

30-01-2025T16:45:58 - [MESSAGE][PASSED] - Navigate to 'https://www.saucedemo.com/' successfully

30-01-2025T16:45:58 - [TEST_STEP][PASSED] - setText(findTestObject("Object Repository/Page_Swag Labs/input_Swag Labs_user-name"), username): Text 'standard_user' is set on object 'Object Repository/Page_Swag Labs/input_Swag Labs_user-name'

30-01-2025T16:45:59 - [MESSAGE][PASSED] - Text 'standard_user' is set on object 'Object Repository/Page_Swag Labs/input_Swag Labs_user-name'

30-01-2025T16:45:59 - [TEST_STEP][PASSED] - setText(findTestObject("Object Repository/Page_Swag Labs/input_Swag Labs_password"), password): Text 'secret_sauce' is set on object 'Object Repository/Page_Swag Labs/input_Swag Labs_password'

30-01-2025T16:45:59 - [MESSAGE][PASSED] - Text 'secret_sauce' is set on object 'Object Repository/Page_Swag Labs/input_Swag Labs_password'

30-01-2025T16:45:59 - [TEST_STEP][PASSED] - click(findTestObject("Object Repository/Page_Swag Labs/input_Swag Labs_login-button")): Object: 'Object Repository/Page_Swag Labs/input_Swag Labs_login-button' is clicked on

30-01-2025T16:45:59 - [MESSAGE][PASSED] - Object: 'Object Repository/Page_Swag Labs/input_Swag Labs_login-button' is clicked on

30-01-2025T16:45:59 - [TEST_STEP][PASSED] - click(findTestObject("Object Repository/Page_Swag Labs/button_Open Menu")): Object: 'Object Repository/Page_Swag Labs/button_Open Menu' is clicked on

30-01-2025T16:46:00 - [MESSAGE][PASSED] - Object: 'Object Repository/Page_Swag Labs/button_Open Menu' is clicked on

30-01-2025T16:46:00 - [TEST_STEP][PASSED] - verifyElementText(findTestObject("Object Repository/Page_Swag Labs/a_Logout"), "Logout"): Actual text and expected text of test object 'Object Repository/Page_Swag Labs/a_Logout' are matched.

30-01-2025T16:46:00 - [MESSAGE][PASSED] - Actual text and expected text of test object 'Object Repository/Page_Swag Labs/a_Logout' are matched.

30-01-2025T16:46:00 - [TEST_STEP][PASSED] - click(findTestObject("Object Repository/Page_Swag Labs/button_Close Menu")): Object: 'Object Repository/Page_Swag Labs/button_Close Menu' is clicked on

30-01-2025T16:46:00 - [MESSAGE][PASSED] - Object: 'Object Repository/Page_Swag Labs/button_Close Menu' is clicked on

30-01-2025T16:46:00 - [MESSAGE][PASSED] - Call Test Case 'Test Cases/Askblue_Training/Login_Logout/Login_Positivo' successfully

30-01-2025T16:46:00 - [TEST_STEP][PASSED] - click(findTestObject("Object Repository/Page_Swag Labs/button_Add to cart_0")): Object: 'Object Repository/Page_Swag Labs/button_Add to cart_0' is clicked on

30-01-2025T16:46:01 - [MESSAGE][PASSED] - Object: 'Object Repository/Page_Swag Labs/button_Add to cart_0' is clicked on

30-01-2025T16:46:01 - [TEST_STEP][PASSED] - verifyElementText(findTestObject("Page_Swag Labs/icone_Carrinho"), "1"): Actual text and expected text of test object 'Object Repository/Page_Swag Labs/icone_Carrinho' are matched.

30-01-2025T16:46:01 - [MESSAGE][PASSED] - Actual text and expected text of test object 'Object Repository/Page_Swag Labs/icone_Carrinho' are matched.

30-01-2025T16:46:01 - [TEST_STEP][PASSED] - click(findTestObject("Page_Swag Labs/button_Add to cart_2")): Object: 'Object Repository/Page_Swag Labs/button_Add to cart_2' is clicked on

30-01-2025T16:46:01 - [MESSAGE][PASSED] - Object: 'Object Repository/Page_Swag Labs/button_Add to cart_2' is clicked on

30-01-2025T16:46:01 - [TEST_STEP][PASSED] - verifyElementText(findTestObject("Object Repository/Page_Swag Labs/icone_Carrinho"), "2"): Actual text and expected text of test object 'Object Repository/Page_Swag Labs/icone_Carrinho' are matched.

30-01-2025T16:46:02 - [MESSAGE][PASSED] - Actual text and expected text of test object 'Object Repository/Page_Swag Labs/icone_Carrinho' are matched.

30-01-2025T16:46:02 - [TEST_STEP][FAILED] - click(findTestObject("Object Repository/Page_Swag Labs/button_Add to cart_2")): Unable to click on object 'Object Repository/Page_Swag Labs/button_Add to cart_2' (Root cause: com.kms.katalon.core.exception.StepFailedException: Unable to click on object 'Object Repository/Page_Swag Labs/button_Add to cart_2'
	at com.kms.katalon.core.webui.keyword.internal.WebUIKeywordMain.stepFailed(WebUIKeywordMain.groovy:64)
	at com.kms.katalon.core.webui.keyword.internal.WebUIKeywordMain.runKeyword(WebUIKeywordMain.groovy:26)
	at com.kms.katalon.core.webui.keyword.builtin.ClickKeyword.click(ClickKeyword.groovy:74)
	at com.kms.katalon.core.webui.keyword.builtin.ClickKeyword.execute(ClickKeyword.groovy:40)
	at com.kms.katalon.core.keyword.internal.KeywordExecutor.executeKeywordForPlatform(KeywordExecutor.groovy:74)
	at com.kms.katalon.core.webui.keyword.WebUiBuiltInKeywords.click(WebUiBuiltInKeywords.groovy:659)
	at Add_to_Cart_Todos_Record.run(Add_to_Cart_Todos_Record:30)
	at com.kms.katalon.core.main.ScriptEngine.run(ScriptEngine.java:194)
	at com.kms.katalon.core.main.ScriptEngine.runScriptAsRawText(ScriptEngine.java:119)
	at com.kms.katalon.core.main.TestCaseExecutor.runScript(TestCaseExecutor.java:448)
	at com.kms.katalon.core.main.TestCaseExecutor.doExecute(TestCaseExecutor.java:439)
	at com.kms.katalon.core.main.TestCaseExecutor.processExecutionPhase(TestCaseExecutor.java:418)
	at com.kms.katalon.core.main.TestCaseExecutor.accessMainPhase(TestCaseExecutor.java:410)
	at com.kms.katalon.core.main.TestCaseExecutor.execute(TestCaseExecutor.java:285)
	at com.kms.katalon.core.common.CommonExecutor.accessTestCaseMainPhase(CommonExecutor.java:65)
	at com.kms.katalon.core.main.TestSuiteExecutor.accessTestSuiteMainPhase(TestSuiteExecutor.java:148)
	at com.kms.katalon.core.main.TestSuiteExecutor.execute(TestSuiteExecutor.java:106)
	at com.kms.katalon.core.main.TestCaseMain.startTestSuite(TestCaseMain.java:180)
	at TempTestSuite1738255418588.run(TempTestSuite1738255418588.groovy:36)
	at java.base/jdk.internal.reflect.NativeMethodAccessorImpl.invoke0(Native Method)
	at java.base/jdk.internal.reflect.NativeMethodAccessorImpl.invoke(NativeMethodAccessorImpl.java:77)
	at java.base/jdk.internal.reflect.DelegatingMethodAccessorImpl.invoke(DelegatingMethodAccessorImpl.java:43)
Caused by: com.kms.katalon.core.webui.exception.WebElementNotFoundException: Web element with id: 'Object Repository/Page_Swag Labs/button_Add to cart_2' located by '//button[@id='add-to-cart-sauce-labs-bolt-t-shirt']' not found
	at com.kms.katalon.core.webui.common.WebUiCommonHelper.findWebElement(WebUiCommonHelper.java:1379)
	at com.kms.katalon.core.webui.keyword.internal.WebUIAbstractKeyword.findWebElement(WebUIAbstractKeyword.groovy:27)
	at com.kms.katalon.core.webui.keyword.builtin.ClickKeyword$_click_closure1.doCall(ClickKeyword.groovy:65)
	at com.kms.katalon.core.webui.keyword.builtin.ClickKeyword$_click_closure1.call(ClickKeyword.groovy)
	at com.kms.katalon.core.webui.keyword.internal.WebUIKeywordMain.runKeyword(WebUIKeywordMain.groovy:20)
	at com.kms.katalon.core.webui.keyword.builtin.ClickKeyword.click(ClickKeyword.groovy:74)
	at com.kms.katalon.core.webui.keyword.builtin.ClickKeyword.execute(ClickKeyword.groovy:40)
	at com.kms.katalon.core.keyword.internal.KeywordExecutor.executeKeywordForPlatform(KeywordExecutor.groovy:74)
	at com.kms.katalon.core.webui.keyword.WebUiBuiltInKeywords.click(WebUiBuiltInKeywords.groovy:659)
	at Script1738175296141.run(Script1738175296141.groovy:30)
	... 15 more
)

30-01-2025T16:46:33 - [MESSAGE][INFO] - Unable to find the element located by 'By.xpath: //button[@id='add-to-cart-sauce-labs-bolt-t-shirt']'. Please recheck the objects properties to make sure the desired element is located. 

30-01-2025T16:46:33 - [MESSAGE][FAILED] - Unable to click on object 'Object Repository/Page_Swag Labs/button_Add to cart_2' (Root cause: com.kms.katalon.core.exception.StepFailedException: Unable to click on object 'Object Repository/Page_Swag Labs/button_Add to cart_2'
	at com.kms.katalon.core.webui.keyword.internal.WebUIKeywordMain.stepFailed(WebUIKeywordMain.groovy:64)
	at com.kms.katalon.core.webui.keyword.internal.WebUIKeywordMain.runKeyword(WebUIKeywordMain.groovy:26)
	at com.kms.katalon.core.webui.keyword.builtin.ClickKeyword.click(ClickKeyword.groovy:74)
	at com.kms.katalon.core.webui.keyword.builtin.ClickKeyword.execute(ClickKeyword.groovy:40)
	at com.kms.katalon.core.keyword.internal.KeywordExecutor.executeKeywordForPlatform(KeywordExecutor.groovy:74)
	at com.kms.katalon.core.webui.keyword.WebUiBuiltInKeywords.click(WebUiBuiltInKeywords.groovy:659)
	at Add_to_Cart_Todos_Record.run(Add_to_Cart_Todos_Record:30)
	at com.kms.katalon.core.main.ScriptEngine.run(ScriptEngine.java:194)
	at com.kms.katalon.core.main.ScriptEngine.runScriptAsRawText(ScriptEngine.java:119)
	at com.kms.katalon.core.main.TestCaseExecutor.runScript(TestCaseExecutor.java:448)
	at com.kms.katalon.core.main.TestCaseExecutor.doExecute(TestCaseExecutor.java:439)
	at com.kms.katalon.core.main.TestCaseExecutor.processExecutionPhase(TestCaseExecutor.java:418)
	at com.kms.katalon.core.main.TestCaseExecutor.accessMainPhase(TestCaseExecutor.java:410)
	at com.kms.katalon.core.main.TestCaseExecutor.execute(TestCaseExecutor.java:285)
	at com.kms.katalon.core.common.CommonExecutor.accessTestCaseMainPhase(CommonExecutor.java:65)
	at com.kms.katalon.core.main.TestSuiteExecutor.accessTestSuiteMainPhase(TestSuiteExecutor.java:148)
	at com.kms.katalon.core.main.TestSuiteExecutor.execute(TestSuiteExecutor.java:106)
	at com.kms.katalon.core.main.TestCaseMain.startTestSuite(TestCaseMain.java:180)
	at TempTestSuite1738255418588.run(TempTestSuite1738255418588.groovy:36)
	at java.base/jdk.internal.reflect.NativeMethodAccessorImpl.invoke0(Native Method)
	at java.base/jdk.internal.reflect.NativeMethodAccessorImpl.invoke(NativeMethodAccessorImpl.java:77)
	at java.base/jdk.internal.reflect.DelegatingMethodAccessorImpl.invoke(DelegatingMethodAccessorImpl.java:43)
Caused by: com.kms.katalon.core.webui.exception.WebElementNotFoundException: Web element with id: 'Object Repository/Page_Swag Labs/button_Add to cart_2' located by '//button[@id='add-to-cart-sauce-labs-bolt-t-shirt']' not found
	at com.kms.katalon.core.webui.common.WebUiCommonHelper.findWebElement(WebUiCommonHelper.java:1379)
	at com.kms.katalon.core.webui.keyword.internal.WebUIAbstractKeyword.findWebElement(WebUIAbstractKeyword.groovy:27)
	at com.kms.katalon.core.webui.keyword.builtin.ClickKeyword$_click_closure1.doCall(ClickKeyword.groovy:65)
	at com.kms.katalon.core.webui.keyword.builtin.ClickKeyword$_click_closure1.call(ClickKeyword.groovy)
	at com.kms.katalon.core.webui.keyword.internal.WebUIKeywordMain.runKeyword(WebUIKeywordMain.groovy:20)
	at com.kms.katalon.core.webui.keyword.builtin.ClickKeyword.click(ClickKeyword.groovy:74)
	at com.kms.katalon.core.webui.keyword.builtin.ClickKeyword.execute(ClickKeyword.groovy:40)
	at com.kms.katalon.core.keyword.internal.KeywordExecutor.executeKeywordForPlatform(KeywordExecutor.groovy:74)
	at com.kms.katalon.core.webui.keyword.WebUiBuiltInKeywords.click(WebUiBuiltInKeywords.groovy:659)
	at Script1738175296141.run(Script1738175296141.groovy:30)
	... 15 more
)
[[ATTACHMENT|C:\\Users\\Pedro Carreira\\PMCAutomationpub\\Reports\\20250130_164337\\Askblue_training\\Test_Suite_Askblue_Training\\20250130_164338\\1738255593130.png]]]]></system-out>
         <system-err><![CDATA[30-01-2025T16:45:56 - [TEST_CASE][FAILED] - Test Cases/Askblue_Training/Add_to_Cart/Add_to_Cart_Todos_Record: Test Cases/Askblue_Training/Add_to_Cart/Add_to_Cart_Todos_Record FAILED.
Reason:
com.kms.katalon.core.exception.StepFailedException: Unable to click on object 'Object Repository/Page_Swag Labs/button_Add to cart_2'
	at com.kms.katalon.core.webui.keyword.internal.WebUIKeywordMain.stepFailed(WebUIKeywordMain.groovy:64)
	at com.kms.katalon.core.webui.keyword.internal.WebUIKeywordMain.runKeyword(WebUIKeywordMain.groovy:26)
	at com.kms.katalon.core.webui.keyword.builtin.ClickKeyword.click(ClickKeyword.groovy:74)
	at com.kms.katalon.core.webui.keyword.builtin.ClickKeyword.execute(ClickKeyword.groovy:40)
	at com.kms.katalon.core.keyword.internal.KeywordExecutor.executeKeywordForPlatform(KeywordExecutor.groovy:74)
	at com.kms.katalon.core.webui.keyword.WebUiBuiltInKeywords.click(WebUiBuiltInKeywords.groovy:659)
	at Add_to_Cart_Todos_Record.run(Add_to_Cart_Todos_Record:30)
	at com.kms.katalon.core.main.ScriptEngine.run(ScriptEngine.java:194)
	at com.kms.katalon.core.main.ScriptEngine.runScriptAsRawText(ScriptEngine.java:119)
	at com.kms.katalon.core.main.TestCaseExecutor.runScript(TestCaseExecutor.java:448)
	at com.kms.katalon.core.main.TestCaseExecutor.doExecute(TestCaseExecutor.java:439)
	at com.kms.katalon.core.main.TestCaseExecutor.processExecutionPhase(TestCaseExecutor.java:418)
	at com.kms.katalon.core.main.TestCaseExecutor.accessMainPhase(TestCaseExecutor.java:410)
	at com.kms.katalon.core.main.TestCaseExecutor.execute(TestCaseExecutor.java:285)
	at com.kms.katalon.core.common.CommonExecutor.accessTestCaseMainPhase(CommonExecutor.java:65)
	at com.kms.katalon.core.main.TestSuiteExecutor.accessTestSuiteMainPhase(TestSuiteExecutor.java:148)
	at com.kms.katalon.core.main.TestSuiteExecutor.execute(TestSuiteExecutor.java:106)
	at com.kms.katalon.core.main.TestCaseMain.startTestSuite(TestCaseMain.java:180)
	at TempTestSuite1738255418588.run(TempTestSuite1738255418588.groovy:36)
	at java.base/jdk.internal.reflect.NativeMethodAccessorImpl.invoke0(Native Method)
	at java.base/jdk.internal.reflect.NativeMethodAccessorImpl.invoke(NativeMethodAccessorImpl.java:77)
	at java.base/jdk.internal.reflect.DelegatingMethodAccessorImpl.invoke(DelegatingMethodAccessorImpl.java:43)
Caused by: com.kms.katalon.core.webui.exception.WebElementNotFoundException: Web element with id: 'Object Repository/Page_Swag Labs/button_Add to cart_2' located by '//button[@id='add-to-cart-sauce-labs-bolt-t-shirt']' not found
	at com.kms.katalon.core.webui.common.WebUiCommonHelper.findWebElement(WebUiCommonHelper.java:1379)
	at com.kms.katalon.core.webui.keyword.internal.WebUIAbstractKeyword.findWebElement(WebUIAbstractKeyword.groovy:27)
	at com.kms.katalon.core.webui.keyword.builtin.ClickKeyword$_click_closure1.doCall(ClickKeyword.groovy:65)
	at com.kms.katalon.core.webui.keyword.builtin.ClickKeyword$_click_closure1.call(ClickKeyword.groovy)
	at com.kms.katalon.core.webui.keyword.internal.WebUIKeywordMain.runKeyword(WebUIKeywordMain.groovy:20)
	... 20 more]]></system-err>
      </testcase>
      <testcase name="Test Cases/Askblue_Training/Remove_from_Cart/Remove_from_Cart_1" time="7.251" classname="Test Cases/Askblue_Training/Remove_from_Cart/Remove_from_Cart_1" status="PASSED">
         <system-out><![CDATA[30-01-2025T16:46:33 - [TEST_CASE][PASSED] - Test Cases/Askblue_Training/Remove_from_Cart/Remove_from_Cart_1: Test Cases/Askblue_Training/Remove_from_Cart/Remove_from_Cart_1

30-01-2025T16:46:33 - [TEST_STEP][PASSED] - callTestCase(findTestCase("Askblue_Training/Add_to_Cart/Add_to_Cart_1"), [:], STOP_ON_FAILURE): Call Test Case 'Test Cases/Askblue_Training/Add_to_Cart/Add_to_Cart_1' successfully

30-01-2025T16:46:33 - [TEST_CASE][PASSED] - Test Cases/Askblue_Training/Add_to_Cart/Add_to_Cart_1: Test Cases/Askblue_Training/Add_to_Cart/Add_to_Cart_1

30-01-2025T16:46:33 - [TEST_STEP][PASSED] - callTestCase(findTestCase("Askblue_Training/Login_Logout/Login_Positivo"), ["username":"standard_user", "password":"secret_sauce"], STOP_ON_FAILURE): Call Test Case 'Test Cases/Askblue_Training/Login_Logout/Login_Positivo' successfully

30-01-2025T16:46:33 - [TEST_CASE][PASSED] - Test Cases/Askblue_Training/Login_Logout/Login_Positivo: Test Cases/Askblue_Training/Login_Logout/Login_Positivo

30-01-2025T16:46:33 - [TEST_STEP][PASSED] - openBrowser(""): Browser is opened with url: ''

30-01-2025T16:46:33 - [MESSAGE][WARNING] - A browser is already opened. Closing browser and opening a new one

30-01-2025T16:46:33 - [MESSAGE][INFO] - Starting 'Chrome' driver

30-01-2025T16:46:33 - [MESSAGE][INFO] - Action delay is set to 0 milliseconds

30-01-2025T16:46:34 - [MESSAGE][PASSED] - Browser is opened with url: ''

30-01-2025T16:46:34 - [TEST_STEP][PASSED] - navigateToUrl("https://www.saucedemo.com/"): Navigate to 'https://www.saucedemo.com/' successfully

30-01-2025T16:46:34 - [MESSAGE][PASSED] - Navigate to 'https://www.saucedemo.com/' successfully

30-01-2025T16:46:34 - [TEST_STEP][PASSED] - setText(findTestObject("Object Repository/Page_Swag Labs/input_Swag Labs_user-name"), username): Text 'standard_user' is set on object 'Object Repository/Page_Swag Labs/input_Swag Labs_user-name'

30-01-2025T16:46:35 - [MESSAGE][PASSED] - Text 'standard_user' is set on object 'Object Repository/Page_Swag Labs/input_Swag Labs_user-name'

30-01-2025T16:46:35 - [TEST_STEP][PASSED] - setText(findTestObject("Object Repository/Page_Swag Labs/input_Swag Labs_password"), password): Text 'secret_sauce' is set on object 'Object Repository/Page_Swag Labs/input_Swag Labs_password'

30-01-2025T16:46:36 - [MESSAGE][PASSED] - Text 'secret_sauce' is set on object 'Object Repository/Page_Swag Labs/input_Swag Labs_password'

30-01-2025T16:46:36 - [TEST_STEP][PASSED] - click(findTestObject("Object Repository/Page_Swag Labs/input_Swag Labs_login-button")): Object: 'Object Repository/Page_Swag Labs/input_Swag Labs_login-button' is clicked on

30-01-2025T16:46:36 - [MESSAGE][PASSED] - Object: 'Object Repository/Page_Swag Labs/input_Swag Labs_login-button' is clicked on

30-01-2025T16:46:36 - [TEST_STEP][PASSED] - click(findTestObject("Object Repository/Page_Swag Labs/button_Open Menu")): Object: 'Object Repository/Page_Swag Labs/button_Open Menu' is clicked on

30-01-2025T16:46:36 - [MESSAGE][PASSED] - Object: 'Object Repository/Page_Swag Labs/button_Open Menu' is clicked on

30-01-2025T16:46:36 - [TEST_STEP][PASSED] - verifyElementText(findTestObject("Object Repository/Page_Swag Labs/a_Logout"), "Logout"): Actual text and expected text of test object 'Object Repository/Page_Swag Labs/a_Logout' are matched.

30-01-2025T16:46:37 - [MESSAGE][PASSED] - Actual text and expected text of test object 'Object Repository/Page_Swag Labs/a_Logout' are matched.

30-01-2025T16:46:37 - [TEST_STEP][PASSED] - click(findTestObject("Object Repository/Page_Swag Labs/button_Close Menu")): Object: 'Object Repository/Page_Swag Labs/button_Close Menu' is clicked on

30-01-2025T16:46:37 - [MESSAGE][PASSED] - Object: 'Object Repository/Page_Swag Labs/button_Close Menu' is clicked on

30-01-2025T16:46:37 - [MESSAGE][PASSED] - Call Test Case 'Test Cases/Askblue_Training/Login_Logout/Login_Positivo' successfully

30-01-2025T16:46:37 - [TEST_STEP][PASSED] - addToCart = findTestObject("Object Repository/Page_Swag Labs/button_add_to_cart"): null

30-01-2025T16:46:37 - [TEST_STEP][PASSED] - addToCartList = findWebElements(addToCart, 10): Found web elements by test object Object Repository/Page_Swag Labs/button_add_to_cart

30-01-2025T16:46:37 - [MESSAGE][PASSED] - Found web elements by test object Object Repository/Page_Swag Labs/button_add_to_cart

30-01-2025T16:46:37 - [TEST_STEP][PASSED] - itemNames = findTestObject("Object Repository/Page_Swag Labs/item_name"): null

30-01-2025T16:46:37 - [TEST_STEP][PASSED] - itemNameList = findWebElements(itemNames, 10): Found web elements by test object Object Repository/Page_Swag Labs/item_name

30-01-2025T16:46:38 - [MESSAGE][PASSED] - Found web elements by test object Object Repository/Page_Swag Labs/item_name

30-01-2025T16:46:38 - [TEST_STEP][PASSED] - name = itemNameList[0].getText(): null

30-01-2025T16:46:38 - [TEST_STEP][PASSED] - itemPrices = findTestObject("Object Repository/Page_Swag Labs/item_price"): null

30-01-2025T16:46:38 - [TEST_STEP][PASSED] - itemPriceList = findWebElements(itemPrices, 10): Found web elements by test object Object Repository/Page_Swag Labs/item_price

30-01-2025T16:46:38 - [MESSAGE][PASSED] - Found web elements by test object Object Repository/Page_Swag Labs/item_price

30-01-2025T16:46:38 - [TEST_STEP][PASSED] - price = itemPriceList[0].getText(): null

30-01-2025T16:46:38 - [TEST_STEP][PASSED] - get(0).click(): null

30-01-2025T16:46:38 - [TEST_STEP][PASSED] - verifyElementText(findTestObject("Object Repository/Page_Swag Labs/icone_carrinho"), "1"): Actual text and expected text of test object 'Object Repository/Page_Swag Labs/icone_carrinho' are matched.

30-01-2025T16:46:38 - [MESSAGE][PASSED] - Actual text and expected text of test object 'Object Repository/Page_Swag Labs/icone_carrinho' are matched.

30-01-2025T16:46:38 - [TEST_STEP][PASSED] - click(findTestObject("Object Repository/Page_Swag Labs/icone_carrinho")): Object: 'Object Repository/Page_Swag Labs/icone_carrinho' is clicked on

30-01-2025T16:46:38 - [MESSAGE][PASSED] - Object: 'Object Repository/Page_Swag Labs/icone_carrinho' is clicked on

30-01-2025T16:46:38 - [TEST_STEP][PASSED] - cartItemNames = findTestObject("Object Repository/Page_Swag Labs/cart_item_name"): null

30-01-2025T16:46:38 - [TEST_STEP][PASSED] - cartItemNameList = findWebElements(cartItemNames, 10): Found web elements by test object Object Repository/Page_Swag Labs/cart_item_name

30-01-2025T16:46:39 - [MESSAGE][PASSED] - Found web elements by test object Object Repository/Page_Swag Labs/cart_item_name

30-01-2025T16:46:39 - [TEST_STEP][PASSED] - verifyMatch(cartItemNameList[0].getText(), name, false): Actual text 'Sauce Labs Backpack' and expected text 'Sauce Labs Backpack' are matched 

30-01-2025T16:46:39 - [MESSAGE][PASSED] - Actual text 'Sauce Labs Backpack' and expected text 'Sauce Labs Backpack' are matched 

30-01-2025T16:46:39 - [TEST_STEP][PASSED] - cartItemPrices = findTestObject("Object Repository/Page_Swag Labs/cart_item_price"): null

30-01-2025T16:46:39 - [TEST_STEP][PASSED] - cartItemPriceList = findWebElements(cartItemPrices, 10): Found web elements by test object Object Repository/Page_Swag Labs/cart_item_price

30-01-2025T16:46:39 - [MESSAGE][PASSED] - Found web elements by test object Object Repository/Page_Swag Labs/cart_item_price

30-01-2025T16:46:39 - [TEST_STEP][PASSED] - verifyMatch(cartItemPriceList[0].getText(), price, false): Actual text '$29.99' and expected text '$29.99' are matched 

30-01-2025T16:46:39 - [MESSAGE][PASSED] - Actual text '$29.99' and expected text '$29.99' are matched 

30-01-2025T16:46:39 - [TEST_STEP][PASSED] - click(findTestObject("Object Repository/Page_Swag Labs/button_Continue Shopping")): Object: 'Object Repository/Page_Swag Labs/button_Continue Shopping' is clicked on

30-01-2025T16:46:39 - [MESSAGE][PASSED] - Object: 'Object Repository/Page_Swag Labs/button_Continue Shopping' is clicked on

30-01-2025T16:46:39 - [MESSAGE][PASSED] - Call Test Case 'Test Cases/Askblue_Training/Add_to_Cart/Add_to_Cart_1' successfully

30-01-2025T16:46:39 - [TEST_STEP][PASSED] - click(findTestObject("Object Repository/Page_Swag Labs/button_remove")): Object: 'Object Repository/Page_Swag Labs/button_remove' is clicked on

30-01-2025T16:46:40 - [MESSAGE][PASSED] - Object: 'Object Repository/Page_Swag Labs/button_remove' is clicked on

30-01-2025T16:46:40 - [TEST_STEP][PASSED] - verifyElementText(findTestObject("Object Repository/Page_Swag Labs/icone_carrinho"), ""): Actual text and expected text of test object 'Object Repository/Page_Swag Labs/icone_carrinho' are matched.

30-01-2025T16:46:40 - [MESSAGE][PASSED] - Actual text and expected text of test object 'Object Repository/Page_Swag Labs/icone_carrinho' are matched.

30-01-2025T16:46:40 - [TEST_STEP][PASSED] - closeBrowser(): Browser is closed

30-01-2025T16:46:40 - [MESSAGE][PASSED] - Browser is closed]]></system-out>
         <system-err><![CDATA[]]></system-err>
      </testcase>
      <testcase name="Test Cases/Askblue_Training/Remove_from_Cart/Remove_from_Cart_AleatorioUm" time="7.415" classname="Test Cases/Askblue_Training/Remove_from_Cart/Remove_from_Cart_AleatorioUm" status="PASSED">
         <system-out><![CDATA[30-01-2025T16:46:40 - [TEST_CASE][PASSED] - Test Cases/Askblue_Training/Remove_from_Cart/Remove_from_Cart_AleatorioUm: Test Cases/Askblue_Training/Remove_from_Cart/Remove_from_Cart_AleatorioUm

30-01-2025T16:46:40 - [TEST_STEP][PASSED] - callTestCase(findTestCase("Askblue_Training/Add_to_Cart/Add_to_Cart_AleatorioUm"), [:], STOP_ON_FAILURE): Call Test Case 'Test Cases/Askblue_Training/Add_to_Cart/Add_to_Cart_AleatorioUm' successfully

30-01-2025T16:46:40 - [TEST_CASE][PASSED] - Test Cases/Askblue_Training/Add_to_Cart/Add_to_Cart_AleatorioUm: Test Cases/Askblue_Training/Add_to_Cart/Add_to_Cart_AleatorioUm

30-01-2025T16:46:40 - [TEST_STEP][PASSED] - callTestCase(findTestCase("Askblue_Training/Login_Logout/Login_Positivo"), [:], STOP_ON_FAILURE): Call Test Case 'Test Cases/Askblue_Training/Login_Logout/Login_Positivo' successfully

30-01-2025T16:46:40 - [TEST_CASE][PASSED] - Test Cases/Askblue_Training/Login_Logout/Login_Positivo: Test Cases/Askblue_Training/Login_Logout/Login_Positivo

30-01-2025T16:46:40 - [TEST_STEP][PASSED] - openBrowser(""): Browser is opened with url: ''

30-01-2025T16:46:40 - [MESSAGE][INFO] - Starting 'Chrome' driver

30-01-2025T16:46:40 - [MESSAGE][INFO] - Action delay is set to 0 milliseconds

30-01-2025T16:46:41 - [MESSAGE][PASSED] - Browser is opened with url: ''

30-01-2025T16:46:41 - [TEST_STEP][PASSED] - navigateToUrl("https://www.saucedemo.com/"): Navigate to 'https://www.saucedemo.com/' successfully

30-01-2025T16:46:41 - [MESSAGE][PASSED] - Navigate to 'https://www.saucedemo.com/' successfully

30-01-2025T16:46:41 - [TEST_STEP][PASSED] - setText(findTestObject("Object Repository/Page_Swag Labs/input_Swag Labs_user-name"), username): Text 'standard_user' is set on object 'Object Repository/Page_Swag Labs/input_Swag Labs_user-name'

30-01-2025T16:46:42 - [MESSAGE][PASSED] - Text 'standard_user' is set on object 'Object Repository/Page_Swag Labs/input_Swag Labs_user-name'

30-01-2025T16:46:42 - [TEST_STEP][PASSED] - setText(findTestObject("Object Repository/Page_Swag Labs/input_Swag Labs_password"), password): Text 'secret_sauce' is set on object 'Object Repository/Page_Swag Labs/input_Swag Labs_password'

30-01-2025T16:46:43 - [MESSAGE][PASSED] - Text 'secret_sauce' is set on object 'Object Repository/Page_Swag Labs/input_Swag Labs_password'

30-01-2025T16:46:43 - [TEST_STEP][PASSED] - click(findTestObject("Object Repository/Page_Swag Labs/input_Swag Labs_login-button")): Object: 'Object Repository/Page_Swag Labs/input_Swag Labs_login-button' is clicked on

30-01-2025T16:46:43 - [MESSAGE][PASSED] - Object: 'Object Repository/Page_Swag Labs/input_Swag Labs_login-button' is clicked on

30-01-2025T16:46:43 - [TEST_STEP][PASSED] - click(findTestObject("Object Repository/Page_Swag Labs/button_Open Menu")): Object: 'Object Repository/Page_Swag Labs/button_Open Menu' is clicked on

30-01-2025T16:46:44 - [MESSAGE][PASSED] - Object: 'Object Repository/Page_Swag Labs/button_Open Menu' is clicked on

30-01-2025T16:46:44 - [TEST_STEP][PASSED] - verifyElementText(findTestObject("Object Repository/Page_Swag Labs/a_Logout"), "Logout"): Actual text and expected text of test object 'Object Repository/Page_Swag Labs/a_Logout' are matched.

30-01-2025T16:46:44 - [MESSAGE][PASSED] - Actual text and expected text of test object 'Object Repository/Page_Swag Labs/a_Logout' are matched.

30-01-2025T16:46:44 - [TEST_STEP][PASSED] - click(findTestObject("Object Repository/Page_Swag Labs/button_Close Menu")): Object: 'Object Repository/Page_Swag Labs/button_Close Menu' is clicked on

30-01-2025T16:46:44 - [MESSAGE][PASSED] - Object: 'Object Repository/Page_Swag Labs/button_Close Menu' is clicked on

30-01-2025T16:46:44 - [MESSAGE][PASSED] - Call Test Case 'Test Cases/Askblue_Training/Login_Logout/Login_Positivo' successfully

30-01-2025T16:46:44 - [TEST_STEP][PASSED] - verifyElementText(findTestObject("Page_Swag Labs/icone_Carrinho"), ""): Actual text and expected text of test object 'Object Repository/Page_Swag Labs/icone_Carrinho' are matched.

30-01-2025T16:46:44 - [MESSAGE][PASSED] - Actual text and expected text of test object 'Object Repository/Page_Swag Labs/icone_Carrinho' are matched.

30-01-2025T16:46:44 - [TEST_STEP][PASSED] - addToCart = findTestObject("Object Repository/Page_Swag Labs/button_add_to_cart"): null

30-01-2025T16:46:44 - [TEST_STEP][PASSED] - addToCartList = findWebElements(addToCart, 10): Found web elements by test object Object Repository/Page_Swag Labs/button_add_to_cart

30-01-2025T16:46:45 - [MESSAGE][PASSED] - Found web elements by test object Object Repository/Page_Swag Labs/button_add_to_cart

30-01-2025T16:46:45 - [TEST_STEP][PASSED] - itemNames = findTestObject("Object Repository/Page_Swag Labs/item_name"): null

30-01-2025T16:46:45 - [TEST_STEP][PASSED] - itemNameList = findWebElements(itemNames, 10): Found web elements by test object Object Repository/Page_Swag Labs/item_name

30-01-2025T16:46:45 - [MESSAGE][PASSED] - Found web elements by test object Object Repository/Page_Swag Labs/item_name

30-01-2025T16:46:45 - [TEST_STEP][PASSED] - itemPrices = findTestObject("Object Repository/Page_Swag Labs/item_price"): null

30-01-2025T16:46:45 - [TEST_STEP][PASSED] - itemPriceList = findWebElements(itemPrices, 10): Found web elements by test object Object Repository/Page_Swag Labs/item_price

30-01-2025T16:46:45 - [MESSAGE][PASSED] - Found web elements by test object Object Repository/Page_Swag Labs/item_price

30-01-2025T16:46:45 - [TEST_STEP][PASSED] - rand = new java.util.Random(): null

30-01-2025T16:46:45 - [TEST_STEP][PASSED] - r = rand.nextInt(addToCartList.size()): null

30-01-2025T16:46:45 - [TEST_STEP][PASSED] - name = itemNameList[r].getText(): null

30-01-2025T16:46:45 - [TEST_STEP][PASSED] - price = itemPriceList[r].getText(): null

30-01-2025T16:46:45 - [TEST_STEP][PASSED] - get(r).click(): null

30-01-2025T16:46:45 - [TEST_STEP][PASSED] - verifyElementText(findTestObject("Page_Swag Labs/icone_carrinho"), "1"): Actual text and expected text of test object 'Object Repository/Page_Swag Labs/icone_carrinho' are matched.

30-01-2025T16:46:46 - [MESSAGE][PASSED] - Actual text and expected text of test object 'Object Repository/Page_Swag Labs/icone_carrinho' are matched.

30-01-2025T16:46:46 - [TEST_STEP][PASSED] - click(findTestObject("Object Repository/Page_Swag Labs/icone_carrinho")): Object: 'Object Repository/Page_Swag Labs/icone_carrinho' is clicked on

30-01-2025T16:46:46 - [MESSAGE][PASSED] - Object: 'Object Repository/Page_Swag Labs/icone_carrinho' is clicked on

30-01-2025T16:46:46 - [TEST_STEP][PASSED] - cartItemNames = findTestObject("Object Repository/Page_Swag Labs/cart_item_name"): null

30-01-2025T16:46:46 - [TEST_STEP][PASSED] - cartItemNameList = findWebElements(cartItemNames, 10): Found web elements by test object Object Repository/Page_Swag Labs/cart_item_name

30-01-2025T16:46:46 - [MESSAGE][PASSED] - Found web elements by test object Object Repository/Page_Swag Labs/cart_item_name

30-01-2025T16:46:46 - [TEST_STEP][PASSED] - verifyMatch(cartItemNameList[0].getText(), name, false): Actual text 'Sauce Labs Bolt T-Shirt' and expected text 'Sauce Labs Bolt T-Shirt' are matched 

30-01-2025T16:46:46 - [MESSAGE][PASSED] - Actual text 'Sauce Labs Bolt T-Shirt' and expected text 'Sauce Labs Bolt T-Shirt' are matched 

30-01-2025T16:46:46 - [TEST_STEP][PASSED] - cartItemPrices = findTestObject("Object Repository/Page_Swag Labs/cart_item_price"): null

30-01-2025T16:46:46 - [TEST_STEP][PASSED] - cartItemPriceList = findWebElements(cartItemPrices, 10): Found web elements by test object Object Repository/Page_Swag Labs/cart_item_price

30-01-2025T16:46:46 - [MESSAGE][PASSED] - Found web elements by test object Object Repository/Page_Swag Labs/cart_item_price

30-01-2025T16:46:46 - [TEST_STEP][PASSED] - verifyMatch(cartItemPriceList[0].getText(), price, false): Actual text '$15.99' and expected text '$15.99' are matched 

30-01-2025T16:46:46 - [MESSAGE][PASSED] - Actual text '$15.99' and expected text '$15.99' are matched 

30-01-2025T16:46:46 - [TEST_STEP][PASSED] - click(findTestObject("Object Repository/Page_Swag Labs/button_Continue Shopping")): Object: 'Object Repository/Page_Swag Labs/button_Continue Shopping' is clicked on

30-01-2025T16:46:47 - [MESSAGE][PASSED] - Object: 'Object Repository/Page_Swag Labs/button_Continue Shopping' is clicked on

30-01-2025T16:46:47 - [MESSAGE][PASSED] - Call Test Case 'Test Cases/Askblue_Training/Add_to_Cart/Add_to_Cart_AleatorioUm' successfully

30-01-2025T16:46:47 - [TEST_STEP][PASSED] - click(findTestObject("Object Repository/Page_Swag Labs/button_remove")): Object: 'Object Repository/Page_Swag Labs/button_remove' is clicked on

30-01-2025T16:46:47 - [MESSAGE][PASSED] - Object: 'Object Repository/Page_Swag Labs/button_remove' is clicked on

30-01-2025T16:46:47 - [TEST_STEP][PASSED] - verifyElementText(findTestObject("Object Repository/Page_Swag Labs/icone_carrinho"), ""): Actual text and expected text of test object 'Object Repository/Page_Swag Labs/icone_carrinho' are matched.

30-01-2025T16:46:47 - [MESSAGE][PASSED] - Actual text and expected text of test object 'Object Repository/Page_Swag Labs/icone_carrinho' are matched.

30-01-2025T16:46:47 - [TEST_STEP][PASSED] - closeBrowser(): Browser is closed

30-01-2025T16:46:47 - [MESSAGE][PASSED] - Browser is closed]]></system-out>
         <system-err><![CDATA[]]></system-err>
      </testcase>
      <testcase name="Test Cases/Askblue_Training/Remove_from_Cart/Remove_from_Cart_AleatórioVários" time="21.239" classname="Test Cases/Askblue_Training/Remove_from_Cart/Remove_from_Cart_AleatórioVários" status="PASSED">
         <system-out><![CDATA[30-01-2025T16:46:47 - [TEST_CASE][PASSED] - Test Cases/Askblue_Training/Remove_from_Cart/Remove_from_Cart_AleatórioVários: Test Cases/Askblue_Training/Remove_from_Cart/Remove_from_Cart_AleatórioVários

30-01-2025T16:46:48 - [TEST_STEP][PASSED] - callTestCase(findTestCase("Askblue_Training/Add_to_Cart/Add_to_Cart_AleatorioVarios"), [:], STOP_ON_FAILURE): Call Test Case 'Test Cases/Askblue_Training/Add_to_Cart/Add_to_Cart_AleatorioVarios' successfully

30-01-2025T16:46:48 - [TEST_CASE][PASSED] - Test Cases/Askblue_Training/Add_to_Cart/Add_to_Cart_AleatorioVarios: Test Cases/Askblue_Training/Add_to_Cart/Add_to_Cart_AleatorioVarios

30-01-2025T16:46:48 - [TEST_STEP][PASSED] - callTestCase(findTestCase("Askblue_Training/Login_Logout/Login_Positivo"), [:], STOP_ON_FAILURE): Call Test Case 'Test Cases/Askblue_Training/Login_Logout/Login_Positivo' successfully

30-01-2025T16:46:48 - [TEST_CASE][PASSED] - Test Cases/Askblue_Training/Login_Logout/Login_Positivo: Test Cases/Askblue_Training/Login_Logout/Login_Positivo

30-01-2025T16:46:48 - [TEST_STEP][PASSED] - openBrowser(""): Browser is opened with url: ''

30-01-2025T16:46:48 - [MESSAGE][INFO] - Starting 'Chrome' driver

30-01-2025T16:46:48 - [MESSAGE][INFO] - Action delay is set to 0 milliseconds

30-01-2025T16:46:48 - [MESSAGE][PASSED] - Browser is opened with url: ''

30-01-2025T16:46:48 - [TEST_STEP][PASSED] - navigateToUrl("https://www.saucedemo.com/"): Navigate to 'https://www.saucedemo.com/' successfully

30-01-2025T16:46:49 - [MESSAGE][PASSED] - Navigate to 'https://www.saucedemo.com/' successfully

30-01-2025T16:46:49 - [TEST_STEP][PASSED] - setText(findTestObject("Object Repository/Page_Swag Labs/input_Swag Labs_user-name"), username): Text 'standard_user' is set on object 'Object Repository/Page_Swag Labs/input_Swag Labs_user-name'

30-01-2025T16:46:50 - [MESSAGE][PASSED] - Text 'standard_user' is set on object 'Object Repository/Page_Swag Labs/input_Swag Labs_user-name'

30-01-2025T16:46:50 - [TEST_STEP][PASSED] - setText(findTestObject("Object Repository/Page_Swag Labs/input_Swag Labs_password"), password): Text 'secret_sauce' is set on object 'Object Repository/Page_Swag Labs/input_Swag Labs_password'

30-01-2025T16:46:50 - [MESSAGE][PASSED] - Text 'secret_sauce' is set on object 'Object Repository/Page_Swag Labs/input_Swag Labs_password'

30-01-2025T16:46:50 - [TEST_STEP][PASSED] - click(findTestObject("Object Repository/Page_Swag Labs/input_Swag Labs_login-button")): Object: 'Object Repository/Page_Swag Labs/input_Swag Labs_login-button' is clicked on

30-01-2025T16:46:51 - [MESSAGE][PASSED] - Object: 'Object Repository/Page_Swag Labs/input_Swag Labs_login-button' is clicked on

30-01-2025T16:46:51 - [TEST_STEP][PASSED] - click(findTestObject("Object Repository/Page_Swag Labs/button_Open Menu")): Object: 'Object Repository/Page_Swag Labs/button_Open Menu' is clicked on

30-01-2025T16:46:51 - [MESSAGE][PASSED] - Object: 'Object Repository/Page_Swag Labs/button_Open Menu' is clicked on

30-01-2025T16:46:51 - [TEST_STEP][PASSED] - verifyElementText(findTestObject("Object Repository/Page_Swag Labs/a_Logout"), "Logout"): Actual text and expected text of test object 'Object Repository/Page_Swag Labs/a_Logout' are matched.

30-01-2025T16:46:51 - [MESSAGE][PASSED] - Actual text and expected text of test object 'Object Repository/Page_Swag Labs/a_Logout' are matched.

30-01-2025T16:46:51 - [TEST_STEP][PASSED] - click(findTestObject("Object Repository/Page_Swag Labs/button_Close Menu")): Object: 'Object Repository/Page_Swag Labs/button_Close Menu' is clicked on

30-01-2025T16:46:52 - [MESSAGE][PASSED] - Object: 'Object Repository/Page_Swag Labs/button_Close Menu' is clicked on

30-01-2025T16:46:52 - [MESSAGE][PASSED] - Call Test Case 'Test Cases/Askblue_Training/Login_Logout/Login_Positivo' successfully

30-01-2025T16:46:52 - [TEST_STEP][PASSED] - verifyElementText(findTestObject("Page_Swag Labs/icone_carrinho"), ""): Actual text and expected text of test object 'Object Repository/Page_Swag Labs/icone_carrinho' are matched.

30-01-2025T16:46:52 - [MESSAGE][PASSED] - Actual text and expected text of test object 'Object Repository/Page_Swag Labs/icone_carrinho' are matched.

30-01-2025T16:46:52 - [TEST_STEP][PASSED] - addToCart = TestObject().addProperty("xpath", EQUALS, "//button[text()='Add to cart']"): null

30-01-2025T16:46:52 - [TEST_STEP][PASSED] - addToCartList = findWebElements(addToCart, 10): Found web elements by test object 

30-01-2025T16:46:52 - [MESSAGE][PASSED] - Found web elements by test object 

30-01-2025T16:46:52 - [TEST_STEP][PASSED] - itemNames = findTestObject("Object Repository/Page_Swag Labs/item_name"): null

30-01-2025T16:46:52 - [TEST_STEP][PASSED] - itemNameList = findWebElements(itemNames, 10): Found web elements by test object Object Repository/Page_Swag Labs/item_name

30-01-2025T16:46:52 - [MESSAGE][PASSED] - Found web elements by test object Object Repository/Page_Swag Labs/item_name

30-01-2025T16:46:52 - [TEST_STEP][PASSED] - itemPrices = findTestObject("Object Repository/Page_Swag Labs/item_price"): null

30-01-2025T16:46:52 - [TEST_STEP][PASSED] - itemPriceList = findWebElements(itemPrices, 10): Found web elements by test object Object Repository/Page_Swag Labs/item_price

30-01-2025T16:46:53 - [MESSAGE][PASSED] - Found web elements by test object Object Repository/Page_Swag Labs/item_price

30-01-2025T16:46:53 - [TEST_STEP][PASSED] - addedItems = new java.util.HashSet(): null

30-01-2025T16:46:53 - [TEST_STEP][PASSED] - v = Random().nextInt(addToCartList.size() - 2) + 2: null

30-01-2025T16:46:53 - [TEST_STEP][PASSED] - for ([i = 0, i < v, (i++)]): Object: 'Object Repository/Page_Swag Labs/button_Continue Shopping' is clicked on

30-01-2025T16:46:53 - [TEST_STEP][PASSED] - availableItems = findWebElements(findTestObject("Object Repository/Page_Swag Labs/item_name"), 10): Found web elements by test object Object Repository/Page_Swag Labs/item_name

30-01-2025T16:46:53 - [MESSAGE][PASSED] - Found web elements by test object Object Repository/Page_Swag Labs/item_name

30-01-2025T16:46:53 - [TEST_STEP][PASSED] - availablePrices = findWebElements(findTestObject("Object Repository/Page_Swag Labs/item_price"), 10): Found web elements by test object Object Repository/Page_Swag Labs/item_price

30-01-2025T16:46:53 - [MESSAGE][PASSED] - Found web elements by test object Object Repository/Page_Swag Labs/item_price

30-01-2025T16:46:53 - [TEST_STEP][PASSED] - availableButtons = findWebElements(findTestObject("Object Repository/Page_Swag Labs/button_add_to_cart"), 10): Found web elements by test object Object Repository/Page_Swag Labs/button_add_to_cart

30-01-2025T16:46:54 - [MESSAGE][PASSED] - Found web elements by test object Object Repository/Page_Swag Labs/button_add_to_cart

30-01-2025T16:46:54 - [TEST_STEP][PASSED] - validIndexes = []: null

30-01-2025T16:46:54 - [TEST_STEP][PASSED] - for ([j = 0, j < availableItems.size(), (j++)]): null

30-01-2025T16:46:54 - [TEST_STEP][PASSED] - if (!(addedItems.contains(availableItems[j].getText()))): null

30-01-2025T16:46:54 - [TEST_STEP][PASSED] - validIndexes.add(j): null

30-01-2025T16:46:54 - [TEST_STEP][PASSED] - if (!(addedItems.contains(availableItems[j].getText()))): null

30-01-2025T16:46:54 - [TEST_STEP][PASSED] - validIndexes.add(j): null

30-01-2025T16:46:54 - [TEST_STEP][PASSED] - if (!(addedItems.contains(availableItems[j].getText()))): null

30-01-2025T16:46:54 - [TEST_STEP][PASSED] - validIndexes.add(j): null

30-01-2025T16:46:54 - [TEST_STEP][PASSED] - if (!(addedItems.contains(availableItems[j].getText()))): null

30-01-2025T16:46:54 - [TEST_STEP][PASSED] - validIndexes.add(j): null

30-01-2025T16:46:54 - [TEST_STEP][PASSED] - if (!(addedItems.contains(availableItems[j].getText()))): null

30-01-2025T16:46:54 - [TEST_STEP][PASSED] - validIndexes.add(j): null

30-01-2025T16:46:54 - [TEST_STEP][PASSED] - if (!(addedItems.contains(availableItems[j].getText()))): null

30-01-2025T16:46:54 - [TEST_STEP][PASSED] - validIndexes.add(j): null

30-01-2025T16:46:54 - [TEST_STEP][PASSED] - if (validIndexes.isEmpty()): null

30-01-2025T16:46:54 - [TEST_STEP][PASSED] - randomIndex = validIndexes.get(Random().nextInt(validIndexes.size())): null

30-01-2025T16:46:54 - [TEST_STEP][PASSED] - name = availableItems[randomIndex].getText(): null

30-01-2025T16:46:54 - [TEST_STEP][PASSED] - price = availablePrices[randomIndex].getText(): null

30-01-2025T16:46:54 - [TEST_STEP][PASSED] - availableButtons[randomIndex].click(): null

30-01-2025T16:46:54 - [TEST_STEP][PASSED] - delay(1): Delayed 1 second(s)

30-01-2025T16:46:55 - [MESSAGE][PASSED] - Delayed 1 second(s)

30-01-2025T16:46:55 - [TEST_STEP][PASSED] - verifyElementText(findTestObject("Object Repository/Page_Swag Labs/icone_carrinho"), i + 1.toString()): Actual text and expected text of test object 'Object Repository/Page_Swag Labs/icone_carrinho' are matched.

30-01-2025T16:46:55 - [MESSAGE][PASSED] - Actual text and expected text of test object 'Object Repository/Page_Swag Labs/icone_carrinho' are matched.

30-01-2025T16:46:55 - [TEST_STEP][PASSED] - click(findTestObject("Object Repository/Page_Swag Labs/icone_carrinho")): Object: 'Object Repository/Page_Swag Labs/icone_carrinho' is clicked on

30-01-2025T16:46:55 - [MESSAGE][PASSED] - Object: 'Object Repository/Page_Swag Labs/icone_carrinho' is clicked on

30-01-2025T16:46:55 - [TEST_STEP][PASSED] - delay(1): Delayed 1 second(s)

30-01-2025T16:46:56 - [MESSAGE][PASSED] - Delayed 1 second(s)

30-01-2025T16:46:56 - [TEST_STEP][PASSED] - cartItemNameList = findWebElements(findTestObject("Object Repository/Page_Swag Labs/cart_item_name"), 10): Found web elements by test object Object Repository/Page_Swag Labs/cart_item_name

30-01-2025T16:46:57 - [MESSAGE][PASSED] - Found web elements by test object Object Repository/Page_Swag Labs/cart_item_name

30-01-2025T16:46:57 - [TEST_STEP][PASSED] - cartItemPriceList = findWebElements(findTestObject("Object Repository/Page_Swag Labs/cart_item_price"), 10): Found web elements by test object Object Repository/Page_Swag Labs/cart_item_price

30-01-2025T16:46:57 - [MESSAGE][PASSED] - Found web elements by test object Object Repository/Page_Swag Labs/cart_item_price

30-01-2025T16:46:57 - [TEST_STEP][PASSED] - verifyMatch(cartItemNameList[i].getText(), name, false): Actual text 'Sauce Labs Onesie' and expected text 'Sauce Labs Onesie' are matched 

30-01-2025T16:46:57 - [MESSAGE][PASSED] - Actual text 'Sauce Labs Onesie' and expected text 'Sauce Labs Onesie' are matched 

30-01-2025T16:46:57 - [TEST_STEP][PASSED] - verifyMatch(cartItemPriceList[i].getText(), price, false): Actual text '$7.99' and expected text '$7.99' are matched 

30-01-2025T16:46:57 - [MESSAGE][PASSED] - Actual text '$7.99' and expected text '$7.99' are matched 

30-01-2025T16:46:57 - [TEST_STEP][PASSED] - addedItems.add(name): null

30-01-2025T16:46:57 - [TEST_STEP][PASSED] - click(findTestObject("Object Repository/Page_Swag Labs/button_Continue Shopping")): Object: 'Object Repository/Page_Swag Labs/button_Continue Shopping' is clicked on

30-01-2025T16:46:57 - [MESSAGE][PASSED] - Object: 'Object Repository/Page_Swag Labs/button_Continue Shopping' is clicked on

30-01-2025T16:46:57 - [TEST_STEP][PASSED] - availableItems = findWebElements(findTestObject("Object Repository/Page_Swag Labs/item_name"), 10): Found web elements by test object Object Repository/Page_Swag Labs/item_name

30-01-2025T16:46:57 - [MESSAGE][PASSED] - Found web elements by test object Object Repository/Page_Swag Labs/item_name

30-01-2025T16:46:57 - [TEST_STEP][PASSED] - availablePrices = findWebElements(findTestObject("Object Repository/Page_Swag Labs/item_price"), 10): Found web elements by test object Object Repository/Page_Swag Labs/item_price

30-01-2025T16:46:58 - [MESSAGE][PASSED] - Found web elements by test object Object Repository/Page_Swag Labs/item_price

30-01-2025T16:46:58 - [TEST_STEP][PASSED] - availableButtons = findWebElements(findTestObject("Object Repository/Page_Swag Labs/button_add_to_cart"), 10): Found web elements by test object Object Repository/Page_Swag Labs/button_add_to_cart

30-01-2025T16:46:58 - [MESSAGE][PASSED] - Found web elements by test object Object Repository/Page_Swag Labs/button_add_to_cart

30-01-2025T16:46:58 - [TEST_STEP][PASSED] - validIndexes = []: null

30-01-2025T16:46:58 - [TEST_STEP][PASSED] - for ([j = 0, j < availableItems.size(), (j++)]): null

30-01-2025T16:46:58 - [TEST_STEP][PASSED] - if (!(addedItems.contains(availableItems[j].getText()))): null

30-01-2025T16:46:58 - [TEST_STEP][PASSED] - validIndexes.add(j): null

30-01-2025T16:46:58 - [TEST_STEP][PASSED] - if (!(addedItems.contains(availableItems[j].getText()))): null

30-01-2025T16:46:58 - [TEST_STEP][PASSED] - validIndexes.add(j): null

30-01-2025T16:46:58 - [TEST_STEP][PASSED] - if (!(addedItems.contains(availableItems[j].getText()))): null

30-01-2025T16:46:58 - [TEST_STEP][PASSED] - validIndexes.add(j): null

30-01-2025T16:46:58 - [TEST_STEP][PASSED] - if (!(addedItems.contains(availableItems[j].getText()))): null

30-01-2025T16:46:58 - [TEST_STEP][PASSED] - validIndexes.add(j): null

30-01-2025T16:46:58 - [TEST_STEP][PASSED] - if (!(addedItems.contains(availableItems[j].getText()))): null

30-01-2025T16:46:58 - [TEST_STEP][PASSED] - if (!(addedItems.contains(availableItems[j].getText()))): null

30-01-2025T16:46:58 - [TEST_STEP][PASSED] - validIndexes.add(j): null

30-01-2025T16:46:58 - [TEST_STEP][PASSED] - if (validIndexes.isEmpty()): null

30-01-2025T16:46:58 - [TEST_STEP][PASSED] - randomIndex = validIndexes.get(Random().nextInt(validIndexes.size())): null

30-01-2025T16:46:58 - [TEST_STEP][PASSED] - name = availableItems[randomIndex].getText(): null

30-01-2025T16:46:58 - [TEST_STEP][PASSED] - price = availablePrices[randomIndex].getText(): null

30-01-2025T16:46:58 - [TEST_STEP][PASSED] - availableButtons[randomIndex].click(): null

30-01-2025T16:46:58 - [TEST_STEP][PASSED] - delay(1): Delayed 1 second(s)

30-01-2025T16:46:59 - [MESSAGE][PASSED] - Delayed 1 second(s)

30-01-2025T16:46:59 - [TEST_STEP][PASSED] - verifyElementText(findTestObject("Object Repository/Page_Swag Labs/icone_carrinho"), i + 1.toString()): Actual text and expected text of test object 'Object Repository/Page_Swag Labs/icone_carrinho' are matched.

30-01-2025T16:47:00 - [MESSAGE][PASSED] - Actual text and expected text of test object 'Object Repository/Page_Swag Labs/icone_carrinho' are matched.

30-01-2025T16:47:00 - [TEST_STEP][PASSED] - click(findTestObject("Object Repository/Page_Swag Labs/icone_carrinho")): Object: 'Object Repository/Page_Swag Labs/icone_carrinho' is clicked on

30-01-2025T16:47:00 - [MESSAGE][PASSED] - Object: 'Object Repository/Page_Swag Labs/icone_carrinho' is clicked on

30-01-2025T16:47:00 - [TEST_STEP][PASSED] - delay(1): Delayed 1 second(s)

30-01-2025T16:47:01 - [MESSAGE][PASSED] - Delayed 1 second(s)

30-01-2025T16:47:01 - [TEST_STEP][PASSED] - cartItemNameList = findWebElements(findTestObject("Object Repository/Page_Swag Labs/cart_item_name"), 10): Found web elements by test object Object Repository/Page_Swag Labs/cart_item_name

30-01-2025T16:47:02 - [MESSAGE][PASSED] - Found web elements by test object Object Repository/Page_Swag Labs/cart_item_name

30-01-2025T16:47:02 - [TEST_STEP][PASSED] - cartItemPriceList = findWebElements(findTestObject("Object Repository/Page_Swag Labs/cart_item_price"), 10): Found web elements by test object Object Repository/Page_Swag Labs/cart_item_price

30-01-2025T16:47:02 - [MESSAGE][PASSED] - Found web elements by test object Object Repository/Page_Swag Labs/cart_item_price

30-01-2025T16:47:02 - [TEST_STEP][PASSED] - verifyMatch(cartItemNameList[i].getText(), name, false): Actual text 'Sauce Labs Backpack' and expected text 'Sauce Labs Backpack' are matched 

30-01-2025T16:47:02 - [MESSAGE][PASSED] - Actual text 'Sauce Labs Backpack' and expected text 'Sauce Labs Backpack' are matched 

30-01-2025T16:47:02 - [TEST_STEP][PASSED] - verifyMatch(cartItemPriceList[i].getText(), price, false): Actual text '$29.99' and expected text '$29.99' are matched 

30-01-2025T16:47:02 - [MESSAGE][PASSED] - Actual text '$29.99' and expected text '$29.99' are matched 

30-01-2025T16:47:02 - [TEST_STEP][PASSED] - addedItems.add(name): null

30-01-2025T16:47:02 - [TEST_STEP][PASSED] - click(findTestObject("Object Repository/Page_Swag Labs/button_Continue Shopping")): Object: 'Object Repository/Page_Swag Labs/button_Continue Shopping' is clicked on

30-01-2025T16:47:02 - [MESSAGE][PASSED] - Object: 'Object Repository/Page_Swag Labs/button_Continue Shopping' is clicked on

30-01-2025T16:47:02 - [TEST_STEP][PASSED] - availableItems = findWebElements(findTestObject("Object Repository/Page_Swag Labs/item_name"), 10): Found web elements by test object Object Repository/Page_Swag Labs/item_name

30-01-2025T16:47:03 - [MESSAGE][PASSED] - Found web elements by test object Object Repository/Page_Swag Labs/item_name

30-01-2025T16:47:03 - [TEST_STEP][PASSED] - availablePrices = findWebElements(findTestObject("Object Repository/Page_Swag Labs/item_price"), 10): Found web elements by test object Object Repository/Page_Swag Labs/item_price

30-01-2025T16:47:03 - [MESSAGE][PASSED] - Found web elements by test object Object Repository/Page_Swag Labs/item_price

30-01-2025T16:47:03 - [TEST_STEP][PASSED] - availableButtons = findWebElements(findTestObject("Object Repository/Page_Swag Labs/button_add_to_cart"), 10): Found web elements by test object Object Repository/Page_Swag Labs/button_add_to_cart

30-01-2025T16:47:03 - [MESSAGE][PASSED] - Found web elements by test object Object Repository/Page_Swag Labs/button_add_to_cart

30-01-2025T16:47:03 - [TEST_STEP][PASSED] - validIndexes = []: null

30-01-2025T16:47:03 - [TEST_STEP][PASSED] - for ([j = 0, j < availableItems.size(), (j++)]): null

30-01-2025T16:47:03 - [TEST_STEP][PASSED] - if (!(addedItems.contains(availableItems[j].getText()))): null

30-01-2025T16:47:03 - [TEST_STEP][PASSED] - if (!(addedItems.contains(availableItems[j].getText()))): null

30-01-2025T16:47:03 - [TEST_STEP][PASSED] - validIndexes.add(j): null

30-01-2025T16:47:03 - [TEST_STEP][PASSED] - if (!(addedItems.contains(availableItems[j].getText()))): null

30-01-2025T16:47:03 - [TEST_STEP][PASSED] - validIndexes.add(j): null

30-01-2025T16:47:03 - [TEST_STEP][PASSED] - if (!(addedItems.contains(availableItems[j].getText()))): null

30-01-2025T16:47:03 - [TEST_STEP][PASSED] - validIndexes.add(j): null

30-01-2025T16:47:03 - [TEST_STEP][PASSED] - if (!(addedItems.contains(availableItems[j].getText()))): null

30-01-2025T16:47:03 - [TEST_STEP][PASSED] - if (!(addedItems.contains(availableItems[j].getText()))): null

30-01-2025T16:47:03 - [TEST_STEP][PASSED] - validIndexes.add(j): null

30-01-2025T16:47:03 - [TEST_STEP][PASSED] - if (validIndexes.isEmpty()): null

30-01-2025T16:47:03 - [TEST_STEP][PASSED] - randomIndex = validIndexes.get(Random().nextInt(validIndexes.size())): null

30-01-2025T16:47:03 - [TEST_STEP][PASSED] - name = availableItems[randomIndex].getText(): null

30-01-2025T16:47:03 - [TEST_STEP][PASSED] - price = availablePrices[randomIndex].getText(): null

30-01-2025T16:47:03 - [TEST_STEP][PASSED] - availableButtons[randomIndex].click(): null

30-01-2025T16:47:03 - [TEST_STEP][PASSED] - delay(1): Delayed 1 second(s)

30-01-2025T16:47:04 - [MESSAGE][PASSED] - Delayed 1 second(s)

30-01-2025T16:47:04 - [TEST_STEP][PASSED] - verifyElementText(findTestObject("Object Repository/Page_Swag Labs/icone_carrinho"), i + 1.toString()): Actual text and expected text of test object 'Object Repository/Page_Swag Labs/icone_carrinho' are matched.

30-01-2025T16:47:04 - [MESSAGE][PASSED] - Actual text and expected text of test object 'Object Repository/Page_Swag Labs/icone_carrinho' are matched.

30-01-2025T16:47:04 - [TEST_STEP][PASSED] - click(findTestObject("Object Repository/Page_Swag Labs/icone_carrinho")): Object: 'Object Repository/Page_Swag Labs/icone_carrinho' is clicked on

30-01-2025T16:47:05 - [MESSAGE][PASSED] - Object: 'Object Repository/Page_Swag Labs/icone_carrinho' is clicked on

30-01-2025T16:47:05 - [TEST_STEP][PASSED] - delay(1): Delayed 1 second(s)

30-01-2025T16:47:06 - [MESSAGE][PASSED] - Delayed 1 second(s)

30-01-2025T16:47:06 - [TEST_STEP][PASSED] - cartItemNameList = findWebElements(findTestObject("Object Repository/Page_Swag Labs/cart_item_name"), 10): Found web elements by test object Object Repository/Page_Swag Labs/cart_item_name

30-01-2025T16:47:06 - [MESSAGE][PASSED] - Found web elements by test object Object Repository/Page_Swag Labs/cart_item_name

30-01-2025T16:47:06 - [TEST_STEP][PASSED] - cartItemPriceList = findWebElements(findTestObject("Object Repository/Page_Swag Labs/cart_item_price"), 10): Found web elements by test object Object Repository/Page_Swag Labs/cart_item_price

30-01-2025T16:47:06 - [MESSAGE][PASSED] - Found web elements by test object Object Repository/Page_Swag Labs/cart_item_price

30-01-2025T16:47:06 - [TEST_STEP][PASSED] - verifyMatch(cartItemNameList[i].getText(), name, false): Actual text 'Sauce Labs Fleece Jacket' and expected text 'Sauce Labs Fleece Jacket' are matched 

30-01-2025T16:47:06 - [MESSAGE][PASSED] - Actual text 'Sauce Labs Fleece Jacket' and expected text 'Sauce Labs Fleece Jacket' are matched 

30-01-2025T16:47:06 - [TEST_STEP][PASSED] - verifyMatch(cartItemPriceList[i].getText(), price, false): Actual text '$49.99' and expected text '$49.99' are matched 

30-01-2025T16:47:06 - [MESSAGE][PASSED] - Actual text '$49.99' and expected text '$49.99' are matched 

30-01-2025T16:47:06 - [TEST_STEP][PASSED] - addedItems.add(name): null

30-01-2025T16:47:06 - [TEST_STEP][PASSED] - click(findTestObject("Object Repository/Page_Swag Labs/button_Continue Shopping")): Object: 'Object Repository/Page_Swag Labs/button_Continue Shopping' is clicked on

30-01-2025T16:47:07 - [MESSAGE][PASSED] - Object: 'Object Repository/Page_Swag Labs/button_Continue Shopping' is clicked on

30-01-2025T16:47:07 - [MESSAGE][PASSED] - Call Test Case 'Test Cases/Askblue_Training/Add_to_Cart/Add_to_Cart_AleatorioVarios' successfully

30-01-2025T16:47:07 - [TEST_STEP][PASSED] - remove = findTestObject("Object Repository/Page_Swag Labs/button_remove"): null

30-01-2025T16:47:07 - [TEST_STEP][PASSED] - removeList = findWebElements(remove, 10): Found web elements by test object Object Repository/Page_Swag Labs/button_remove

30-01-2025T16:47:07 - [MESSAGE][PASSED] - Found web elements by test object Object Repository/Page_Swag Labs/button_remove

30-01-2025T16:47:07 - [TEST_STEP][PASSED] - v = Random().nextInt(removeList.size() - 2) + 1: null

30-01-2025T16:47:07 - [TEST_STEP][PASSED] - for ([i = 0, i < v, (i++)]): Actual text '2' and expected text '2' are matched 

30-01-2025T16:47:07 - [TEST_STEP][PASSED] - removeList = findWebElements(remove, 10): Found web elements by test object Object Repository/Page_Swag Labs/button_remove

30-01-2025T16:47:07 - [MESSAGE][PASSED] - Found web elements by test object Object Repository/Page_Swag Labs/button_remove

30-01-2025T16:47:07 - [TEST_STEP][PASSED] - if (removeList.isEmpty()): null

30-01-2025T16:47:07 - [TEST_STEP][PASSED] - rand = new java.util.Random(): null

30-01-2025T16:47:07 - [TEST_STEP][PASSED] - r = rand.nextInt(removeList.size()): null

30-01-2025T16:47:07 - [TEST_STEP][PASSED] - get(r).click(): null

30-01-2025T16:47:07 - [TEST_STEP][PASSED] - delay(1): Delayed 1 second(s)

30-01-2025T16:47:08 - [MESSAGE][PASSED] - Delayed 1 second(s)

30-01-2025T16:47:08 - [TEST_STEP][PASSED] - cartIconText = getText(findTestObject("Object Repository/Page_Swag Labs/icone_carrinho")).trim(): Text of object 'Object Repository/Page_Swag Labs/icone_carrinho' is: '2'

30-01-2025T16:47:09 - [MESSAGE][PASSED] - Text of object 'Object Repository/Page_Swag Labs/icone_carrinho' is: '2'

30-01-2025T16:47:09 - [TEST_STEP][PASSED] - expectedCount = removeList.size() - 1: null

30-01-2025T16:47:09 - [TEST_STEP][PASSED] - if (expectedCount == 0): null

30-01-2025T16:47:09 - [TEST_STEP][PASSED] - else: Actual text '2' and expected text '2' are matched 

30-01-2025T16:47:09 - [TEST_STEP][PASSED] - verifyMatch(cartIconText, expectedCount.toString(), false): Actual text '2' and expected text '2' are matched 

30-01-2025T16:47:09 - [MESSAGE][PASSED] - Actual text '2' and expected text '2' are matched]]></system-out>
         <system-err><![CDATA[]]></system-err>
      </testcase>
      <testcase name="Test Cases/Askblue_Training/Remove_from_Cart/Remove_from_Cart_Todos" time="30.483" classname="Test Cases/Askblue_Training/Remove_from_Cart/Remove_from_Cart_Todos" status="PASSED">
         <system-out><![CDATA[30-01-2025T16:47:09 - [TEST_CASE][PASSED] - Test Cases/Askblue_Training/Remove_from_Cart/Remove_from_Cart_Todos: Test Cases/Askblue_Training/Remove_from_Cart/Remove_from_Cart_Todos

30-01-2025T16:47:09 - [TEST_STEP][PASSED] - callTestCase(findTestCase("Askblue_Training/Add_to_Cart/Add_to_Cart_Todos"), [:], STOP_ON_FAILURE): Call Test Case 'Test Cases/Askblue_Training/Add_to_Cart/Add_to_Cart_Todos' successfully

30-01-2025T16:47:09 - [TEST_CASE][PASSED] - Test Cases/Askblue_Training/Add_to_Cart/Add_to_Cart_Todos: Test Cases/Askblue_Training/Add_to_Cart/Add_to_Cart_Todos

30-01-2025T16:47:09 - [TEST_STEP][PASSED] - callTestCase(findTestCase("Askblue_Training/Login_Logout/Login_Positivo"), ["username":"standard_user", "password":"secret_sauce"], STOP_ON_FAILURE): Call Test Case 'Test Cases/Askblue_Training/Login_Logout/Login_Positivo' successfully

30-01-2025T16:47:09 - [TEST_CASE][PASSED] - Test Cases/Askblue_Training/Login_Logout/Login_Positivo: Test Cases/Askblue_Training/Login_Logout/Login_Positivo

30-01-2025T16:47:09 - [TEST_STEP][PASSED] - openBrowser(""): Browser is opened with url: ''

30-01-2025T16:47:09 - [MESSAGE][WARNING] - A browser is already opened. Closing browser and opening a new one

30-01-2025T16:47:09 - [MESSAGE][INFO] - Starting 'Chrome' driver

30-01-2025T16:47:09 - [MESSAGE][INFO] - Action delay is set to 0 milliseconds

30-01-2025T16:47:10 - [MESSAGE][PASSED] - Browser is opened with url: ''

30-01-2025T16:47:10 - [TEST_STEP][PASSED] - navigateToUrl("https://www.saucedemo.com/"): Navigate to 'https://www.saucedemo.com/' successfully

30-01-2025T16:47:10 - [MESSAGE][PASSED] - Navigate to 'https://www.saucedemo.com/' successfully

30-01-2025T16:47:10 - [TEST_STEP][PASSED] - setText(findTestObject("Object Repository/Page_Swag Labs/input_Swag Labs_user-name"), username): Text 'standard_user' is set on object 'Object Repository/Page_Swag Labs/input_Swag Labs_user-name'

30-01-2025T16:47:11 - [MESSAGE][PASSED] - Text 'standard_user' is set on object 'Object Repository/Page_Swag Labs/input_Swag Labs_user-name'

30-01-2025T16:47:11 - [TEST_STEP][PASSED] - setText(findTestObject("Object Repository/Page_Swag Labs/input_Swag Labs_password"), password): Text 'secret_sauce' is set on object 'Object Repository/Page_Swag Labs/input_Swag Labs_password'

30-01-2025T16:47:12 - [MESSAGE][PASSED] - Text 'secret_sauce' is set on object 'Object Repository/Page_Swag Labs/input_Swag Labs_password'

30-01-2025T16:47:12 - [TEST_STEP][PASSED] - click(findTestObject("Object Repository/Page_Swag Labs/input_Swag Labs_login-button")): Object: 'Object Repository/Page_Swag Labs/input_Swag Labs_login-button' is clicked on

30-01-2025T16:47:12 - [MESSAGE][PASSED] - Object: 'Object Repository/Page_Swag Labs/input_Swag Labs_login-button' is clicked on

30-01-2025T16:47:12 - [TEST_STEP][PASSED] - click(findTestObject("Object Repository/Page_Swag Labs/button_Open Menu")): Object: 'Object Repository/Page_Swag Labs/button_Open Menu' is clicked on

30-01-2025T16:47:13 - [MESSAGE][PASSED] - Object: 'Object Repository/Page_Swag Labs/button_Open Menu' is clicked on

30-01-2025T16:47:13 - [TEST_STEP][PASSED] - verifyElementText(findTestObject("Object Repository/Page_Swag Labs/a_Logout"), "Logout"): Actual text and expected text of test object 'Object Repository/Page_Swag Labs/a_Logout' are matched.

30-01-2025T16:47:13 - [MESSAGE][PASSED] - Actual text and expected text of test object 'Object Repository/Page_Swag Labs/a_Logout' are matched.

30-01-2025T16:47:13 - [TEST_STEP][PASSED] - click(findTestObject("Object Repository/Page_Swag Labs/button_Close Menu")): Object: 'Object Repository/Page_Swag Labs/button_Close Menu' is clicked on

30-01-2025T16:47:13 - [MESSAGE][PASSED] - Object: 'Object Repository/Page_Swag Labs/button_Close Menu' is clicked on

30-01-2025T16:47:13 - [MESSAGE][PASSED] - Call Test Case 'Test Cases/Askblue_Training/Login_Logout/Login_Positivo' successfully

30-01-2025T16:47:13 - [TEST_STEP][PASSED] - addToCart = findTestObject("Object Repository/Page_Swag Labs/button_add_to_cart"): null

30-01-2025T16:47:13 - [TEST_STEP][PASSED] - addToCartList = findWebElements(addToCart, 10): Found web elements by test object Object Repository/Page_Swag Labs/button_add_to_cart

30-01-2025T16:47:13 - [MESSAGE][PASSED] - Found web elements by test object Object Repository/Page_Swag Labs/button_add_to_cart

30-01-2025T16:47:13 - [TEST_STEP][PASSED] - for ([i = 0, i < addToCartList.size(), (i++)]): Found web elements by test object Object Repository/Page_Swag Labs/item_price

30-01-2025T16:47:13 - [TEST_STEP][PASSED] - itemNames = findTestObject("Object Repository/Page_Swag Labs/item_name"): null

30-01-2025T16:47:13 - [TEST_STEP][PASSED] - itemNameList = findWebElements(itemNames, 10): Found web elements by test object Object Repository/Page_Swag Labs/item_name

30-01-2025T16:47:14 - [MESSAGE][PASSED] - Found web elements by test object Object Repository/Page_Swag Labs/item_name

30-01-2025T16:47:14 - [TEST_STEP][PASSED] - name = itemNameList[i].getText(): null

30-01-2025T16:47:14 - [TEST_STEP][PASSED] - itemPrices = findTestObject("Object Repository/Page_Swag Labs/item_price"): null

30-01-2025T16:47:14 - [TEST_STEP][PASSED] - itemPriceList = findWebElements(itemPrices, 10): Found web elements by test object Object Repository/Page_Swag Labs/item_price

30-01-2025T16:47:14 - [MESSAGE][PASSED] - Found web elements by test object Object Repository/Page_Swag Labs/item_price

30-01-2025T16:47:14 - [TEST_STEP][PASSED] - price = itemPriceList[i].getText(): null

30-01-2025T16:47:14 - [TEST_STEP][PASSED] - get(i).click(): null

30-01-2025T16:47:14 - [TEST_STEP][PASSED] - verifyElementText(findTestObject("Object Repository/Page_Swag Labs/icone_carrinho"), i + 1.toString()): Actual text and expected text of test object 'Object Repository/Page_Swag Labs/icone_carrinho' are matched.

30-01-2025T16:47:14 - [MESSAGE][PASSED] - Actual text and expected text of test object 'Object Repository/Page_Swag Labs/icone_carrinho' are matched.

30-01-2025T16:47:14 - [TEST_STEP][PASSED] - click(findTestObject("Object Repository/Page_Swag Labs/icone_carrinho")): Object: 'Object Repository/Page_Swag Labs/icone_carrinho' is clicked on

30-01-2025T16:47:15 - [MESSAGE][PASSED] - Object: 'Object Repository/Page_Swag Labs/icone_carrinho' is clicked on

30-01-2025T16:47:15 - [TEST_STEP][PASSED] - delay(1): Delayed 1 second(s)

30-01-2025T16:47:16 - [MESSAGE][PASSED] - Delayed 1 second(s)

30-01-2025T16:47:16 - [TEST_STEP][PASSED] - cartItemNames = findTestObject("Object Repository/Page_Swag Labs/cart_item_name"): null

30-01-2025T16:47:16 - [TEST_STEP][PASSED] - cartItemNameList = findWebElements(cartItemNames, 10): Found web elements by test object Object Repository/Page_Swag Labs/cart_item_name

30-01-2025T16:47:16 - [MESSAGE][PASSED] - Found web elements by test object Object Repository/Page_Swag Labs/cart_item_name

30-01-2025T16:47:16 - [TEST_STEP][PASSED] - verifyMatch(cartItemNameList[i].getText(), name, false): Actual text 'Sauce Labs Backpack' and expected text 'Sauce Labs Backpack' are matched 

30-01-2025T16:47:16 - [MESSAGE][PASSED] - Actual text 'Sauce Labs Backpack' and expected text 'Sauce Labs Backpack' are matched 

30-01-2025T16:47:16 - [TEST_STEP][PASSED] - cartItemPrices = findTestObject("Object Repository/Page_Swag Labs/cart_item_price"): null

30-01-2025T16:47:16 - [TEST_STEP][PASSED] - cartItemPriceList = findWebElements(cartItemPrices, 10): Found web elements by test object Object Repository/Page_Swag Labs/cart_item_price

30-01-2025T16:47:16 - [MESSAGE][PASSED] - Found web elements by test object Object Repository/Page_Swag Labs/cart_item_price

30-01-2025T16:47:16 - [TEST_STEP][PASSED] - verifyMatch(cartItemPriceList[i].getText(), price, false): Actual text '$29.99' and expected text '$29.99' are matched 

30-01-2025T16:47:16 - [MESSAGE][PASSED] - Actual text '$29.99' and expected text '$29.99' are matched 

30-01-2025T16:47:16 - [TEST_STEP][PASSED] - click(findTestObject("Object Repository/Page_Swag Labs/button_Continue Shopping")): Object: 'Object Repository/Page_Swag Labs/button_Continue Shopping' is clicked on

30-01-2025T16:47:17 - [MESSAGE][PASSED] - Object: 'Object Repository/Page_Swag Labs/button_Continue Shopping' is clicked on

30-01-2025T16:47:17 - [TEST_STEP][PASSED] - addToCartList = findWebElements(addToCart, 10): Found web elements by test object Object Repository/Page_Swag Labs/button_add_to_cart

30-01-2025T16:47:17 - [MESSAGE][PASSED] - Found web elements by test object Object Repository/Page_Swag Labs/button_add_to_cart

30-01-2025T16:47:17 - [TEST_STEP][PASSED] - itemNameList = findWebElements(itemNames, 10): Found web elements by test object Object Repository/Page_Swag Labs/item_name

30-01-2025T16:47:17 - [MESSAGE][PASSED] - Found web elements by test object Object Repository/Page_Swag Labs/item_name

30-01-2025T16:47:17 - [TEST_STEP][PASSED] - itemPriceList = findWebElements(itemPrices, 10): Found web elements by test object Object Repository/Page_Swag Labs/item_price

30-01-2025T16:47:17 - [MESSAGE][PASSED] - Found web elements by test object Object Repository/Page_Swag Labs/item_price

30-01-2025T16:47:17 - [TEST_STEP][PASSED] - itemNames = findTestObject("Object Repository/Page_Swag Labs/item_name"): null

30-01-2025T16:47:17 - [TEST_STEP][PASSED] - itemNameList = findWebElements(itemNames, 10): Found web elements by test object Object Repository/Page_Swag Labs/item_name

30-01-2025T16:47:18 - [MESSAGE][PASSED] - Found web elements by test object Object Repository/Page_Swag Labs/item_name

30-01-2025T16:47:18 - [TEST_STEP][PASSED] - name = itemNameList[i].getText(): null

30-01-2025T16:47:18 - [TEST_STEP][PASSED] - itemPrices = findTestObject("Object Repository/Page_Swag Labs/item_price"): null

30-01-2025T16:47:18 - [TEST_STEP][PASSED] - itemPriceList = findWebElements(itemPrices, 10): Found web elements by test object Object Repository/Page_Swag Labs/item_price

30-01-2025T16:47:18 - [MESSAGE][PASSED] - Found web elements by test object Object Repository/Page_Swag Labs/item_price

30-01-2025T16:47:18 - [TEST_STEP][PASSED] - price = itemPriceList[i].getText(): null

30-01-2025T16:47:18 - [TEST_STEP][PASSED] - get(i).click(): null

30-01-2025T16:47:18 - [TEST_STEP][PASSED] - verifyElementText(findTestObject("Object Repository/Page_Swag Labs/icone_carrinho"), i + 1.toString()): Actual text and expected text of test object 'Object Repository/Page_Swag Labs/icone_carrinho' are matched.

30-01-2025T16:47:18 - [MESSAGE][PASSED] - Actual text and expected text of test object 'Object Repository/Page_Swag Labs/icone_carrinho' are matched.

30-01-2025T16:47:18 - [TEST_STEP][PASSED] - click(findTestObject("Object Repository/Page_Swag Labs/icone_carrinho")): Object: 'Object Repository/Page_Swag Labs/icone_carrinho' is clicked on

30-01-2025T16:47:18 - [MESSAGE][PASSED] - Object: 'Object Repository/Page_Swag Labs/icone_carrinho' is clicked on

30-01-2025T16:47:18 - [TEST_STEP][PASSED] - delay(1): Delayed 1 second(s)

30-01-2025T16:47:19 - [MESSAGE][PASSED] - Delayed 1 second(s)

30-01-2025T16:47:19 - [TEST_STEP][PASSED] - cartItemNames = findTestObject("Object Repository/Page_Swag Labs/cart_item_name"): null

30-01-2025T16:47:19 - [TEST_STEP][PASSED] - cartItemNameList = findWebElements(cartItemNames, 10): Found web elements by test object Object Repository/Page_Swag Labs/cart_item_name

30-01-2025T16:47:20 - [MESSAGE][PASSED] - Found web elements by test object Object Repository/Page_Swag Labs/cart_item_name

30-01-2025T16:47:20 - [TEST_STEP][PASSED] - verifyMatch(cartItemNameList[i].getText(), name, false): Actual text 'Sauce Labs Bike Light' and expected text 'Sauce Labs Bike Light' are matched 

30-01-2025T16:47:20 - [MESSAGE][PASSED] - Actual text 'Sauce Labs Bike Light' and expected text 'Sauce Labs Bike Light' are matched 

30-01-2025T16:47:20 - [TEST_STEP][PASSED] - cartItemPrices = findTestObject("Object Repository/Page_Swag Labs/cart_item_price"): null

30-01-2025T16:47:20 - [TEST_STEP][PASSED] - cartItemPriceList = findWebElements(cartItemPrices, 10): Found web elements by test object Object Repository/Page_Swag Labs/cart_item_price

30-01-2025T16:47:20 - [MESSAGE][PASSED] - Found web elements by test object Object Repository/Page_Swag Labs/cart_item_price

30-01-2025T16:47:20 - [TEST_STEP][PASSED] - verifyMatch(cartItemPriceList[i].getText(), price, false): Actual text '$9.99' and expected text '$9.99' are matched 

30-01-2025T16:47:20 - [MESSAGE][PASSED] - Actual text '$9.99' and expected text '$9.99' are matched 

30-01-2025T16:47:20 - [TEST_STEP][PASSED] - click(findTestObject("Object Repository/Page_Swag Labs/button_Continue Shopping")): Object: 'Object Repository/Page_Swag Labs/button_Continue Shopping' is clicked on

30-01-2025T16:47:20 - [MESSAGE][PASSED] - Object: 'Object Repository/Page_Swag Labs/button_Continue Shopping' is clicked on

30-01-2025T16:47:20 - [TEST_STEP][PASSED] - addToCartList = findWebElements(addToCart, 10): Found web elements by test object Object Repository/Page_Swag Labs/button_add_to_cart

30-01-2025T16:47:21 - [MESSAGE][PASSED] - Found web elements by test object Object Repository/Page_Swag Labs/button_add_to_cart

30-01-2025T16:47:21 - [TEST_STEP][PASSED] - itemNameList = findWebElements(itemNames, 10): Found web elements by test object Object Repository/Page_Swag Labs/item_name

30-01-2025T16:47:21 - [MESSAGE][PASSED] - Found web elements by test object Object Repository/Page_Swag Labs/item_name

30-01-2025T16:47:21 - [TEST_STEP][PASSED] - itemPriceList = findWebElements(itemPrices, 10): Found web elements by test object Object Repository/Page_Swag Labs/item_price

30-01-2025T16:47:22 - [MESSAGE][PASSED] - Found web elements by test object Object Repository/Page_Swag Labs/item_price

30-01-2025T16:47:22 - [TEST_STEP][PASSED] - itemNames = findTestObject("Object Repository/Page_Swag Labs/item_name"): null

30-01-2025T16:47:22 - [TEST_STEP][PASSED] - itemNameList = findWebElements(itemNames, 10): Found web elements by test object Object Repository/Page_Swag Labs/item_name

30-01-2025T16:47:22 - [MESSAGE][PASSED] - Found web elements by test object Object Repository/Page_Swag Labs/item_name

30-01-2025T16:47:22 - [TEST_STEP][PASSED] - name = itemNameList[i].getText(): null

30-01-2025T16:47:22 - [TEST_STEP][PASSED] - itemPrices = findTestObject("Object Repository/Page_Swag Labs/item_price"): null

30-01-2025T16:47:22 - [TEST_STEP][PASSED] - itemPriceList = findWebElements(itemPrices, 10): Found web elements by test object Object Repository/Page_Swag Labs/item_price

30-01-2025T16:47:22 - [MESSAGE][PASSED] - Found web elements by test object Object Repository/Page_Swag Labs/item_price

30-01-2025T16:47:22 - [TEST_STEP][PASSED] - price = itemPriceList[i].getText(): null

30-01-2025T16:47:22 - [TEST_STEP][PASSED] - get(i).click(): null

30-01-2025T16:47:22 - [TEST_STEP][PASSED] - verifyElementText(findTestObject("Object Repository/Page_Swag Labs/icone_carrinho"), i + 1.toString()): Actual text and expected text of test object 'Object Repository/Page_Swag Labs/icone_carrinho' are matched.

30-01-2025T16:47:23 - [MESSAGE][PASSED] - Actual text and expected text of test object 'Object Repository/Page_Swag Labs/icone_carrinho' are matched.

30-01-2025T16:47:23 - [TEST_STEP][PASSED] - click(findTestObject("Object Repository/Page_Swag Labs/icone_carrinho")): Object: 'Object Repository/Page_Swag Labs/icone_carrinho' is clicked on

30-01-2025T16:47:23 - [MESSAGE][PASSED] - Object: 'Object Repository/Page_Swag Labs/icone_carrinho' is clicked on

30-01-2025T16:47:23 - [TEST_STEP][PASSED] - delay(1): Delayed 1 second(s)

30-01-2025T16:47:24 - [MESSAGE][PASSED] - Delayed 1 second(s)

30-01-2025T16:47:24 - [TEST_STEP][PASSED] - cartItemNames = findTestObject("Object Repository/Page_Swag Labs/cart_item_name"): null

30-01-2025T16:47:24 - [TEST_STEP][PASSED] - cartItemNameList = findWebElements(cartItemNames, 10): Found web elements by test object Object Repository/Page_Swag Labs/cart_item_name

30-01-2025T16:47:24 - [MESSAGE][PASSED] - Found web elements by test object Object Repository/Page_Swag Labs/cart_item_name

30-01-2025T16:47:24 - [TEST_STEP][PASSED] - verifyMatch(cartItemNameList[i].getText(), name, false): Actual text 'Sauce Labs Bolt T-Shirt' and expected text 'Sauce Labs Bolt T-Shirt' are matched 

30-01-2025T16:47:24 - [MESSAGE][PASSED] - Actual text 'Sauce Labs Bolt T-Shirt' and expected text 'Sauce Labs Bolt T-Shirt' are matched 

30-01-2025T16:47:24 - [TEST_STEP][PASSED] - cartItemPrices = findTestObject("Object Repository/Page_Swag Labs/cart_item_price"): null

30-01-2025T16:47:24 - [TEST_STEP][PASSED] - cartItemPriceList = findWebElements(cartItemPrices, 10): Found web elements by test object Object Repository/Page_Swag Labs/cart_item_price

30-01-2025T16:47:24 - [MESSAGE][PASSED] - Found web elements by test object Object Repository/Page_Swag Labs/cart_item_price

30-01-2025T16:47:24 - [TEST_STEP][PASSED] - verifyMatch(cartItemPriceList[i].getText(), price, false): Actual text '$15.99' and expected text '$15.99' are matched 

30-01-2025T16:47:24 - [MESSAGE][PASSED] - Actual text '$15.99' and expected text '$15.99' are matched 

30-01-2025T16:47:24 - [TEST_STEP][PASSED] - click(findTestObject("Object Repository/Page_Swag Labs/button_Continue Shopping")): Object: 'Object Repository/Page_Swag Labs/button_Continue Shopping' is clicked on

30-01-2025T16:47:25 - [MESSAGE][PASSED] - Object: 'Object Repository/Page_Swag Labs/button_Continue Shopping' is clicked on

30-01-2025T16:47:25 - [TEST_STEP][PASSED] - addToCartList = findWebElements(addToCart, 10): Found web elements by test object Object Repository/Page_Swag Labs/button_add_to_cart

30-01-2025T16:47:25 - [MESSAGE][PASSED] - Found web elements by test object Object Repository/Page_Swag Labs/button_add_to_cart

30-01-2025T16:47:25 - [TEST_STEP][PASSED] - itemNameList = findWebElements(itemNames, 10): Found web elements by test object Object Repository/Page_Swag Labs/item_name

30-01-2025T16:47:25 - [MESSAGE][PASSED] - Found web elements by test object Object Repository/Page_Swag Labs/item_name

30-01-2025T16:47:25 - [TEST_STEP][PASSED] - itemPriceList = findWebElements(itemPrices, 10): Found web elements by test object Object Repository/Page_Swag Labs/item_price

30-01-2025T16:47:26 - [MESSAGE][PASSED] - Found web elements by test object Object Repository/Page_Swag Labs/item_price

30-01-2025T16:47:26 - [TEST_STEP][PASSED] - itemNames = findTestObject("Object Repository/Page_Swag Labs/item_name"): null

30-01-2025T16:47:26 - [TEST_STEP][PASSED] - itemNameList = findWebElements(itemNames, 10): Found web elements by test object Object Repository/Page_Swag Labs/item_name

30-01-2025T16:47:26 - [MESSAGE][PASSED] - Found web elements by test object Object Repository/Page_Swag Labs/item_name

30-01-2025T16:47:26 - [TEST_STEP][PASSED] - name = itemNameList[i].getText(): null

30-01-2025T16:47:26 - [TEST_STEP][PASSED] - itemPrices = findTestObject("Object Repository/Page_Swag Labs/item_price"): null

30-01-2025T16:47:26 - [TEST_STEP][PASSED] - itemPriceList = findWebElements(itemPrices, 10): Found web elements by test object Object Repository/Page_Swag Labs/item_price

30-01-2025T16:47:26 - [MESSAGE][PASSED] - Found web elements by test object Object Repository/Page_Swag Labs/item_price

30-01-2025T16:47:26 - [TEST_STEP][PASSED] - price = itemPriceList[i].getText(): null

30-01-2025T16:47:26 - [TEST_STEP][PASSED] - get(i).click(): null

30-01-2025T16:47:26 - [TEST_STEP][PASSED] - verifyElementText(findTestObject("Object Repository/Page_Swag Labs/icone_carrinho"), i + 1.toString()): Actual text and expected text of test object 'Object Repository/Page_Swag Labs/icone_carrinho' are matched.

30-01-2025T16:47:26 - [MESSAGE][PASSED] - Actual text and expected text of test object 'Object Repository/Page_Swag Labs/icone_carrinho' are matched.

30-01-2025T16:47:26 - [TEST_STEP][PASSED] - click(findTestObject("Object Repository/Page_Swag Labs/icone_carrinho")): Object: 'Object Repository/Page_Swag Labs/icone_carrinho' is clicked on

30-01-2025T16:47:27 - [MESSAGE][PASSED] - Object: 'Object Repository/Page_Swag Labs/icone_carrinho' is clicked on

30-01-2025T16:47:27 - [TEST_STEP][PASSED] - delay(1): Delayed 1 second(s)

30-01-2025T16:47:28 - [MESSAGE][PASSED] - Delayed 1 second(s)

30-01-2025T16:47:28 - [TEST_STEP][PASSED] - cartItemNames = findTestObject("Object Repository/Page_Swag Labs/cart_item_name"): null

30-01-2025T16:47:28 - [TEST_STEP][PASSED] - cartItemNameList = findWebElements(cartItemNames, 10): Found web elements by test object Object Repository/Page_Swag Labs/cart_item_name

30-01-2025T16:47:28 - [MESSAGE][PASSED] - Found web elements by test object Object Repository/Page_Swag Labs/cart_item_name

30-01-2025T16:47:28 - [TEST_STEP][PASSED] - verifyMatch(cartItemNameList[i].getText(), name, false): Actual text 'Sauce Labs Fleece Jacket' and expected text 'Sauce Labs Fleece Jacket' are matched 

30-01-2025T16:47:28 - [MESSAGE][PASSED] - Actual text 'Sauce Labs Fleece Jacket' and expected text 'Sauce Labs Fleece Jacket' are matched 

30-01-2025T16:47:28 - [TEST_STEP][PASSED] - cartItemPrices = findTestObject("Object Repository/Page_Swag Labs/cart_item_price"): null

30-01-2025T16:47:28 - [TEST_STEP][PASSED] - cartItemPriceList = findWebElements(cartItemPrices, 10): Found web elements by test object Object Repository/Page_Swag Labs/cart_item_price

30-01-2025T16:47:28 - [MESSAGE][PASSED] - Found web elements by test object Object Repository/Page_Swag Labs/cart_item_price

30-01-2025T16:47:28 - [TEST_STEP][PASSED] - verifyMatch(cartItemPriceList[i].getText(), price, false): Actual text '$49.99' and expected text '$49.99' are matched 

30-01-2025T16:47:28 - [MESSAGE][PASSED] - Actual text '$49.99' and expected text '$49.99' are matched 

30-01-2025T16:47:28 - [TEST_STEP][PASSED] - click(findTestObject("Object Repository/Page_Swag Labs/button_Continue Shopping")): Object: 'Object Repository/Page_Swag Labs/button_Continue Shopping' is clicked on

30-01-2025T16:47:29 - [MESSAGE][PASSED] - Object: 'Object Repository/Page_Swag Labs/button_Continue Shopping' is clicked on

30-01-2025T16:47:29 - [TEST_STEP][PASSED] - addToCartList = findWebElements(addToCart, 10): Found web elements by test object Object Repository/Page_Swag Labs/button_add_to_cart

30-01-2025T16:47:29 - [MESSAGE][PASSED] - Found web elements by test object Object Repository/Page_Swag Labs/button_add_to_cart

30-01-2025T16:47:29 - [TEST_STEP][PASSED] - itemNameList = findWebElements(itemNames, 10): Found web elements by test object Object Repository/Page_Swag Labs/item_name

30-01-2025T16:47:29 - [MESSAGE][PASSED] - Found web elements by test object Object Repository/Page_Swag Labs/item_name

30-01-2025T16:47:29 - [TEST_STEP][PASSED] - itemPriceList = findWebElements(itemPrices, 10): Found web elements by test object Object Repository/Page_Swag Labs/item_price

30-01-2025T16:47:29 - [MESSAGE][PASSED] - Found web elements by test object Object Repository/Page_Swag Labs/item_price

30-01-2025T16:47:29 - [TEST_STEP][PASSED] - itemNames = findTestObject("Object Repository/Page_Swag Labs/item_name"): null

30-01-2025T16:47:29 - [TEST_STEP][PASSED] - itemNameList = findWebElements(itemNames, 10): Found web elements by test object Object Repository/Page_Swag Labs/item_name

30-01-2025T16:47:30 - [MESSAGE][PASSED] - Found web elements by test object Object Repository/Page_Swag Labs/item_name

30-01-2025T16:47:30 - [TEST_STEP][PASSED] - name = itemNameList[i].getText(): null

30-01-2025T16:47:30 - [TEST_STEP][PASSED] - itemPrices = findTestObject("Object Repository/Page_Swag Labs/item_price"): null

30-01-2025T16:47:30 - [TEST_STEP][PASSED] - itemPriceList = findWebElements(itemPrices, 10): Found web elements by test object Object Repository/Page_Swag Labs/item_price

30-01-2025T16:47:30 - [MESSAGE][PASSED] - Found web elements by test object Object Repository/Page_Swag Labs/item_price

30-01-2025T16:47:30 - [TEST_STEP][PASSED] - price = itemPriceList[i].getText(): null

30-01-2025T16:47:30 - [TEST_STEP][PASSED] - get(i).click(): null

30-01-2025T16:47:30 - [TEST_STEP][PASSED] - verifyElementText(findTestObject("Object Repository/Page_Swag Labs/icone_carrinho"), i + 1.toString()): Actual text and expected text of test object 'Object Repository/Page_Swag Labs/icone_carrinho' are matched.

30-01-2025T16:47:30 - [MESSAGE][PASSED] - Actual text and expected text of test object 'Object Repository/Page_Swag Labs/icone_carrinho' are matched.

30-01-2025T16:47:30 - [TEST_STEP][PASSED] - click(findTestObject("Object Repository/Page_Swag Labs/icone_carrinho")): Object: 'Object Repository/Page_Swag Labs/icone_carrinho' is clicked on

30-01-2025T16:47:31 - [MESSAGE][PASSED] - Object: 'Object Repository/Page_Swag Labs/icone_carrinho' is clicked on

30-01-2025T16:47:31 - [TEST_STEP][PASSED] - delay(1): Delayed 1 second(s)

30-01-2025T16:47:32 - [MESSAGE][PASSED] - Delayed 1 second(s)

30-01-2025T16:47:32 - [TEST_STEP][PASSED] - cartItemNames = findTestObject("Object Repository/Page_Swag Labs/cart_item_name"): null

30-01-2025T16:47:32 - [TEST_STEP][PASSED] - cartItemNameList = findWebElements(cartItemNames, 10): Found web elements by test object Object Repository/Page_Swag Labs/cart_item_name

30-01-2025T16:47:32 - [MESSAGE][PASSED] - Found web elements by test object Object Repository/Page_Swag Labs/cart_item_name

30-01-2025T16:47:32 - [TEST_STEP][PASSED] - verifyMatch(cartItemNameList[i].getText(), name, false): Actual text 'Sauce Labs Onesie' and expected text 'Sauce Labs Onesie' are matched 

30-01-2025T16:47:32 - [MESSAGE][PASSED] - Actual text 'Sauce Labs Onesie' and expected text 'Sauce Labs Onesie' are matched 

30-01-2025T16:47:32 - [TEST_STEP][PASSED] - cartItemPrices = findTestObject("Object Repository/Page_Swag Labs/cart_item_price"): null

30-01-2025T16:47:32 - [TEST_STEP][PASSED] - cartItemPriceList = findWebElements(cartItemPrices, 10): Found web elements by test object Object Repository/Page_Swag Labs/cart_item_price

30-01-2025T16:47:32 - [MESSAGE][PASSED] - Found web elements by test object Object Repository/Page_Swag Labs/cart_item_price

30-01-2025T16:47:32 - [TEST_STEP][PASSED] - verifyMatch(cartItemPriceList[i].getText(), price, false): Actual text '$7.99' and expected text '$7.99' are matched 

30-01-2025T16:47:32 - [MESSAGE][PASSED] - Actual text '$7.99' and expected text '$7.99' are matched 

30-01-2025T16:47:32 - [TEST_STEP][PASSED] - click(findTestObject("Object Repository/Page_Swag Labs/button_Continue Shopping")): Object: 'Object Repository/Page_Swag Labs/button_Continue Shopping' is clicked on

30-01-2025T16:47:32 - [MESSAGE][PASSED] - Object: 'Object Repository/Page_Swag Labs/button_Continue Shopping' is clicked on

30-01-2025T16:47:32 - [TEST_STEP][PASSED] - addToCartList = findWebElements(addToCart, 10): Found web elements by test object Object Repository/Page_Swag Labs/button_add_to_cart

30-01-2025T16:47:33 - [MESSAGE][PASSED] - Found web elements by test object Object Repository/Page_Swag Labs/button_add_to_cart

30-01-2025T16:47:33 - [TEST_STEP][PASSED] - itemNameList = findWebElements(itemNames, 10): Found web elements by test object Object Repository/Page_Swag Labs/item_name

30-01-2025T16:47:33 - [MESSAGE][PASSED] - Found web elements by test object Object Repository/Page_Swag Labs/item_name

30-01-2025T16:47:33 - [TEST_STEP][PASSED] - itemPriceList = findWebElements(itemPrices, 10): Found web elements by test object Object Repository/Page_Swag Labs/item_price

30-01-2025T16:47:33 - [MESSAGE][PASSED] - Found web elements by test object Object Repository/Page_Swag Labs/item_price

30-01-2025T16:47:33 - [TEST_STEP][PASSED] - itemNames = findTestObject("Object Repository/Page_Swag Labs/item_name"): null

30-01-2025T16:47:33 - [TEST_STEP][PASSED] - itemNameList = findWebElements(itemNames, 10): Found web elements by test object Object Repository/Page_Swag Labs/item_name

30-01-2025T16:47:33 - [MESSAGE][PASSED] - Found web elements by test object Object Repository/Page_Swag Labs/item_name

30-01-2025T16:47:33 - [TEST_STEP][PASSED] - name = itemNameList[i].getText(): null

30-01-2025T16:47:33 - [TEST_STEP][PASSED] - itemPrices = findTestObject("Object Repository/Page_Swag Labs/item_price"): null

30-01-2025T16:47:33 - [TEST_STEP][PASSED] - itemPriceList = findWebElements(itemPrices, 10): Found web elements by test object Object Repository/Page_Swag Labs/item_price

30-01-2025T16:47:34 - [MESSAGE][PASSED] - Found web elements by test object Object Repository/Page_Swag Labs/item_price

30-01-2025T16:47:34 - [TEST_STEP][PASSED] - price = itemPriceList[i].getText(): null

30-01-2025T16:47:34 - [TEST_STEP][PASSED] - get(i).click(): null

30-01-2025T16:47:34 - [TEST_STEP][PASSED] - verifyElementText(findTestObject("Object Repository/Page_Swag Labs/icone_carrinho"), i + 1.toString()): Actual text and expected text of test object 'Object Repository/Page_Swag Labs/icone_carrinho' are matched.

30-01-2025T16:47:34 - [MESSAGE][PASSED] - Actual text and expected text of test object 'Object Repository/Page_Swag Labs/icone_carrinho' are matched.

30-01-2025T16:47:34 - [TEST_STEP][PASSED] - click(findTestObject("Object Repository/Page_Swag Labs/icone_carrinho")): Object: 'Object Repository/Page_Swag Labs/icone_carrinho' is clicked on

30-01-2025T16:47:34 - [MESSAGE][PASSED] - Object: 'Object Repository/Page_Swag Labs/icone_carrinho' is clicked on

30-01-2025T16:47:34 - [TEST_STEP][PASSED] - delay(1): Delayed 1 second(s)

30-01-2025T16:47:35 - [MESSAGE][PASSED] - Delayed 1 second(s)

30-01-2025T16:47:35 - [TEST_STEP][PASSED] - cartItemNames = findTestObject("Object Repository/Page_Swag Labs/cart_item_name"): null

30-01-2025T16:47:35 - [TEST_STEP][PASSED] - cartItemNameList = findWebElements(cartItemNames, 10): Found web elements by test object Object Repository/Page_Swag Labs/cart_item_name

30-01-2025T16:47:36 - [MESSAGE][PASSED] - Found web elements by test object Object Repository/Page_Swag Labs/cart_item_name

30-01-2025T16:47:36 - [TEST_STEP][PASSED] - verifyMatch(cartItemNameList[i].getText(), name, false): Actual text 'Test.allTheThings() T-Shirt (Red)' and expected text 'Test.allTheThings() T-Shirt (Red)' are matched 

30-01-2025T16:47:36 - [MESSAGE][PASSED] - Actual text 'Test.allTheThings() T-Shirt (Red)' and expected text 'Test.allTheThings() T-Shirt (Red)' are matched 

30-01-2025T16:47:36 - [TEST_STEP][PASSED] - cartItemPrices = findTestObject("Object Repository/Page_Swag Labs/cart_item_price"): null

30-01-2025T16:47:36 - [TEST_STEP][PASSED] - cartItemPriceList = findWebElements(cartItemPrices, 10): Found web elements by test object Object Repository/Page_Swag Labs/cart_item_price

30-01-2025T16:47:36 - [MESSAGE][PASSED] - Found web elements by test object Object Repository/Page_Swag Labs/cart_item_price

30-01-2025T16:47:36 - [TEST_STEP][PASSED] - verifyMatch(cartItemPriceList[i].getText(), price, false): Actual text '$15.99' and expected text '$15.99' are matched 

30-01-2025T16:47:36 - [MESSAGE][PASSED] - Actual text '$15.99' and expected text '$15.99' are matched 

30-01-2025T16:47:36 - [TEST_STEP][PASSED] - click(findTestObject("Object Repository/Page_Swag Labs/button_Continue Shopping")): Object: 'Object Repository/Page_Swag Labs/button_Continue Shopping' is clicked on

30-01-2025T16:47:36 - [MESSAGE][PASSED] - Object: 'Object Repository/Page_Swag Labs/button_Continue Shopping' is clicked on

30-01-2025T16:47:36 - [TEST_STEP][PASSED] - addToCartList = findWebElements(addToCart, 10): Found web elements by test object Object Repository/Page_Swag Labs/button_add_to_cart

30-01-2025T16:47:36 - [MESSAGE][PASSED] - Found web elements by test object Object Repository/Page_Swag Labs/button_add_to_cart

30-01-2025T16:47:36 - [TEST_STEP][PASSED] - itemNameList = findWebElements(itemNames, 10): Found web elements by test object Object Repository/Page_Swag Labs/item_name

30-01-2025T16:47:37 - [MESSAGE][PASSED] - Found web elements by test object Object Repository/Page_Swag Labs/item_name

30-01-2025T16:47:37 - [TEST_STEP][PASSED] - itemPriceList = findWebElements(itemPrices, 10): Found web elements by test object Object Repository/Page_Swag Labs/item_price

30-01-2025T16:47:37 - [MESSAGE][PASSED] - Found web elements by test object Object Repository/Page_Swag Labs/item_price

30-01-2025T16:47:37 - [MESSAGE][PASSED] - Call Test Case 'Test Cases/Askblue_Training/Add_to_Cart/Add_to_Cart_Todos' successfully

30-01-2025T16:47:37 - [TEST_STEP][PASSED] - remove = findTestObject("Object Repository/Page_Swag Labs/button_remove"): null

30-01-2025T16:47:37 - [TEST_STEP][PASSED] - removeList = findWebElements(remove, 10): Found web elements by test object Object Repository/Page_Swag Labs/button_remove

30-01-2025T16:47:37 - [MESSAGE][PASSED] - Found web elements by test object Object Repository/Page_Swag Labs/button_remove

30-01-2025T16:47:37 - [TEST_STEP][PASSED] - for ([i = 0, i < removeList.size(), (i++)]): Actual text '' and expected text '' are matched 

30-01-2025T16:47:37 - [TEST_STEP][PASSED] - get(i).click(): null

30-01-2025T16:47:37 - [TEST_STEP][PASSED] - cartIconText = getText(findTestObject("Object Repository/Page_Swag Labs/icone_carrinho")).trim(): Text of object 'Object Repository/Page_Swag Labs/icone_carrinho' is: '5'

30-01-2025T16:47:37 - [MESSAGE][PASSED] - Text of object 'Object Repository/Page_Swag Labs/icone_carrinho' is: '5'

30-01-2025T16:47:37 - [TEST_STEP][PASSED] - expectedCount = removeList.size() - i - 1: null

30-01-2025T16:47:37 - [TEST_STEP][PASSED] - if (expectedCount == 0): null

30-01-2025T16:47:37 - [TEST_STEP][PASSED] - else: Actual text '5' and expected text '5' are matched 

30-01-2025T16:47:37 - [TEST_STEP][PASSED] - verifyMatch(cartIconText, expectedCount.toString(), false): Actual text '5' and expected text '5' are matched 

30-01-2025T16:47:37 - [MESSAGE][PASSED] - Actual text '5' and expected text '5' are matched 

30-01-2025T16:47:37 - [TEST_STEP][PASSED] - get(i).click(): null

30-01-2025T16:47:38 - [TEST_STEP][PASSED] - cartIconText = getText(findTestObject("Object Repository/Page_Swag Labs/icone_carrinho")).trim(): Text of object 'Object Repository/Page_Swag Labs/icone_carrinho' is: '4'

30-01-2025T16:47:38 - [MESSAGE][PASSED] - Text of object 'Object Repository/Page_Swag Labs/icone_carrinho' is: '4'

30-01-2025T16:47:38 - [TEST_STEP][PASSED] - expectedCount = removeList.size() - i - 1: null

30-01-2025T16:47:38 - [TEST_STEP][PASSED] - if (expectedCount == 0): null

30-01-2025T16:47:38 - [TEST_STEP][PASSED] - else: Actual text '4' and expected text '4' are matched 

30-01-2025T16:47:38 - [TEST_STEP][PASSED] - verifyMatch(cartIconText, expectedCount.toString(), false): Actual text '4' and expected text '4' are matched 

30-01-2025T16:47:38 - [MESSAGE][PASSED] - Actual text '4' and expected text '4' are matched 

30-01-2025T16:47:38 - [TEST_STEP][PASSED] - get(i).click(): null

30-01-2025T16:47:38 - [TEST_STEP][PASSED] - cartIconText = getText(findTestObject("Object Repository/Page_Swag Labs/icone_carrinho")).trim(): Text of object 'Object Repository/Page_Swag Labs/icone_carrinho' is: '3'

30-01-2025T16:47:38 - [MESSAGE][PASSED] - Text of object 'Object Repository/Page_Swag Labs/icone_carrinho' is: '3'

30-01-2025T16:47:38 - [TEST_STEP][PASSED] - expectedCount = removeList.size() - i - 1: null

30-01-2025T16:47:38 - [TEST_STEP][PASSED] - if (expectedCount == 0): null

30-01-2025T16:47:38 - [TEST_STEP][PASSED] - else: Actual text '3' and expected text '3' are matched 

30-01-2025T16:47:38 - [TEST_STEP][PASSED] - verifyMatch(cartIconText, expectedCount.toString(), false): Actual text '3' and expected text '3' are matched 

30-01-2025T16:47:38 - [MESSAGE][PASSED] - Actual text '3' and expected text '3' are matched 

30-01-2025T16:47:38 - [TEST_STEP][PASSED] - get(i).click(): null

30-01-2025T16:47:38 - [TEST_STEP][PASSED] - cartIconText = getText(findTestObject("Object Repository/Page_Swag Labs/icone_carrinho")).trim(): Text of object 'Object Repository/Page_Swag Labs/icone_carrinho' is: '2'

30-01-2025T16:47:38 - [MESSAGE][PASSED] - Text of object 'Object Repository/Page_Swag Labs/icone_carrinho' is: '2'

30-01-2025T16:47:38 - [TEST_STEP][PASSED] - expectedCount = removeList.size() - i - 1: null

30-01-2025T16:47:38 - [TEST_STEP][PASSED] - if (expectedCount == 0): null

30-01-2025T16:47:38 - [TEST_STEP][PASSED] - else: Actual text '2' and expected text '2' are matched 

30-01-2025T16:47:38 - [TEST_STEP][PASSED] - verifyMatch(cartIconText, expectedCount.toString(), false): Actual text '2' and expected text '2' are matched 

30-01-2025T16:47:38 - [MESSAGE][PASSED] - Actual text '2' and expected text '2' are matched 

30-01-2025T16:47:38 - [TEST_STEP][PASSED] - get(i).click(): null

30-01-2025T16:47:39 - [TEST_STEP][PASSED] - cartIconText = getText(findTestObject("Object Repository/Page_Swag Labs/icone_carrinho")).trim(): Text of object 'Object Repository/Page_Swag Labs/icone_carrinho' is: '1'

30-01-2025T16:47:39 - [MESSAGE][PASSED] - Text of object 'Object Repository/Page_Swag Labs/icone_carrinho' is: '1'

30-01-2025T16:47:39 - [TEST_STEP][PASSED] - expectedCount = removeList.size() - i - 1: null

30-01-2025T16:47:39 - [TEST_STEP][PASSED] - if (expectedCount == 0): null

30-01-2025T16:47:39 - [TEST_STEP][PASSED] - else: Actual text '1' and expected text '1' are matched 

30-01-2025T16:47:39 - [TEST_STEP][PASSED] - verifyMatch(cartIconText, expectedCount.toString(), false): Actual text '1' and expected text '1' are matched 

30-01-2025T16:47:39 - [MESSAGE][PASSED] - Actual text '1' and expected text '1' are matched 

30-01-2025T16:47:39 - [TEST_STEP][PASSED] - get(i).click(): null

30-01-2025T16:47:39 - [TEST_STEP][PASSED] - cartIconText = getText(findTestObject("Object Repository/Page_Swag Labs/icone_carrinho")).trim(): Text of object 'Object Repository/Page_Swag Labs/icone_carrinho' is: ''

30-01-2025T16:47:39 - [MESSAGE][PASSED] - Text of object 'Object Repository/Page_Swag Labs/icone_carrinho' is: ''

30-01-2025T16:47:39 - [TEST_STEP][PASSED] - expectedCount = removeList.size() - i - 1: null

30-01-2025T16:47:39 - [TEST_STEP][PASSED] - if (expectedCount == 0): Actual text '' and expected text '' are matched 

30-01-2025T16:47:39 - [TEST_STEP][PASSED] - verifyMatch(cartIconText, "", false): Actual text '' and expected text '' are matched 

30-01-2025T16:47:39 - [MESSAGE][PASSED] - Actual text '' and expected text '' are matched]]></system-out>
         <system-err><![CDATA[]]></system-err>
      </testcase>
      <testcase name="Test Cases/Askblue_Training/Ordenar/Ordernar_High_to_Low" time="8.074" classname="Test Cases/Askblue_Training/Ordenar/Ordernar_High_to_Low" status="PASSED">
         <system-out><![CDATA[30-01-2025T16:47:39 - [TEST_CASE][PASSED] - Test Cases/Askblue_Training/Ordenar/Ordernar_High_to_Low: Test Cases/Askblue_Training/Ordenar/Ordernar_High_to_Low

30-01-2025T16:47:39 - [TEST_STEP][PASSED] - callTestCase(findTestCase("Askblue_Training/Login_Logout/Login_Positivo"), ["username":"standard_user", "password":"secret_sauce"], STOP_ON_FAILURE): Call Test Case 'Test Cases/Askblue_Training/Login_Logout/Login_Positivo' successfully

30-01-2025T16:47:39 - [TEST_CASE][PASSED] - Test Cases/Askblue_Training/Login_Logout/Login_Positivo: Test Cases/Askblue_Training/Login_Logout/Login_Positivo

30-01-2025T16:47:39 - [TEST_STEP][PASSED] - openBrowser(""): Browser is opened with url: ''

30-01-2025T16:47:39 - [MESSAGE][WARNING] - A browser is already opened. Closing browser and opening a new one

30-01-2025T16:47:39 - [MESSAGE][INFO] - Starting 'Chrome' driver

30-01-2025T16:47:39 - [MESSAGE][INFO] - Action delay is set to 0 milliseconds

30-01-2025T16:47:40 - [MESSAGE][PASSED] - Browser is opened with url: ''

30-01-2025T16:47:40 - [TEST_STEP][PASSED] - navigateToUrl("https://www.saucedemo.com/"): Navigate to 'https://www.saucedemo.com/' successfully

30-01-2025T16:47:40 - [MESSAGE][PASSED] - Navigate to 'https://www.saucedemo.com/' successfully

30-01-2025T16:47:40 - [TEST_STEP][PASSED] - setText(findTestObject("Object Repository/Page_Swag Labs/input_Swag Labs_user-name"), username): Text 'standard_user' is set on object 'Object Repository/Page_Swag Labs/input_Swag Labs_user-name'

30-01-2025T16:47:42 - [MESSAGE][PASSED] - Text 'standard_user' is set on object 'Object Repository/Page_Swag Labs/input_Swag Labs_user-name'

30-01-2025T16:47:42 - [TEST_STEP][PASSED] - setText(findTestObject("Object Repository/Page_Swag Labs/input_Swag Labs_password"), password): Text 'secret_sauce' is set on object 'Object Repository/Page_Swag Labs/input_Swag Labs_password'

30-01-2025T16:47:42 - [MESSAGE][PASSED] - Text 'secret_sauce' is set on object 'Object Repository/Page_Swag Labs/input_Swag Labs_password'

30-01-2025T16:47:42 - [TEST_STEP][PASSED] - click(findTestObject("Object Repository/Page_Swag Labs/input_Swag Labs_login-button")): Object: 'Object Repository/Page_Swag Labs/input_Swag Labs_login-button' is clicked on

30-01-2025T16:47:43 - [MESSAGE][PASSED] - Object: 'Object Repository/Page_Swag Labs/input_Swag Labs_login-button' is clicked on

30-01-2025T16:47:43 - [TEST_STEP][PASSED] - click(findTestObject("Object Repository/Page_Swag Labs/button_Open Menu")): Object: 'Object Repository/Page_Swag Labs/button_Open Menu' is clicked on

30-01-2025T16:47:43 - [MESSAGE][PASSED] - Object: 'Object Repository/Page_Swag Labs/button_Open Menu' is clicked on

30-01-2025T16:47:43 - [TEST_STEP][PASSED] - verifyElementText(findTestObject("Object Repository/Page_Swag Labs/a_Logout"), "Logout"): Actual text and expected text of test object 'Object Repository/Page_Swag Labs/a_Logout' are matched.

30-01-2025T16:47:43 - [MESSAGE][PASSED] - Actual text and expected text of test object 'Object Repository/Page_Swag Labs/a_Logout' are matched.

30-01-2025T16:47:43 - [TEST_STEP][PASSED] - click(findTestObject("Object Repository/Page_Swag Labs/button_Close Menu")): Object: 'Object Repository/Page_Swag Labs/button_Close Menu' is clicked on

30-01-2025T16:47:43 - [MESSAGE][PASSED] - Object: 'Object Repository/Page_Swag Labs/button_Close Menu' is clicked on

30-01-2025T16:47:43 - [MESSAGE][PASSED] - Call Test Case 'Test Cases/Askblue_Training/Login_Logout/Login_Positivo' successfully

30-01-2025T16:47:43 - [TEST_STEP][PASSED] - itemPrices = findTestObject("Object Repository/Page_Swag Labs/item_price"): null

30-01-2025T16:47:43 - [TEST_STEP][PASSED] - itemPriceList = findWebElements(itemPrices, 10): Found web elements by test object Object Repository/Page_Swag Labs/item_price

30-01-2025T16:47:44 - [MESSAGE][PASSED] - Found web elements by test object Object Repository/Page_Swag Labs/item_price

30-01-2025T16:47:44 - [TEST_STEP][PASSED] - prices = itemPriceList.collect({ -> ... }): null

30-01-2025T16:47:44 - [TEST_STEP][PASSED] - maxPrice = prices.max(): null

30-01-2025T16:47:44 - [TEST_STEP][PASSED] - click(findTestObject("Object Repository/Page_Swag Labs/span_Name (A to Z)Name (A to Z)Name (Z to A_3f2346")): Object: 'Object Repository/Page_Swag Labs/span_Name (A to Z)Name (A to Z)Name (Z to A_3f2346' is clicked on

30-01-2025T16:47:44 - [MESSAGE][PASSED] - Object: 'Object Repository/Page_Swag Labs/span_Name (A to Z)Name (A to Z)Name (Z to A_3f2346' is clicked on

30-01-2025T16:47:44 - [TEST_STEP][PASSED] - selectOptionByValue(findTestObject("Object Repository/Page_Swag Labs/select_Name (A to Z)Name (Z to A)Price (low_f7e90a"), "hilo", true): All options with value 'hilo' are selected in object 'Object Repository/Page_Swag Labs/select_Name (A to Z)Name (Z to A)Price (low_f7e90a'  using regular expression

30-01-2025T16:47:45 - [MESSAGE][PASSED] - All options with value 'hilo' are selected in object 'Object Repository/Page_Swag Labs/select_Name (A to Z)Name (Z to A)Price (low_f7e90a'  using regular expression

30-01-2025T16:47:45 - [TEST_STEP][PASSED] - delay(2): Delayed 2 second(s)

30-01-2025T16:47:47 - [MESSAGE][PASSED] - Delayed 2 second(s)

30-01-2025T16:47:47 - [TEST_STEP][PASSED] - sortedPrices = findWebElements(itemPrices, 10): Found web elements by test object Object Repository/Page_Swag Labs/item_price

30-01-2025T16:47:47 - [MESSAGE][PASSED] - Found web elements by test object Object Repository/Page_Swag Labs/item_price

30-01-2025T16:47:47 - [TEST_STEP][PASSED] - firstPriceText = replace("$", "").toDouble(): null

30-01-2025T16:47:47 - [TEST_STEP][PASSED] - verifyEqual(firstPriceText, maxPrice): Actual object '49.99' and expected object '49,99' are equal

30-01-2025T16:47:47 - [MESSAGE][PASSED] - Actual object '49.99' and expected object '49,99' are equal]]></system-out>
         <system-err><![CDATA[]]></system-err>
      </testcase>
      <testcase name="Test Cases/Askblue_Training/Finalizar_CompraE2E/Finalizar_Compra_1" time="0.037" classname="Test Cases/Askblue_Training/Finalizar_CompraE2E/Finalizar_Compra_1" status="PASSED">
         <system-out><![CDATA[30-01-2025T16:47:47 - [TEST_CASE][PASSED] - Test Cases/Askblue_Training/Finalizar_CompraE2E/Finalizar_Compra_1: Test Cases/Askblue_Training/Finalizar_CompraE2E/Finalizar_Compra_1

30-01-2025T16:47:47 - [TEST_STEP][PASSED] - return null: null]]></system-out>
         <system-err><![CDATA[]]></system-err>
      </testcase>
      <testcase name="Test Cases/Askblue_Training/Finalizar_CompraE2E/Finalizar_Compra_Record" time="38.978" classname="Test Cases/Askblue_Training/Finalizar_CompraE2E/Finalizar_Compra_Record" status="FAILED">
         <failure type="FAILED" message="Test Cases/Askblue_Training/Finalizar_CompraE2E/Finalizar_Compra_Record FAILED.&#xa;Reason:&#xa;com.kms.katalon.core.exception.StepFailedException: Verify element text of test object 'Object Repository/Page_Swag Labs/div_7.99' FAILED.&#xa;	at com.kms.katalon.core.webui.keyword.internal.WebUIKeywordMain.stepFailed(WebUIKeywordMain.groovy:64)&#xa;	at com.kms.katalon.core.webui.keyword.internal.WebUIKeywordMain.runKeyword(WebUIKeywordMain.groovy:26)&#xa;	at com.kms.katalon.core.webui.keyword.builtin.VerifyElementTextKeyword.verifyElementText(VerifyElementTextKeyword.groovy:72)&#xa;	at com.kms.katalon.core.webui.keyword.builtin.VerifyElementTextKeyword.execute(VerifyElementTextKeyword.groovy:40)&#xa;	at com.kms.katalon.core.keyword.internal.KeywordExecutor.executeKeywordForPlatform(KeywordExecutor.groovy:74)&#xa;	at com.kms.katalon.core.webui.keyword.WebUiBuiltInKeywords.verifyElementText(WebUiBuiltInKeywords.groovy:4835)&#xa;	at Finalizar_Compra_Record.run(Finalizar_Compra_Record:39)&#xa;	at com.kms.katalon.core.main.ScriptEngine.run(ScriptEngine.java:194)&#xa;	at com.kms.katalon.core.main.ScriptEngine.runScriptAsRawText(ScriptEngine.java:119)&#xa;	at com.kms.katalon.core.main.TestCaseExecutor.runScript(TestCaseExecutor.java:448)&#xa;	at com.kms.katalon.core.main.TestCaseExecutor.doExecute(TestCaseExecutor.java:439)&#xa;	at com.kms.katalon.core.main.TestCaseExecutor.processExecutionPhase(TestCaseExecutor.java:418)&#xa;	at com.kms.katalon.core.main.TestCaseExecutor.accessMainPhase(TestCaseExecutor.java:410)&#xa;	at com.kms.katalon.core.main.TestCaseExecutor.execute(TestCaseExecutor.java:285)&#xa;	at com.kms.katalon.core.common.CommonExecutor.accessTestCaseMainPhase(CommonExecutor.java:65)&#xa;	at com.kms.katalon.core.main.TestSuiteExecutor.accessTestSuiteMainPhase(TestSuiteExecutor.java:148)&#xa;	at com.kms.katalon.core.main.TestSuiteExecutor.execute(TestSuiteExecutor.java:106)&#xa;	at com.kms.katalon.core.main.TestCaseMain.startTestSuite(TestCaseMain.java:180)&#xa;	at TempTestSuite1738255418588.run(TempTestSuite1738255418588.groovy:36)&#xa;	at java.base/jdk.internal.reflect.NativeMethodAccessorImpl.invoke0(Native Method)&#xa;	at java.base/jdk.internal.reflect.NativeMethodAccessorImpl.invoke(NativeMethodAccessorImpl.java:77)&#xa;	at java.base/jdk.internal.reflect.DelegatingMethodAccessorImpl.invoke(DelegatingMethodAccessorImpl.java:43)&#xa;Caused by: com.kms.katalon.core.exception.StepFailedException: com.kms.katalon.core.webui.exception.WebElementNotFoundException: Web element with id: 'Object Repository/Page_Swag Labs/div_7.99' located by '//div[@id='inventory_container']/div/div[6]/div[2]/div[2]/div' not found&#xa;	at com.kms.katalon.core.webui.keyword.internal.WebUIKeywordMain.stepFailed(WebUIKeywordMain.groovy:64)&#xa;	at com.kms.katalon.core.webui.keyword.builtin.VerifyElementTextKeyword$_verifyElementText_closure1.doCall(VerifyElementTextKeyword.groovy:64)&#xa;	at com.kms.katalon.core.webui.keyword.builtin.VerifyElementTextKeyword$_verifyElementText_closure1.call(VerifyElementTextKeyword.groovy)&#xa;	at com.kms.katalon.core.webui.keyword.internal.WebUIKeywordMain.runKeyword(WebUIKeywordMain.groovy:20)&#xa;	... 20 more&#xa;"/>
         <system-out><![CDATA[30-01-2025T16:47:47 - [TEST_CASE][FAILED] - Test Cases/Askblue_Training/Finalizar_CompraE2E/Finalizar_Compra_Record: Test Cases/Askblue_Training/Finalizar_CompraE2E/Finalizar_Compra_Record FAILED.
Reason:
com.kms.katalon.core.exception.StepFailedException: Verify element text of test object 'Object Repository/Page_Swag Labs/div_7.99' FAILED.
	at com.kms.katalon.core.webui.keyword.internal.WebUIKeywordMain.stepFailed(WebUIKeywordMain.groovy:64)
	at com.kms.katalon.core.webui.keyword.internal.WebUIKeywordMain.runKeyword(WebUIKeywordMain.groovy:26)
	at com.kms.katalon.core.webui.keyword.builtin.VerifyElementTextKeyword.verifyElementText(VerifyElementTextKeyword.groovy:72)
	at com.kms.katalon.core.webui.keyword.builtin.VerifyElementTextKeyword.execute(VerifyElementTextKeyword.groovy:40)
	at com.kms.katalon.core.keyword.internal.KeywordExecutor.executeKeywordForPlatform(KeywordExecutor.groovy:74)
	at com.kms.katalon.core.webui.keyword.WebUiBuiltInKeywords.verifyElementText(WebUiBuiltInKeywords.groovy:4835)
	at Finalizar_Compra_Record.run(Finalizar_Compra_Record:39)
	at com.kms.katalon.core.main.ScriptEngine.run(ScriptEngine.java:194)
	at com.kms.katalon.core.main.ScriptEngine.runScriptAsRawText(ScriptEngine.java:119)
	at com.kms.katalon.core.main.TestCaseExecutor.runScript(TestCaseExecutor.java:448)
	at com.kms.katalon.core.main.TestCaseExecutor.doExecute(TestCaseExecutor.java:439)
	at com.kms.katalon.core.main.TestCaseExecutor.processExecutionPhase(TestCaseExecutor.java:418)
	at com.kms.katalon.core.main.TestCaseExecutor.accessMainPhase(TestCaseExecutor.java:410)
	at com.kms.katalon.core.main.TestCaseExecutor.execute(TestCaseExecutor.java:285)
	at com.kms.katalon.core.common.CommonExecutor.accessTestCaseMainPhase(CommonExecutor.java:65)
	at com.kms.katalon.core.main.TestSuiteExecutor.accessTestSuiteMainPhase(TestSuiteExecutor.java:148)
	at com.kms.katalon.core.main.TestSuiteExecutor.execute(TestSuiteExecutor.java:106)
	at com.kms.katalon.core.main.TestCaseMain.startTestSuite(TestCaseMain.java:180)
	at TempTestSuite1738255418588.run(TempTestSuite1738255418588.groovy:36)
	at java.base/jdk.internal.reflect.NativeMethodAccessorImpl.invoke0(Native Method)
	at java.base/jdk.internal.reflect.NativeMethodAccessorImpl.invoke(NativeMethodAccessorImpl.java:77)
	at java.base/jdk.internal.reflect.DelegatingMethodAccessorImpl.invoke(DelegatingMethodAccessorImpl.java:43)
Caused by: com.kms.katalon.core.exception.StepFailedException: com.kms.katalon.core.webui.exception.WebElementNotFoundException: Web element with id: 'Object Repository/Page_Swag Labs/div_7.99' located by '//div[@id='inventory_container']/div/div[6]/div[2]/div[2]/div' not found
	at com.kms.katalon.core.webui.keyword.internal.WebUIKeywordMain.stepFailed(WebUIKeywordMain.groovy:64)
	at com.kms.katalon.core.webui.keyword.builtin.VerifyElementTextKeyword$_verifyElementText_closure1.doCall(VerifyElementTextKeyword.groovy:64)
	at com.kms.katalon.core.webui.keyword.builtin.VerifyElementTextKeyword$_verifyElementText_closure1.call(VerifyElementTextKeyword.groovy)
	at com.kms.katalon.core.webui.keyword.internal.WebUIKeywordMain.runKeyword(WebUIKeywordMain.groovy:20)
	... 20 more


30-01-2025T16:47:47 - [TEST_STEP][PASSED] - callTestCase(findTestCase("Askblue_Training/Login_Logout/Login_Positivo"), ["username":"standard_user", "password":"secret_sauce"], STOP_ON_FAILURE): Call Test Case 'Test Cases/Askblue_Training/Login_Logout/Login_Positivo' successfully

30-01-2025T16:47:47 - [TEST_CASE][PASSED] - Test Cases/Askblue_Training/Login_Logout/Login_Positivo: Test Cases/Askblue_Training/Login_Logout/Login_Positivo

30-01-2025T16:47:47 - [TEST_STEP][PASSED] - openBrowser(""): Browser is opened with url: ''

30-01-2025T16:47:47 - [MESSAGE][WARNING] - A browser is already opened. Closing browser and opening a new one

30-01-2025T16:47:47 - [MESSAGE][INFO] - Starting 'Chrome' driver

30-01-2025T16:47:47 - [MESSAGE][INFO] - Action delay is set to 0 milliseconds

30-01-2025T16:47:48 - [MESSAGE][PASSED] - Browser is opened with url: ''

30-01-2025T16:47:48 - [TEST_STEP][PASSED] - navigateToUrl("https://www.saucedemo.com/"): Navigate to 'https://www.saucedemo.com/' successfully

30-01-2025T16:47:49 - [MESSAGE][PASSED] - Navigate to 'https://www.saucedemo.com/' successfully

30-01-2025T16:47:49 - [TEST_STEP][PASSED] - setText(findTestObject("Object Repository/Page_Swag Labs/input_Swag Labs_user-name"), username): Text 'standard_user' is set on object 'Object Repository/Page_Swag Labs/input_Swag Labs_user-name'

30-01-2025T16:47:50 - [MESSAGE][PASSED] - Text 'standard_user' is set on object 'Object Repository/Page_Swag Labs/input_Swag Labs_user-name'

30-01-2025T16:47:50 - [TEST_STEP][PASSED] - setText(findTestObject("Object Repository/Page_Swag Labs/input_Swag Labs_password"), password): Text 'secret_sauce' is set on object 'Object Repository/Page_Swag Labs/input_Swag Labs_password'

30-01-2025T16:47:50 - [MESSAGE][PASSED] - Text 'secret_sauce' is set on object 'Object Repository/Page_Swag Labs/input_Swag Labs_password'

30-01-2025T16:47:50 - [TEST_STEP][PASSED] - click(findTestObject("Object Repository/Page_Swag Labs/input_Swag Labs_login-button")): Object: 'Object Repository/Page_Swag Labs/input_Swag Labs_login-button' is clicked on

30-01-2025T16:47:51 - [MESSAGE][PASSED] - Object: 'Object Repository/Page_Swag Labs/input_Swag Labs_login-button' is clicked on

30-01-2025T16:47:51 - [TEST_STEP][PASSED] - click(findTestObject("Object Repository/Page_Swag Labs/button_Open Menu")): Object: 'Object Repository/Page_Swag Labs/button_Open Menu' is clicked on

30-01-2025T16:47:51 - [MESSAGE][PASSED] - Object: 'Object Repository/Page_Swag Labs/button_Open Menu' is clicked on

30-01-2025T16:47:51 - [TEST_STEP][PASSED] - verifyElementText(findTestObject("Object Repository/Page_Swag Labs/a_Logout"), "Logout"): Actual text and expected text of test object 'Object Repository/Page_Swag Labs/a_Logout' are matched.

30-01-2025T16:47:51 - [MESSAGE][PASSED] - Actual text and expected text of test object 'Object Repository/Page_Swag Labs/a_Logout' are matched.

30-01-2025T16:47:51 - [TEST_STEP][PASSED] - click(findTestObject("Object Repository/Page_Swag Labs/button_Close Menu")): Object: 'Object Repository/Page_Swag Labs/button_Close Menu' is clicked on

30-01-2025T16:47:51 - [MESSAGE][PASSED] - Object: 'Object Repository/Page_Swag Labs/button_Close Menu' is clicked on

30-01-2025T16:47:51 - [MESSAGE][PASSED] - Call Test Case 'Test Cases/Askblue_Training/Login_Logout/Login_Positivo' successfully

30-01-2025T16:47:51 - [TEST_STEP][PASSED] - click(findTestObject("Object Repository/Page_Swag Labs/button_Add to cart_4")): Object: 'Object Repository/Page_Swag Labs/button_Add to cart_4' is clicked on

30-01-2025T16:47:52 - [MESSAGE][PASSED] - Object: 'Object Repository/Page_Swag Labs/button_Add to cart_4' is clicked on

30-01-2025T16:47:52 - [TEST_STEP][PASSED] - click(findTestObject("Object Repository/Page_Swag Labs/a_1")): Object: 'Object Repository/Page_Swag Labs/a_1' is clicked on

30-01-2025T16:47:52 - [MESSAGE][PASSED] - Object: 'Object Repository/Page_Swag Labs/a_1' is clicked on

30-01-2025T16:47:52 - [TEST_STEP][PASSED] - click(findTestObject("Object Repository/Page_Swag Labs/button_Checkout")): Object: 'Object Repository/Page_Swag Labs/button_Checkout' is clicked on

30-01-2025T16:47:52 - [MESSAGE][PASSED] - Object: 'Object Repository/Page_Swag Labs/button_Checkout' is clicked on

30-01-2025T16:47:52 - [TEST_STEP][PASSED] - setText(findTestObject("Object Repository/Page_Swag Labs/input_Checkout Your Information_firstName"), "Test"): Text 'Test' is set on object 'Object Repository/Page_Swag Labs/input_Checkout Your Information_firstName'

30-01-2025T16:47:53 - [MESSAGE][PASSED] - Text 'Test' is set on object 'Object Repository/Page_Swag Labs/input_Checkout Your Information_firstName'

30-01-2025T16:47:53 - [TEST_STEP][PASSED] - setText(findTestObject("Object Repository/Page_Swag Labs/input_Checkout Your Information_lastName"), "Test"): Text 'Test' is set on object 'Object Repository/Page_Swag Labs/input_Checkout Your Information_lastName'

30-01-2025T16:47:54 - [MESSAGE][PASSED] - Text 'Test' is set on object 'Object Repository/Page_Swag Labs/input_Checkout Your Information_lastName'

30-01-2025T16:47:54 - [TEST_STEP][PASSED] - setText(findTestObject("Object Repository/Page_Swag Labs/input_Checkout Your Information_postalCode"), "1000-001"): Text '1000-001' is set on object 'Object Repository/Page_Swag Labs/input_Checkout Your Information_postalCode'

30-01-2025T16:47:54 - [MESSAGE][PASSED] - Text '1000-001' is set on object 'Object Repository/Page_Swag Labs/input_Checkout Your Information_postalCode'

30-01-2025T16:47:54 - [TEST_STEP][PASSED] - click(findTestObject("Object Repository/Page_Swag Labs/input_Cancel_continue")): Object: 'Object Repository/Page_Swag Labs/input_Cancel_continue' is clicked on

30-01-2025T16:47:55 - [MESSAGE][PASSED] - Object: 'Object Repository/Page_Swag Labs/input_Cancel_continue' is clicked on

30-01-2025T16:47:55 - [TEST_STEP][PASSED] - verifyElementText(findTestObject("Object Repository/Page_Swag Labs/div_Sauce Labs Onesie"), "Sauce Labs Onesie"): Actual text and expected text of test object 'Object Repository/Page_Swag Labs/div_Sauce Labs Onesie' are matched.

30-01-2025T16:47:55 - [MESSAGE][PASSED] - Actual text and expected text of test object 'Object Repository/Page_Swag Labs/div_Sauce Labs Onesie' are matched.

30-01-2025T16:47:55 - [TEST_STEP][FAILED] - verifyElementText(findTestObject("Object Repository/Page_Swag Labs/div_7.99"), "$7.99"): Verify element text of test object 'Object Repository/Page_Swag Labs/div_7.99' FAILED. (Root cause: com.kms.katalon.core.exception.StepFailedException: Verify element text of test object 'Object Repository/Page_Swag Labs/div_7.99' FAILED.
	at com.kms.katalon.core.webui.keyword.internal.WebUIKeywordMain.stepFailed(WebUIKeywordMain.groovy:64)
	at com.kms.katalon.core.webui.keyword.internal.WebUIKeywordMain.runKeyword(WebUIKeywordMain.groovy:26)
	at com.kms.katalon.core.webui.keyword.builtin.VerifyElementTextKeyword.verifyElementText(VerifyElementTextKeyword.groovy:72)
	at com.kms.katalon.core.webui.keyword.builtin.VerifyElementTextKeyword.execute(VerifyElementTextKeyword.groovy:40)
	at com.kms.katalon.core.keyword.internal.KeywordExecutor.executeKeywordForPlatform(KeywordExecutor.groovy:74)
	at com.kms.katalon.core.webui.keyword.WebUiBuiltInKeywords.verifyElementText(WebUiBuiltInKeywords.groovy:4835)
	at Finalizar_Compra_Record.run(Finalizar_Compra_Record:39)
	at com.kms.katalon.core.main.ScriptEngine.run(ScriptEngine.java:194)
	at com.kms.katalon.core.main.ScriptEngine.runScriptAsRawText(ScriptEngine.java:119)
	at com.kms.katalon.core.main.TestCaseExecutor.runScript(TestCaseExecutor.java:448)
	at com.kms.katalon.core.main.TestCaseExecutor.doExecute(TestCaseExecutor.java:439)
	at com.kms.katalon.core.main.TestCaseExecutor.processExecutionPhase(TestCaseExecutor.java:418)
	at com.kms.katalon.core.main.TestCaseExecutor.accessMainPhase(TestCaseExecutor.java:410)
	at com.kms.katalon.core.main.TestCaseExecutor.execute(TestCaseExecutor.java:285)
	at com.kms.katalon.core.common.CommonExecutor.accessTestCaseMainPhase(CommonExecutor.java:65)
	at com.kms.katalon.core.main.TestSuiteExecutor.accessTestSuiteMainPhase(TestSuiteExecutor.java:148)
	at com.kms.katalon.core.main.TestSuiteExecutor.execute(TestSuiteExecutor.java:106)
	at com.kms.katalon.core.main.TestCaseMain.startTestSuite(TestCaseMain.java:180)
	at TempTestSuite1738255418588.run(TempTestSuite1738255418588.groovy:36)
	at java.base/jdk.internal.reflect.NativeMethodAccessorImpl.invoke0(Native Method)
	at java.base/jdk.internal.reflect.NativeMethodAccessorImpl.invoke(NativeMethodAccessorImpl.java:77)
	at java.base/jdk.internal.reflect.DelegatingMethodAccessorImpl.invoke(DelegatingMethodAccessorImpl.java:43)
Caused by: com.kms.katalon.core.exception.StepFailedException: com.kms.katalon.core.webui.exception.WebElementNotFoundException: Web element with id: 'Object Repository/Page_Swag Labs/div_7.99' located by '//div[@id='inventory_container']/div/div[6]/div[2]/div[2]/div' not found
	at com.kms.katalon.core.webui.keyword.internal.WebUIKeywordMain.stepFailed(WebUIKeywordMain.groovy:64)
	at com.kms.katalon.core.webui.keyword.builtin.VerifyElementTextKeyword$_verifyElementText_closure1.doCall(VerifyElementTextKeyword.groovy:64)
	at com.kms.katalon.core.webui.keyword.builtin.VerifyElementTextKeyword$_verifyElementText_closure1.call(VerifyElementTextKeyword.groovy)
	at com.kms.katalon.core.webui.keyword.internal.WebUIKeywordMain.runKeyword(WebUIKeywordMain.groovy:20)
	... 20 more
)

30-01-2025T16:48:26 - [MESSAGE][INFO] - Unable to find the element located by 'By.xpath: //div[@id='inventory_container']/div/div[6]/div[2]/div[2]/div'. Please recheck the objects properties to make sure the desired element is located. 

30-01-2025T16:48:26 - [MESSAGE][FAILED] - com.kms.katalon.core.webui.exception.WebElementNotFoundException: Web element with id: 'Object Repository/Page_Swag Labs/div_7.99' located by '//div[@id='inventory_container']/div/div[6]/div[2]/div[2]/div' not found (Root cause: com.kms.katalon.core.exception.StepFailedException: com.kms.katalon.core.webui.exception.WebElementNotFoundException: Web element with id: 'Object Repository/Page_Swag Labs/div_7.99' located by '//div[@id='inventory_container']/div/div[6]/div[2]/div[2]/div' not found
	at com.kms.katalon.core.webui.keyword.internal.WebUIKeywordMain.stepFailed(WebUIKeywordMain.groovy:64)
	at com.kms.katalon.core.webui.keyword.builtin.VerifyElementTextKeyword$_verifyElementText_closure1.doCall(VerifyElementTextKeyword.groovy:64)
	at com.kms.katalon.core.webui.keyword.builtin.VerifyElementTextKeyword$_verifyElementText_closure1.call(VerifyElementTextKeyword.groovy)
	at com.kms.katalon.core.webui.keyword.internal.WebUIKeywordMain.runKeyword(WebUIKeywordMain.groovy:20)
	at com.kms.katalon.core.webui.keyword.builtin.VerifyElementTextKeyword.verifyElementText(VerifyElementTextKeyword.groovy:72)
	at com.kms.katalon.core.webui.keyword.builtin.VerifyElementTextKeyword.execute(VerifyElementTextKeyword.groovy:40)
	at com.kms.katalon.core.keyword.internal.KeywordExecutor.executeKeywordForPlatform(KeywordExecutor.groovy:74)
	at com.kms.katalon.core.webui.keyword.WebUiBuiltInKeywords.verifyElementText(WebUiBuiltInKeywords.groovy:4835)
	at Finalizar_Compra_Record.run(Finalizar_Compra_Record:39)
	at com.kms.katalon.core.main.ScriptEngine.run(ScriptEngine.java:194)
	at com.kms.katalon.core.main.ScriptEngine.runScriptAsRawText(ScriptEngine.java:119)
	at com.kms.katalon.core.main.TestCaseExecutor.runScript(TestCaseExecutor.java:448)
	at com.kms.katalon.core.main.TestCaseExecutor.doExecute(TestCaseExecutor.java:439)
	at com.kms.katalon.core.main.TestCaseExecutor.processExecutionPhase(TestCaseExecutor.java:418)
	at com.kms.katalon.core.main.TestCaseExecutor.accessMainPhase(TestCaseExecutor.java:410)
	at com.kms.katalon.core.main.TestCaseExecutor.execute(TestCaseExecutor.java:285)
	at com.kms.katalon.core.common.CommonExecutor.accessTestCaseMainPhase(CommonExecutor.java:65)
	at com.kms.katalon.core.main.TestSuiteExecutor.accessTestSuiteMainPhase(TestSuiteExecutor.java:148)
	at com.kms.katalon.core.main.TestSuiteExecutor.execute(TestSuiteExecutor.java:106)
	at com.kms.katalon.core.main.TestCaseMain.startTestSuite(TestCaseMain.java:180)
	at TempTestSuite1738255418588.run(TempTestSuite1738255418588.groovy:36)
	at java.base/jdk.internal.reflect.NativeMethodAccessorImpl.invoke0(Native Method)
	at java.base/jdk.internal.reflect.NativeMethodAccessorImpl.invoke(NativeMethodAccessorImpl.java:77)
	at java.base/jdk.internal.reflect.DelegatingMethodAccessorImpl.invoke(DelegatingMethodAccessorImpl.java:43)
)
[[ATTACHMENT|C:\\Users\\Pedro Carreira\\PMCAutomationpub\\Reports\\20250130_164337\\Askblue_training\\Test_Suite_Askblue_Training\\20250130_164338\\1738255706530.png]]

30-01-2025T16:48:26 - [MESSAGE][FAILED] - Verify element text of test object 'Object Repository/Page_Swag Labs/div_7.99' FAILED. (Root cause: com.kms.katalon.core.exception.StepFailedException: Verify element text of test object 'Object Repository/Page_Swag Labs/div_7.99' FAILED.
	at com.kms.katalon.core.webui.keyword.internal.WebUIKeywordMain.stepFailed(WebUIKeywordMain.groovy:64)
	at com.kms.katalon.core.webui.keyword.internal.WebUIKeywordMain.runKeyword(WebUIKeywordMain.groovy:26)
	at com.kms.katalon.core.webui.keyword.builtin.VerifyElementTextKeyword.verifyElementText(VerifyElementTextKeyword.groovy:72)
	at com.kms.katalon.core.webui.keyword.builtin.VerifyElementTextKeyword.execute(VerifyElementTextKeyword.groovy:40)
	at com.kms.katalon.core.keyword.internal.KeywordExecutor.executeKeywordForPlatform(KeywordExecutor.groovy:74)
	at com.kms.katalon.core.webui.keyword.WebUiBuiltInKeywords.verifyElementText(WebUiBuiltInKeywords.groovy:4835)
	at Finalizar_Compra_Record.run(Finalizar_Compra_Record:39)
	at com.kms.katalon.core.main.ScriptEngine.run(ScriptEngine.java:194)
	at com.kms.katalon.core.main.ScriptEngine.runScriptAsRawText(ScriptEngine.java:119)
	at com.kms.katalon.core.main.TestCaseExecutor.runScript(TestCaseExecutor.java:448)
	at com.kms.katalon.core.main.TestCaseExecutor.doExecute(TestCaseExecutor.java:439)
	at com.kms.katalon.core.main.TestCaseExecutor.processExecutionPhase(TestCaseExecutor.java:418)
	at com.kms.katalon.core.main.TestCaseExecutor.accessMainPhase(TestCaseExecutor.java:410)
	at com.kms.katalon.core.main.TestCaseExecutor.execute(TestCaseExecutor.java:285)
	at com.kms.katalon.core.common.CommonExecutor.accessTestCaseMainPhase(CommonExecutor.java:65)
	at com.kms.katalon.core.main.TestSuiteExecutor.accessTestSuiteMainPhase(TestSuiteExecutor.java:148)
	at com.kms.katalon.core.main.TestSuiteExecutor.execute(TestSuiteExecutor.java:106)
	at com.kms.katalon.core.main.TestCaseMain.startTestSuite(TestCaseMain.java:180)
	at TempTestSuite1738255418588.run(TempTestSuite1738255418588.groovy:36)
	at java.base/jdk.internal.reflect.NativeMethodAccessorImpl.invoke0(Native Method)
	at java.base/jdk.internal.reflect.NativeMethodAccessorImpl.invoke(NativeMethodAccessorImpl.java:77)
	at java.base/jdk.internal.reflect.DelegatingMethodAccessorImpl.invoke(DelegatingMethodAccessorImpl.java:43)
Caused by: com.kms.katalon.core.exception.StepFailedException: com.kms.katalon.core.webui.exception.WebElementNotFoundException: Web element with id: 'Object Repository/Page_Swag Labs/div_7.99' located by '//div[@id='inventory_container']/div/div[6]/div[2]/div[2]/div' not found
	at com.kms.katalon.core.webui.keyword.internal.WebUIKeywordMain.stepFailed(WebUIKeywordMain.groovy:64)
	at com.kms.katalon.core.webui.keyword.builtin.VerifyElementTextKeyword$_verifyElementText_closure1.doCall(VerifyElementTextKeyword.groovy:64)
	at com.kms.katalon.core.webui.keyword.builtin.VerifyElementTextKeyword$_verifyElementText_closure1.call(VerifyElementTextKeyword.groovy)
	at com.kms.katalon.core.webui.keyword.internal.WebUIKeywordMain.runKeyword(WebUIKeywordMain.groovy:20)
	... 20 more
)
[[ATTACHMENT|C:\\Users\\Pedro Carreira\\PMCAutomationpub\\Reports\\20250130_164337\\Askblue_training\\Test_Suite_Askblue_Training\\20250130_164338\\1738255706638.png]]]]></system-out>
         <system-err><![CDATA[30-01-2025T16:47:47 - [TEST_CASE][FAILED] - Test Cases/Askblue_Training/Finalizar_CompraE2E/Finalizar_Compra_Record: Test Cases/Askblue_Training/Finalizar_CompraE2E/Finalizar_Compra_Record FAILED.
Reason:
com.kms.katalon.core.exception.StepFailedException: Verify element text of test object 'Object Repository/Page_Swag Labs/div_7.99' FAILED.
	at com.kms.katalon.core.webui.keyword.internal.WebUIKeywordMain.stepFailed(WebUIKeywordMain.groovy:64)
	at com.kms.katalon.core.webui.keyword.internal.WebUIKeywordMain.runKeyword(WebUIKeywordMain.groovy:26)
	at com.kms.katalon.core.webui.keyword.builtin.VerifyElementTextKeyword.verifyElementText(VerifyElementTextKeyword.groovy:72)
	at com.kms.katalon.core.webui.keyword.builtin.VerifyElementTextKeyword.execute(VerifyElementTextKeyword.groovy:40)
	at com.kms.katalon.core.keyword.internal.KeywordExecutor.executeKeywordForPlatform(KeywordExecutor.groovy:74)
	at com.kms.katalon.core.webui.keyword.WebUiBuiltInKeywords.verifyElementText(WebUiBuiltInKeywords.groovy:4835)
	at Finalizar_Compra_Record.run(Finalizar_Compra_Record:39)
	at com.kms.katalon.core.main.ScriptEngine.run(ScriptEngine.java:194)
	at com.kms.katalon.core.main.ScriptEngine.runScriptAsRawText(ScriptEngine.java:119)
	at com.kms.katalon.core.main.TestCaseExecutor.runScript(TestCaseExecutor.java:448)
	at com.kms.katalon.core.main.TestCaseExecutor.doExecute(TestCaseExecutor.java:439)
	at com.kms.katalon.core.main.TestCaseExecutor.processExecutionPhase(TestCaseExecutor.java:418)
	at com.kms.katalon.core.main.TestCaseExecutor.accessMainPhase(TestCaseExecutor.java:410)
	at com.kms.katalon.core.main.TestCaseExecutor.execute(TestCaseExecutor.java:285)
	at com.kms.katalon.core.common.CommonExecutor.accessTestCaseMainPhase(CommonExecutor.java:65)
	at com.kms.katalon.core.main.TestSuiteExecutor.accessTestSuiteMainPhase(TestSuiteExecutor.java:148)
	at com.kms.katalon.core.main.TestSuiteExecutor.execute(TestSuiteExecutor.java:106)
	at com.kms.katalon.core.main.TestCaseMain.startTestSuite(TestCaseMain.java:180)
	at TempTestSuite1738255418588.run(TempTestSuite1738255418588.groovy:36)
	at java.base/jdk.internal.reflect.NativeMethodAccessorImpl.invoke0(Native Method)
	at java.base/jdk.internal.reflect.NativeMethodAccessorImpl.invoke(NativeMethodAccessorImpl.java:77)
	at java.base/jdk.internal.reflect.DelegatingMethodAccessorImpl.invoke(DelegatingMethodAccessorImpl.java:43)
Caused by: com.kms.katalon.core.exception.StepFailedException: com.kms.katalon.core.webui.exception.WebElementNotFoundException: Web element with id: 'Object Repository/Page_Swag Labs/div_7.99' located by '//div[@id='inventory_container']/div/div[6]/div[2]/div[2]/div' not found
	at com.kms.katalon.core.webui.keyword.internal.WebUIKeywordMain.stepFailed(WebUIKeywordMain.groovy:64)
	at com.kms.katalon.core.webui.keyword.builtin.VerifyElementTextKeyword$_verifyElementText_closure1.doCall(VerifyElementTextKeyword.groovy:64)
	at com.kms.katalon.core.webui.keyword.builtin.VerifyElementTextKeyword$_verifyElementText_closure1.call(VerifyElementTextKeyword.groovy)
	at com.kms.katalon.core.webui.keyword.internal.WebUIKeywordMain.runKeyword(WebUIKeywordMain.groovy:20)
	... 20 more]]></system-err>
      </testcase>
      <testcase name="Test Cases/Askblue_Training/Finalizar_CompraE2E/Finalizar_Compra_Todos" time="40.421" classname="Test Cases/Askblue_Training/Finalizar_CompraE2E/Finalizar_Compra_Todos" status="PASSED">
         <system-out><![CDATA[30-01-2025T16:48:26 - [TEST_CASE][PASSED] - Test Cases/Askblue_Training/Finalizar_CompraE2E/Finalizar_Compra_Todos: Test Cases/Askblue_Training/Finalizar_CompraE2E/Finalizar_Compra_Todos

30-01-2025T16:48:26 - [TEST_STEP][PASSED] - callTestCase(findTestCase("Askblue_Training/Login_Logout/Login_Positivo"), ["username":"standard_user", "password":"secret_sauce"], STOP_ON_FAILURE): Call Test Case 'Test Cases/Askblue_Training/Login_Logout/Login_Positivo' successfully

30-01-2025T16:48:27 - [TEST_CASE][PASSED] - Test Cases/Askblue_Training/Login_Logout/Login_Positivo: Test Cases/Askblue_Training/Login_Logout/Login_Positivo

30-01-2025T16:48:27 - [TEST_STEP][PASSED] - openBrowser(""): Browser is opened with url: ''

30-01-2025T16:48:27 - [MESSAGE][WARNING] - A browser is already opened. Closing browser and opening a new one

30-01-2025T16:48:27 - [MESSAGE][INFO] - Starting 'Chrome' driver

30-01-2025T16:48:27 - [MESSAGE][INFO] - Action delay is set to 0 milliseconds

30-01-2025T16:48:27 - [MESSAGE][PASSED] - Browser is opened with url: ''

30-01-2025T16:48:27 - [TEST_STEP][PASSED] - navigateToUrl("https://www.saucedemo.com/"): Navigate to 'https://www.saucedemo.com/' successfully

30-01-2025T16:48:28 - [MESSAGE][PASSED] - Navigate to 'https://www.saucedemo.com/' successfully

30-01-2025T16:48:28 - [TEST_STEP][PASSED] - setText(findTestObject("Object Repository/Page_Swag Labs/input_Swag Labs_user-name"), username): Text 'standard_user' is set on object 'Object Repository/Page_Swag Labs/input_Swag Labs_user-name'

30-01-2025T16:48:29 - [MESSAGE][PASSED] - Text 'standard_user' is set on object 'Object Repository/Page_Swag Labs/input_Swag Labs_user-name'

30-01-2025T16:48:29 - [TEST_STEP][PASSED] - setText(findTestObject("Object Repository/Page_Swag Labs/input_Swag Labs_password"), password): Text 'secret_sauce' is set on object 'Object Repository/Page_Swag Labs/input_Swag Labs_password'

30-01-2025T16:48:29 - [MESSAGE][PASSED] - Text 'secret_sauce' is set on object 'Object Repository/Page_Swag Labs/input_Swag Labs_password'

30-01-2025T16:48:29 - [TEST_STEP][PASSED] - click(findTestObject("Object Repository/Page_Swag Labs/input_Swag Labs_login-button")): Object: 'Object Repository/Page_Swag Labs/input_Swag Labs_login-button' is clicked on

30-01-2025T16:48:30 - [MESSAGE][PASSED] - Object: 'Object Repository/Page_Swag Labs/input_Swag Labs_login-button' is clicked on

30-01-2025T16:48:30 - [TEST_STEP][PASSED] - click(findTestObject("Object Repository/Page_Swag Labs/button_Open Menu")): Object: 'Object Repository/Page_Swag Labs/button_Open Menu' is clicked on

30-01-2025T16:48:30 - [MESSAGE][PASSED] - Object: 'Object Repository/Page_Swag Labs/button_Open Menu' is clicked on

30-01-2025T16:48:30 - [TEST_STEP][PASSED] - verifyElementText(findTestObject("Object Repository/Page_Swag Labs/a_Logout"), "Logout"): Actual text and expected text of test object 'Object Repository/Page_Swag Labs/a_Logout' are matched.

30-01-2025T16:48:30 - [MESSAGE][PASSED] - Actual text and expected text of test object 'Object Repository/Page_Swag Labs/a_Logout' are matched.

30-01-2025T16:48:30 - [TEST_STEP][PASSED] - click(findTestObject("Object Repository/Page_Swag Labs/button_Close Menu")): Object: 'Object Repository/Page_Swag Labs/button_Close Menu' is clicked on

30-01-2025T16:48:30 - [MESSAGE][PASSED] - Object: 'Object Repository/Page_Swag Labs/button_Close Menu' is clicked on

30-01-2025T16:48:30 - [MESSAGE][PASSED] - Call Test Case 'Test Cases/Askblue_Training/Login_Logout/Login_Positivo' successfully

30-01-2025T16:48:30 - [TEST_STEP][PASSED] - callTestCase(findTestCase("Askblue_Training/Add_to_Cart/Add_to_Cart_Todos"), [:], STOP_ON_FAILURE): Call Test Case 'Test Cases/Askblue_Training/Add_to_Cart/Add_to_Cart_Todos' successfully

30-01-2025T16:48:31 - [TEST_CASE][PASSED] - Test Cases/Askblue_Training/Add_to_Cart/Add_to_Cart_Todos: Test Cases/Askblue_Training/Add_to_Cart/Add_to_Cart_Todos

30-01-2025T16:48:31 - [TEST_STEP][PASSED] - callTestCase(findTestCase("Askblue_Training/Login_Logout/Login_Positivo"), ["username":"standard_user", "password":"secret_sauce"], STOP_ON_FAILURE): Call Test Case 'Test Cases/Askblue_Training/Login_Logout/Login_Positivo' successfully

30-01-2025T16:48:31 - [TEST_CASE][PASSED] - Test Cases/Askblue_Training/Login_Logout/Login_Positivo: Test Cases/Askblue_Training/Login_Logout/Login_Positivo

30-01-2025T16:48:31 - [TEST_STEP][PASSED] - openBrowser(""): Browser is opened with url: ''

30-01-2025T16:48:31 - [MESSAGE][WARNING] - A browser is already opened. Closing browser and opening a new one

30-01-2025T16:48:31 - [MESSAGE][INFO] - Starting 'Chrome' driver

30-01-2025T16:48:31 - [MESSAGE][INFO] - Action delay is set to 0 milliseconds

30-01-2025T16:48:31 - [MESSAGE][PASSED] - Browser is opened with url: ''

30-01-2025T16:48:31 - [TEST_STEP][PASSED] - navigateToUrl("https://www.saucedemo.com/"): Navigate to 'https://www.saucedemo.com/' successfully

30-01-2025T16:48:32 - [MESSAGE][PASSED] - Navigate to 'https://www.saucedemo.com/' successfully

30-01-2025T16:48:32 - [TEST_STEP][PASSED] - setText(findTestObject("Object Repository/Page_Swag Labs/input_Swag Labs_user-name"), username): Text 'standard_user' is set on object 'Object Repository/Page_Swag Labs/input_Swag Labs_user-name'

30-01-2025T16:48:33 - [MESSAGE][PASSED] - Text 'standard_user' is set on object 'Object Repository/Page_Swag Labs/input_Swag Labs_user-name'

30-01-2025T16:48:33 - [TEST_STEP][PASSED] - setText(findTestObject("Object Repository/Page_Swag Labs/input_Swag Labs_password"), password): Text 'secret_sauce' is set on object 'Object Repository/Page_Swag Labs/input_Swag Labs_password'

30-01-2025T16:48:33 - [MESSAGE][PASSED] - Text 'secret_sauce' is set on object 'Object Repository/Page_Swag Labs/input_Swag Labs_password'

30-01-2025T16:48:33 - [TEST_STEP][PASSED] - click(findTestObject("Object Repository/Page_Swag Labs/input_Swag Labs_login-button")): Object: 'Object Repository/Page_Swag Labs/input_Swag Labs_login-button' is clicked on

30-01-2025T16:48:34 - [MESSAGE][PASSED] - Object: 'Object Repository/Page_Swag Labs/input_Swag Labs_login-button' is clicked on

30-01-2025T16:48:34 - [TEST_STEP][PASSED] - click(findTestObject("Object Repository/Page_Swag Labs/button_Open Menu")): Object: 'Object Repository/Page_Swag Labs/button_Open Menu' is clicked on

30-01-2025T16:48:34 - [MESSAGE][PASSED] - Object: 'Object Repository/Page_Swag Labs/button_Open Menu' is clicked on

30-01-2025T16:48:34 - [TEST_STEP][PASSED] - verifyElementText(findTestObject("Object Repository/Page_Swag Labs/a_Logout"), "Logout"): Actual text and expected text of test object 'Object Repository/Page_Swag Labs/a_Logout' are matched.

30-01-2025T16:48:34 - [MESSAGE][PASSED] - Actual text and expected text of test object 'Object Repository/Page_Swag Labs/a_Logout' are matched.

30-01-2025T16:48:34 - [TEST_STEP][PASSED] - click(findTestObject("Object Repository/Page_Swag Labs/button_Close Menu")): Object: 'Object Repository/Page_Swag Labs/button_Close Menu' is clicked on

30-01-2025T16:48:35 - [MESSAGE][PASSED] - Object: 'Object Repository/Page_Swag Labs/button_Close Menu' is clicked on

30-01-2025T16:48:35 - [MESSAGE][PASSED] - Call Test Case 'Test Cases/Askblue_Training/Login_Logout/Login_Positivo' successfully

30-01-2025T16:48:35 - [TEST_STEP][PASSED] - addToCart = findTestObject("Object Repository/Page_Swag Labs/button_add_to_cart"): null

30-01-2025T16:48:35 - [TEST_STEP][PASSED] - addToCartList = findWebElements(addToCart, 10): Found web elements by test object Object Repository/Page_Swag Labs/button_add_to_cart

30-01-2025T16:48:35 - [MESSAGE][PASSED] - Found web elements by test object Object Repository/Page_Swag Labs/button_add_to_cart

30-01-2025T16:48:35 - [TEST_STEP][PASSED] - for ([i = 0, i < addToCartList.size(), (i++)]): Found web elements by test object Object Repository/Page_Swag Labs/item_price

30-01-2025T16:48:35 - [TEST_STEP][PASSED] - itemNames = findTestObject("Object Repository/Page_Swag Labs/item_name"): null

30-01-2025T16:48:35 - [TEST_STEP][PASSED] - itemNameList = findWebElements(itemNames, 10): Found web elements by test object Object Repository/Page_Swag Labs/item_name

30-01-2025T16:48:35 - [MESSAGE][PASSED] - Found web elements by test object Object Repository/Page_Swag Labs/item_name

30-01-2025T16:48:35 - [TEST_STEP][PASSED] - name = itemNameList[i].getText(): null

30-01-2025T16:48:35 - [TEST_STEP][PASSED] - itemPrices = findTestObject("Object Repository/Page_Swag Labs/item_price"): null

30-01-2025T16:48:35 - [TEST_STEP][PASSED] - itemPriceList = findWebElements(itemPrices, 10): Found web elements by test object Object Repository/Page_Swag Labs/item_price

30-01-2025T16:48:35 - [MESSAGE][PASSED] - Found web elements by test object Object Repository/Page_Swag Labs/item_price

30-01-2025T16:48:35 - [TEST_STEP][PASSED] - price = itemPriceList[i].getText(): null

30-01-2025T16:48:35 - [TEST_STEP][PASSED] - get(i).click(): null

30-01-2025T16:48:35 - [TEST_STEP][PASSED] - verifyElementText(findTestObject("Object Repository/Page_Swag Labs/icone_carrinho"), i + 1.toString()): Actual text and expected text of test object 'Object Repository/Page_Swag Labs/icone_carrinho' are matched.

30-01-2025T16:48:36 - [MESSAGE][PASSED] - Actual text and expected text of test object 'Object Repository/Page_Swag Labs/icone_carrinho' are matched.

30-01-2025T16:48:36 - [TEST_STEP][PASSED] - click(findTestObject("Object Repository/Page_Swag Labs/icone_carrinho")): Object: 'Object Repository/Page_Swag Labs/icone_carrinho' is clicked on

30-01-2025T16:48:36 - [MESSAGE][PASSED] - Object: 'Object Repository/Page_Swag Labs/icone_carrinho' is clicked on

30-01-2025T16:48:36 - [TEST_STEP][PASSED] - delay(1): Delayed 1 second(s)

30-01-2025T16:48:37 - [MESSAGE][PASSED] - Delayed 1 second(s)

30-01-2025T16:48:37 - [TEST_STEP][PASSED] - cartItemNames = findTestObject("Object Repository/Page_Swag Labs/cart_item_name"): null

30-01-2025T16:48:37 - [TEST_STEP][PASSED] - cartItemNameList = findWebElements(cartItemNames, 10): Found web elements by test object Object Repository/Page_Swag Labs/cart_item_name

30-01-2025T16:48:37 - [MESSAGE][PASSED] - Found web elements by test object Object Repository/Page_Swag Labs/cart_item_name

30-01-2025T16:48:37 - [TEST_STEP][PASSED] - verifyMatch(cartItemNameList[i].getText(), name, false): Actual text 'Sauce Labs Backpack' and expected text 'Sauce Labs Backpack' are matched 

30-01-2025T16:48:37 - [MESSAGE][PASSED] - Actual text 'Sauce Labs Backpack' and expected text 'Sauce Labs Backpack' are matched 

30-01-2025T16:48:37 - [TEST_STEP][PASSED] - cartItemPrices = findTestObject("Object Repository/Page_Swag Labs/cart_item_price"): null

30-01-2025T16:48:37 - [TEST_STEP][PASSED] - cartItemPriceList = findWebElements(cartItemPrices, 10): Found web elements by test object Object Repository/Page_Swag Labs/cart_item_price

30-01-2025T16:48:38 - [MESSAGE][PASSED] - Found web elements by test object Object Repository/Page_Swag Labs/cart_item_price

30-01-2025T16:48:38 - [TEST_STEP][PASSED] - verifyMatch(cartItemPriceList[i].getText(), price, false): Actual text '$29.99' and expected text '$29.99' are matched 

30-01-2025T16:48:38 - [MESSAGE][PASSED] - Actual text '$29.99' and expected text '$29.99' are matched 

30-01-2025T16:48:38 - [TEST_STEP][PASSED] - click(findTestObject("Object Repository/Page_Swag Labs/button_Continue Shopping")): Object: 'Object Repository/Page_Swag Labs/button_Continue Shopping' is clicked on

30-01-2025T16:48:38 - [MESSAGE][PASSED] - Object: 'Object Repository/Page_Swag Labs/button_Continue Shopping' is clicked on

30-01-2025T16:48:38 - [TEST_STEP][PASSED] - addToCartList = findWebElements(addToCart, 10): Found web elements by test object Object Repository/Page_Swag Labs/button_add_to_cart

30-01-2025T16:48:38 - [MESSAGE][PASSED] - Found web elements by test object Object Repository/Page_Swag Labs/button_add_to_cart

30-01-2025T16:48:38 - [TEST_STEP][PASSED] - itemNameList = findWebElements(itemNames, 10): Found web elements by test object Object Repository/Page_Swag Labs/item_name

30-01-2025T16:48:38 - [MESSAGE][PASSED] - Found web elements by test object Object Repository/Page_Swag Labs/item_name

30-01-2025T16:48:38 - [TEST_STEP][PASSED] - itemPriceList = findWebElements(itemPrices, 10): Found web elements by test object Object Repository/Page_Swag Labs/item_price

30-01-2025T16:48:39 - [MESSAGE][PASSED] - Found web elements by test object Object Repository/Page_Swag Labs/item_price

30-01-2025T16:48:39 - [TEST_STEP][PASSED] - itemNames = findTestObject("Object Repository/Page_Swag Labs/item_name"): null

30-01-2025T16:48:39 - [TEST_STEP][PASSED] - itemNameList = findWebElements(itemNames, 10): Found web elements by test object Object Repository/Page_Swag Labs/item_name

30-01-2025T16:48:39 - [MESSAGE][PASSED] - Found web elements by test object Object Repository/Page_Swag Labs/item_name

30-01-2025T16:48:39 - [TEST_STEP][PASSED] - name = itemNameList[i].getText(): null

30-01-2025T16:48:39 - [TEST_STEP][PASSED] - itemPrices = findTestObject("Object Repository/Page_Swag Labs/item_price"): null

30-01-2025T16:48:39 - [TEST_STEP][PASSED] - itemPriceList = findWebElements(itemPrices, 10): Found web elements by test object Object Repository/Page_Swag Labs/item_price

30-01-2025T16:48:39 - [MESSAGE][PASSED] - Found web elements by test object Object Repository/Page_Swag Labs/item_price

30-01-2025T16:48:39 - [TEST_STEP][PASSED] - price = itemPriceList[i].getText(): null

30-01-2025T16:48:39 - [TEST_STEP][PASSED] - get(i).click(): null

30-01-2025T16:48:39 - [TEST_STEP][PASSED] - verifyElementText(findTestObject("Object Repository/Page_Swag Labs/icone_carrinho"), i + 1.toString()): Actual text and expected text of test object 'Object Repository/Page_Swag Labs/icone_carrinho' are matched.

30-01-2025T16:48:39 - [MESSAGE][PASSED] - Actual text and expected text of test object 'Object Repository/Page_Swag Labs/icone_carrinho' are matched.

30-01-2025T16:48:39 - [TEST_STEP][PASSED] - click(findTestObject("Object Repository/Page_Swag Labs/icone_carrinho")): Object: 'Object Repository/Page_Swag Labs/icone_carrinho' is clicked on

30-01-2025T16:48:40 - [MESSAGE][PASSED] - Object: 'Object Repository/Page_Swag Labs/icone_carrinho' is clicked on

30-01-2025T16:48:40 - [TEST_STEP][PASSED] - delay(1): Delayed 1 second(s)

30-01-2025T16:48:41 - [MESSAGE][PASSED] - Delayed 1 second(s)

30-01-2025T16:48:41 - [TEST_STEP][PASSED] - cartItemNames = findTestObject("Object Repository/Page_Swag Labs/cart_item_name"): null

30-01-2025T16:48:41 - [TEST_STEP][PASSED] - cartItemNameList = findWebElements(cartItemNames, 10): Found web elements by test object Object Repository/Page_Swag Labs/cart_item_name

30-01-2025T16:48:41 - [MESSAGE][PASSED] - Found web elements by test object Object Repository/Page_Swag Labs/cart_item_name

30-01-2025T16:48:41 - [TEST_STEP][PASSED] - verifyMatch(cartItemNameList[i].getText(), name, false): Actual text 'Sauce Labs Bike Light' and expected text 'Sauce Labs Bike Light' are matched 

30-01-2025T16:48:41 - [MESSAGE][PASSED] - Actual text 'Sauce Labs Bike Light' and expected text 'Sauce Labs Bike Light' are matched 

30-01-2025T16:48:41 - [TEST_STEP][PASSED] - cartItemPrices = findTestObject("Object Repository/Page_Swag Labs/cart_item_price"): null

30-01-2025T16:48:41 - [TEST_STEP][PASSED] - cartItemPriceList = findWebElements(cartItemPrices, 10): Found web elements by test object Object Repository/Page_Swag Labs/cart_item_price

30-01-2025T16:48:41 - [MESSAGE][PASSED] - Found web elements by test object Object Repository/Page_Swag Labs/cart_item_price

30-01-2025T16:48:41 - [TEST_STEP][PASSED] - verifyMatch(cartItemPriceList[i].getText(), price, false): Actual text '$9.99' and expected text '$9.99' are matched 

30-01-2025T16:48:41 - [MESSAGE][PASSED] - Actual text '$9.99' and expected text '$9.99' are matched 

30-01-2025T16:48:41 - [TEST_STEP][PASSED] - click(findTestObject("Object Repository/Page_Swag Labs/button_Continue Shopping")): Object: 'Object Repository/Page_Swag Labs/button_Continue Shopping' is clicked on

30-01-2025T16:48:42 - [MESSAGE][PASSED] - Object: 'Object Repository/Page_Swag Labs/button_Continue Shopping' is clicked on

30-01-2025T16:48:42 - [TEST_STEP][PASSED] - addToCartList = findWebElements(addToCart, 10): Found web elements by test object Object Repository/Page_Swag Labs/button_add_to_cart

30-01-2025T16:48:42 - [MESSAGE][PASSED] - Found web elements by test object Object Repository/Page_Swag Labs/button_add_to_cart

30-01-2025T16:48:42 - [TEST_STEP][PASSED] - itemNameList = findWebElements(itemNames, 10): Found web elements by test object Object Repository/Page_Swag Labs/item_name

30-01-2025T16:48:42 - [MESSAGE][PASSED] - Found web elements by test object Object Repository/Page_Swag Labs/item_name

30-01-2025T16:48:42 - [TEST_STEP][PASSED] - itemPriceList = findWebElements(itemPrices, 10): Found web elements by test object Object Repository/Page_Swag Labs/item_price

30-01-2025T16:48:42 - [MESSAGE][PASSED] - Found web elements by test object Object Repository/Page_Swag Labs/item_price

30-01-2025T16:48:42 - [TEST_STEP][PASSED] - itemNames = findTestObject("Object Repository/Page_Swag Labs/item_name"): null

30-01-2025T16:48:42 - [TEST_STEP][PASSED] - itemNameList = findWebElements(itemNames, 10): Found web elements by test object Object Repository/Page_Swag Labs/item_name

30-01-2025T16:48:43 - [MESSAGE][PASSED] - Found web elements by test object Object Repository/Page_Swag Labs/item_name

30-01-2025T16:48:43 - [TEST_STEP][PASSED] - name = itemNameList[i].getText(): null

30-01-2025T16:48:43 - [TEST_STEP][PASSED] - itemPrices = findTestObject("Object Repository/Page_Swag Labs/item_price"): null

30-01-2025T16:48:43 - [TEST_STEP][PASSED] - itemPriceList = findWebElements(itemPrices, 10): Found web elements by test object Object Repository/Page_Swag Labs/item_price

30-01-2025T16:48:43 - [MESSAGE][PASSED] - Found web elements by test object Object Repository/Page_Swag Labs/item_price

30-01-2025T16:48:43 - [TEST_STEP][PASSED] - price = itemPriceList[i].getText(): null

30-01-2025T16:48:43 - [TEST_STEP][PASSED] - get(i).click(): null

30-01-2025T16:48:44 - [TEST_STEP][PASSED] - verifyElementText(findTestObject("Object Repository/Page_Swag Labs/icone_carrinho"), i + 1.toString()): Actual text and expected text of test object 'Object Repository/Page_Swag Labs/icone_carrinho' are matched.

30-01-2025T16:48:44 - [MESSAGE][PASSED] - Actual text and expected text of test object 'Object Repository/Page_Swag Labs/icone_carrinho' are matched.

30-01-2025T16:48:44 - [TEST_STEP][PASSED] - click(findTestObject("Object Repository/Page_Swag Labs/icone_carrinho")): Object: 'Object Repository/Page_Swag Labs/icone_carrinho' is clicked on

30-01-2025T16:48:44 - [MESSAGE][PASSED] - Object: 'Object Repository/Page_Swag Labs/icone_carrinho' is clicked on

30-01-2025T16:48:44 - [TEST_STEP][PASSED] - delay(1): Delayed 1 second(s)

30-01-2025T16:48:45 - [MESSAGE][PASSED] - Delayed 1 second(s)

30-01-2025T16:48:45 - [TEST_STEP][PASSED] - cartItemNames = findTestObject("Object Repository/Page_Swag Labs/cart_item_name"): null

30-01-2025T16:48:45 - [TEST_STEP][PASSED] - cartItemNameList = findWebElements(cartItemNames, 10): Found web elements by test object Object Repository/Page_Swag Labs/cart_item_name

30-01-2025T16:48:45 - [MESSAGE][PASSED] - Found web elements by test object Object Repository/Page_Swag Labs/cart_item_name

30-01-2025T16:48:45 - [TEST_STEP][PASSED] - verifyMatch(cartItemNameList[i].getText(), name, false): Actual text 'Sauce Labs Bolt T-Shirt' and expected text 'Sauce Labs Bolt T-Shirt' are matched 

30-01-2025T16:48:45 - [MESSAGE][PASSED] - Actual text 'Sauce Labs Bolt T-Shirt' and expected text 'Sauce Labs Bolt T-Shirt' are matched 

30-01-2025T16:48:45 - [TEST_STEP][PASSED] - cartItemPrices = findTestObject("Object Repository/Page_Swag Labs/cart_item_price"): null

30-01-2025T16:48:45 - [TEST_STEP][PASSED] - cartItemPriceList = findWebElements(cartItemPrices, 10): Found web elements by test object Object Repository/Page_Swag Labs/cart_item_price

30-01-2025T16:48:46 - [MESSAGE][PASSED] - Found web elements by test object Object Repository/Page_Swag Labs/cart_item_price

30-01-2025T16:48:46 - [TEST_STEP][PASSED] - verifyMatch(cartItemPriceList[i].getText(), price, false): Actual text '$15.99' and expected text '$15.99' are matched 

30-01-2025T16:48:46 - [MESSAGE][PASSED] - Actual text '$15.99' and expected text '$15.99' are matched 

30-01-2025T16:48:46 - [TEST_STEP][PASSED] - click(findTestObject("Object Repository/Page_Swag Labs/button_Continue Shopping")): Object: 'Object Repository/Page_Swag Labs/button_Continue Shopping' is clicked on

30-01-2025T16:48:46 - [MESSAGE][PASSED] - Object: 'Object Repository/Page_Swag Labs/button_Continue Shopping' is clicked on

30-01-2025T16:48:46 - [TEST_STEP][PASSED] - addToCartList = findWebElements(addToCart, 10): Found web elements by test object Object Repository/Page_Swag Labs/button_add_to_cart

30-01-2025T16:48:46 - [MESSAGE][PASSED] - Found web elements by test object Object Repository/Page_Swag Labs/button_add_to_cart

30-01-2025T16:48:46 - [TEST_STEP][PASSED] - itemNameList = findWebElements(itemNames, 10): Found web elements by test object Object Repository/Page_Swag Labs/item_name

30-01-2025T16:48:46 - [MESSAGE][PASSED] - Found web elements by test object Object Repository/Page_Swag Labs/item_name

30-01-2025T16:48:46 - [TEST_STEP][PASSED] - itemPriceList = findWebElements(itemPrices, 10): Found web elements by test object Object Repository/Page_Swag Labs/item_price

30-01-2025T16:48:47 - [MESSAGE][PASSED] - Found web elements by test object Object Repository/Page_Swag Labs/item_price

30-01-2025T16:48:47 - [TEST_STEP][PASSED] - itemNames = findTestObject("Object Repository/Page_Swag Labs/item_name"): null

30-01-2025T16:48:47 - [TEST_STEP][PASSED] - itemNameList = findWebElements(itemNames, 10): Found web elements by test object Object Repository/Page_Swag Labs/item_name

30-01-2025T16:48:47 - [MESSAGE][PASSED] - Found web elements by test object Object Repository/Page_Swag Labs/item_name

30-01-2025T16:48:47 - [TEST_STEP][PASSED] - name = itemNameList[i].getText(): null

30-01-2025T16:48:47 - [TEST_STEP][PASSED] - itemPrices = findTestObject("Object Repository/Page_Swag Labs/item_price"): null

30-01-2025T16:48:47 - [TEST_STEP][PASSED] - itemPriceList = findWebElements(itemPrices, 10): Found web elements by test object Object Repository/Page_Swag Labs/item_price

30-01-2025T16:48:47 - [MESSAGE][PASSED] - Found web elements by test object Object Repository/Page_Swag Labs/item_price

30-01-2025T16:48:47 - [TEST_STEP][PASSED] - price = itemPriceList[i].getText(): null

30-01-2025T16:48:47 - [TEST_STEP][PASSED] - get(i).click(): null

30-01-2025T16:48:47 - [TEST_STEP][PASSED] - verifyElementText(findTestObject("Object Repository/Page_Swag Labs/icone_carrinho"), i + 1.toString()): Actual text and expected text of test object 'Object Repository/Page_Swag Labs/icone_carrinho' are matched.

30-01-2025T16:48:47 - [MESSAGE][PASSED] - Actual text and expected text of test object 'Object Repository/Page_Swag Labs/icone_carrinho' are matched.

30-01-2025T16:48:47 - [TEST_STEP][PASSED] - click(findTestObject("Object Repository/Page_Swag Labs/icone_carrinho")): Object: 'Object Repository/Page_Swag Labs/icone_carrinho' is clicked on

30-01-2025T16:48:48 - [MESSAGE][PASSED] - Object: 'Object Repository/Page_Swag Labs/icone_carrinho' is clicked on

30-01-2025T16:48:48 - [TEST_STEP][PASSED] - delay(1): Delayed 1 second(s)

30-01-2025T16:48:49 - [MESSAGE][PASSED] - Delayed 1 second(s)

30-01-2025T16:48:49 - [TEST_STEP][PASSED] - cartItemNames = findTestObject("Object Repository/Page_Swag Labs/cart_item_name"): null

30-01-2025T16:48:49 - [TEST_STEP][PASSED] - cartItemNameList = findWebElements(cartItemNames, 10): Found web elements by test object Object Repository/Page_Swag Labs/cart_item_name

30-01-2025T16:48:49 - [MESSAGE][PASSED] - Found web elements by test object Object Repository/Page_Swag Labs/cart_item_name

30-01-2025T16:48:49 - [TEST_STEP][PASSED] - verifyMatch(cartItemNameList[i].getText(), name, false): Actual text 'Sauce Labs Fleece Jacket' and expected text 'Sauce Labs Fleece Jacket' are matched 

30-01-2025T16:48:49 - [MESSAGE][PASSED] - Actual text 'Sauce Labs Fleece Jacket' and expected text 'Sauce Labs Fleece Jacket' are matched 

30-01-2025T16:48:49 - [TEST_STEP][PASSED] - cartItemPrices = findTestObject("Object Repository/Page_Swag Labs/cart_item_price"): null

30-01-2025T16:48:49 - [TEST_STEP][PASSED] - cartItemPriceList = findWebElements(cartItemPrices, 10): Found web elements by test object Object Repository/Page_Swag Labs/cart_item_price

30-01-2025T16:48:49 - [MESSAGE][PASSED] - Found web elements by test object Object Repository/Page_Swag Labs/cart_item_price

30-01-2025T16:48:49 - [TEST_STEP][PASSED] - verifyMatch(cartItemPriceList[i].getText(), price, false): Actual text '$49.99' and expected text '$49.99' are matched 

30-01-2025T16:48:49 - [MESSAGE][PASSED] - Actual text '$49.99' and expected text '$49.99' are matched 

30-01-2025T16:48:49 - [TEST_STEP][PASSED] - click(findTestObject("Object Repository/Page_Swag Labs/button_Continue Shopping")): Object: 'Object Repository/Page_Swag Labs/button_Continue Shopping' is clicked on

30-01-2025T16:48:50 - [MESSAGE][PASSED] - Object: 'Object Repository/Page_Swag Labs/button_Continue Shopping' is clicked on

30-01-2025T16:48:50 - [TEST_STEP][PASSED] - addToCartList = findWebElements(addToCart, 10): Found web elements by test object Object Repository/Page_Swag Labs/button_add_to_cart

30-01-2025T16:48:50 - [MESSAGE][PASSED] - Found web elements by test object Object Repository/Page_Swag Labs/button_add_to_cart

30-01-2025T16:48:50 - [TEST_STEP][PASSED] - itemNameList = findWebElements(itemNames, 10): Found web elements by test object Object Repository/Page_Swag Labs/item_name

30-01-2025T16:48:50 - [MESSAGE][PASSED] - Found web elements by test object Object Repository/Page_Swag Labs/item_name

30-01-2025T16:48:50 - [TEST_STEP][PASSED] - itemPriceList = findWebElements(itemPrices, 10): Found web elements by test object Object Repository/Page_Swag Labs/item_price

30-01-2025T16:48:50 - [MESSAGE][PASSED] - Found web elements by test object Object Repository/Page_Swag Labs/item_price

30-01-2025T16:48:50 - [TEST_STEP][PASSED] - itemNames = findTestObject("Object Repository/Page_Swag Labs/item_name"): null

30-01-2025T16:48:50 - [TEST_STEP][PASSED] - itemNameList = findWebElements(itemNames, 10): Found web elements by test object Object Repository/Page_Swag Labs/item_name

30-01-2025T16:48:51 - [MESSAGE][PASSED] - Found web elements by test object Object Repository/Page_Swag Labs/item_name

30-01-2025T16:48:51 - [TEST_STEP][PASSED] - name = itemNameList[i].getText(): null

30-01-2025T16:48:51 - [TEST_STEP][PASSED] - itemPrices = findTestObject("Object Repository/Page_Swag Labs/item_price"): null

30-01-2025T16:48:51 - [TEST_STEP][PASSED] - itemPriceList = findWebElements(itemPrices, 10): Found web elements by test object Object Repository/Page_Swag Labs/item_price

30-01-2025T16:48:51 - [MESSAGE][PASSED] - Found web elements by test object Object Repository/Page_Swag Labs/item_price

30-01-2025T16:48:51 - [TEST_STEP][PASSED] - price = itemPriceList[i].getText(): null

30-01-2025T16:48:51 - [TEST_STEP][PASSED] - get(i).click(): null

30-01-2025T16:48:51 - [TEST_STEP][PASSED] - verifyElementText(findTestObject("Object Repository/Page_Swag Labs/icone_carrinho"), i + 1.toString()): Actual text and expected text of test object 'Object Repository/Page_Swag Labs/icone_carrinho' are matched.

30-01-2025T16:48:51 - [MESSAGE][PASSED] - Actual text and expected text of test object 'Object Repository/Page_Swag Labs/icone_carrinho' are matched.

30-01-2025T16:48:51 - [TEST_STEP][PASSED] - click(findTestObject("Object Repository/Page_Swag Labs/icone_carrinho")): Object: 'Object Repository/Page_Swag Labs/icone_carrinho' is clicked on

30-01-2025T16:48:52 - [MESSAGE][PASSED] - Object: 'Object Repository/Page_Swag Labs/icone_carrinho' is clicked on

30-01-2025T16:48:52 - [TEST_STEP][PASSED] - delay(1): Delayed 1 second(s)

30-01-2025T16:48:53 - [MESSAGE][PASSED] - Delayed 1 second(s)

30-01-2025T16:48:53 - [TEST_STEP][PASSED] - cartItemNames = findTestObject("Object Repository/Page_Swag Labs/cart_item_name"): null

30-01-2025T16:48:53 - [TEST_STEP][PASSED] - cartItemNameList = findWebElements(cartItemNames, 10): Found web elements by test object Object Repository/Page_Swag Labs/cart_item_name

30-01-2025T16:48:53 - [MESSAGE][PASSED] - Found web elements by test object Object Repository/Page_Swag Labs/cart_item_name

30-01-2025T16:48:53 - [TEST_STEP][PASSED] - verifyMatch(cartItemNameList[i].getText(), name, false): Actual text 'Sauce Labs Onesie' and expected text 'Sauce Labs Onesie' are matched 

30-01-2025T16:48:53 - [MESSAGE][PASSED] - Actual text 'Sauce Labs Onesie' and expected text 'Sauce Labs Onesie' are matched 

30-01-2025T16:48:53 - [TEST_STEP][PASSED] - cartItemPrices = findTestObject("Object Repository/Page_Swag Labs/cart_item_price"): null

30-01-2025T16:48:53 - [TEST_STEP][PASSED] - cartItemPriceList = findWebElements(cartItemPrices, 10): Found web elements by test object Object Repository/Page_Swag Labs/cart_item_price

30-01-2025T16:48:53 - [MESSAGE][PASSED] - Found web elements by test object Object Repository/Page_Swag Labs/cart_item_price

30-01-2025T16:48:53 - [TEST_STEP][PASSED] - verifyMatch(cartItemPriceList[i].getText(), price, false): Actual text '$7.99' and expected text '$7.99' are matched 

30-01-2025T16:48:53 - [MESSAGE][PASSED] - Actual text '$7.99' and expected text '$7.99' are matched 

30-01-2025T16:48:53 - [TEST_STEP][PASSED] - click(findTestObject("Object Repository/Page_Swag Labs/button_Continue Shopping")): Object: 'Object Repository/Page_Swag Labs/button_Continue Shopping' is clicked on

30-01-2025T16:48:53 - [MESSAGE][PASSED] - Object: 'Object Repository/Page_Swag Labs/button_Continue Shopping' is clicked on

30-01-2025T16:48:53 - [TEST_STEP][PASSED] - addToCartList = findWebElements(addToCart, 10): Found web elements by test object Object Repository/Page_Swag Labs/button_add_to_cart

30-01-2025T16:48:54 - [MESSAGE][PASSED] - Found web elements by test object Object Repository/Page_Swag Labs/button_add_to_cart

30-01-2025T16:48:54 - [TEST_STEP][PASSED] - itemNameList = findWebElements(itemNames, 10): Found web elements by test object Object Repository/Page_Swag Labs/item_name

30-01-2025T16:48:54 - [MESSAGE][PASSED] - Found web elements by test object Object Repository/Page_Swag Labs/item_name

30-01-2025T16:48:54 - [TEST_STEP][PASSED] - itemPriceList = findWebElements(itemPrices, 10): Found web elements by test object Object Repository/Page_Swag Labs/item_price

30-01-2025T16:48:54 - [MESSAGE][PASSED] - Found web elements by test object Object Repository/Page_Swag Labs/item_price

30-01-2025T16:48:54 - [TEST_STEP][PASSED] - itemNames = findTestObject("Object Repository/Page_Swag Labs/item_name"): null

30-01-2025T16:48:54 - [TEST_STEP][PASSED] - itemNameList = findWebElements(itemNames, 10): Found web elements by test object Object Repository/Page_Swag Labs/item_name

30-01-2025T16:48:54 - [MESSAGE][PASSED] - Found web elements by test object Object Repository/Page_Swag Labs/item_name

30-01-2025T16:48:54 - [TEST_STEP][PASSED] - name = itemNameList[i].getText(): null

30-01-2025T16:48:54 - [TEST_STEP][PASSED] - itemPrices = findTestObject("Object Repository/Page_Swag Labs/item_price"): null

30-01-2025T16:48:54 - [TEST_STEP][PASSED] - itemPriceList = findWebElements(itemPrices, 10): Found web elements by test object Object Repository/Page_Swag Labs/item_price

30-01-2025T16:48:55 - [MESSAGE][PASSED] - Found web elements by test object Object Repository/Page_Swag Labs/item_price

30-01-2025T16:48:55 - [TEST_STEP][PASSED] - price = itemPriceList[i].getText(): null

30-01-2025T16:48:55 - [TEST_STEP][PASSED] - get(i).click(): null

30-01-2025T16:48:55 - [TEST_STEP][PASSED] - verifyElementText(findTestObject("Object Repository/Page_Swag Labs/icone_carrinho"), i + 1.toString()): Actual text and expected text of test object 'Object Repository/Page_Swag Labs/icone_carrinho' are matched.

30-01-2025T16:48:55 - [MESSAGE][PASSED] - Actual text and expected text of test object 'Object Repository/Page_Swag Labs/icone_carrinho' are matched.

30-01-2025T16:48:55 - [TEST_STEP][PASSED] - click(findTestObject("Object Repository/Page_Swag Labs/icone_carrinho")): Object: 'Object Repository/Page_Swag Labs/icone_carrinho' is clicked on

30-01-2025T16:48:55 - [MESSAGE][PASSED] - Object: 'Object Repository/Page_Swag Labs/icone_carrinho' is clicked on

30-01-2025T16:48:55 - [TEST_STEP][PASSED] - delay(1): Delayed 1 second(s)

30-01-2025T16:48:56 - [MESSAGE][PASSED] - Delayed 1 second(s)

30-01-2025T16:48:56 - [TEST_STEP][PASSED] - cartItemNames = findTestObject("Object Repository/Page_Swag Labs/cart_item_name"): null

30-01-2025T16:48:56 - [TEST_STEP][PASSED] - cartItemNameList = findWebElements(cartItemNames, 10): Found web elements by test object Object Repository/Page_Swag Labs/cart_item_name

30-01-2025T16:48:57 - [MESSAGE][PASSED] - Found web elements by test object Object Repository/Page_Swag Labs/cart_item_name

30-01-2025T16:48:57 - [TEST_STEP][PASSED] - verifyMatch(cartItemNameList[i].getText(), name, false): Actual text 'Test.allTheThings() T-Shirt (Red)' and expected text 'Test.allTheThings() T-Shirt (Red)' are matched 

30-01-2025T16:48:57 - [MESSAGE][PASSED] - Actual text 'Test.allTheThings() T-Shirt (Red)' and expected text 'Test.allTheThings() T-Shirt (Red)' are matched 

30-01-2025T16:48:57 - [TEST_STEP][PASSED] - cartItemPrices = findTestObject("Object Repository/Page_Swag Labs/cart_item_price"): null

30-01-2025T16:48:57 - [TEST_STEP][PASSED] - cartItemPriceList = findWebElements(cartItemPrices, 10): Found web elements by test object Object Repository/Page_Swag Labs/cart_item_price

30-01-2025T16:48:57 - [MESSAGE][PASSED] - Found web elements by test object Object Repository/Page_Swag Labs/cart_item_price

30-01-2025T16:48:57 - [TEST_STEP][PASSED] - verifyMatch(cartItemPriceList[i].getText(), price, false): Actual text '$15.99' and expected text '$15.99' are matched 

30-01-2025T16:48:57 - [MESSAGE][PASSED] - Actual text '$15.99' and expected text '$15.99' are matched 

30-01-2025T16:48:57 - [TEST_STEP][PASSED] - click(findTestObject("Object Repository/Page_Swag Labs/button_Continue Shopping")): Object: 'Object Repository/Page_Swag Labs/button_Continue Shopping' is clicked on

30-01-2025T16:48:57 - [MESSAGE][PASSED] - Object: 'Object Repository/Page_Swag Labs/button_Continue Shopping' is clicked on

30-01-2025T16:48:57 - [TEST_STEP][PASSED] - addToCartList = findWebElements(addToCart, 10): Found web elements by test object Object Repository/Page_Swag Labs/button_add_to_cart

30-01-2025T16:48:58 - [MESSAGE][PASSED] - Found web elements by test object Object Repository/Page_Swag Labs/button_add_to_cart

30-01-2025T16:48:58 - [TEST_STEP][PASSED] - itemNameList = findWebElements(itemNames, 10): Found web elements by test object Object Repository/Page_Swag Labs/item_name

30-01-2025T16:48:58 - [MESSAGE][PASSED] - Found web elements by test object Object Repository/Page_Swag Labs/item_name

30-01-2025T16:48:58 - [TEST_STEP][PASSED] - itemPriceList = findWebElements(itemPrices, 10): Found web elements by test object Object Repository/Page_Swag Labs/item_price

30-01-2025T16:48:58 - [MESSAGE][PASSED] - Found web elements by test object Object Repository/Page_Swag Labs/item_price

30-01-2025T16:48:58 - [MESSAGE][PASSED] - Call Test Case 'Test Cases/Askblue_Training/Add_to_Cart/Add_to_Cart_Todos' successfully

30-01-2025T16:48:58 - [TEST_STEP][PASSED] - click(findTestObject("Page_Swag Labs/icone_carrinho")): Object: 'Object Repository/Page_Swag Labs/icone_carrinho' is clicked on

30-01-2025T16:48:58 - [MESSAGE][PASSED] - Object: 'Object Repository/Page_Swag Labs/icone_carrinho' is clicked on

30-01-2025T16:48:58 - [TEST_STEP][PASSED] - cartItemNames = findTestObject("Object Repository/Page_Swag Labs/cart_item_name"): null

30-01-2025T16:48:58 - [TEST_STEP][PASSED] - cartItemNameList = findWebElements(cartItemNames, 10): Found web elements by test object Object Repository/Page_Swag Labs/cart_item_name

30-01-2025T16:48:59 - [MESSAGE][PASSED] - Found web elements by test object Object Repository/Page_Swag Labs/cart_item_name

30-01-2025T16:48:59 - [TEST_STEP][PASSED] - cartItemPrices = findTestObject("Object Repository/Page_Swag Labs/cart_item_price"): null

30-01-2025T16:48:59 - [TEST_STEP][PASSED] - cartItemPriceList = findWebElements(cartItemPrices, 10): Found web elements by test object Object Repository/Page_Swag Labs/cart_item_price

30-01-2025T16:48:59 - [MESSAGE][PASSED] - Found web elements by test object Object Repository/Page_Swag Labs/cart_item_price

30-01-2025T16:48:59 - [TEST_STEP][PASSED] - delay(2): Delayed 2 second(s)

30-01-2025T16:49:01 - [MESSAGE][PASSED] - Delayed 2 second(s)

30-01-2025T16:49:01 - [TEST_STEP][PASSED] - click(findTestObject("Object Repository/Page_Swag Labs/button_Checkout")): Object: 'Object Repository/Page_Swag Labs/button_Checkout' is clicked on

30-01-2025T16:49:01 - [MESSAGE][PASSED] - Object: 'Object Repository/Page_Swag Labs/button_Checkout' is clicked on

30-01-2025T16:49:01 - [TEST_STEP][PASSED] - setText(findTestObject("Object Repository/Page_Swag Labs/input_Checkout Your Information_firstName"), "João"): Text 'João' is set on object 'Object Repository/Page_Swag Labs/input_Checkout Your Information_firstName'

30-01-2025T16:49:02 - [MESSAGE][PASSED] - Text 'João' is set on object 'Object Repository/Page_Swag Labs/input_Checkout Your Information_firstName'

30-01-2025T16:49:02 - [TEST_STEP][PASSED] - setText(findTestObject("Object Repository/Page_Swag Labs/input_Checkout Your Information_lastName"), "Silva"): Text 'Silva' is set on object 'Object Repository/Page_Swag Labs/input_Checkout Your Information_lastName'

30-01-2025T16:49:02 - [MESSAGE][PASSED] - Text 'Silva' is set on object 'Object Repository/Page_Swag Labs/input_Checkout Your Information_lastName'

30-01-2025T16:49:02 - [TEST_STEP][PASSED] - setText(findTestObject("Object Repository/Page_Swag Labs/input_Checkout Your Information_postalCode"), "1000-001"): Text '1000-001' is set on object 'Object Repository/Page_Swag Labs/input_Checkout Your Information_postalCode'

30-01-2025T16:49:03 - [MESSAGE][PASSED] - Text '1000-001' is set on object 'Object Repository/Page_Swag Labs/input_Checkout Your Information_postalCode'

30-01-2025T16:49:03 - [TEST_STEP][PASSED] - click(findTestObject("Object Repository/Page_Swag Labs/input_Cancel_continue")): Object: 'Object Repository/Page_Swag Labs/input_Cancel_continue' is clicked on

30-01-2025T16:49:04 - [MESSAGE][PASSED] - Object: 'Object Repository/Page_Swag Labs/input_Cancel_continue' is clicked on

30-01-2025T16:49:04 - [TEST_STEP][PASSED] - checkoutItemNameList = findWebElements(findTestObject("Object Repository/Page_Swag Labs/checkout_item_price"), 10): Found web elements by test object Object Repository/Page_Swag Labs/checkout_item_price

30-01-2025T16:49:04 - [MESSAGE][PASSED] - Found web elements by test object Object Repository/Page_Swag Labs/checkout_item_price

30-01-2025T16:49:04 - [TEST_STEP][PASSED] - checkoutItemPriceList = findWebElements(findTestObject("Object Repository/Page_Swag Labs/checkout_item_price"), 10): Found web elements by test object Object Repository/Page_Swag Labs/checkout_item_price

30-01-2025T16:49:04 - [MESSAGE][PASSED] - Found web elements by test object Object Repository/Page_Swag Labs/checkout_item_price

30-01-2025T16:49:04 - [TEST_STEP][PASSED] - totalitemPrice = 0.00: null

30-01-2025T16:49:04 - [TEST_STEP][PASSED] - for ([i = 0, i < checkoutItemNameList.size(), (i++)]): null

30-01-2025T16:49:04 - [TEST_STEP][PASSED] - itemPrice = Double.parseDouble(getText().replaceAll("[^0-9.]", "")): null

30-01-2025T16:49:04 - [TEST_STEP][PASSED] - totalitemPrice += itemPrice: null

30-01-2025T16:49:04 - [TEST_STEP][PASSED] - itemPrice = Double.parseDouble(getText().replaceAll("[^0-9.]", "")): null

30-01-2025T16:49:04 - [TEST_STEP][PASSED] - totalitemPrice += itemPrice: null

30-01-2025T16:49:04 - [TEST_STEP][PASSED] - itemPrice = Double.parseDouble(getText().replaceAll("[^0-9.]", "")): null

30-01-2025T16:49:04 - [TEST_STEP][PASSED] - totalitemPrice += itemPrice: null

30-01-2025T16:49:04 - [TEST_STEP][PASSED] - itemPrice = Double.parseDouble(getText().replaceAll("[^0-9.]", "")): null

30-01-2025T16:49:04 - [TEST_STEP][PASSED] - totalitemPrice += itemPrice: null

30-01-2025T16:49:04 - [TEST_STEP][PASSED] - itemPrice = Double.parseDouble(getText().replaceAll("[^0-9.]", "")): null

30-01-2025T16:49:04 - [TEST_STEP][PASSED] - totalitemPrice += itemPrice: null

30-01-2025T16:49:04 - [TEST_STEP][PASSED] - itemPrice = Double.parseDouble(getText().replaceAll("[^0-9.]", "")): null

30-01-2025T16:49:04 - [TEST_STEP][PASSED] - totalitemPrice += itemPrice: null

30-01-2025T16:49:04 - [TEST_STEP][PASSED] - expectedTotalItemPriceText = "Item total: $" + String.format(US, "%.2f", totalitemPrice): null

30-01-2025T16:49:05 - [TEST_STEP][PASSED] - verifyElementText(findTestObject("Object Repository/Page_Swag Labs/summary_item_total"), expectedTotalItemPriceText): Actual text and expected text of test object 'Object Repository/Page_Swag Labs/summary_item_total' are matched.

30-01-2025T16:49:05 - [MESSAGE][PASSED] - Actual text and expected text of test object 'Object Repository/Page_Swag Labs/summary_item_total' are matched.

30-01-2025T16:49:05 - [TEST_STEP][PASSED] - taxRate = tax: null

30-01-2025T16:49:05 - [TEST_STEP][PASSED] - expectedTax = Math.round(totalitemPrice * taxRate * 100.0) / 100.0: null

30-01-2025T16:49:05 - [TEST_STEP][PASSED] - expectedTaxText = "Tax: $" + String.format(US, "%.2f", expectedTax): null

30-01-2025T16:49:05 - [TEST_STEP][PASSED] - verifyElementText(findTestObject("Object Repository/Page_Swag Labs/summary_tax_total"), expectedTaxText): Actual text and expected text of test object 'Object Repository/Page_Swag Labs/summary_tax_total' are matched.

30-01-2025T16:49:05 - [MESSAGE][PASSED] - Actual text and expected text of test object 'Object Repository/Page_Swag Labs/summary_tax_total' are matched.

30-01-2025T16:49:05 - [TEST_STEP][PASSED] - expectedFinalTotal = totalitemPrice + expectedTax: null

30-01-2025T16:49:05 - [TEST_STEP][PASSED] - expectedTotalText = "Total: $" + String.format(US, "%.2f", expectedFinalTotal): null

30-01-2025T16:49:05 - [TEST_STEP][PASSED] - verifyElementText(findTestObject("Object Repository/Page_Swag Labs/summary_total"), expectedTotalText): Actual text and expected text of test object 'Object Repository/Page_Swag Labs/summary_total' are matched.

30-01-2025T16:49:05 - [MESSAGE][PASSED] - Actual text and expected text of test object 'Object Repository/Page_Swag Labs/summary_total' are matched.

30-01-2025T16:49:05 - [TEST_STEP][PASSED] - click(findTestObject("Object Repository/Page_Swag Labs/button_Finish")): Object: 'Object Repository/Page_Swag Labs/button_Finish' is clicked on

30-01-2025T16:49:06 - [MESSAGE][PASSED] - Object: 'Object Repository/Page_Swag Labs/button_Finish' is clicked on

30-01-2025T16:49:06 - [TEST_STEP][PASSED] - verifyElementText(findTestObject("Object Repository/Page_Swag Labs/h2_Thank you for your order"), "Thank you for your order!"): Actual text and expected text of test object 'Object Repository/Page_Swag Labs/h2_Thank you for your order' are matched.

30-01-2025T16:49:06 - [MESSAGE][PASSED] - Actual text and expected text of test object 'Object Repository/Page_Swag Labs/h2_Thank you for your order' are matched.

30-01-2025T16:49:06 - [TEST_STEP][PASSED] - click(findTestObject("Object Repository/Page_Swag Labs/button_Back Home")): Object: 'Object Repository/Page_Swag Labs/button_Back Home' is clicked on

30-01-2025T16:49:06 - [MESSAGE][PASSED] - Object: 'Object Repository/Page_Swag Labs/button_Back Home' is clicked on

30-01-2025T16:49:06 - [TEST_STEP][PASSED] - verifyElementText(findTestObject("Object Repository/Page_Swag Labs/div_Swag Labs"), "Swag Labs"): Actual text and expected text of test object 'Object Repository/Page_Swag Labs/div_Swag Labs' are matched.

30-01-2025T16:49:07 - [MESSAGE][PASSED] - Actual text and expected text of test object 'Object Repository/Page_Swag Labs/div_Swag Labs' are matched.

30-01-2025T16:49:07 - [TEST_STEP][PASSED] - closeBrowser(): Browser is closed

30-01-2025T16:49:07 - [MESSAGE][PASSED] - Browser is closed]]></system-out>
         <system-err><![CDATA[]]></system-err>
      </testcase>
      <system-out><![CDATA[30-01-2025T16:43:41 - [TEST_SUITE][FAILED] - Test_Suite_Askblue_Training: Test Cases/Askblue_Training/Add_to_Cart/Add_to_Cart_Todos_Record FAILED.
Reason:
com.kms.katalon.core.exception.StepFailedException: Unable to click on object 'Object Repository/Page_Swag Labs/button_Add to cart_2'
	at com.kms.katalon.core.webui.keyword.internal.WebUIKeywordMain.stepFailed(WebUIKeywordMain.groovy:64)
	at com.kms.katalon.core.webui.keyword.internal.WebUIKeywordMain.runKeyword(WebUIKeywordMain.groovy:26)
	at com.kms.katalon.core.webui.keyword.builtin.ClickKeyword.click(ClickKeyword.groovy:74)
	at com.kms.katalon.core.webui.keyword.builtin.ClickKeyword.execute(ClickKeyword.groovy:40)
	at com.kms.katalon.core.keyword.internal.KeywordExecutor.executeKeywordForPlatform(KeywordExecutor.groovy:74)
	at com.kms.katalon.core.webui.keyword.WebUiBuiltInKeywords.click(WebUiBuiltInKeywords.groovy:659)
	at Add_to_Cart_Todos_Record.run(Add_to_Cart_Todos_Record:30)
	at com.kms.katalon.core.main.ScriptEngine.run(ScriptEngine.java:194)
	at com.kms.katalon.core.main.ScriptEngine.runScriptAsRawText(ScriptEngine.java:119)
	at com.kms.katalon.core.main.TestCaseExecutor.runScript(TestCaseExecutor.java:448)
	at com.kms.katalon.core.main.TestCaseExecutor.doExecute(TestCaseExecutor.java:439)
	at com.kms.katalon.core.main.TestCaseExecutor.processExecutionPhase(TestCaseExecutor.java:418)
	at com.kms.katalon.core.main.TestCaseExecutor.accessMainPhase(TestCaseExecutor.java:410)
	at com.kms.katalon.core.main.TestCaseExecutor.execute(TestCaseExecutor.java:285)
	at com.kms.katalon.core.common.CommonExecutor.accessTestCaseMainPhase(CommonExecutor.java:65)
	at com.kms.katalon.core.main.TestSuiteExecutor.accessTestSuiteMainPhase(TestSuiteExecutor.java:148)
	at com.kms.katalon.core.main.TestSuiteExecutor.execute(TestSuiteExecutor.java:106)
	at com.kms.katalon.core.main.TestCaseMain.startTestSuite(TestCaseMain.java:180)
	at TempTestSuite1738255418588.run(TempTestSuite1738255418588.groovy:36)
	at java.base/jdk.internal.reflect.NativeMethodAccessorImpl.invoke0(Native Method)
	at java.base/jdk.internal.reflect.NativeMethodAccessorImpl.invoke(NativeMethodAccessorImpl.java:77)
	at java.base/jdk.internal.reflect.DelegatingMethodAccessorImpl.invoke(DelegatingMethodAccessorImpl.java:43)
Caused by: com.kms.katalon.core.webui.exception.WebElementNotFoundException: Web element with id: 'Object Repository/Page_Swag Labs/button_Add to cart_2' located by '//button[@id='add-to-cart-sauce-labs-bolt-t-shirt']' not found
	at com.kms.katalon.core.webui.common.WebUiCommonHelper.findWebElement(WebUiCommonHelper.java:1379)
	at com.kms.katalon.core.webui.keyword.internal.WebUIAbstractKeyword.findWebElement(WebUIAbstractKeyword.groovy:27)
	at com.kms.katalon.core.webui.keyword.builtin.ClickKeyword$_click_closure1.doCall(ClickKeyword.groovy:65)
	at com.kms.katalon.core.webui.keyword.builtin.ClickKeyword$_click_closure1.call(ClickKeyword.groovy)
	at com.kms.katalon.core.webui.keyword.internal.WebUIKeywordMain.runKeyword(WebUIKeywordMain.groovy:20)
	... 20 more]]></system-out>
      <system-err><![CDATA[30-01-2025T16:43:41 - [TEST_SUITE][FAILED] - Test_Suite_Askblue_Training: Test Cases/Askblue_Training/Add_to_Cart/Add_to_Cart_Todos_Record FAILED.
Reason:
com.kms.katalon.core.exception.StepFailedException: Unable to click on object 'Object Repository/Page_Swag Labs/button_Add to cart_2'
	at com.kms.katalon.core.webui.keyword.internal.WebUIKeywordMain.stepFailed(WebUIKeywordMain.groovy:64)
	at com.kms.katalon.core.webui.keyword.internal.WebUIKeywordMain.runKeyword(WebUIKeywordMain.groovy:26)
	at com.kms.katalon.core.webui.keyword.builtin.ClickKeyword.click(ClickKeyword.groovy:74)
	at com.kms.katalon.core.webui.keyword.builtin.ClickKeyword.execute(ClickKeyword.groovy:40)
	at com.kms.katalon.core.keyword.internal.KeywordExecutor.executeKeywordForPlatform(KeywordExecutor.groovy:74)
	at com.kms.katalon.core.webui.keyword.WebUiBuiltInKeywords.click(WebUiBuiltInKeywords.groovy:659)
	at Add_to_Cart_Todos_Record.run(Add_to_Cart_Todos_Record:30)
	at com.kms.katalon.core.main.ScriptEngine.run(ScriptEngine.java:194)
	at com.kms.katalon.core.main.ScriptEngine.runScriptAsRawText(ScriptEngine.java:119)
	at com.kms.katalon.core.main.TestCaseExecutor.runScript(TestCaseExecutor.java:448)
	at com.kms.katalon.core.main.TestCaseExecutor.doExecute(TestCaseExecutor.java:439)
	at com.kms.katalon.core.main.TestCaseExecutor.processExecutionPhase(TestCaseExecutor.java:418)
	at com.kms.katalon.core.main.TestCaseExecutor.accessMainPhase(TestCaseExecutor.java:410)
	at com.kms.katalon.core.main.TestCaseExecutor.execute(TestCaseExecutor.java:285)
	at com.kms.katalon.core.common.CommonExecutor.accessTestCaseMainPhase(CommonExecutor.java:65)
	at com.kms.katalon.core.main.TestSuiteExecutor.accessTestSuiteMainPhase(TestSuiteExecutor.java:148)
	at com.kms.katalon.core.main.TestSuiteExecutor.execute(TestSuiteExecutor.java:106)
	at com.kms.katalon.core.main.TestCaseMain.startTestSuite(TestCaseMain.java:180)
	at TempTestSuite1738255418588.run(TempTestSuite1738255418588.groovy:36)
	at java.base/jdk.internal.reflect.NativeMethodAccessorImpl.invoke0(Native Method)
	at java.base/jdk.internal.reflect.NativeMethodAccessorImpl.invoke(NativeMethodAccessorImpl.java:77)
	at java.base/jdk.internal.reflect.DelegatingMethodAccessorImpl.invoke(DelegatingMethodAccessorImpl.java:43)
Caused by: com.kms.katalon.core.webui.exception.WebElementNotFoundException: Web element with id: 'Object Repository/Page_Swag Labs/button_Add to cart_2' located by '//button[@id='add-to-cart-sauce-labs-bolt-t-shirt']' not found
	at com.kms.katalon.core.webui.common.WebUiCommonHelper.findWebElement(WebUiCommonHelper.java:1379)
	at com.kms.katalon.core.webui.keyword.internal.WebUIAbstractKeyword.findWebElement(WebUIAbstractKeyword.groovy:27)
	at com.kms.katalon.core.webui.keyword.builtin.ClickKeyword$_click_closure1.doCall(ClickKeyword.groovy:65)
	at com.kms.katalon.core.webui.keyword.builtin.ClickKeyword$_click_closure1.call(ClickKeyword.groovy)
	at com.kms.katalon.core.webui.keyword.internal.WebUIKeywordMain.runKeyword(WebUIKeywordMain.groovy:20)
	... 20 more]]></system-err>
   </testsuite>
</testsuites>
