<?xml version="1.0" encoding="UTF-8"?>
<testsuites name="Test_Suite_Askblue_Training" time="305.671" tests="19" failures="0" errors="0">
   <testsuite name="Test_Suite_Askblue_Training" tests="19" failures="0" errors="0" time="305.671" skipped="0" timestamp="30-01-2025T17:45:59" hostname="Pedro Carreira - ABN0312.lan" id="Test Suites/Askblue_training/Test_Suite_Askblue_Training">
      <properties>
         <property name="deviceName" value=""/>
         <property name="devicePlatform" value=""/>
         <property name="logFolder" value="C:\\Users\\Pedro Carreira\\PMCAutomationpub\\Reports\\20250130_174555\\Askblue_training\\Test_Suite_Askblue_Training\\20250130_174556"/>
         <property name="logFiles" value="C:\\Users\\Pedro Carreira\\PMCAutomationpub\\Reports\\20250130_174555\\Askblue_training\\Test_Suite_Askblue_Training\\20250130_174556\\execution0.log"/>
         <property name="attachments" value=""/>
         <property name="hostName" value="Pedro Carreira - ABN0312.lan"/>
         <property name="os" value="Windows 10 64bit"/>
         <property name="katalonVersion" value="9.3.0.212"/>
         <property name="browser" value="Chrome 132.0.0.0"/>
         <property name="hostAddress" value="192.168.1.215"/>
         <property name="sessionId" value="204040699c375d9d2e0c0c2470b204b4"/>
         <property name="seleniumVersion" value="3.141.59"/>
         <property name="proxyInformation" value="ProxyInformation { proxyOption=NO_PROXY, proxyServerType=HTTP, username=, password=********, proxyServerAddress=, proxyServerPort=0, executionList=&quot;&quot;, isApplyToDesiredCapabilities=true }"/>
         <property name="platform" value="Windows 10"/>
      </properties>
      <testcase name="Test Cases/Askblue_Training/Login_Logout/Login_Negativo_PassIncorreta" time="34.391" classname="Test Cases/Askblue_Training/Login_Logout/Login_Negativo_PassIncorreta" status="PASSED">
         <system-out><![CDATA[30-01-2025T17:45:59 - [TEST_CASE][PASSED] - Test Cases/Askblue_Training/Login_Logout/Login_Negativo_PassIncorreta: Test Cases/Askblue_Training/Login_Logout/Login_Negativo_PassIncorreta

30-01-2025T17:45:59 - [TEST_STEP][PASSED] - openBrowser(""): Browser is opened with url: ''

30-01-2025T17:46:00 - [MESSAGE][INFO] - Starting 'Chrome' driver

30-01-2025T17:46:00 - [MESSAGE][INFO] - Action delay is set to 0 milliseconds

30-01-2025T17:46:01 - [MESSAGE][PASSED] - Browser is opened with url: ''

30-01-2025T17:46:01 - [TEST_STEP][PASSED] - navigateToUrl("https://www.saucedemo.com/"): Navigate to 'https://www.saucedemo.com/' successfully

30-01-2025T17:46:01 - [MESSAGE][PASSED] - Navigate to 'https://www.saucedemo.com/' successfully

30-01-2025T17:46:01 - [TEST_STEP][PASSED] - setText(findTestObject("Object Repository/Page_Swag Labs/input_Swag Labs_user-name"), username): Text 'standard_user' is set on object 'Object Repository/Page_Swag Labs/input_Swag Labs_user-name'

30-01-2025T17:46:02 - [MESSAGE][PASSED] - Text 'standard_user' is set on object 'Object Repository/Page_Swag Labs/input_Swag Labs_user-name'

30-01-2025T17:46:02 - [TEST_STEP][PASSED] - setText(findTestObject("Object Repository/Page_Swag Labs/input_Swag Labs_password"), "C^.Yx%)p6)yty=bywXlc5!rt&"): Text 'C^.Yx%)p6)yty=bywXlc5!rt&' is set on object 'Object Repository/Page_Swag Labs/input_Swag Labs_password'

30-01-2025T17:46:03 - [MESSAGE][PASSED] - Text 'C^.Yx%)p6)yty=bywXlc5!rt&' is set on object 'Object Repository/Page_Swag Labs/input_Swag Labs_password'

30-01-2025T17:46:03 - [TEST_STEP][PASSED] - click(findTestObject("Object Repository/Page_Swag Labs/input_Swag Labs_login-button")): Object: 'Object Repository/Page_Swag Labs/input_Swag Labs_login-button' is clicked on

30-01-2025T17:46:03 - [MESSAGE][PASSED] - Object: 'Object Repository/Page_Swag Labs/input_Swag Labs_login-button' is clicked on

30-01-2025T17:46:03 - [TEST_STEP][PASSED] - verifyElementText(findTestObject("Object Repository/Page_Swag Labs/div_Epic sadface Username and password do n_e703ed"), "Epic sadface: Username and password do not match any user in this service"): Actual text and expected text of test object 'Object Repository/Page_Swag Labs/div_Epic sadface Username and password do n_e703ed' are matched.

30-01-2025T17:46:33 - [MESSAGE][PASSED] - Actual text and expected text of test object 'Object Repository/Page_Swag Labs/div_Epic sadface Username and password do n_e703ed' are matched.

30-01-2025T17:46:33 - [TEST_STEP][PASSED] - closeBrowser(): Browser is closed

30-01-2025T17:46:34 - [MESSAGE][PASSED] - Browser is closed]]></system-out>
         <system-err><![CDATA[]]></system-err>
      </testcase>
      <testcase name="Test Cases/Askblue_Training/Login_Logout/Login_Negativo_PassVazia" time="3.042" classname="Test Cases/Askblue_Training/Login_Logout/Login_Negativo_PassVazia" status="PASSED">
         <system-out><![CDATA[30-01-2025T17:46:34 - [TEST_CASE][PASSED] - Test Cases/Askblue_Training/Login_Logout/Login_Negativo_PassVazia: Test Cases/Askblue_Training/Login_Logout/Login_Negativo_PassVazia

30-01-2025T17:46:34 - [TEST_STEP][PASSED] - openBrowser(""): Browser is opened with url: ''

30-01-2025T17:46:34 - [MESSAGE][INFO] - Starting 'Chrome' driver

30-01-2025T17:46:34 - [MESSAGE][INFO] - Action delay is set to 0 milliseconds

30-01-2025T17:46:34 - [MESSAGE][PASSED] - Browser is opened with url: ''

30-01-2025T17:46:34 - [TEST_STEP][PASSED] - navigateToUrl("https://www.saucedemo.com/"): Navigate to 'https://www.saucedemo.com/' successfully

30-01-2025T17:46:35 - [MESSAGE][PASSED] - Navigate to 'https://www.saucedemo.com/' successfully

30-01-2025T17:46:35 - [TEST_STEP][PASSED] - setText(findTestObject("Object Repository/Page_Swag Labs/input_Swag Labs_user-name"), username): Text 'standard_user' is set on object 'Object Repository/Page_Swag Labs/input_Swag Labs_user-name'

30-01-2025T17:46:36 - [MESSAGE][PASSED] - Text 'standard_user' is set on object 'Object Repository/Page_Swag Labs/input_Swag Labs_user-name'

30-01-2025T17:46:36 - [TEST_STEP][PASSED] - click(findTestObject("Object Repository/Page_Swag Labs/input_Swag Labs_login-button")): Object: 'Object Repository/Page_Swag Labs/input_Swag Labs_login-button' is clicked on

30-01-2025T17:46:36 - [MESSAGE][PASSED] - Object: 'Object Repository/Page_Swag Labs/input_Swag Labs_login-button' is clicked on

30-01-2025T17:46:36 - [TEST_STEP][PASSED] - verifyElementText(findTestObject("Object Repository/Page_Swag Labs/div_Epic sadface Password is required"), "Epic sadface: Password is required"): Actual text and expected text of test object 'Object Repository/Page_Swag Labs/div_Epic sadface Password is required' are matched.

30-01-2025T17:46:36 - [MESSAGE][PASSED] - Actual text and expected text of test object 'Object Repository/Page_Swag Labs/div_Epic sadface Password is required' are matched.

30-01-2025T17:46:36 - [TEST_STEP][PASSED] - closeBrowser(): Browser is closed

30-01-2025T17:46:37 - [MESSAGE][PASSED] - Browser is closed]]></system-out>
         <system-err><![CDATA[]]></system-err>
      </testcase>
      <testcase name="Test Cases/Askblue_Training/Login_Logout/Login_Negativo_UserBloqueado" time="33.41" classname="Test Cases/Askblue_Training/Login_Logout/Login_Negativo_UserBloqueado" status="PASSED">
         <system-out><![CDATA[30-01-2025T17:46:37 - [TEST_CASE][PASSED] - Test Cases/Askblue_Training/Login_Logout/Login_Negativo_UserBloqueado: Test Cases/Askblue_Training/Login_Logout/Login_Negativo_UserBloqueado

30-01-2025T17:46:37 - [TEST_STEP][PASSED] - openBrowser(""): Browser is opened with url: ''

30-01-2025T17:46:37 - [MESSAGE][INFO] - Starting 'Chrome' driver

30-01-2025T17:46:37 - [MESSAGE][INFO] - Action delay is set to 0 milliseconds

30-01-2025T17:46:37 - [MESSAGE][PASSED] - Browser is opened with url: ''

30-01-2025T17:46:37 - [TEST_STEP][PASSED] - navigateToUrl("https://www.saucedemo.com/"): Navigate to 'https://www.saucedemo.com/' successfully

30-01-2025T17:46:38 - [MESSAGE][PASSED] - Navigate to 'https://www.saucedemo.com/' successfully

30-01-2025T17:46:38 - [TEST_STEP][PASSED] - setText(findTestObject("Object Repository/Page_Swag Labs/input_Swag Labs_user-name"), username): Text 'locked_out_user' is set on object 'Object Repository/Page_Swag Labs/input_Swag Labs_user-name'

30-01-2025T17:46:39 - [MESSAGE][PASSED] - Text 'locked_out_user' is set on object 'Object Repository/Page_Swag Labs/input_Swag Labs_user-name'

30-01-2025T17:46:39 - [TEST_STEP][PASSED] - setText(findTestObject("Object Repository/Page_Swag Labs/input_Swag Labs_password"), password): Text 'secret_sauce' is set on object 'Object Repository/Page_Swag Labs/input_Swag Labs_password'

30-01-2025T17:46:40 - [MESSAGE][PASSED] - Text 'secret_sauce' is set on object 'Object Repository/Page_Swag Labs/input_Swag Labs_password'

30-01-2025T17:46:40 - [TEST_STEP][PASSED] - click(findTestObject("Object Repository/Page_Swag Labs/input_Swag Labs_login-button")): Object: 'Object Repository/Page_Swag Labs/input_Swag Labs_login-button' is clicked on

30-01-2025T17:46:40 - [MESSAGE][PASSED] - Object: 'Object Repository/Page_Swag Labs/input_Swag Labs_login-button' is clicked on

30-01-2025T17:46:40 - [TEST_STEP][PASSED] - verifyElementText(findTestObject("Object Repository/Page_Swag Labs/div_Epic sadface Sorry, this user has been _e43fcb"), "Epic sadface: Sorry, this user has been locked out."): Actual text and expected text of test object 'Object Repository/Page_Swag Labs/div_Epic sadface Sorry, this user has been _e43fcb' are matched.

30-01-2025T17:47:10 - [MESSAGE][PASSED] - Actual text and expected text of test object 'Object Repository/Page_Swag Labs/div_Epic sadface Sorry, this user has been _e43fcb' are matched.

30-01-2025T17:47:10 - [TEST_STEP][PASSED] - closeBrowser(): Browser is closed

30-01-2025T17:47:10 - [MESSAGE][PASSED] - Browser is closed]]></system-out>
         <system-err><![CDATA[]]></system-err>
      </testcase>
      <testcase name="Test Cases/Askblue_Training/Login_Logout/Login_Negativo_UserPassVazio" time="2.205" classname="Test Cases/Askblue_Training/Login_Logout/Login_Negativo_UserPassVazio" status="PASSED">
         <system-out><![CDATA[30-01-2025T17:47:10 - [TEST_CASE][PASSED] - Test Cases/Askblue_Training/Login_Logout/Login_Negativo_UserPassVazio: Test Cases/Askblue_Training/Login_Logout/Login_Negativo_UserPassVazio

30-01-2025T17:47:10 - [TEST_STEP][PASSED] - openBrowser(""): Browser is opened with url: ''

30-01-2025T17:47:10 - [MESSAGE][INFO] - Starting 'Chrome' driver

30-01-2025T17:47:10 - [MESSAGE][INFO] - Action delay is set to 0 milliseconds

30-01-2025T17:47:11 - [MESSAGE][PASSED] - Browser is opened with url: ''

30-01-2025T17:47:11 - [TEST_STEP][PASSED] - navigateToUrl("https://www.saucedemo.com/"): Navigate to 'https://www.saucedemo.com/' successfully

30-01-2025T17:47:11 - [MESSAGE][PASSED] - Navigate to 'https://www.saucedemo.com/' successfully

30-01-2025T17:47:11 - [TEST_STEP][PASSED] - click(findTestObject("Object Repository/Page_Swag Labs/input_Swag Labs_login-button")): Object: 'Object Repository/Page_Swag Labs/input_Swag Labs_login-button' is clicked on

30-01-2025T17:47:12 - [MESSAGE][PASSED] - Object: 'Object Repository/Page_Swag Labs/input_Swag Labs_login-button' is clicked on

30-01-2025T17:47:12 - [TEST_STEP][PASSED] - verifyElementText(findTestObject("Object Repository/Page_Swag Labs/div_Epic sadface Username is required"), "Epic sadface: Username is required"): Actual text and expected text of test object 'Object Repository/Page_Swag Labs/div_Epic sadface Username is required' are matched.

30-01-2025T17:47:12 - [MESSAGE][PASSED] - Actual text and expected text of test object 'Object Repository/Page_Swag Labs/div_Epic sadface Username is required' are matched.

30-01-2025T17:47:12 - [TEST_STEP][PASSED] - closeBrowser(): Browser is closed

30-01-2025T17:47:12 - [MESSAGE][PASSED] - Browser is closed]]></system-out>
         <system-err><![CDATA[]]></system-err>
      </testcase>
      <testcase name="Test Cases/Askblue_Training/Login_Logout/Login_Positivo" time="3.998" classname="Test Cases/Askblue_Training/Login_Logout/Login_Positivo" status="PASSED">
         <system-out><![CDATA[30-01-2025T17:47:12 - [TEST_CASE][PASSED] - Test Cases/Askblue_Training/Login_Logout/Login_Positivo: Test Cases/Askblue_Training/Login_Logout/Login_Positivo

30-01-2025T17:47:12 - [TEST_STEP][PASSED] - openBrowser(""): Browser is opened with url: ''

30-01-2025T17:47:12 - [MESSAGE][INFO] - Starting 'Chrome' driver

30-01-2025T17:47:12 - [MESSAGE][INFO] - Action delay is set to 0 milliseconds

30-01-2025T17:47:13 - [MESSAGE][PASSED] - Browser is opened with url: ''

30-01-2025T17:47:13 - [TEST_STEP][PASSED] - navigateToUrl("https://www.saucedemo.com/"): Navigate to 'https://www.saucedemo.com/' successfully

30-01-2025T17:47:13 - [MESSAGE][PASSED] - Navigate to 'https://www.saucedemo.com/' successfully

30-01-2025T17:47:13 - [TEST_STEP][PASSED] - setText(findTestObject("Object Repository/Page_Swag Labs/input_Swag Labs_user-name"), username): Text 'standard_user' is set on object 'Object Repository/Page_Swag Labs/input_Swag Labs_user-name'

30-01-2025T17:47:14 - [MESSAGE][PASSED] - Text 'standard_user' is set on object 'Object Repository/Page_Swag Labs/input_Swag Labs_user-name'

30-01-2025T17:47:14 - [TEST_STEP][PASSED] - setText(findTestObject("Object Repository/Page_Swag Labs/input_Swag Labs_password"), password): Text 'secret_sauce' is set on object 'Object Repository/Page_Swag Labs/input_Swag Labs_password'

30-01-2025T17:47:15 - [MESSAGE][PASSED] - Text 'secret_sauce' is set on object 'Object Repository/Page_Swag Labs/input_Swag Labs_password'

30-01-2025T17:47:15 - [TEST_STEP][PASSED] - click(findTestObject("Object Repository/Page_Swag Labs/input_Swag Labs_login-button")): Object: 'Object Repository/Page_Swag Labs/input_Swag Labs_login-button' is clicked on

30-01-2025T17:47:15 - [MESSAGE][PASSED] - Object: 'Object Repository/Page_Swag Labs/input_Swag Labs_login-button' is clicked on

30-01-2025T17:47:15 - [TEST_STEP][PASSED] - click(findTestObject("Object Repository/Page_Swag Labs/button_Open Menu")): Object: 'Object Repository/Page_Swag Labs/button_Open Menu' is clicked on

30-01-2025T17:47:16 - [MESSAGE][PASSED] - Object: 'Object Repository/Page_Swag Labs/button_Open Menu' is clicked on

30-01-2025T17:47:16 - [TEST_STEP][PASSED] - verifyElementText(findTestObject("Object Repository/Page_Swag Labs/a_Logout"), "Logout"): Actual text and expected text of test object 'Object Repository/Page_Swag Labs/a_Logout' are matched.

30-01-2025T17:47:16 - [MESSAGE][PASSED] - Actual text and expected text of test object 'Object Repository/Page_Swag Labs/a_Logout' are matched.

30-01-2025T17:47:16 - [TEST_STEP][PASSED] - click(findTestObject("Object Repository/Page_Swag Labs/button_Close Menu")): Object: 'Object Repository/Page_Swag Labs/button_Close Menu' is clicked on

30-01-2025T17:47:16 - [MESSAGE][PASSED] - Object: 'Object Repository/Page_Swag Labs/button_Close Menu' is clicked on]]></system-out>
         <system-err><![CDATA[]]></system-err>
      </testcase>
      <testcase name="Test Cases/Askblue_Training/Login_Logout/Logout" time="5.239" classname="Test Cases/Askblue_Training/Login_Logout/Logout" status="PASSED">
         <system-out><![CDATA[30-01-2025T17:47:16 - [TEST_CASE][PASSED] - Test Cases/Askblue_Training/Login_Logout/Logout: Test Cases/Askblue_Training/Login_Logout/Logout

30-01-2025T17:47:16 - [TEST_STEP][PASSED] - callTestCase(findTestCase("Askblue_Training/Login_Logout/Login_Positivo"), [:], STOP_ON_FAILURE): Call Test Case 'Test Cases/Askblue_Training/Login_Logout/Login_Positivo' successfully

30-01-2025T17:47:16 - [TEST_CASE][PASSED] - Test Cases/Askblue_Training/Login_Logout/Login_Positivo: Test Cases/Askblue_Training/Login_Logout/Login_Positivo

30-01-2025T17:47:16 - [TEST_STEP][PASSED] - openBrowser(""): Browser is opened with url: ''

30-01-2025T17:47:16 - [MESSAGE][WARNING] - A browser is already opened. Closing browser and opening a new one

30-01-2025T17:47:17 - [MESSAGE][INFO] - Starting 'Chrome' driver

30-01-2025T17:47:17 - [MESSAGE][INFO] - Action delay is set to 0 milliseconds

30-01-2025T17:47:17 - [MESSAGE][PASSED] - Browser is opened with url: ''

30-01-2025T17:47:17 - [TEST_STEP][PASSED] - navigateToUrl("https://www.saucedemo.com/"): Navigate to 'https://www.saucedemo.com/' successfully

30-01-2025T17:47:18 - [MESSAGE][PASSED] - Navigate to 'https://www.saucedemo.com/' successfully

30-01-2025T17:47:18 - [TEST_STEP][PASSED] - setText(findTestObject("Object Repository/Page_Swag Labs/input_Swag Labs_user-name"), username): Text 'standard_user' is set on object 'Object Repository/Page_Swag Labs/input_Swag Labs_user-name'

30-01-2025T17:47:19 - [MESSAGE][PASSED] - Text 'standard_user' is set on object 'Object Repository/Page_Swag Labs/input_Swag Labs_user-name'

30-01-2025T17:47:19 - [TEST_STEP][PASSED] - setText(findTestObject("Object Repository/Page_Swag Labs/input_Swag Labs_password"), password): Text 'secret_sauce' is set on object 'Object Repository/Page_Swag Labs/input_Swag Labs_password'

30-01-2025T17:47:19 - [MESSAGE][PASSED] - Text 'secret_sauce' is set on object 'Object Repository/Page_Swag Labs/input_Swag Labs_password'

30-01-2025T17:47:19 - [TEST_STEP][PASSED] - click(findTestObject("Object Repository/Page_Swag Labs/input_Swag Labs_login-button")): Object: 'Object Repository/Page_Swag Labs/input_Swag Labs_login-button' is clicked on

30-01-2025T17:47:20 - [MESSAGE][PASSED] - Object: 'Object Repository/Page_Swag Labs/input_Swag Labs_login-button' is clicked on

30-01-2025T17:47:20 - [TEST_STEP][PASSED] - click(findTestObject("Object Repository/Page_Swag Labs/button_Open Menu")): Object: 'Object Repository/Page_Swag Labs/button_Open Menu' is clicked on

30-01-2025T17:47:20 - [MESSAGE][PASSED] - Object: 'Object Repository/Page_Swag Labs/button_Open Menu' is clicked on

30-01-2025T17:47:20 - [TEST_STEP][PASSED] - verifyElementText(findTestObject("Object Repository/Page_Swag Labs/a_Logout"), "Logout"): Actual text and expected text of test object 'Object Repository/Page_Swag Labs/a_Logout' are matched.

30-01-2025T17:47:20 - [MESSAGE][PASSED] - Actual text and expected text of test object 'Object Repository/Page_Swag Labs/a_Logout' are matched.

30-01-2025T17:47:20 - [TEST_STEP][PASSED] - click(findTestObject("Object Repository/Page_Swag Labs/button_Close Menu")): Object: 'Object Repository/Page_Swag Labs/button_Close Menu' is clicked on

30-01-2025T17:47:20 - [MESSAGE][PASSED] - Object: 'Object Repository/Page_Swag Labs/button_Close Menu' is clicked on

30-01-2025T17:47:20 - [MESSAGE][PASSED] - Call Test Case 'Test Cases/Askblue_Training/Login_Logout/Login_Positivo' successfully

30-01-2025T17:47:20 - [TEST_STEP][PASSED] - click(findTestObject("Object Repository/Page_Swag Labs/button_Open Menu")): Object: 'Object Repository/Page_Swag Labs/button_Open Menu' is clicked on

30-01-2025T17:47:21 - [MESSAGE][PASSED] - Object: 'Object Repository/Page_Swag Labs/button_Open Menu' is clicked on

30-01-2025T17:47:21 - [TEST_STEP][PASSED] - click(findTestObject("Object Repository/Page_Swag Labs/a_Logout")): Object: 'Object Repository/Page_Swag Labs/a_Logout' is clicked on

30-01-2025T17:47:21 - [MESSAGE][PASSED] - Object: 'Object Repository/Page_Swag Labs/a_Logout' is clicked on

30-01-2025T17:47:21 - [TEST_STEP][PASSED] - verifyElementText(findTestObject("Object Repository/Page_Swag Labs/input_Swag Labs_login-button"), ""): Actual text and expected text of test object 'Object Repository/Page_Swag Labs/input_Swag Labs_login-button' are matched.

30-01-2025T17:47:21 - [MESSAGE][PASSED] - Actual text and expected text of test object 'Object Repository/Page_Swag Labs/input_Swag Labs_login-button' are matched.

30-01-2025T17:47:21 - [TEST_STEP][PASSED] - closeBrowser(): Browser is closed

30-01-2025T17:47:21 - [MESSAGE][PASSED] - Browser is closed]]></system-out>
         <system-err><![CDATA[]]></system-err>
      </testcase>
      <testcase name="Test Cases/Askblue_Training/Add_to_Cart/Add_to_Cart_1" time="6.486" classname="Test Cases/Askblue_Training/Add_to_Cart/Add_to_Cart_1" status="PASSED">
         <system-out><![CDATA[30-01-2025T17:47:21 - [TEST_CASE][PASSED] - Test Cases/Askblue_Training/Add_to_Cart/Add_to_Cart_1: Test Cases/Askblue_Training/Add_to_Cart/Add_to_Cart_1

30-01-2025T17:47:22 - [TEST_STEP][PASSED] - callTestCase(findTestCase("Askblue_Training/Login_Logout/Login_Positivo"), ["username":"standard_user", "password":"secret_sauce"], STOP_ON_FAILURE): Call Test Case 'Test Cases/Askblue_Training/Login_Logout/Login_Positivo' successfully

30-01-2025T17:47:22 - [TEST_CASE][PASSED] - Test Cases/Askblue_Training/Login_Logout/Login_Positivo: Test Cases/Askblue_Training/Login_Logout/Login_Positivo

30-01-2025T17:47:22 - [TEST_STEP][PASSED] - openBrowser(""): Browser is opened with url: ''

30-01-2025T17:47:22 - [MESSAGE][INFO] - Starting 'Chrome' driver

30-01-2025T17:47:22 - [MESSAGE][INFO] - Action delay is set to 0 milliseconds

30-01-2025T17:47:22 - [MESSAGE][PASSED] - Browser is opened with url: ''

30-01-2025T17:47:22 - [TEST_STEP][PASSED] - navigateToUrl("https://www.saucedemo.com/"): Navigate to 'https://www.saucedemo.com/' successfully

30-01-2025T17:47:23 - [MESSAGE][PASSED] - Navigate to 'https://www.saucedemo.com/' successfully

30-01-2025T17:47:23 - [TEST_STEP][PASSED] - setText(findTestObject("Object Repository/Page_Swag Labs/input_Swag Labs_user-name"), username): Text 'standard_user' is set on object 'Object Repository/Page_Swag Labs/input_Swag Labs_user-name'

30-01-2025T17:47:24 - [MESSAGE][PASSED] - Text 'standard_user' is set on object 'Object Repository/Page_Swag Labs/input_Swag Labs_user-name'

30-01-2025T17:47:24 - [TEST_STEP][PASSED] - setText(findTestObject("Object Repository/Page_Swag Labs/input_Swag Labs_password"), password): Text 'secret_sauce' is set on object 'Object Repository/Page_Swag Labs/input_Swag Labs_password'

30-01-2025T17:47:24 - [MESSAGE][PASSED] - Text 'secret_sauce' is set on object 'Object Repository/Page_Swag Labs/input_Swag Labs_password'

30-01-2025T17:47:24 - [TEST_STEP][PASSED] - click(findTestObject("Object Repository/Page_Swag Labs/input_Swag Labs_login-button")): Object: 'Object Repository/Page_Swag Labs/input_Swag Labs_login-button' is clicked on

30-01-2025T17:47:25 - [MESSAGE][PASSED] - Object: 'Object Repository/Page_Swag Labs/input_Swag Labs_login-button' is clicked on

30-01-2025T17:47:25 - [TEST_STEP][PASSED] - click(findTestObject("Object Repository/Page_Swag Labs/button_Open Menu")): Object: 'Object Repository/Page_Swag Labs/button_Open Menu' is clicked on

30-01-2025T17:47:25 - [MESSAGE][PASSED] - Object: 'Object Repository/Page_Swag Labs/button_Open Menu' is clicked on

30-01-2025T17:47:25 - [TEST_STEP][PASSED] - verifyElementText(findTestObject("Object Repository/Page_Swag Labs/a_Logout"), "Logout"): Actual text and expected text of test object 'Object Repository/Page_Swag Labs/a_Logout' are matched.

30-01-2025T17:47:25 - [MESSAGE][PASSED] - Actual text and expected text of test object 'Object Repository/Page_Swag Labs/a_Logout' are matched.

30-01-2025T17:47:25 - [TEST_STEP][PASSED] - click(findTestObject("Object Repository/Page_Swag Labs/button_Close Menu")): Object: 'Object Repository/Page_Swag Labs/button_Close Menu' is clicked on

30-01-2025T17:47:26 - [MESSAGE][PASSED] - Object: 'Object Repository/Page_Swag Labs/button_Close Menu' is clicked on

30-01-2025T17:47:26 - [MESSAGE][PASSED] - Call Test Case 'Test Cases/Askblue_Training/Login_Logout/Login_Positivo' successfully

30-01-2025T17:47:26 - [TEST_STEP][PASSED] - addToCart = findTestObject("Object Repository/Page_Swag Labs/button_add_to_cart"): null

30-01-2025T17:47:26 - [TEST_STEP][PASSED] - addToCartList = findWebElements(addToCart, 10): Found web elements by test object Object Repository/Page_Swag Labs/button_add_to_cart

30-01-2025T17:47:26 - [MESSAGE][PASSED] - Found web elements by test object Object Repository/Page_Swag Labs/button_add_to_cart

30-01-2025T17:47:26 - [TEST_STEP][PASSED] - itemNames = findTestObject("Object Repository/Page_Swag Labs/item_name"): null

30-01-2025T17:47:26 - [TEST_STEP][PASSED] - itemNameList = findWebElements(itemNames, 10): Found web elements by test object Object Repository/Page_Swag Labs/item_name

30-01-2025T17:47:26 - [MESSAGE][PASSED] - Found web elements by test object Object Repository/Page_Swag Labs/item_name

30-01-2025T17:47:26 - [TEST_STEP][PASSED] - name = itemNameList[0].getText(): null

30-01-2025T17:47:26 - [TEST_STEP][PASSED] - itemPrices = findTestObject("Object Repository/Page_Swag Labs/item_price"): null

30-01-2025T17:47:26 - [TEST_STEP][PASSED] - itemPriceList = findWebElements(itemPrices, 10): Found web elements by test object Object Repository/Page_Swag Labs/item_price

30-01-2025T17:47:26 - [MESSAGE][PASSED] - Found web elements by test object Object Repository/Page_Swag Labs/item_price

30-01-2025T17:47:26 - [TEST_STEP][PASSED] - price = itemPriceList[0].getText(): null

30-01-2025T17:47:26 - [TEST_STEP][PASSED] - get(0).click(): null

30-01-2025T17:47:26 - [TEST_STEP][PASSED] - verifyElementText(findTestObject("Object Repository/Page_Swag Labs/icone_carrinho"), "1"): Actual text and expected text of test object 'Object Repository/Page_Swag Labs/icone_carrinho' are matched.

30-01-2025T17:47:27 - [MESSAGE][PASSED] - Actual text and expected text of test object 'Object Repository/Page_Swag Labs/icone_carrinho' are matched.

30-01-2025T17:47:27 - [TEST_STEP][PASSED] - click(findTestObject("Object Repository/Page_Swag Labs/icone_carrinho")): Object: 'Object Repository/Page_Swag Labs/icone_carrinho' is clicked on

30-01-2025T17:47:27 - [MESSAGE][PASSED] - Object: 'Object Repository/Page_Swag Labs/icone_carrinho' is clicked on

30-01-2025T17:47:27 - [TEST_STEP][PASSED] - cartItemNames = findTestObject("Object Repository/Page_Swag Labs/cart_item_name"): null

30-01-2025T17:47:27 - [TEST_STEP][PASSED] - cartItemNameList = findWebElements(cartItemNames, 10): Found web elements by test object Object Repository/Page_Swag Labs/cart_item_name

30-01-2025T17:47:27 - [MESSAGE][PASSED] - Found web elements by test object Object Repository/Page_Swag Labs/cart_item_name

30-01-2025T17:47:27 - [TEST_STEP][PASSED] - verifyMatch(cartItemNameList[0].getText(), name, false): Actual text 'Sauce Labs Backpack' and expected text 'Sauce Labs Backpack' are matched 

30-01-2025T17:47:27 - [MESSAGE][PASSED] - Actual text 'Sauce Labs Backpack' and expected text 'Sauce Labs Backpack' are matched 

30-01-2025T17:47:27 - [TEST_STEP][PASSED] - cartItemPrices = findTestObject("Object Repository/Page_Swag Labs/cart_item_price"): null

30-01-2025T17:47:27 - [TEST_STEP][PASSED] - cartItemPriceList = findWebElements(cartItemPrices, 10): Found web elements by test object Object Repository/Page_Swag Labs/cart_item_price

30-01-2025T17:47:28 - [MESSAGE][PASSED] - Found web elements by test object Object Repository/Page_Swag Labs/cart_item_price

30-01-2025T17:47:28 - [TEST_STEP][PASSED] - verifyMatch(cartItemPriceList[0].getText(), price, false): Actual text '$29.99' and expected text '$29.99' are matched 

30-01-2025T17:47:28 - [MESSAGE][PASSED] - Actual text '$29.99' and expected text '$29.99' are matched 

30-01-2025T17:47:28 - [TEST_STEP][PASSED] - click(findTestObject("Object Repository/Page_Swag Labs/button_Continue Shopping")): Object: 'Object Repository/Page_Swag Labs/button_Continue Shopping' is clicked on

30-01-2025T17:47:28 - [MESSAGE][PASSED] - Object: 'Object Repository/Page_Swag Labs/button_Continue Shopping' is clicked on]]></system-out>
         <system-err><![CDATA[]]></system-err>
      </testcase>
      <testcase name="Test Cases/Askblue_Training/Add_to_Cart/Add_to_Cart_AleatorioUm" time="6.902" classname="Test Cases/Askblue_Training/Add_to_Cart/Add_to_Cart_AleatorioUm" status="PASSED">
         <system-out><![CDATA[30-01-2025T17:47:28 - [TEST_CASE][PASSED] - Test Cases/Askblue_Training/Add_to_Cart/Add_to_Cart_AleatorioUm: Test Cases/Askblue_Training/Add_to_Cart/Add_to_Cart_AleatorioUm

30-01-2025T17:47:28 - [TEST_STEP][PASSED] - callTestCase(findTestCase("Askblue_Training/Login_Logout/Login_Positivo"), [:], STOP_ON_FAILURE): Call Test Case 'Test Cases/Askblue_Training/Login_Logout/Login_Positivo' successfully

30-01-2025T17:47:28 - [TEST_CASE][PASSED] - Test Cases/Askblue_Training/Login_Logout/Login_Positivo: Test Cases/Askblue_Training/Login_Logout/Login_Positivo

30-01-2025T17:47:28 - [TEST_STEP][PASSED] - openBrowser(""): Browser is opened with url: ''

30-01-2025T17:47:28 - [MESSAGE][WARNING] - A browser is already opened. Closing browser and opening a new one

30-01-2025T17:47:28 - [MESSAGE][INFO] - Starting 'Chrome' driver

30-01-2025T17:47:28 - [MESSAGE][INFO] - Action delay is set to 0 milliseconds

30-01-2025T17:47:29 - [MESSAGE][PASSED] - Browser is opened with url: ''

30-01-2025T17:47:29 - [TEST_STEP][PASSED] - navigateToUrl("https://www.saucedemo.com/"): Navigate to 'https://www.saucedemo.com/' successfully

30-01-2025T17:47:29 - [MESSAGE][PASSED] - Navigate to 'https://www.saucedemo.com/' successfully

30-01-2025T17:47:29 - [TEST_STEP][PASSED] - setText(findTestObject("Object Repository/Page_Swag Labs/input_Swag Labs_user-name"), username): Text 'standard_user' is set on object 'Object Repository/Page_Swag Labs/input_Swag Labs_user-name'

30-01-2025T17:47:30 - [MESSAGE][PASSED] - Text 'standard_user' is set on object 'Object Repository/Page_Swag Labs/input_Swag Labs_user-name'

30-01-2025T17:47:30 - [TEST_STEP][PASSED] - setText(findTestObject("Object Repository/Page_Swag Labs/input_Swag Labs_password"), password): Text 'secret_sauce' is set on object 'Object Repository/Page_Swag Labs/input_Swag Labs_password'

30-01-2025T17:47:31 - [MESSAGE][PASSED] - Text 'secret_sauce' is set on object 'Object Repository/Page_Swag Labs/input_Swag Labs_password'

30-01-2025T17:47:31 - [TEST_STEP][PASSED] - click(findTestObject("Object Repository/Page_Swag Labs/input_Swag Labs_login-button")): Object: 'Object Repository/Page_Swag Labs/input_Swag Labs_login-button' is clicked on

30-01-2025T17:47:31 - [MESSAGE][PASSED] - Object: 'Object Repository/Page_Swag Labs/input_Swag Labs_login-button' is clicked on

30-01-2025T17:47:31 - [TEST_STEP][PASSED] - click(findTestObject("Object Repository/Page_Swag Labs/button_Open Menu")): Object: 'Object Repository/Page_Swag Labs/button_Open Menu' is clicked on

30-01-2025T17:47:32 - [MESSAGE][PASSED] - Object: 'Object Repository/Page_Swag Labs/button_Open Menu' is clicked on

30-01-2025T17:47:32 - [TEST_STEP][PASSED] - verifyElementText(findTestObject("Object Repository/Page_Swag Labs/a_Logout"), "Logout"): Actual text and expected text of test object 'Object Repository/Page_Swag Labs/a_Logout' are matched.

30-01-2025T17:47:32 - [MESSAGE][PASSED] - Actual text and expected text of test object 'Object Repository/Page_Swag Labs/a_Logout' are matched.

30-01-2025T17:47:32 - [TEST_STEP][PASSED] - click(findTestObject("Object Repository/Page_Swag Labs/button_Close Menu")): Object: 'Object Repository/Page_Swag Labs/button_Close Menu' is clicked on

30-01-2025T17:47:32 - [MESSAGE][PASSED] - Object: 'Object Repository/Page_Swag Labs/button_Close Menu' is clicked on

30-01-2025T17:47:32 - [MESSAGE][PASSED] - Call Test Case 'Test Cases/Askblue_Training/Login_Logout/Login_Positivo' successfully

30-01-2025T17:47:32 - [TEST_STEP][PASSED] - verifyElementText(findTestObject("Page_Swag Labs/icone_Carrinho"), ""): Actual text and expected text of test object 'Object Repository/Page_Swag Labs/icone_Carrinho' are matched.

30-01-2025T17:47:33 - [MESSAGE][PASSED] - Actual text and expected text of test object 'Object Repository/Page_Swag Labs/icone_Carrinho' are matched.

30-01-2025T17:47:33 - [TEST_STEP][PASSED] - addToCart = findTestObject("Object Repository/Page_Swag Labs/button_add_to_cart"): null

30-01-2025T17:47:33 - [TEST_STEP][PASSED] - addToCartList = findWebElements(addToCart, 10): Found web elements by test object Object Repository/Page_Swag Labs/button_add_to_cart

30-01-2025T17:47:33 - [MESSAGE][PASSED] - Found web elements by test object Object Repository/Page_Swag Labs/button_add_to_cart

30-01-2025T17:47:33 - [TEST_STEP][PASSED] - itemNames = findTestObject("Object Repository/Page_Swag Labs/item_name"): null

30-01-2025T17:47:33 - [TEST_STEP][PASSED] - itemNameList = findWebElements(itemNames, 10): Found web elements by test object Object Repository/Page_Swag Labs/item_name

30-01-2025T17:47:33 - [MESSAGE][PASSED] - Found web elements by test object Object Repository/Page_Swag Labs/item_name

30-01-2025T17:47:33 - [TEST_STEP][PASSED] - itemPrices = findTestObject("Object Repository/Page_Swag Labs/item_price"): null

30-01-2025T17:47:33 - [TEST_STEP][PASSED] - itemPriceList = findWebElements(itemPrices, 10): Found web elements by test object Object Repository/Page_Swag Labs/item_price

30-01-2025T17:47:33 - [MESSAGE][PASSED] - Found web elements by test object Object Repository/Page_Swag Labs/item_price

30-01-2025T17:47:33 - [TEST_STEP][PASSED] - rand = new java.util.Random(): null

30-01-2025T17:47:33 - [TEST_STEP][PASSED] - r = rand.nextInt(addToCartList.size()): null

30-01-2025T17:47:33 - [TEST_STEP][PASSED] - name = itemNameList[r].getText(): null

30-01-2025T17:47:33 - [TEST_STEP][PASSED] - price = itemPriceList[r].getText(): null

30-01-2025T17:47:33 - [TEST_STEP][PASSED] - get(r).click(): null

30-01-2025T17:47:33 - [TEST_STEP][PASSED] - verifyElementText(findTestObject("Page_Swag Labs/icone_carrinho"), "1"): Actual text and expected text of test object 'Object Repository/Page_Swag Labs/icone_carrinho' are matched.

30-01-2025T17:47:34 - [MESSAGE][PASSED] - Actual text and expected text of test object 'Object Repository/Page_Swag Labs/icone_carrinho' are matched.

30-01-2025T17:47:34 - [TEST_STEP][PASSED] - click(findTestObject("Object Repository/Page_Swag Labs/icone_carrinho")): Object: 'Object Repository/Page_Swag Labs/icone_carrinho' is clicked on

30-01-2025T17:47:34 - [MESSAGE][PASSED] - Object: 'Object Repository/Page_Swag Labs/icone_carrinho' is clicked on

30-01-2025T17:47:34 - [TEST_STEP][PASSED] - cartItemNames = findTestObject("Object Repository/Page_Swag Labs/cart_item_name"): null

30-01-2025T17:47:34 - [TEST_STEP][PASSED] - cartItemNameList = findWebElements(cartItemNames, 10): Found web elements by test object Object Repository/Page_Swag Labs/cart_item_name

30-01-2025T17:47:34 - [MESSAGE][PASSED] - Found web elements by test object Object Repository/Page_Swag Labs/cart_item_name

30-01-2025T17:47:34 - [TEST_STEP][PASSED] - verifyMatch(cartItemNameList[0].getText(), name, false): Actual text 'Sauce Labs Bolt T-Shirt' and expected text 'Sauce Labs Bolt T-Shirt' are matched 

30-01-2025T17:47:34 - [MESSAGE][PASSED] - Actual text 'Sauce Labs Bolt T-Shirt' and expected text 'Sauce Labs Bolt T-Shirt' are matched 

30-01-2025T17:47:34 - [TEST_STEP][PASSED] - cartItemPrices = findTestObject("Object Repository/Page_Swag Labs/cart_item_price"): null

30-01-2025T17:47:34 - [TEST_STEP][PASSED] - cartItemPriceList = findWebElements(cartItemPrices, 10): Found web elements by test object Object Repository/Page_Swag Labs/cart_item_price

30-01-2025T17:47:35 - [MESSAGE][PASSED] - Found web elements by test object Object Repository/Page_Swag Labs/cart_item_price

30-01-2025T17:47:35 - [TEST_STEP][PASSED] - verifyMatch(cartItemPriceList[0].getText(), price, false): Actual text '$15.99' and expected text '$15.99' are matched 

30-01-2025T17:47:35 - [MESSAGE][PASSED] - Actual text '$15.99' and expected text '$15.99' are matched 

30-01-2025T17:47:35 - [TEST_STEP][PASSED] - click(findTestObject("Object Repository/Page_Swag Labs/button_Continue Shopping")): Object: 'Object Repository/Page_Swag Labs/button_Continue Shopping' is clicked on

30-01-2025T17:47:35 - [MESSAGE][PASSED] - Object: 'Object Repository/Page_Swag Labs/button_Continue Shopping' is clicked on]]></system-out>
         <system-err><![CDATA[]]></system-err>
      </testcase>
      <testcase name="Test Cases/Askblue_Training/Add_to_Cart/Add_to_Cart_AleatorioVarios" time="27.862" classname="Test Cases/Askblue_Training/Add_to_Cart/Add_to_Cart_AleatorioVarios" status="PASSED">
         <system-out><![CDATA[30-01-2025T17:47:35 - [TEST_CASE][PASSED] - Test Cases/Askblue_Training/Add_to_Cart/Add_to_Cart_AleatorioVarios: Test Cases/Askblue_Training/Add_to_Cart/Add_to_Cart_AleatorioVarios

30-01-2025T17:47:35 - [TEST_STEP][PASSED] - callTestCase(findTestCase("Askblue_Training/Login_Logout/Login_Positivo"), [:], STOP_ON_FAILURE): Call Test Case 'Test Cases/Askblue_Training/Login_Logout/Login_Positivo' successfully

30-01-2025T17:47:35 - [TEST_CASE][PASSED] - Test Cases/Askblue_Training/Login_Logout/Login_Positivo: Test Cases/Askblue_Training/Login_Logout/Login_Positivo

30-01-2025T17:47:35 - [TEST_STEP][PASSED] - openBrowser(""): Browser is opened with url: ''

30-01-2025T17:47:35 - [MESSAGE][WARNING] - A browser is already opened. Closing browser and opening a new one

30-01-2025T17:47:35 - [MESSAGE][INFO] - Starting 'Chrome' driver

30-01-2025T17:47:35 - [MESSAGE][INFO] - Action delay is set to 0 milliseconds

30-01-2025T17:47:36 - [MESSAGE][PASSED] - Browser is opened with url: ''

30-01-2025T17:47:36 - [TEST_STEP][PASSED] - navigateToUrl("https://www.saucedemo.com/"): Navigate to 'https://www.saucedemo.com/' successfully

30-01-2025T17:47:36 - [MESSAGE][PASSED] - Navigate to 'https://www.saucedemo.com/' successfully

30-01-2025T17:47:36 - [TEST_STEP][PASSED] - setText(findTestObject("Object Repository/Page_Swag Labs/input_Swag Labs_user-name"), username): Text 'standard_user' is set on object 'Object Repository/Page_Swag Labs/input_Swag Labs_user-name'

30-01-2025T17:47:37 - [MESSAGE][PASSED] - Text 'standard_user' is set on object 'Object Repository/Page_Swag Labs/input_Swag Labs_user-name'

30-01-2025T17:47:37 - [TEST_STEP][PASSED] - setText(findTestObject("Object Repository/Page_Swag Labs/input_Swag Labs_password"), password): Text 'secret_sauce' is set on object 'Object Repository/Page_Swag Labs/input_Swag Labs_password'

30-01-2025T17:47:38 - [MESSAGE][PASSED] - Text 'secret_sauce' is set on object 'Object Repository/Page_Swag Labs/input_Swag Labs_password'

30-01-2025T17:47:38 - [TEST_STEP][PASSED] - click(findTestObject("Object Repository/Page_Swag Labs/input_Swag Labs_login-button")): Object: 'Object Repository/Page_Swag Labs/input_Swag Labs_login-button' is clicked on

30-01-2025T17:47:38 - [MESSAGE][PASSED] - Object: 'Object Repository/Page_Swag Labs/input_Swag Labs_login-button' is clicked on

30-01-2025T17:47:38 - [TEST_STEP][PASSED] - click(findTestObject("Object Repository/Page_Swag Labs/button_Open Menu")): Object: 'Object Repository/Page_Swag Labs/button_Open Menu' is clicked on

30-01-2025T17:47:39 - [MESSAGE][PASSED] - Object: 'Object Repository/Page_Swag Labs/button_Open Menu' is clicked on

30-01-2025T17:47:39 - [TEST_STEP][PASSED] - verifyElementText(findTestObject("Object Repository/Page_Swag Labs/a_Logout"), "Logout"): Actual text and expected text of test object 'Object Repository/Page_Swag Labs/a_Logout' are matched.

30-01-2025T17:47:39 - [MESSAGE][PASSED] - Actual text and expected text of test object 'Object Repository/Page_Swag Labs/a_Logout' are matched.

30-01-2025T17:47:39 - [TEST_STEP][PASSED] - click(findTestObject("Object Repository/Page_Swag Labs/button_Close Menu")): Object: 'Object Repository/Page_Swag Labs/button_Close Menu' is clicked on

30-01-2025T17:47:39 - [MESSAGE][PASSED] - Object: 'Object Repository/Page_Swag Labs/button_Close Menu' is clicked on

30-01-2025T17:47:39 - [MESSAGE][PASSED] - Call Test Case 'Test Cases/Askblue_Training/Login_Logout/Login_Positivo' successfully

30-01-2025T17:47:39 - [TEST_STEP][PASSED] - verifyElementText(findTestObject("Page_Swag Labs/icone_carrinho"), ""): Actual text and expected text of test object 'Object Repository/Page_Swag Labs/icone_carrinho' are matched.

30-01-2025T17:47:40 - [MESSAGE][PASSED] - Actual text and expected text of test object 'Object Repository/Page_Swag Labs/icone_carrinho' are matched.

30-01-2025T17:47:40 - [TEST_STEP][PASSED] - addToCart = TestObject().addProperty("xpath", EQUALS, "//button[text()='Add to cart']"): null

30-01-2025T17:47:40 - [TEST_STEP][PASSED] - addToCartList = findWebElements(addToCart, 10): Found web elements by test object 

30-01-2025T17:47:40 - [MESSAGE][PASSED] - Found web elements by test object 

30-01-2025T17:47:40 - [TEST_STEP][PASSED] - itemNames = findTestObject("Object Repository/Page_Swag Labs/item_name"): null

30-01-2025T17:47:40 - [TEST_STEP][PASSED] - itemNameList = findWebElements(itemNames, 10): Found web elements by test object Object Repository/Page_Swag Labs/item_name

30-01-2025T17:47:40 - [MESSAGE][PASSED] - Found web elements by test object Object Repository/Page_Swag Labs/item_name

30-01-2025T17:47:40 - [TEST_STEP][PASSED] - itemPrices = findTestObject("Object Repository/Page_Swag Labs/item_price"): null

30-01-2025T17:47:40 - [TEST_STEP][PASSED] - itemPriceList = findWebElements(itemPrices, 10): Found web elements by test object Object Repository/Page_Swag Labs/item_price

30-01-2025T17:47:40 - [MESSAGE][PASSED] - Found web elements by test object Object Repository/Page_Swag Labs/item_price

30-01-2025T17:47:40 - [TEST_STEP][PASSED] - addedItems = new java.util.HashSet(): null

30-01-2025T17:47:40 - [TEST_STEP][PASSED] - v = Random().nextInt(addToCartList.size() - 2) + 2: null

30-01-2025T17:47:40 - [TEST_STEP][PASSED] - for ([i = 0, i < v, (i++)]): Object: 'Object Repository/Page_Swag Labs/button_Continue Shopping' is clicked on

30-01-2025T17:47:40 - [TEST_STEP][PASSED] - availableItems = findWebElements(findTestObject("Object Repository/Page_Swag Labs/item_name"), 10): Found web elements by test object Object Repository/Page_Swag Labs/item_name

30-01-2025T17:47:41 - [MESSAGE][PASSED] - Found web elements by test object Object Repository/Page_Swag Labs/item_name

30-01-2025T17:47:41 - [TEST_STEP][PASSED] - availablePrices = findWebElements(findTestObject("Object Repository/Page_Swag Labs/item_price"), 10): Found web elements by test object Object Repository/Page_Swag Labs/item_price

30-01-2025T17:47:41 - [MESSAGE][PASSED] - Found web elements by test object Object Repository/Page_Swag Labs/item_price

30-01-2025T17:47:41 - [TEST_STEP][PASSED] - availableButtons = findWebElements(findTestObject("Object Repository/Page_Swag Labs/button_add_to_cart"), 10): Found web elements by test object Object Repository/Page_Swag Labs/button_add_to_cart

30-01-2025T17:47:41 - [MESSAGE][PASSED] - Found web elements by test object Object Repository/Page_Swag Labs/button_add_to_cart

30-01-2025T17:47:41 - [TEST_STEP][PASSED] - validIndexes = []: null

30-01-2025T17:47:41 - [TEST_STEP][PASSED] - for ([j = 0, j < availableItems.size(), (j++)]): null

30-01-2025T17:47:41 - [TEST_STEP][PASSED] - if (!(addedItems.contains(availableItems[j].getText()))): null

30-01-2025T17:47:41 - [TEST_STEP][PASSED] - validIndexes.add(j): null

30-01-2025T17:47:41 - [TEST_STEP][PASSED] - if (!(addedItems.contains(availableItems[j].getText()))): null

30-01-2025T17:47:41 - [TEST_STEP][PASSED] - validIndexes.add(j): null

30-01-2025T17:47:41 - [TEST_STEP][PASSED] - if (!(addedItems.contains(availableItems[j].getText()))): null

30-01-2025T17:47:41 - [TEST_STEP][PASSED] - validIndexes.add(j): null

30-01-2025T17:47:41 - [TEST_STEP][PASSED] - if (!(addedItems.contains(availableItems[j].getText()))): null

30-01-2025T17:47:41 - [TEST_STEP][PASSED] - validIndexes.add(j): null

30-01-2025T17:47:41 - [TEST_STEP][PASSED] - if (!(addedItems.contains(availableItems[j].getText()))): null

30-01-2025T17:47:41 - [TEST_STEP][PASSED] - validIndexes.add(j): null

30-01-2025T17:47:41 - [TEST_STEP][PASSED] - if (!(addedItems.contains(availableItems[j].getText()))): null

30-01-2025T17:47:41 - [TEST_STEP][PASSED] - validIndexes.add(j): null

30-01-2025T17:47:41 - [TEST_STEP][PASSED] - if (validIndexes.isEmpty()): null

30-01-2025T17:47:41 - [TEST_STEP][PASSED] - randomIndex = validIndexes.get(Random().nextInt(validIndexes.size())): null

30-01-2025T17:47:41 - [TEST_STEP][PASSED] - name = availableItems[randomIndex].getText(): null

30-01-2025T17:47:41 - [TEST_STEP][PASSED] - price = availablePrices[randomIndex].getText(): null

30-01-2025T17:47:41 - [TEST_STEP][PASSED] - availableButtons[randomIndex].click(): null

30-01-2025T17:47:41 - [TEST_STEP][PASSED] - delay(1): Delayed 1 second(s)

30-01-2025T17:47:42 - [MESSAGE][PASSED] - Delayed 1 second(s)

30-01-2025T17:47:42 - [TEST_STEP][PASSED] - verifyElementText(findTestObject("Object Repository/Page_Swag Labs/icone_carrinho"), i + 1.toString()): Actual text and expected text of test object 'Object Repository/Page_Swag Labs/icone_carrinho' are matched.

30-01-2025T17:47:43 - [MESSAGE][PASSED] - Actual text and expected text of test object 'Object Repository/Page_Swag Labs/icone_carrinho' are matched.

30-01-2025T17:47:43 - [TEST_STEP][PASSED] - click(findTestObject("Object Repository/Page_Swag Labs/icone_carrinho")): Object: 'Object Repository/Page_Swag Labs/icone_carrinho' is clicked on

30-01-2025T17:47:43 - [MESSAGE][PASSED] - Object: 'Object Repository/Page_Swag Labs/icone_carrinho' is clicked on

30-01-2025T17:47:43 - [TEST_STEP][PASSED] - delay(1): Delayed 1 second(s)

30-01-2025T17:47:44 - [MESSAGE][PASSED] - Delayed 1 second(s)

30-01-2025T17:47:44 - [TEST_STEP][PASSED] - cartItemNameList = findWebElements(findTestObject("Object Repository/Page_Swag Labs/cart_item_name"), 10): Found web elements by test object Object Repository/Page_Swag Labs/cart_item_name

30-01-2025T17:47:44 - [MESSAGE][PASSED] - Found web elements by test object Object Repository/Page_Swag Labs/cart_item_name

30-01-2025T17:47:44 - [TEST_STEP][PASSED] - cartItemPriceList = findWebElements(findTestObject("Object Repository/Page_Swag Labs/cart_item_price"), 10): Found web elements by test object Object Repository/Page_Swag Labs/cart_item_price

30-01-2025T17:47:44 - [MESSAGE][PASSED] - Found web elements by test object Object Repository/Page_Swag Labs/cart_item_price

30-01-2025T17:47:44 - [TEST_STEP][PASSED] - verifyMatch(cartItemNameList[i].getText(), name, false): Actual text 'Test.allTheThings() T-Shirt (Red)' and expected text 'Test.allTheThings() T-Shirt (Red)' are matched 

30-01-2025T17:47:44 - [MESSAGE][PASSED] - Actual text 'Test.allTheThings() T-Shirt (Red)' and expected text 'Test.allTheThings() T-Shirt (Red)' are matched 

30-01-2025T17:47:44 - [TEST_STEP][PASSED] - verifyMatch(cartItemPriceList[i].getText(), price, false): Actual text '$15.99' and expected text '$15.99' are matched 

30-01-2025T17:47:44 - [MESSAGE][PASSED] - Actual text '$15.99' and expected text '$15.99' are matched 

30-01-2025T17:47:44 - [TEST_STEP][PASSED] - addedItems.add(name): null

30-01-2025T17:47:44 - [TEST_STEP][PASSED] - click(findTestObject("Object Repository/Page_Swag Labs/button_Continue Shopping")): Object: 'Object Repository/Page_Swag Labs/button_Continue Shopping' is clicked on

30-01-2025T17:47:45 - [MESSAGE][PASSED] - Object: 'Object Repository/Page_Swag Labs/button_Continue Shopping' is clicked on

30-01-2025T17:47:45 - [TEST_STEP][PASSED] - availableItems = findWebElements(findTestObject("Object Repository/Page_Swag Labs/item_name"), 10): Found web elements by test object Object Repository/Page_Swag Labs/item_name

30-01-2025T17:47:45 - [MESSAGE][PASSED] - Found web elements by test object Object Repository/Page_Swag Labs/item_name

30-01-2025T17:47:45 - [TEST_STEP][PASSED] - availablePrices = findWebElements(findTestObject("Object Repository/Page_Swag Labs/item_price"), 10): Found web elements by test object Object Repository/Page_Swag Labs/item_price

30-01-2025T17:47:45 - [MESSAGE][PASSED] - Found web elements by test object Object Repository/Page_Swag Labs/item_price

30-01-2025T17:47:45 - [TEST_STEP][PASSED] - availableButtons = findWebElements(findTestObject("Object Repository/Page_Swag Labs/button_add_to_cart"), 10): Found web elements by test object Object Repository/Page_Swag Labs/button_add_to_cart

30-01-2025T17:47:46 - [MESSAGE][PASSED] - Found web elements by test object Object Repository/Page_Swag Labs/button_add_to_cart

30-01-2025T17:47:46 - [TEST_STEP][PASSED] - validIndexes = []: null

30-01-2025T17:47:46 - [TEST_STEP][PASSED] - for ([j = 0, j < availableItems.size(), (j++)]): null

30-01-2025T17:47:46 - [TEST_STEP][PASSED] - if (!(addedItems.contains(availableItems[j].getText()))): null

30-01-2025T17:47:46 - [TEST_STEP][PASSED] - validIndexes.add(j): null

30-01-2025T17:47:46 - [TEST_STEP][PASSED] - if (!(addedItems.contains(availableItems[j].getText()))): null

30-01-2025T17:47:46 - [TEST_STEP][PASSED] - validIndexes.add(j): null

30-01-2025T17:47:46 - [TEST_STEP][PASSED] - if (!(addedItems.contains(availableItems[j].getText()))): null

30-01-2025T17:47:46 - [TEST_STEP][PASSED] - validIndexes.add(j): null

30-01-2025T17:47:46 - [TEST_STEP][PASSED] - if (!(addedItems.contains(availableItems[j].getText()))): null

30-01-2025T17:47:46 - [TEST_STEP][PASSED] - validIndexes.add(j): null

30-01-2025T17:47:46 - [TEST_STEP][PASSED] - if (!(addedItems.contains(availableItems[j].getText()))): null

30-01-2025T17:47:46 - [TEST_STEP][PASSED] - validIndexes.add(j): null

30-01-2025T17:47:46 - [TEST_STEP][PASSED] - if (!(addedItems.contains(availableItems[j].getText()))): null

30-01-2025T17:47:46 - [TEST_STEP][PASSED] - if (validIndexes.isEmpty()): null

30-01-2025T17:47:46 - [TEST_STEP][PASSED] - randomIndex = validIndexes.get(Random().nextInt(validIndexes.size())): null

30-01-2025T17:47:46 - [TEST_STEP][PASSED] - name = availableItems[randomIndex].getText(): null

30-01-2025T17:47:46 - [TEST_STEP][PASSED] - price = availablePrices[randomIndex].getText(): null

30-01-2025T17:47:46 - [TEST_STEP][PASSED] - availableButtons[randomIndex].click(): null

30-01-2025T17:47:46 - [TEST_STEP][PASSED] - delay(1): Delayed 1 second(s)

30-01-2025T17:47:47 - [MESSAGE][PASSED] - Delayed 1 second(s)

30-01-2025T17:47:47 - [TEST_STEP][PASSED] - verifyElementText(findTestObject("Object Repository/Page_Swag Labs/icone_carrinho"), i + 1.toString()): Actual text and expected text of test object 'Object Repository/Page_Swag Labs/icone_carrinho' are matched.

30-01-2025T17:47:47 - [MESSAGE][PASSED] - Actual text and expected text of test object 'Object Repository/Page_Swag Labs/icone_carrinho' are matched.

30-01-2025T17:47:47 - [TEST_STEP][PASSED] - click(findTestObject("Object Repository/Page_Swag Labs/icone_carrinho")): Object: 'Object Repository/Page_Swag Labs/icone_carrinho' is clicked on

30-01-2025T17:47:48 - [MESSAGE][PASSED] - Object: 'Object Repository/Page_Swag Labs/icone_carrinho' is clicked on

30-01-2025T17:47:48 - [TEST_STEP][PASSED] - delay(1): Delayed 1 second(s)

30-01-2025T17:47:49 - [MESSAGE][PASSED] - Delayed 1 second(s)

30-01-2025T17:47:49 - [TEST_STEP][PASSED] - cartItemNameList = findWebElements(findTestObject("Object Repository/Page_Swag Labs/cart_item_name"), 10): Found web elements by test object Object Repository/Page_Swag Labs/cart_item_name

30-01-2025T17:47:49 - [MESSAGE][PASSED] - Found web elements by test object Object Repository/Page_Swag Labs/cart_item_name

30-01-2025T17:47:49 - [TEST_STEP][PASSED] - cartItemPriceList = findWebElements(findTestObject("Object Repository/Page_Swag Labs/cart_item_price"), 10): Found web elements by test object Object Repository/Page_Swag Labs/cart_item_price

30-01-2025T17:47:49 - [MESSAGE][PASSED] - Found web elements by test object Object Repository/Page_Swag Labs/cart_item_price

30-01-2025T17:47:49 - [TEST_STEP][PASSED] - verifyMatch(cartItemNameList[i].getText(), name, false): Actual text 'Sauce Labs Onesie' and expected text 'Sauce Labs Onesie' are matched 

30-01-2025T17:47:49 - [MESSAGE][PASSED] - Actual text 'Sauce Labs Onesie' and expected text 'Sauce Labs Onesie' are matched 

30-01-2025T17:47:49 - [TEST_STEP][PASSED] - verifyMatch(cartItemPriceList[i].getText(), price, false): Actual text '$7.99' and expected text '$7.99' are matched 

30-01-2025T17:47:49 - [MESSAGE][PASSED] - Actual text '$7.99' and expected text '$7.99' are matched 

30-01-2025T17:47:49 - [TEST_STEP][PASSED] - addedItems.add(name): null

30-01-2025T17:47:49 - [TEST_STEP][PASSED] - click(findTestObject("Object Repository/Page_Swag Labs/button_Continue Shopping")): Object: 'Object Repository/Page_Swag Labs/button_Continue Shopping' is clicked on

30-01-2025T17:47:50 - [MESSAGE][PASSED] - Object: 'Object Repository/Page_Swag Labs/button_Continue Shopping' is clicked on

30-01-2025T17:47:50 - [TEST_STEP][PASSED] - availableItems = findWebElements(findTestObject("Object Repository/Page_Swag Labs/item_name"), 10): Found web elements by test object Object Repository/Page_Swag Labs/item_name

30-01-2025T17:47:50 - [MESSAGE][PASSED] - Found web elements by test object Object Repository/Page_Swag Labs/item_name

30-01-2025T17:47:50 - [TEST_STEP][PASSED] - availablePrices = findWebElements(findTestObject("Object Repository/Page_Swag Labs/item_price"), 10): Found web elements by test object Object Repository/Page_Swag Labs/item_price

30-01-2025T17:47:50 - [MESSAGE][PASSED] - Found web elements by test object Object Repository/Page_Swag Labs/item_price

30-01-2025T17:47:50 - [TEST_STEP][PASSED] - availableButtons = findWebElements(findTestObject("Object Repository/Page_Swag Labs/button_add_to_cart"), 10): Found web elements by test object Object Repository/Page_Swag Labs/button_add_to_cart

30-01-2025T17:47:50 - [MESSAGE][PASSED] - Found web elements by test object Object Repository/Page_Swag Labs/button_add_to_cart

30-01-2025T17:47:50 - [TEST_STEP][PASSED] - validIndexes = []: null

30-01-2025T17:47:50 - [TEST_STEP][PASSED] - for ([j = 0, j < availableItems.size(), (j++)]): null

30-01-2025T17:47:50 - [TEST_STEP][PASSED] - if (!(addedItems.contains(availableItems[j].getText()))): null

30-01-2025T17:47:50 - [TEST_STEP][PASSED] - validIndexes.add(j): null

30-01-2025T17:47:50 - [TEST_STEP][PASSED] - if (!(addedItems.contains(availableItems[j].getText()))): null

30-01-2025T17:47:50 - [TEST_STEP][PASSED] - validIndexes.add(j): null

30-01-2025T17:47:50 - [TEST_STEP][PASSED] - if (!(addedItems.contains(availableItems[j].getText()))): null

30-01-2025T17:47:50 - [TEST_STEP][PASSED] - validIndexes.add(j): null

30-01-2025T17:47:50 - [TEST_STEP][PASSED] - if (!(addedItems.contains(availableItems[j].getText()))): null

30-01-2025T17:47:50 - [TEST_STEP][PASSED] - validIndexes.add(j): null

30-01-2025T17:47:50 - [TEST_STEP][PASSED] - if (!(addedItems.contains(availableItems[j].getText()))): null

30-01-2025T17:47:50 - [TEST_STEP][PASSED] - if (!(addedItems.contains(availableItems[j].getText()))): null

30-01-2025T17:47:50 - [TEST_STEP][PASSED] - if (validIndexes.isEmpty()): null

30-01-2025T17:47:50 - [TEST_STEP][PASSED] - randomIndex = validIndexes.get(Random().nextInt(validIndexes.size())): null

30-01-2025T17:47:50 - [TEST_STEP][PASSED] - name = availableItems[randomIndex].getText(): null

30-01-2025T17:47:50 - [TEST_STEP][PASSED] - price = availablePrices[randomIndex].getText(): null

30-01-2025T17:47:50 - [TEST_STEP][PASSED] - availableButtons[randomIndex].click(): null

30-01-2025T17:47:50 - [TEST_STEP][PASSED] - delay(1): Delayed 1 second(s)

30-01-2025T17:47:52 - [MESSAGE][PASSED] - Delayed 1 second(s)

30-01-2025T17:47:52 - [TEST_STEP][PASSED] - verifyElementText(findTestObject("Object Repository/Page_Swag Labs/icone_carrinho"), i + 1.toString()): Actual text and expected text of test object 'Object Repository/Page_Swag Labs/icone_carrinho' are matched.

30-01-2025T17:47:52 - [MESSAGE][PASSED] - Actual text and expected text of test object 'Object Repository/Page_Swag Labs/icone_carrinho' are matched.

30-01-2025T17:47:52 - [TEST_STEP][PASSED] - click(findTestObject("Object Repository/Page_Swag Labs/icone_carrinho")): Object: 'Object Repository/Page_Swag Labs/icone_carrinho' is clicked on

30-01-2025T17:47:52 - [MESSAGE][PASSED] - Object: 'Object Repository/Page_Swag Labs/icone_carrinho' is clicked on

30-01-2025T17:47:52 - [TEST_STEP][PASSED] - delay(1): Delayed 1 second(s)

30-01-2025T17:47:53 - [MESSAGE][PASSED] - Delayed 1 second(s)

30-01-2025T17:47:53 - [TEST_STEP][PASSED] - cartItemNameList = findWebElements(findTestObject("Object Repository/Page_Swag Labs/cart_item_name"), 10): Found web elements by test object Object Repository/Page_Swag Labs/cart_item_name

30-01-2025T17:47:53 - [MESSAGE][PASSED] - Found web elements by test object Object Repository/Page_Swag Labs/cart_item_name

30-01-2025T17:47:53 - [TEST_STEP][PASSED] - cartItemPriceList = findWebElements(findTestObject("Object Repository/Page_Swag Labs/cart_item_price"), 10): Found web elements by test object Object Repository/Page_Swag Labs/cart_item_price

30-01-2025T17:47:54 - [MESSAGE][PASSED] - Found web elements by test object Object Repository/Page_Swag Labs/cart_item_price

30-01-2025T17:47:54 - [TEST_STEP][PASSED] - verifyMatch(cartItemNameList[i].getText(), name, false): Actual text 'Sauce Labs Backpack' and expected text 'Sauce Labs Backpack' are matched 

30-01-2025T17:47:54 - [MESSAGE][PASSED] - Actual text 'Sauce Labs Backpack' and expected text 'Sauce Labs Backpack' are matched 

30-01-2025T17:47:54 - [TEST_STEP][PASSED] - verifyMatch(cartItemPriceList[i].getText(), price, false): Actual text '$29.99' and expected text '$29.99' are matched 

30-01-2025T17:47:54 - [MESSAGE][PASSED] - Actual text '$29.99' and expected text '$29.99' are matched 

30-01-2025T17:47:54 - [TEST_STEP][PASSED] - addedItems.add(name): null

30-01-2025T17:47:54 - [TEST_STEP][PASSED] - click(findTestObject("Object Repository/Page_Swag Labs/button_Continue Shopping")): Object: 'Object Repository/Page_Swag Labs/button_Continue Shopping' is clicked on

30-01-2025T17:47:54 - [MESSAGE][PASSED] - Object: 'Object Repository/Page_Swag Labs/button_Continue Shopping' is clicked on

30-01-2025T17:47:54 - [TEST_STEP][PASSED] - availableItems = findWebElements(findTestObject("Object Repository/Page_Swag Labs/item_name"), 10): Found web elements by test object Object Repository/Page_Swag Labs/item_name

30-01-2025T17:47:54 - [MESSAGE][PASSED] - Found web elements by test object Object Repository/Page_Swag Labs/item_name

30-01-2025T17:47:54 - [TEST_STEP][PASSED] - availablePrices = findWebElements(findTestObject("Object Repository/Page_Swag Labs/item_price"), 10): Found web elements by test object Object Repository/Page_Swag Labs/item_price

30-01-2025T17:47:55 - [MESSAGE][PASSED] - Found web elements by test object Object Repository/Page_Swag Labs/item_price

30-01-2025T17:47:55 - [TEST_STEP][PASSED] - availableButtons = findWebElements(findTestObject("Object Repository/Page_Swag Labs/button_add_to_cart"), 10): Found web elements by test object Object Repository/Page_Swag Labs/button_add_to_cart

30-01-2025T17:47:55 - [MESSAGE][PASSED] - Found web elements by test object Object Repository/Page_Swag Labs/button_add_to_cart

30-01-2025T17:47:55 - [TEST_STEP][PASSED] - validIndexes = []: null

30-01-2025T17:47:55 - [TEST_STEP][PASSED] - for ([j = 0, j < availableItems.size(), (j++)]): null

30-01-2025T17:47:55 - [TEST_STEP][PASSED] - if (!(addedItems.contains(availableItems[j].getText()))): null

30-01-2025T17:47:55 - [TEST_STEP][PASSED] - if (!(addedItems.contains(availableItems[j].getText()))): null

30-01-2025T17:47:55 - [TEST_STEP][PASSED] - validIndexes.add(j): null

30-01-2025T17:47:55 - [TEST_STEP][PASSED] - if (!(addedItems.contains(availableItems[j].getText()))): null

30-01-2025T17:47:55 - [TEST_STEP][PASSED] - validIndexes.add(j): null

30-01-2025T17:47:55 - [TEST_STEP][PASSED] - if (!(addedItems.contains(availableItems[j].getText()))): null

30-01-2025T17:47:55 - [TEST_STEP][PASSED] - validIndexes.add(j): null

30-01-2025T17:47:55 - [TEST_STEP][PASSED] - if (!(addedItems.contains(availableItems[j].getText()))): null

30-01-2025T17:47:55 - [TEST_STEP][PASSED] - if (!(addedItems.contains(availableItems[j].getText()))): null

30-01-2025T17:47:55 - [TEST_STEP][PASSED] - if (validIndexes.isEmpty()): null

30-01-2025T17:47:55 - [TEST_STEP][PASSED] - randomIndex = validIndexes.get(Random().nextInt(validIndexes.size())): null

30-01-2025T17:47:55 - [TEST_STEP][PASSED] - name = availableItems[randomIndex].getText(): null

30-01-2025T17:47:55 - [TEST_STEP][PASSED] - price = availablePrices[randomIndex].getText(): null

30-01-2025T17:47:55 - [TEST_STEP][PASSED] - availableButtons[randomIndex].click(): null

30-01-2025T17:47:55 - [TEST_STEP][PASSED] - delay(1): Delayed 1 second(s)

30-01-2025T17:47:56 - [MESSAGE][PASSED] - Delayed 1 second(s)

30-01-2025T17:47:56 - [TEST_STEP][PASSED] - verifyElementText(findTestObject("Object Repository/Page_Swag Labs/icone_carrinho"), i + 1.toString()): Actual text and expected text of test object 'Object Repository/Page_Swag Labs/icone_carrinho' are matched.

30-01-2025T17:47:56 - [MESSAGE][PASSED] - Actual text and expected text of test object 'Object Repository/Page_Swag Labs/icone_carrinho' are matched.

30-01-2025T17:47:56 - [TEST_STEP][PASSED] - click(findTestObject("Object Repository/Page_Swag Labs/icone_carrinho")): Object: 'Object Repository/Page_Swag Labs/icone_carrinho' is clicked on

30-01-2025T17:47:56 - [MESSAGE][PASSED] - Object: 'Object Repository/Page_Swag Labs/icone_carrinho' is clicked on

30-01-2025T17:47:56 - [TEST_STEP][PASSED] - delay(1): Delayed 1 second(s)

30-01-2025T17:47:57 - [MESSAGE][PASSED] - Delayed 1 second(s)

30-01-2025T17:47:57 - [TEST_STEP][PASSED] - cartItemNameList = findWebElements(findTestObject("Object Repository/Page_Swag Labs/cart_item_name"), 10): Found web elements by test object Object Repository/Page_Swag Labs/cart_item_name

30-01-2025T17:47:58 - [MESSAGE][PASSED] - Found web elements by test object Object Repository/Page_Swag Labs/cart_item_name

30-01-2025T17:47:58 - [TEST_STEP][PASSED] - cartItemPriceList = findWebElements(findTestObject("Object Repository/Page_Swag Labs/cart_item_price"), 10): Found web elements by test object Object Repository/Page_Swag Labs/cart_item_price

30-01-2025T17:47:58 - [MESSAGE][PASSED] - Found web elements by test object Object Repository/Page_Swag Labs/cart_item_price

30-01-2025T17:47:58 - [TEST_STEP][PASSED] - verifyMatch(cartItemNameList[i].getText(), name, false): Actual text 'Sauce Labs Fleece Jacket' and expected text 'Sauce Labs Fleece Jacket' are matched 

30-01-2025T17:47:58 - [MESSAGE][PASSED] - Actual text 'Sauce Labs Fleece Jacket' and expected text 'Sauce Labs Fleece Jacket' are matched 

30-01-2025T17:47:58 - [TEST_STEP][PASSED] - verifyMatch(cartItemPriceList[i].getText(), price, false): Actual text '$49.99' and expected text '$49.99' are matched 

30-01-2025T17:47:58 - [MESSAGE][PASSED] - Actual text '$49.99' and expected text '$49.99' are matched 

30-01-2025T17:47:58 - [TEST_STEP][PASSED] - addedItems.add(name): null

30-01-2025T17:47:58 - [TEST_STEP][PASSED] - click(findTestObject("Object Repository/Page_Swag Labs/button_Continue Shopping")): Object: 'Object Repository/Page_Swag Labs/button_Continue Shopping' is clicked on

30-01-2025T17:47:58 - [MESSAGE][PASSED] - Object: 'Object Repository/Page_Swag Labs/button_Continue Shopping' is clicked on

30-01-2025T17:47:58 - [TEST_STEP][PASSED] - availableItems = findWebElements(findTestObject("Object Repository/Page_Swag Labs/item_name"), 10): Found web elements by test object Object Repository/Page_Swag Labs/item_name

30-01-2025T17:47:59 - [MESSAGE][PASSED] - Found web elements by test object Object Repository/Page_Swag Labs/item_name

30-01-2025T17:47:59 - [TEST_STEP][PASSED] - availablePrices = findWebElements(findTestObject("Object Repository/Page_Swag Labs/item_price"), 10): Found web elements by test object Object Repository/Page_Swag Labs/item_price

30-01-2025T17:47:59 - [MESSAGE][PASSED] - Found web elements by test object Object Repository/Page_Swag Labs/item_price

30-01-2025T17:47:59 - [TEST_STEP][PASSED] - availableButtons = findWebElements(findTestObject("Object Repository/Page_Swag Labs/button_add_to_cart"), 10): Found web elements by test object Object Repository/Page_Swag Labs/button_add_to_cart

30-01-2025T17:47:59 - [MESSAGE][PASSED] - Found web elements by test object Object Repository/Page_Swag Labs/button_add_to_cart

30-01-2025T17:47:59 - [TEST_STEP][PASSED] - validIndexes = []: null

30-01-2025T17:47:59 - [TEST_STEP][PASSED] - for ([j = 0, j < availableItems.size(), (j++)]): null

30-01-2025T17:47:59 - [TEST_STEP][PASSED] - if (!(addedItems.contains(availableItems[j].getText()))): null

30-01-2025T17:47:59 - [TEST_STEP][PASSED] - if (!(addedItems.contains(availableItems[j].getText()))): null

30-01-2025T17:47:59 - [TEST_STEP][PASSED] - validIndexes.add(j): null

30-01-2025T17:47:59 - [TEST_STEP][PASSED] - if (!(addedItems.contains(availableItems[j].getText()))): null

30-01-2025T17:47:59 - [TEST_STEP][PASSED] - validIndexes.add(j): null

30-01-2025T17:47:59 - [TEST_STEP][PASSED] - if (!(addedItems.contains(availableItems[j].getText()))): null

30-01-2025T17:47:59 - [TEST_STEP][PASSED] - if (!(addedItems.contains(availableItems[j].getText()))): null

30-01-2025T17:47:59 - [TEST_STEP][PASSED] - if (!(addedItems.contains(availableItems[j].getText()))): null

30-01-2025T17:47:59 - [TEST_STEP][PASSED] - if (validIndexes.isEmpty()): null

30-01-2025T17:47:59 - [TEST_STEP][PASSED] - randomIndex = validIndexes.get(Random().nextInt(validIndexes.size())): null

30-01-2025T17:47:59 - [TEST_STEP][PASSED] - name = availableItems[randomIndex].getText(): null

30-01-2025T17:47:59 - [TEST_STEP][PASSED] - price = availablePrices[randomIndex].getText(): null

30-01-2025T17:47:59 - [TEST_STEP][PASSED] - availableButtons[randomIndex].click(): null

30-01-2025T17:47:59 - [TEST_STEP][PASSED] - delay(1): Delayed 1 second(s)

30-01-2025T17:48:00 - [MESSAGE][PASSED] - Delayed 1 second(s)

30-01-2025T17:48:00 - [TEST_STEP][PASSED] - verifyElementText(findTestObject("Object Repository/Page_Swag Labs/icone_carrinho"), i + 1.toString()): Actual text and expected text of test object 'Object Repository/Page_Swag Labs/icone_carrinho' are matched.

30-01-2025T17:48:01 - [MESSAGE][PASSED] - Actual text and expected text of test object 'Object Repository/Page_Swag Labs/icone_carrinho' are matched.

30-01-2025T17:48:01 - [TEST_STEP][PASSED] - click(findTestObject("Object Repository/Page_Swag Labs/icone_carrinho")): Object: 'Object Repository/Page_Swag Labs/icone_carrinho' is clicked on

30-01-2025T17:48:01 - [MESSAGE][PASSED] - Object: 'Object Repository/Page_Swag Labs/icone_carrinho' is clicked on

30-01-2025T17:48:01 - [TEST_STEP][PASSED] - delay(1): Delayed 1 second(s)

30-01-2025T17:48:02 - [MESSAGE][PASSED] - Delayed 1 second(s)

30-01-2025T17:48:02 - [TEST_STEP][PASSED] - cartItemNameList = findWebElements(findTestObject("Object Repository/Page_Swag Labs/cart_item_name"), 10): Found web elements by test object Object Repository/Page_Swag Labs/cart_item_name

30-01-2025T17:48:02 - [MESSAGE][PASSED] - Found web elements by test object Object Repository/Page_Swag Labs/cart_item_name

30-01-2025T17:48:02 - [TEST_STEP][PASSED] - cartItemPriceList = findWebElements(findTestObject("Object Repository/Page_Swag Labs/cart_item_price"), 10): Found web elements by test object Object Repository/Page_Swag Labs/cart_item_price

30-01-2025T17:48:02 - [MESSAGE][PASSED] - Found web elements by test object Object Repository/Page_Swag Labs/cart_item_price

30-01-2025T17:48:02 - [TEST_STEP][PASSED] - verifyMatch(cartItemNameList[i].getText(), name, false): Actual text 'Sauce Labs Bike Light' and expected text 'Sauce Labs Bike Light' are matched 

30-01-2025T17:48:02 - [MESSAGE][PASSED] - Actual text 'Sauce Labs Bike Light' and expected text 'Sauce Labs Bike Light' are matched 

30-01-2025T17:48:02 - [TEST_STEP][PASSED] - verifyMatch(cartItemPriceList[i].getText(), price, false): Actual text '$9.99' and expected text '$9.99' are matched 

30-01-2025T17:48:02 - [MESSAGE][PASSED] - Actual text '$9.99' and expected text '$9.99' are matched 

30-01-2025T17:48:02 - [TEST_STEP][PASSED] - addedItems.add(name): null

30-01-2025T17:48:02 - [TEST_STEP][PASSED] - click(findTestObject("Object Repository/Page_Swag Labs/button_Continue Shopping")): Object: 'Object Repository/Page_Swag Labs/button_Continue Shopping' is clicked on

30-01-2025T17:48:03 - [MESSAGE][PASSED] - Object: 'Object Repository/Page_Swag Labs/button_Continue Shopping' is clicked on]]></system-out>
         <system-err><![CDATA[]]></system-err>
      </testcase>
      <testcase name="Test Cases/Askblue_Training/Add_to_Cart/Add_to_Cart_Todos" time="27.962" classname="Test Cases/Askblue_Training/Add_to_Cart/Add_to_Cart_Todos" status="PASSED">
         <system-out><![CDATA[30-01-2025T17:48:03 - [TEST_CASE][PASSED] - Test Cases/Askblue_Training/Add_to_Cart/Add_to_Cart_Todos: Test Cases/Askblue_Training/Add_to_Cart/Add_to_Cart_Todos

30-01-2025T17:48:03 - [TEST_STEP][PASSED] - callTestCase(findTestCase("Askblue_Training/Login_Logout/Login_Positivo"), ["username":"standard_user", "password":"secret_sauce"], STOP_ON_FAILURE): Call Test Case 'Test Cases/Askblue_Training/Login_Logout/Login_Positivo' successfully

30-01-2025T17:48:03 - [TEST_CASE][PASSED] - Test Cases/Askblue_Training/Login_Logout/Login_Positivo: Test Cases/Askblue_Training/Login_Logout/Login_Positivo

30-01-2025T17:48:03 - [TEST_STEP][PASSED] - openBrowser(""): Browser is opened with url: ''

30-01-2025T17:48:03 - [MESSAGE][WARNING] - A browser is already opened. Closing browser and opening a new one

30-01-2025T17:48:03 - [MESSAGE][INFO] - Starting 'Chrome' driver

30-01-2025T17:48:03 - [MESSAGE][INFO] - Action delay is set to 0 milliseconds

30-01-2025T17:48:04 - [MESSAGE][PASSED] - Browser is opened with url: ''

30-01-2025T17:48:04 - [TEST_STEP][PASSED] - navigateToUrl("https://www.saucedemo.com/"): Navigate to 'https://www.saucedemo.com/' successfully

30-01-2025T17:48:04 - [MESSAGE][PASSED] - Navigate to 'https://www.saucedemo.com/' successfully

30-01-2025T17:48:04 - [TEST_STEP][PASSED] - setText(findTestObject("Object Repository/Page_Swag Labs/input_Swag Labs_user-name"), username): Text 'standard_user' is set on object 'Object Repository/Page_Swag Labs/input_Swag Labs_user-name'

30-01-2025T17:48:05 - [MESSAGE][PASSED] - Text 'standard_user' is set on object 'Object Repository/Page_Swag Labs/input_Swag Labs_user-name'

30-01-2025T17:48:05 - [TEST_STEP][PASSED] - setText(findTestObject("Object Repository/Page_Swag Labs/input_Swag Labs_password"), password): Text 'secret_sauce' is set on object 'Object Repository/Page_Swag Labs/input_Swag Labs_password'

30-01-2025T17:48:06 - [MESSAGE][PASSED] - Text 'secret_sauce' is set on object 'Object Repository/Page_Swag Labs/input_Swag Labs_password'

30-01-2025T17:48:06 - [TEST_STEP][PASSED] - click(findTestObject("Object Repository/Page_Swag Labs/input_Swag Labs_login-button")): Object: 'Object Repository/Page_Swag Labs/input_Swag Labs_login-button' is clicked on

30-01-2025T17:48:06 - [MESSAGE][PASSED] - Object: 'Object Repository/Page_Swag Labs/input_Swag Labs_login-button' is clicked on

30-01-2025T17:48:06 - [TEST_STEP][PASSED] - click(findTestObject("Object Repository/Page_Swag Labs/button_Open Menu")): Object: 'Object Repository/Page_Swag Labs/button_Open Menu' is clicked on

30-01-2025T17:48:06 - [MESSAGE][PASSED] - Object: 'Object Repository/Page_Swag Labs/button_Open Menu' is clicked on

30-01-2025T17:48:06 - [TEST_STEP][PASSED] - verifyElementText(findTestObject("Object Repository/Page_Swag Labs/a_Logout"), "Logout"): Actual text and expected text of test object 'Object Repository/Page_Swag Labs/a_Logout' are matched.

30-01-2025T17:48:07 - [MESSAGE][PASSED] - Actual text and expected text of test object 'Object Repository/Page_Swag Labs/a_Logout' are matched.

30-01-2025T17:48:07 - [TEST_STEP][PASSED] - click(findTestObject("Object Repository/Page_Swag Labs/button_Close Menu")): Object: 'Object Repository/Page_Swag Labs/button_Close Menu' is clicked on

30-01-2025T17:48:07 - [MESSAGE][PASSED] - Object: 'Object Repository/Page_Swag Labs/button_Close Menu' is clicked on

30-01-2025T17:48:07 - [MESSAGE][PASSED] - Call Test Case 'Test Cases/Askblue_Training/Login_Logout/Login_Positivo' successfully

30-01-2025T17:48:07 - [TEST_STEP][PASSED] - addToCart = findTestObject("Object Repository/Page_Swag Labs/button_add_to_cart"): null

30-01-2025T17:48:07 - [TEST_STEP][PASSED] - addToCartList = findWebElements(addToCart, 10): Found web elements by test object Object Repository/Page_Swag Labs/button_add_to_cart

30-01-2025T17:48:07 - [MESSAGE][PASSED] - Found web elements by test object Object Repository/Page_Swag Labs/button_add_to_cart

30-01-2025T17:48:07 - [TEST_STEP][PASSED] - for ([i = 0, i < addToCartList.size(), (i++)]): Found web elements by test object Object Repository/Page_Swag Labs/item_price

30-01-2025T17:48:07 - [TEST_STEP][PASSED] - itemNames = findTestObject("Object Repository/Page_Swag Labs/item_name"): null

30-01-2025T17:48:07 - [TEST_STEP][PASSED] - itemNameList = findWebElements(itemNames, 10): Found web elements by test object Object Repository/Page_Swag Labs/item_name

30-01-2025T17:48:07 - [MESSAGE][PASSED] - Found web elements by test object Object Repository/Page_Swag Labs/item_name

30-01-2025T17:48:08 - [TEST_STEP][PASSED] - name = itemNameList[i].getText(): null

30-01-2025T17:48:08 - [TEST_STEP][PASSED] - itemPrices = findTestObject("Object Repository/Page_Swag Labs/item_price"): null

30-01-2025T17:48:08 - [TEST_STEP][PASSED] - itemPriceList = findWebElements(itemPrices, 10): Found web elements by test object Object Repository/Page_Swag Labs/item_price

30-01-2025T17:48:08 - [MESSAGE][PASSED] - Found web elements by test object Object Repository/Page_Swag Labs/item_price

30-01-2025T17:48:08 - [TEST_STEP][PASSED] - price = itemPriceList[i].getText(): null

30-01-2025T17:48:08 - [TEST_STEP][PASSED] - get(i).click(): null

30-01-2025T17:48:08 - [TEST_STEP][PASSED] - verifyElementText(findTestObject("Object Repository/Page_Swag Labs/icone_carrinho"), i + 1.toString()): Actual text and expected text of test object 'Object Repository/Page_Swag Labs/icone_carrinho' are matched.

30-01-2025T17:48:08 - [MESSAGE][PASSED] - Actual text and expected text of test object 'Object Repository/Page_Swag Labs/icone_carrinho' are matched.

30-01-2025T17:48:08 - [TEST_STEP][PASSED] - click(findTestObject("Object Repository/Page_Swag Labs/icone_carrinho")): Object: 'Object Repository/Page_Swag Labs/icone_carrinho' is clicked on

30-01-2025T17:48:08 - [MESSAGE][PASSED] - Object: 'Object Repository/Page_Swag Labs/icone_carrinho' is clicked on

30-01-2025T17:48:08 - [TEST_STEP][PASSED] - delay(1): Delayed 1 second(s)

30-01-2025T17:48:09 - [MESSAGE][PASSED] - Delayed 1 second(s)

30-01-2025T17:48:09 - [TEST_STEP][PASSED] - cartItemNames = findTestObject("Object Repository/Page_Swag Labs/cart_item_name"): null

30-01-2025T17:48:09 - [TEST_STEP][PASSED] - cartItemNameList = findWebElements(cartItemNames, 10): Found web elements by test object Object Repository/Page_Swag Labs/cart_item_name

30-01-2025T17:48:10 - [MESSAGE][PASSED] - Found web elements by test object Object Repository/Page_Swag Labs/cart_item_name

30-01-2025T17:48:10 - [TEST_STEP][PASSED] - verifyMatch(cartItemNameList[i].getText(), name, false): Actual text 'Sauce Labs Backpack' and expected text 'Sauce Labs Backpack' are matched 

30-01-2025T17:48:10 - [MESSAGE][PASSED] - Actual text 'Sauce Labs Backpack' and expected text 'Sauce Labs Backpack' are matched 

30-01-2025T17:48:10 - [TEST_STEP][PASSED] - cartItemPrices = findTestObject("Object Repository/Page_Swag Labs/cart_item_price"): null

30-01-2025T17:48:10 - [TEST_STEP][PASSED] - cartItemPriceList = findWebElements(cartItemPrices, 10): Found web elements by test object Object Repository/Page_Swag Labs/cart_item_price

30-01-2025T17:48:10 - [MESSAGE][PASSED] - Found web elements by test object Object Repository/Page_Swag Labs/cart_item_price

30-01-2025T17:48:10 - [TEST_STEP][PASSED] - verifyMatch(cartItemPriceList[i].getText(), price, false): Actual text '$29.99' and expected text '$29.99' are matched 

30-01-2025T17:48:10 - [MESSAGE][PASSED] - Actual text '$29.99' and expected text '$29.99' are matched 

30-01-2025T17:48:10 - [TEST_STEP][PASSED] - click(findTestObject("Object Repository/Page_Swag Labs/button_Continue Shopping")): Object: 'Object Repository/Page_Swag Labs/button_Continue Shopping' is clicked on

30-01-2025T17:48:10 - [MESSAGE][PASSED] - Object: 'Object Repository/Page_Swag Labs/button_Continue Shopping' is clicked on

30-01-2025T17:48:10 - [TEST_STEP][PASSED] - addToCartList = findWebElements(addToCart, 10): Found web elements by test object Object Repository/Page_Swag Labs/button_add_to_cart

30-01-2025T17:48:11 - [MESSAGE][PASSED] - Found web elements by test object Object Repository/Page_Swag Labs/button_add_to_cart

30-01-2025T17:48:11 - [TEST_STEP][PASSED] - itemNameList = findWebElements(itemNames, 10): Found web elements by test object Object Repository/Page_Swag Labs/item_name

30-01-2025T17:48:11 - [MESSAGE][PASSED] - Found web elements by test object Object Repository/Page_Swag Labs/item_name

30-01-2025T17:48:11 - [TEST_STEP][PASSED] - itemPriceList = findWebElements(itemPrices, 10): Found web elements by test object Object Repository/Page_Swag Labs/item_price

30-01-2025T17:48:11 - [MESSAGE][PASSED] - Found web elements by test object Object Repository/Page_Swag Labs/item_price

30-01-2025T17:48:11 - [TEST_STEP][PASSED] - itemNames = findTestObject("Object Repository/Page_Swag Labs/item_name"): null

30-01-2025T17:48:11 - [TEST_STEP][PASSED] - itemNameList = findWebElements(itemNames, 10): Found web elements by test object Object Repository/Page_Swag Labs/item_name

30-01-2025T17:48:11 - [MESSAGE][PASSED] - Found web elements by test object Object Repository/Page_Swag Labs/item_name

30-01-2025T17:48:11 - [TEST_STEP][PASSED] - name = itemNameList[i].getText(): null

30-01-2025T17:48:11 - [TEST_STEP][PASSED] - itemPrices = findTestObject("Object Repository/Page_Swag Labs/item_price"): null

30-01-2025T17:48:11 - [TEST_STEP][PASSED] - itemPriceList = findWebElements(itemPrices, 10): Found web elements by test object Object Repository/Page_Swag Labs/item_price

30-01-2025T17:48:12 - [MESSAGE][PASSED] - Found web elements by test object Object Repository/Page_Swag Labs/item_price

30-01-2025T17:48:12 - [TEST_STEP][PASSED] - price = itemPriceList[i].getText(): null

30-01-2025T17:48:12 - [TEST_STEP][PASSED] - get(i).click(): null

30-01-2025T17:48:12 - [TEST_STEP][PASSED] - verifyElementText(findTestObject("Object Repository/Page_Swag Labs/icone_carrinho"), i + 1.toString()): Actual text and expected text of test object 'Object Repository/Page_Swag Labs/icone_carrinho' are matched.

30-01-2025T17:48:12 - [MESSAGE][PASSED] - Actual text and expected text of test object 'Object Repository/Page_Swag Labs/icone_carrinho' are matched.

30-01-2025T17:48:12 - [TEST_STEP][PASSED] - click(findTestObject("Object Repository/Page_Swag Labs/icone_carrinho")): Object: 'Object Repository/Page_Swag Labs/icone_carrinho' is clicked on

30-01-2025T17:48:12 - [MESSAGE][PASSED] - Object: 'Object Repository/Page_Swag Labs/icone_carrinho' is clicked on

30-01-2025T17:48:12 - [TEST_STEP][PASSED] - delay(1): Delayed 1 second(s)

30-01-2025T17:48:13 - [MESSAGE][PASSED] - Delayed 1 second(s)

30-01-2025T17:48:13 - [TEST_STEP][PASSED] - cartItemNames = findTestObject("Object Repository/Page_Swag Labs/cart_item_name"): null

30-01-2025T17:48:13 - [TEST_STEP][PASSED] - cartItemNameList = findWebElements(cartItemNames, 10): Found web elements by test object Object Repository/Page_Swag Labs/cart_item_name

30-01-2025T17:48:14 - [MESSAGE][PASSED] - Found web elements by test object Object Repository/Page_Swag Labs/cart_item_name

30-01-2025T17:48:14 - [TEST_STEP][PASSED] - verifyMatch(cartItemNameList[i].getText(), name, false): Actual text 'Sauce Labs Bike Light' and expected text 'Sauce Labs Bike Light' are matched 

30-01-2025T17:48:14 - [MESSAGE][PASSED] - Actual text 'Sauce Labs Bike Light' and expected text 'Sauce Labs Bike Light' are matched 

30-01-2025T17:48:14 - [TEST_STEP][PASSED] - cartItemPrices = findTestObject("Object Repository/Page_Swag Labs/cart_item_price"): null

30-01-2025T17:48:14 - [TEST_STEP][PASSED] - cartItemPriceList = findWebElements(cartItemPrices, 10): Found web elements by test object Object Repository/Page_Swag Labs/cart_item_price

30-01-2025T17:48:14 - [MESSAGE][PASSED] - Found web elements by test object Object Repository/Page_Swag Labs/cart_item_price

30-01-2025T17:48:14 - [TEST_STEP][PASSED] - verifyMatch(cartItemPriceList[i].getText(), price, false): Actual text '$9.99' and expected text '$9.99' are matched 

30-01-2025T17:48:14 - [MESSAGE][PASSED] - Actual text '$9.99' and expected text '$9.99' are matched 

30-01-2025T17:48:14 - [TEST_STEP][PASSED] - click(findTestObject("Object Repository/Page_Swag Labs/button_Continue Shopping")): Object: 'Object Repository/Page_Swag Labs/button_Continue Shopping' is clicked on

30-01-2025T17:48:14 - [MESSAGE][PASSED] - Object: 'Object Repository/Page_Swag Labs/button_Continue Shopping' is clicked on

30-01-2025T17:48:14 - [TEST_STEP][PASSED] - addToCartList = findWebElements(addToCart, 10): Found web elements by test object Object Repository/Page_Swag Labs/button_add_to_cart

30-01-2025T17:48:14 - [MESSAGE][PASSED] - Found web elements by test object Object Repository/Page_Swag Labs/button_add_to_cart

30-01-2025T17:48:14 - [TEST_STEP][PASSED] - itemNameList = findWebElements(itemNames, 10): Found web elements by test object Object Repository/Page_Swag Labs/item_name

30-01-2025T17:48:15 - [MESSAGE][PASSED] - Found web elements by test object Object Repository/Page_Swag Labs/item_name

30-01-2025T17:48:15 - [TEST_STEP][PASSED] - itemPriceList = findWebElements(itemPrices, 10): Found web elements by test object Object Repository/Page_Swag Labs/item_price

30-01-2025T17:48:15 - [MESSAGE][PASSED] - Found web elements by test object Object Repository/Page_Swag Labs/item_price

30-01-2025T17:48:15 - [TEST_STEP][PASSED] - itemNames = findTestObject("Object Repository/Page_Swag Labs/item_name"): null

30-01-2025T17:48:16 - [TEST_STEP][PASSED] - itemNameList = findWebElements(itemNames, 10): Found web elements by test object Object Repository/Page_Swag Labs/item_name

30-01-2025T17:48:16 - [MESSAGE][PASSED] - Found web elements by test object Object Repository/Page_Swag Labs/item_name

30-01-2025T17:48:16 - [TEST_STEP][PASSED] - name = itemNameList[i].getText(): null

30-01-2025T17:48:16 - [TEST_STEP][PASSED] - itemPrices = findTestObject("Object Repository/Page_Swag Labs/item_price"): null

30-01-2025T17:48:16 - [TEST_STEP][PASSED] - itemPriceList = findWebElements(itemPrices, 10): Found web elements by test object Object Repository/Page_Swag Labs/item_price

30-01-2025T17:48:16 - [MESSAGE][PASSED] - Found web elements by test object Object Repository/Page_Swag Labs/item_price

30-01-2025T17:48:16 - [TEST_STEP][PASSED] - price = itemPriceList[i].getText(): null

30-01-2025T17:48:16 - [TEST_STEP][PASSED] - get(i).click(): null

30-01-2025T17:48:16 - [TEST_STEP][PASSED] - verifyElementText(findTestObject("Object Repository/Page_Swag Labs/icone_carrinho"), i + 1.toString()): Actual text and expected text of test object 'Object Repository/Page_Swag Labs/icone_carrinho' are matched.

30-01-2025T17:48:16 - [MESSAGE][PASSED] - Actual text and expected text of test object 'Object Repository/Page_Swag Labs/icone_carrinho' are matched.

30-01-2025T17:48:16 - [TEST_STEP][PASSED] - click(findTestObject("Object Repository/Page_Swag Labs/icone_carrinho")): Object: 'Object Repository/Page_Swag Labs/icone_carrinho' is clicked on

30-01-2025T17:48:17 - [MESSAGE][PASSED] - Object: 'Object Repository/Page_Swag Labs/icone_carrinho' is clicked on

30-01-2025T17:48:17 - [TEST_STEP][PASSED] - delay(1): Delayed 1 second(s)

30-01-2025T17:48:18 - [MESSAGE][PASSED] - Delayed 1 second(s)

30-01-2025T17:48:18 - [TEST_STEP][PASSED] - cartItemNames = findTestObject("Object Repository/Page_Swag Labs/cart_item_name"): null

30-01-2025T17:48:18 - [TEST_STEP][PASSED] - cartItemNameList = findWebElements(cartItemNames, 10): Found web elements by test object Object Repository/Page_Swag Labs/cart_item_name

30-01-2025T17:48:18 - [MESSAGE][PASSED] - Found web elements by test object Object Repository/Page_Swag Labs/cart_item_name

30-01-2025T17:48:18 - [TEST_STEP][PASSED] - verifyMatch(cartItemNameList[i].getText(), name, false): Actual text 'Sauce Labs Bolt T-Shirt' and expected text 'Sauce Labs Bolt T-Shirt' are matched 

30-01-2025T17:48:18 - [MESSAGE][PASSED] - Actual text 'Sauce Labs Bolt T-Shirt' and expected text 'Sauce Labs Bolt T-Shirt' are matched 

30-01-2025T17:48:18 - [TEST_STEP][PASSED] - cartItemPrices = findTestObject("Object Repository/Page_Swag Labs/cart_item_price"): null

30-01-2025T17:48:18 - [TEST_STEP][PASSED] - cartItemPriceList = findWebElements(cartItemPrices, 10): Found web elements by test object Object Repository/Page_Swag Labs/cart_item_price

30-01-2025T17:48:18 - [MESSAGE][PASSED] - Found web elements by test object Object Repository/Page_Swag Labs/cart_item_price

30-01-2025T17:48:18 - [TEST_STEP][PASSED] - verifyMatch(cartItemPriceList[i].getText(), price, false): Actual text '$15.99' and expected text '$15.99' are matched 

30-01-2025T17:48:18 - [MESSAGE][PASSED] - Actual text '$15.99' and expected text '$15.99' are matched 

30-01-2025T17:48:18 - [TEST_STEP][PASSED] - click(findTestObject("Object Repository/Page_Swag Labs/button_Continue Shopping")): Object: 'Object Repository/Page_Swag Labs/button_Continue Shopping' is clicked on

30-01-2025T17:48:19 - [MESSAGE][PASSED] - Object: 'Object Repository/Page_Swag Labs/button_Continue Shopping' is clicked on

30-01-2025T17:48:19 - [TEST_STEP][PASSED] - addToCartList = findWebElements(addToCart, 10): Found web elements by test object Object Repository/Page_Swag Labs/button_add_to_cart

30-01-2025T17:48:19 - [MESSAGE][PASSED] - Found web elements by test object Object Repository/Page_Swag Labs/button_add_to_cart

30-01-2025T17:48:19 - [TEST_STEP][PASSED] - itemNameList = findWebElements(itemNames, 10): Found web elements by test object Object Repository/Page_Swag Labs/item_name

30-01-2025T17:48:19 - [MESSAGE][PASSED] - Found web elements by test object Object Repository/Page_Swag Labs/item_name

30-01-2025T17:48:19 - [TEST_STEP][PASSED] - itemPriceList = findWebElements(itemPrices, 10): Found web elements by test object Object Repository/Page_Swag Labs/item_price

30-01-2025T17:48:19 - [MESSAGE][PASSED] - Found web elements by test object Object Repository/Page_Swag Labs/item_price

30-01-2025T17:48:19 - [TEST_STEP][PASSED] - itemNames = findTestObject("Object Repository/Page_Swag Labs/item_name"): null

30-01-2025T17:48:19 - [TEST_STEP][PASSED] - itemNameList = findWebElements(itemNames, 10): Found web elements by test object Object Repository/Page_Swag Labs/item_name

30-01-2025T17:48:20 - [MESSAGE][PASSED] - Found web elements by test object Object Repository/Page_Swag Labs/item_name

30-01-2025T17:48:20 - [TEST_STEP][PASSED] - name = itemNameList[i].getText(): null

30-01-2025T17:48:20 - [TEST_STEP][PASSED] - itemPrices = findTestObject("Object Repository/Page_Swag Labs/item_price"): null

30-01-2025T17:48:20 - [TEST_STEP][PASSED] - itemPriceList = findWebElements(itemPrices, 10): Found web elements by test object Object Repository/Page_Swag Labs/item_price

30-01-2025T17:48:20 - [MESSAGE][PASSED] - Found web elements by test object Object Repository/Page_Swag Labs/item_price

30-01-2025T17:48:20 - [TEST_STEP][PASSED] - price = itemPriceList[i].getText(): null

30-01-2025T17:48:20 - [TEST_STEP][PASSED] - get(i).click(): null

30-01-2025T17:48:20 - [TEST_STEP][PASSED] - verifyElementText(findTestObject("Object Repository/Page_Swag Labs/icone_carrinho"), i + 1.toString()): Actual text and expected text of test object 'Object Repository/Page_Swag Labs/icone_carrinho' are matched.

30-01-2025T17:48:20 - [MESSAGE][PASSED] - Actual text and expected text of test object 'Object Repository/Page_Swag Labs/icone_carrinho' are matched.

30-01-2025T17:48:20 - [TEST_STEP][PASSED] - click(findTestObject("Object Repository/Page_Swag Labs/icone_carrinho")): Object: 'Object Repository/Page_Swag Labs/icone_carrinho' is clicked on

30-01-2025T17:48:20 - [MESSAGE][PASSED] - Object: 'Object Repository/Page_Swag Labs/icone_carrinho' is clicked on

30-01-2025T17:48:20 - [TEST_STEP][PASSED] - delay(1): Delayed 1 second(s)

30-01-2025T17:48:21 - [MESSAGE][PASSED] - Delayed 1 second(s)

30-01-2025T17:48:21 - [TEST_STEP][PASSED] - cartItemNames = findTestObject("Object Repository/Page_Swag Labs/cart_item_name"): null

30-01-2025T17:48:21 - [TEST_STEP][PASSED] - cartItemNameList = findWebElements(cartItemNames, 10): Found web elements by test object Object Repository/Page_Swag Labs/cart_item_name

30-01-2025T17:48:22 - [MESSAGE][PASSED] - Found web elements by test object Object Repository/Page_Swag Labs/cart_item_name

30-01-2025T17:48:22 - [TEST_STEP][PASSED] - verifyMatch(cartItemNameList[i].getText(), name, false): Actual text 'Sauce Labs Fleece Jacket' and expected text 'Sauce Labs Fleece Jacket' are matched 

30-01-2025T17:48:22 - [MESSAGE][PASSED] - Actual text 'Sauce Labs Fleece Jacket' and expected text 'Sauce Labs Fleece Jacket' are matched 

30-01-2025T17:48:22 - [TEST_STEP][PASSED] - cartItemPrices = findTestObject("Object Repository/Page_Swag Labs/cart_item_price"): null

30-01-2025T17:48:22 - [TEST_STEP][PASSED] - cartItemPriceList = findWebElements(cartItemPrices, 10): Found web elements by test object Object Repository/Page_Swag Labs/cart_item_price

30-01-2025T17:48:22 - [MESSAGE][PASSED] - Found web elements by test object Object Repository/Page_Swag Labs/cart_item_price

30-01-2025T17:48:22 - [TEST_STEP][PASSED] - verifyMatch(cartItemPriceList[i].getText(), price, false): Actual text '$49.99' and expected text '$49.99' are matched 

30-01-2025T17:48:22 - [MESSAGE][PASSED] - Actual text '$49.99' and expected text '$49.99' are matched 

30-01-2025T17:48:22 - [TEST_STEP][PASSED] - click(findTestObject("Object Repository/Page_Swag Labs/button_Continue Shopping")): Object: 'Object Repository/Page_Swag Labs/button_Continue Shopping' is clicked on

30-01-2025T17:48:22 - [MESSAGE][PASSED] - Object: 'Object Repository/Page_Swag Labs/button_Continue Shopping' is clicked on

30-01-2025T17:48:22 - [TEST_STEP][PASSED] - addToCartList = findWebElements(addToCart, 10): Found web elements by test object Object Repository/Page_Swag Labs/button_add_to_cart

30-01-2025T17:48:23 - [MESSAGE][PASSED] - Found web elements by test object Object Repository/Page_Swag Labs/button_add_to_cart

30-01-2025T17:48:23 - [TEST_STEP][PASSED] - itemNameList = findWebElements(itemNames, 10): Found web elements by test object Object Repository/Page_Swag Labs/item_name

30-01-2025T17:48:23 - [MESSAGE][PASSED] - Found web elements by test object Object Repository/Page_Swag Labs/item_name

30-01-2025T17:48:23 - [TEST_STEP][PASSED] - itemPriceList = findWebElements(itemPrices, 10): Found web elements by test object Object Repository/Page_Swag Labs/item_price

30-01-2025T17:48:23 - [MESSAGE][PASSED] - Found web elements by test object Object Repository/Page_Swag Labs/item_price

30-01-2025T17:48:23 - [TEST_STEP][PASSED] - itemNames = findTestObject("Object Repository/Page_Swag Labs/item_name"): null

30-01-2025T17:48:23 - [TEST_STEP][PASSED] - itemNameList = findWebElements(itemNames, 10): Found web elements by test object Object Repository/Page_Swag Labs/item_name

30-01-2025T17:48:23 - [MESSAGE][PASSED] - Found web elements by test object Object Repository/Page_Swag Labs/item_name

30-01-2025T17:48:23 - [TEST_STEP][PASSED] - name = itemNameList[i].getText(): null

30-01-2025T17:48:23 - [TEST_STEP][PASSED] - itemPrices = findTestObject("Object Repository/Page_Swag Labs/item_price"): null

30-01-2025T17:48:23 - [TEST_STEP][PASSED] - itemPriceList = findWebElements(itemPrices, 10): Found web elements by test object Object Repository/Page_Swag Labs/item_price

30-01-2025T17:48:24 - [MESSAGE][PASSED] - Found web elements by test object Object Repository/Page_Swag Labs/item_price

30-01-2025T17:48:24 - [TEST_STEP][PASSED] - price = itemPriceList[i].getText(): null

30-01-2025T17:48:24 - [TEST_STEP][PASSED] - get(i).click(): null

30-01-2025T17:48:24 - [TEST_STEP][PASSED] - verifyElementText(findTestObject("Object Repository/Page_Swag Labs/icone_carrinho"), i + 1.toString()): Actual text and expected text of test object 'Object Repository/Page_Swag Labs/icone_carrinho' are matched.

30-01-2025T17:48:24 - [MESSAGE][PASSED] - Actual text and expected text of test object 'Object Repository/Page_Swag Labs/icone_carrinho' are matched.

30-01-2025T17:48:24 - [TEST_STEP][PASSED] - click(findTestObject("Object Repository/Page_Swag Labs/icone_carrinho")): Object: 'Object Repository/Page_Swag Labs/icone_carrinho' is clicked on

30-01-2025T17:48:24 - [MESSAGE][PASSED] - Object: 'Object Repository/Page_Swag Labs/icone_carrinho' is clicked on

30-01-2025T17:48:24 - [TEST_STEP][PASSED] - delay(1): Delayed 1 second(s)

30-01-2025T17:48:25 - [MESSAGE][PASSED] - Delayed 1 second(s)

30-01-2025T17:48:25 - [TEST_STEP][PASSED] - cartItemNames = findTestObject("Object Repository/Page_Swag Labs/cart_item_name"): null

30-01-2025T17:48:25 - [TEST_STEP][PASSED] - cartItemNameList = findWebElements(cartItemNames, 10): Found web elements by test object Object Repository/Page_Swag Labs/cart_item_name

30-01-2025T17:48:26 - [MESSAGE][PASSED] - Found web elements by test object Object Repository/Page_Swag Labs/cart_item_name

30-01-2025T17:48:26 - [TEST_STEP][PASSED] - verifyMatch(cartItemNameList[i].getText(), name, false): Actual text 'Sauce Labs Onesie' and expected text 'Sauce Labs Onesie' are matched 

30-01-2025T17:48:26 - [MESSAGE][PASSED] - Actual text 'Sauce Labs Onesie' and expected text 'Sauce Labs Onesie' are matched 

30-01-2025T17:48:26 - [TEST_STEP][PASSED] - cartItemPrices = findTestObject("Object Repository/Page_Swag Labs/cart_item_price"): null

30-01-2025T17:48:26 - [TEST_STEP][PASSED] - cartItemPriceList = findWebElements(cartItemPrices, 10): Found web elements by test object Object Repository/Page_Swag Labs/cart_item_price

30-01-2025T17:48:26 - [MESSAGE][PASSED] - Found web elements by test object Object Repository/Page_Swag Labs/cart_item_price

30-01-2025T17:48:26 - [TEST_STEP][PASSED] - verifyMatch(cartItemPriceList[i].getText(), price, false): Actual text '$7.99' and expected text '$7.99' are matched 

30-01-2025T17:48:26 - [MESSAGE][PASSED] - Actual text '$7.99' and expected text '$7.99' are matched 

30-01-2025T17:48:26 - [TEST_STEP][PASSED] - click(findTestObject("Object Repository/Page_Swag Labs/button_Continue Shopping")): Object: 'Object Repository/Page_Swag Labs/button_Continue Shopping' is clicked on

30-01-2025T17:48:26 - [MESSAGE][PASSED] - Object: 'Object Repository/Page_Swag Labs/button_Continue Shopping' is clicked on

30-01-2025T17:48:26 - [TEST_STEP][PASSED] - addToCartList = findWebElements(addToCart, 10): Found web elements by test object Object Repository/Page_Swag Labs/button_add_to_cart

30-01-2025T17:48:26 - [MESSAGE][PASSED] - Found web elements by test object Object Repository/Page_Swag Labs/button_add_to_cart

30-01-2025T17:48:26 - [TEST_STEP][PASSED] - itemNameList = findWebElements(itemNames, 10): Found web elements by test object Object Repository/Page_Swag Labs/item_name

30-01-2025T17:48:27 - [MESSAGE][PASSED] - Found web elements by test object Object Repository/Page_Swag Labs/item_name

30-01-2025T17:48:27 - [TEST_STEP][PASSED] - itemPriceList = findWebElements(itemPrices, 10): Found web elements by test object Object Repository/Page_Swag Labs/item_price

30-01-2025T17:48:27 - [MESSAGE][PASSED] - Found web elements by test object Object Repository/Page_Swag Labs/item_price

30-01-2025T17:48:27 - [TEST_STEP][PASSED] - itemNames = findTestObject("Object Repository/Page_Swag Labs/item_name"): null

30-01-2025T17:48:27 - [TEST_STEP][PASSED] - itemNameList = findWebElements(itemNames, 10): Found web elements by test object Object Repository/Page_Swag Labs/item_name

30-01-2025T17:48:27 - [MESSAGE][PASSED] - Found web elements by test object Object Repository/Page_Swag Labs/item_name

30-01-2025T17:48:27 - [TEST_STEP][PASSED] - name = itemNameList[i].getText(): null

30-01-2025T17:48:27 - [TEST_STEP][PASSED] - itemPrices = findTestObject("Object Repository/Page_Swag Labs/item_price"): null

30-01-2025T17:48:27 - [TEST_STEP][PASSED] - itemPriceList = findWebElements(itemPrices, 10): Found web elements by test object Object Repository/Page_Swag Labs/item_price

30-01-2025T17:48:27 - [MESSAGE][PASSED] - Found web elements by test object Object Repository/Page_Swag Labs/item_price

30-01-2025T17:48:27 - [TEST_STEP][PASSED] - price = itemPriceList[i].getText(): null

30-01-2025T17:48:27 - [TEST_STEP][PASSED] - get(i).click(): null

30-01-2025T17:48:28 - [TEST_STEP][PASSED] - verifyElementText(findTestObject("Object Repository/Page_Swag Labs/icone_carrinho"), i + 1.toString()): Actual text and expected text of test object 'Object Repository/Page_Swag Labs/icone_carrinho' are matched.

30-01-2025T17:48:28 - [MESSAGE][PASSED] - Actual text and expected text of test object 'Object Repository/Page_Swag Labs/icone_carrinho' are matched.

30-01-2025T17:48:28 - [TEST_STEP][PASSED] - click(findTestObject("Object Repository/Page_Swag Labs/icone_carrinho")): Object: 'Object Repository/Page_Swag Labs/icone_carrinho' is clicked on

30-01-2025T17:48:28 - [MESSAGE][PASSED] - Object: 'Object Repository/Page_Swag Labs/icone_carrinho' is clicked on

30-01-2025T17:48:28 - [TEST_STEP][PASSED] - delay(1): Delayed 1 second(s)

30-01-2025T17:48:29 - [MESSAGE][PASSED] - Delayed 1 second(s)

30-01-2025T17:48:29 - [TEST_STEP][PASSED] - cartItemNames = findTestObject("Object Repository/Page_Swag Labs/cart_item_name"): null

30-01-2025T17:48:29 - [TEST_STEP][PASSED] - cartItemNameList = findWebElements(cartItemNames, 10): Found web elements by test object Object Repository/Page_Swag Labs/cart_item_name

30-01-2025T17:48:29 - [MESSAGE][PASSED] - Found web elements by test object Object Repository/Page_Swag Labs/cart_item_name

30-01-2025T17:48:29 - [TEST_STEP][PASSED] - verifyMatch(cartItemNameList[i].getText(), name, false): Actual text 'Test.allTheThings() T-Shirt (Red)' and expected text 'Test.allTheThings() T-Shirt (Red)' are matched 

30-01-2025T17:48:29 - [MESSAGE][PASSED] - Actual text 'Test.allTheThings() T-Shirt (Red)' and expected text 'Test.allTheThings() T-Shirt (Red)' are matched 

30-01-2025T17:48:29 - [TEST_STEP][PASSED] - cartItemPrices = findTestObject("Object Repository/Page_Swag Labs/cart_item_price"): null

30-01-2025T17:48:29 - [TEST_STEP][PASSED] - cartItemPriceList = findWebElements(cartItemPrices, 10): Found web elements by test object Object Repository/Page_Swag Labs/cart_item_price

30-01-2025T17:48:30 - [MESSAGE][PASSED] - Found web elements by test object Object Repository/Page_Swag Labs/cart_item_price

30-01-2025T17:48:30 - [TEST_STEP][PASSED] - verifyMatch(cartItemPriceList[i].getText(), price, false): Actual text '$15.99' and expected text '$15.99' are matched 

30-01-2025T17:48:30 - [MESSAGE][PASSED] - Actual text '$15.99' and expected text '$15.99' are matched 

30-01-2025T17:48:30 - [TEST_STEP][PASSED] - click(findTestObject("Object Repository/Page_Swag Labs/button_Continue Shopping")): Object: 'Object Repository/Page_Swag Labs/button_Continue Shopping' is clicked on

30-01-2025T17:48:30 - [MESSAGE][PASSED] - Object: 'Object Repository/Page_Swag Labs/button_Continue Shopping' is clicked on

30-01-2025T17:48:30 - [TEST_STEP][PASSED] - addToCartList = findWebElements(addToCart, 10): Found web elements by test object Object Repository/Page_Swag Labs/button_add_to_cart

30-01-2025T17:48:30 - [MESSAGE][PASSED] - Found web elements by test object Object Repository/Page_Swag Labs/button_add_to_cart

30-01-2025T17:48:30 - [TEST_STEP][PASSED] - itemNameList = findWebElements(itemNames, 10): Found web elements by test object Object Repository/Page_Swag Labs/item_name

30-01-2025T17:48:30 - [MESSAGE][PASSED] - Found web elements by test object Object Repository/Page_Swag Labs/item_name

30-01-2025T17:48:30 - [TEST_STEP][PASSED] - itemPriceList = findWebElements(itemPrices, 10): Found web elements by test object Object Repository/Page_Swag Labs/item_price

30-01-2025T17:48:31 - [MESSAGE][PASSED] - Found web elements by test object Object Repository/Page_Swag Labs/item_price]]></system-out>
         <system-err><![CDATA[]]></system-err>
      </testcase>
      <testcase name="Test Cases/Askblue_Training/Add_to_Cart/Add_to_Cart_Todos_Record" time="8.206" classname="Test Cases/Askblue_Training/Add_to_Cart/Add_to_Cart_Todos_Record" status="PASSED">
         <system-out><![CDATA[30-01-2025T17:48:31 - [TEST_CASE][PASSED] - Test Cases/Askblue_Training/Add_to_Cart/Add_to_Cart_Todos_Record: Test Cases/Askblue_Training/Add_to_Cart/Add_to_Cart_Todos_Record

30-01-2025T17:48:31 - [TEST_STEP][PASSED] - callTestCase(findTestCase("Askblue_Training/Login_Logout/Login_Positivo"), [:], STOP_ON_FAILURE): Call Test Case 'Test Cases/Askblue_Training/Login_Logout/Login_Positivo' successfully

30-01-2025T17:48:31 - [TEST_CASE][PASSED] - Test Cases/Askblue_Training/Login_Logout/Login_Positivo: Test Cases/Askblue_Training/Login_Logout/Login_Positivo

30-01-2025T17:48:31 - [TEST_STEP][PASSED] - openBrowser(""): Browser is opened with url: ''

30-01-2025T17:48:31 - [MESSAGE][WARNING] - A browser is already opened. Closing browser and opening a new one

30-01-2025T17:48:31 - [MESSAGE][INFO] - Starting 'Chrome' driver

30-01-2025T17:48:31 - [MESSAGE][INFO] - Action delay is set to 0 milliseconds

30-01-2025T17:48:32 - [MESSAGE][PASSED] - Browser is opened with url: ''

30-01-2025T17:48:32 - [TEST_STEP][PASSED] - navigateToUrl("https://www.saucedemo.com/"): Navigate to 'https://www.saucedemo.com/' successfully

30-01-2025T17:48:32 - [MESSAGE][PASSED] - Navigate to 'https://www.saucedemo.com/' successfully

30-01-2025T17:48:32 - [TEST_STEP][PASSED] - setText(findTestObject("Object Repository/Page_Swag Labs/input_Swag Labs_user-name"), username): Text 'standard_user' is set on object 'Object Repository/Page_Swag Labs/input_Swag Labs_user-name'

30-01-2025T17:48:33 - [MESSAGE][PASSED] - Text 'standard_user' is set on object 'Object Repository/Page_Swag Labs/input_Swag Labs_user-name'

30-01-2025T17:48:33 - [TEST_STEP][PASSED] - setText(findTestObject("Object Repository/Page_Swag Labs/input_Swag Labs_password"), password): Text 'secret_sauce' is set on object 'Object Repository/Page_Swag Labs/input_Swag Labs_password'

30-01-2025T17:48:34 - [MESSAGE][PASSED] - Text 'secret_sauce' is set on object 'Object Repository/Page_Swag Labs/input_Swag Labs_password'

30-01-2025T17:48:34 - [TEST_STEP][PASSED] - click(findTestObject("Object Repository/Page_Swag Labs/input_Swag Labs_login-button")): Object: 'Object Repository/Page_Swag Labs/input_Swag Labs_login-button' is clicked on

30-01-2025T17:48:34 - [MESSAGE][PASSED] - Object: 'Object Repository/Page_Swag Labs/input_Swag Labs_login-button' is clicked on

30-01-2025T17:48:34 - [TEST_STEP][PASSED] - click(findTestObject("Object Repository/Page_Swag Labs/button_Open Menu")): Object: 'Object Repository/Page_Swag Labs/button_Open Menu' is clicked on

30-01-2025T17:48:34 - [MESSAGE][PASSED] - Object: 'Object Repository/Page_Swag Labs/button_Open Menu' is clicked on

30-01-2025T17:48:34 - [TEST_STEP][PASSED] - verifyElementText(findTestObject("Object Repository/Page_Swag Labs/a_Logout"), "Logout"): Actual text and expected text of test object 'Object Repository/Page_Swag Labs/a_Logout' are matched.

30-01-2025T17:48:35 - [MESSAGE][PASSED] - Actual text and expected text of test object 'Object Repository/Page_Swag Labs/a_Logout' are matched.

30-01-2025T17:48:35 - [TEST_STEP][PASSED] - click(findTestObject("Object Repository/Page_Swag Labs/button_Close Menu")): Object: 'Object Repository/Page_Swag Labs/button_Close Menu' is clicked on

30-01-2025T17:48:35 - [MESSAGE][PASSED] - Object: 'Object Repository/Page_Swag Labs/button_Close Menu' is clicked on

30-01-2025T17:48:35 - [MESSAGE][PASSED] - Call Test Case 'Test Cases/Askblue_Training/Login_Logout/Login_Positivo' successfully

30-01-2025T17:48:35 - [TEST_STEP][PASSED] - click(findTestObject("Object Repository/Page_Swag Labs/button_Add to cart_0")): Object: 'Object Repository/Page_Swag Labs/button_Add to cart_0' is clicked on

30-01-2025T17:48:35 - [MESSAGE][PASSED] - Object: 'Object Repository/Page_Swag Labs/button_Add to cart_0' is clicked on

30-01-2025T17:48:35 - [TEST_STEP][PASSED] - click(findTestObject("Object Repository/Page_Swag Labs/button_Add to cart_1")): Object: 'Object Repository/Page_Swag Labs/button_Add to cart_1' is clicked on

30-01-2025T17:48:35 - [MESSAGE][PASSED] - Object: 'Object Repository/Page_Swag Labs/button_Add to cart_1' is clicked on

30-01-2025T17:48:35 - [TEST_STEP][PASSED] - click(findTestObject("Object Repository/Page_Swag Labs/button_Add to cart_2")): Object: 'Object Repository/Page_Swag Labs/button_Add to cart_2' is clicked on

30-01-2025T17:48:36 - [MESSAGE][PASSED] - Object: 'Object Repository/Page_Swag Labs/button_Add to cart_2' is clicked on

30-01-2025T17:48:36 - [TEST_STEP][PASSED] - click(findTestObject("Object Repository/Page_Swag Labs/button_Add to cart_3")): Object: 'Object Repository/Page_Swag Labs/button_Add to cart_3' is clicked on

30-01-2025T17:48:36 - [MESSAGE][PASSED] - Object: 'Object Repository/Page_Swag Labs/button_Add to cart_3' is clicked on

30-01-2025T17:48:36 - [TEST_STEP][PASSED] - click(findTestObject("Object Repository/Page_Swag Labs/button_Add to cart_4")): Object: 'Object Repository/Page_Swag Labs/button_Add to cart_4' is clicked on

30-01-2025T17:48:36 - [MESSAGE][PASSED] - Object: 'Object Repository/Page_Swag Labs/button_Add to cart_4' is clicked on

30-01-2025T17:48:36 - [TEST_STEP][PASSED] - click(findTestObject("Object Repository/Page_Swag Labs/button_Add to cart_5")): Object: 'Object Repository/Page_Swag Labs/button_Add to cart_5' is clicked on

30-01-2025T17:48:37 - [MESSAGE][PASSED] - Object: 'Object Repository/Page_Swag Labs/button_Add to cart_5' is clicked on

30-01-2025T17:48:37 - [TEST_STEP][PASSED] - verifyElementText(findTestObject("Object Repository/Page_Swag Labs/icone_carrinho"), "6"): Actual text and expected text of test object 'Object Repository/Page_Swag Labs/icone_carrinho' are matched.

30-01-2025T17:48:37 - [MESSAGE][PASSED] - Actual text and expected text of test object 'Object Repository/Page_Swag Labs/icone_carrinho' are matched.

30-01-2025T17:48:37 - [TEST_STEP][PASSED] - click(findTestObject("Object Repository/Page_Swag Labs/icone_carrinho")): Object: 'Object Repository/Page_Swag Labs/icone_carrinho' is clicked on

30-01-2025T17:48:37 - [MESSAGE][PASSED] - Object: 'Object Repository/Page_Swag Labs/icone_carrinho' is clicked on

30-01-2025T17:48:37 - [TEST_STEP][PASSED] - verifyElementText(findTestObject("Object Repository/Page_Swag Labs/div_Sauce Labs Backpack"), "Sauce Labs Backpack"): Actual text and expected text of test object 'Object Repository/Page_Swag Labs/div_Sauce Labs Backpack' are matched.

30-01-2025T17:48:38 - [MESSAGE][PASSED] - Actual text and expected text of test object 'Object Repository/Page_Swag Labs/div_Sauce Labs Backpack' are matched.

30-01-2025T17:48:38 - [TEST_STEP][PASSED] - verifyElementText(findTestObject("Object Repository/Page_Swag Labs/div_Sauce Labs Bike Light"), "Sauce Labs Bike Light"): Actual text and expected text of test object 'Object Repository/Page_Swag Labs/div_Sauce Labs Bike Light' are matched.

30-01-2025T17:48:38 - [MESSAGE][PASSED] - Actual text and expected text of test object 'Object Repository/Page_Swag Labs/div_Sauce Labs Bike Light' are matched.

30-01-2025T17:48:38 - [TEST_STEP][PASSED] - verifyElementText(findTestObject("Object Repository/Page_Swag Labs/div_Sauce Labs Bolt T-Shirt"), "Sauce Labs Bolt T-Shirt"): Actual text and expected text of test object 'Object Repository/Page_Swag Labs/div_Sauce Labs Bolt T-Shirt' are matched.

30-01-2025T17:48:38 - [MESSAGE][PASSED] - Actual text and expected text of test object 'Object Repository/Page_Swag Labs/div_Sauce Labs Bolt T-Shirt' are matched.

30-01-2025T17:48:38 - [TEST_STEP][PASSED] - verifyElementText(findTestObject("Object Repository/Page_Swag Labs/div_Sauce Labs Fleece Jacket"), "Sauce Labs Fleece Jacket"): Actual text and expected text of test object 'Object Repository/Page_Swag Labs/div_Sauce Labs Fleece Jacket' are matched.

30-01-2025T17:48:38 - [MESSAGE][PASSED] - Actual text and expected text of test object 'Object Repository/Page_Swag Labs/div_Sauce Labs Fleece Jacket' are matched.

30-01-2025T17:48:38 - [TEST_STEP][PASSED] - verifyElementText(findTestObject("Object Repository/Page_Swag Labs/div_Sauce Labs Onesie"), "Sauce Labs Onesie"): Actual text and expected text of test object 'Object Repository/Page_Swag Labs/div_Sauce Labs Onesie' are matched.

30-01-2025T17:48:39 - [MESSAGE][PASSED] - Actual text and expected text of test object 'Object Repository/Page_Swag Labs/div_Sauce Labs Onesie' are matched.

30-01-2025T17:48:39 - [TEST_STEP][PASSED] - verifyElementText(findTestObject("Object Repository/Page_Swag Labs/div_Test.allTheThings() T-Shirt (Red)"), "Test.allTheThings() T-Shirt (Red)"): Actual text and expected text of test object 'Object Repository/Page_Swag Labs/div_Test.allTheThings() T-Shirt (Red)' are matched.

30-01-2025T17:48:39 - [MESSAGE][PASSED] - Actual text and expected text of test object 'Object Repository/Page_Swag Labs/div_Test.allTheThings() T-Shirt (Red)' are matched.]]></system-out>
         <system-err><![CDATA[]]></system-err>
      </testcase>
      <testcase name="Test Cases/Askblue_Training/Remove_from_Cart/Remove_from_Cart_1" time="7.203" classname="Test Cases/Askblue_Training/Remove_from_Cart/Remove_from_Cart_1" status="PASSED">
         <system-out><![CDATA[30-01-2025T17:48:39 - [TEST_CASE][PASSED] - Test Cases/Askblue_Training/Remove_from_Cart/Remove_from_Cart_1: Test Cases/Askblue_Training/Remove_from_Cart/Remove_from_Cart_1

30-01-2025T17:48:39 - [TEST_STEP][PASSED] - callTestCase(findTestCase("Askblue_Training/Add_to_Cart/Add_to_Cart_1"), [:], STOP_ON_FAILURE): Call Test Case 'Test Cases/Askblue_Training/Add_to_Cart/Add_to_Cart_1' successfully

30-01-2025T17:48:39 - [TEST_CASE][PASSED] - Test Cases/Askblue_Training/Add_to_Cart/Add_to_Cart_1: Test Cases/Askblue_Training/Add_to_Cart/Add_to_Cart_1

30-01-2025T17:48:39 - [TEST_STEP][PASSED] - callTestCase(findTestCase("Askblue_Training/Login_Logout/Login_Positivo"), ["username":"standard_user", "password":"secret_sauce"], STOP_ON_FAILURE): Call Test Case 'Test Cases/Askblue_Training/Login_Logout/Login_Positivo' successfully

30-01-2025T17:48:39 - [TEST_CASE][PASSED] - Test Cases/Askblue_Training/Login_Logout/Login_Positivo: Test Cases/Askblue_Training/Login_Logout/Login_Positivo

30-01-2025T17:48:39 - [TEST_STEP][PASSED] - openBrowser(""): Browser is opened with url: ''

30-01-2025T17:48:39 - [MESSAGE][WARNING] - A browser is already opened. Closing browser and opening a new one

30-01-2025T17:48:39 - [MESSAGE][INFO] - Starting 'Chrome' driver

30-01-2025T17:48:39 - [MESSAGE][INFO] - Action delay is set to 0 milliseconds

30-01-2025T17:48:40 - [MESSAGE][PASSED] - Browser is opened with url: ''

30-01-2025T17:48:40 - [TEST_STEP][PASSED] - navigateToUrl("https://www.saucedemo.com/"): Navigate to 'https://www.saucedemo.com/' successfully

30-01-2025T17:48:40 - [MESSAGE][PASSED] - Navigate to 'https://www.saucedemo.com/' successfully

30-01-2025T17:48:40 - [TEST_STEP][PASSED] - setText(findTestObject("Object Repository/Page_Swag Labs/input_Swag Labs_user-name"), username): Text 'standard_user' is set on object 'Object Repository/Page_Swag Labs/input_Swag Labs_user-name'

30-01-2025T17:48:41 - [MESSAGE][PASSED] - Text 'standard_user' is set on object 'Object Repository/Page_Swag Labs/input_Swag Labs_user-name'

30-01-2025T17:48:41 - [TEST_STEP][PASSED] - setText(findTestObject("Object Repository/Page_Swag Labs/input_Swag Labs_password"), password): Text 'secret_sauce' is set on object 'Object Repository/Page_Swag Labs/input_Swag Labs_password'

30-01-2025T17:48:42 - [MESSAGE][PASSED] - Text 'secret_sauce' is set on object 'Object Repository/Page_Swag Labs/input_Swag Labs_password'

30-01-2025T17:48:42 - [TEST_STEP][PASSED] - click(findTestObject("Object Repository/Page_Swag Labs/input_Swag Labs_login-button")): Object: 'Object Repository/Page_Swag Labs/input_Swag Labs_login-button' is clicked on

30-01-2025T17:48:42 - [MESSAGE][PASSED] - Object: 'Object Repository/Page_Swag Labs/input_Swag Labs_login-button' is clicked on

30-01-2025T17:48:42 - [TEST_STEP][PASSED] - click(findTestObject("Object Repository/Page_Swag Labs/button_Open Menu")): Object: 'Object Repository/Page_Swag Labs/button_Open Menu' is clicked on

30-01-2025T17:48:43 - [MESSAGE][PASSED] - Object: 'Object Repository/Page_Swag Labs/button_Open Menu' is clicked on

30-01-2025T17:48:43 - [TEST_STEP][PASSED] - verifyElementText(findTestObject("Object Repository/Page_Swag Labs/a_Logout"), "Logout"): Actual text and expected text of test object 'Object Repository/Page_Swag Labs/a_Logout' are matched.

30-01-2025T17:48:43 - [MESSAGE][PASSED] - Actual text and expected text of test object 'Object Repository/Page_Swag Labs/a_Logout' are matched.

30-01-2025T17:48:43 - [TEST_STEP][PASSED] - click(findTestObject("Object Repository/Page_Swag Labs/button_Close Menu")): Object: 'Object Repository/Page_Swag Labs/button_Close Menu' is clicked on

30-01-2025T17:48:43 - [MESSAGE][PASSED] - Object: 'Object Repository/Page_Swag Labs/button_Close Menu' is clicked on

30-01-2025T17:48:43 - [MESSAGE][PASSED] - Call Test Case 'Test Cases/Askblue_Training/Login_Logout/Login_Positivo' successfully

30-01-2025T17:48:43 - [TEST_STEP][PASSED] - addToCart = findTestObject("Object Repository/Page_Swag Labs/button_add_to_cart"): null

30-01-2025T17:48:43 - [TEST_STEP][PASSED] - addToCartList = findWebElements(addToCart, 10): Found web elements by test object Object Repository/Page_Swag Labs/button_add_to_cart

30-01-2025T17:48:43 - [MESSAGE][PASSED] - Found web elements by test object Object Repository/Page_Swag Labs/button_add_to_cart

30-01-2025T17:48:43 - [TEST_STEP][PASSED] - itemNames = findTestObject("Object Repository/Page_Swag Labs/item_name"): null

30-01-2025T17:48:43 - [TEST_STEP][PASSED] - itemNameList = findWebElements(itemNames, 10): Found web elements by test object Object Repository/Page_Swag Labs/item_name

30-01-2025T17:48:44 - [MESSAGE][PASSED] - Found web elements by test object Object Repository/Page_Swag Labs/item_name

30-01-2025T17:48:44 - [TEST_STEP][PASSED] - name = itemNameList[0].getText(): null

30-01-2025T17:48:44 - [TEST_STEP][PASSED] - itemPrices = findTestObject("Object Repository/Page_Swag Labs/item_price"): null

30-01-2025T17:48:44 - [TEST_STEP][PASSED] - itemPriceList = findWebElements(itemPrices, 10): Found web elements by test object Object Repository/Page_Swag Labs/item_price

30-01-2025T17:48:44 - [MESSAGE][PASSED] - Found web elements by test object Object Repository/Page_Swag Labs/item_price

30-01-2025T17:48:44 - [TEST_STEP][PASSED] - price = itemPriceList[0].getText(): null

30-01-2025T17:48:44 - [TEST_STEP][PASSED] - get(0).click(): null

30-01-2025T17:48:44 - [TEST_STEP][PASSED] - verifyElementText(findTestObject("Object Repository/Page_Swag Labs/icone_carrinho"), "1"): Actual text and expected text of test object 'Object Repository/Page_Swag Labs/icone_carrinho' are matched.

30-01-2025T17:48:44 - [MESSAGE][PASSED] - Actual text and expected text of test object 'Object Repository/Page_Swag Labs/icone_carrinho' are matched.

30-01-2025T17:48:44 - [TEST_STEP][PASSED] - click(findTestObject("Object Repository/Page_Swag Labs/icone_carrinho")): Object: 'Object Repository/Page_Swag Labs/icone_carrinho' is clicked on

30-01-2025T17:48:45 - [MESSAGE][PASSED] - Object: 'Object Repository/Page_Swag Labs/icone_carrinho' is clicked on

30-01-2025T17:48:45 - [TEST_STEP][PASSED] - cartItemNames = findTestObject("Object Repository/Page_Swag Labs/cart_item_name"): null

30-01-2025T17:48:45 - [TEST_STEP][PASSED] - cartItemNameList = findWebElements(cartItemNames, 10): Found web elements by test object Object Repository/Page_Swag Labs/cart_item_name

30-01-2025T17:48:45 - [MESSAGE][PASSED] - Found web elements by test object Object Repository/Page_Swag Labs/cart_item_name

30-01-2025T17:48:45 - [TEST_STEP][PASSED] - verifyMatch(cartItemNameList[0].getText(), name, false): Actual text 'Sauce Labs Backpack' and expected text 'Sauce Labs Backpack' are matched 

30-01-2025T17:48:45 - [MESSAGE][PASSED] - Actual text 'Sauce Labs Backpack' and expected text 'Sauce Labs Backpack' are matched 

30-01-2025T17:48:45 - [TEST_STEP][PASSED] - cartItemPrices = findTestObject("Object Repository/Page_Swag Labs/cart_item_price"): null

30-01-2025T17:48:45 - [TEST_STEP][PASSED] - cartItemPriceList = findWebElements(cartItemPrices, 10): Found web elements by test object Object Repository/Page_Swag Labs/cart_item_price

30-01-2025T17:48:45 - [MESSAGE][PASSED] - Found web elements by test object Object Repository/Page_Swag Labs/cart_item_price

30-01-2025T17:48:45 - [TEST_STEP][PASSED] - verifyMatch(cartItemPriceList[0].getText(), price, false): Actual text '$29.99' and expected text '$29.99' are matched 

30-01-2025T17:48:45 - [MESSAGE][PASSED] - Actual text '$29.99' and expected text '$29.99' are matched 

30-01-2025T17:48:45 - [TEST_STEP][PASSED] - click(findTestObject("Object Repository/Page_Swag Labs/button_Continue Shopping")): Object: 'Object Repository/Page_Swag Labs/button_Continue Shopping' is clicked on

30-01-2025T17:48:45 - [MESSAGE][PASSED] - Object: 'Object Repository/Page_Swag Labs/button_Continue Shopping' is clicked on

30-01-2025T17:48:45 - [MESSAGE][PASSED] - Call Test Case 'Test Cases/Askblue_Training/Add_to_Cart/Add_to_Cart_1' successfully

30-01-2025T17:48:45 - [TEST_STEP][PASSED] - click(findTestObject("Object Repository/Page_Swag Labs/button_remove")): Object: 'Object Repository/Page_Swag Labs/button_remove' is clicked on

30-01-2025T17:48:46 - [MESSAGE][PASSED] - Object: 'Object Repository/Page_Swag Labs/button_remove' is clicked on

30-01-2025T17:48:46 - [TEST_STEP][PASSED] - verifyElementText(findTestObject("Object Repository/Page_Swag Labs/icone_carrinho"), ""): Actual text and expected text of test object 'Object Repository/Page_Swag Labs/icone_carrinho' are matched.

30-01-2025T17:48:46 - [MESSAGE][PASSED] - Actual text and expected text of test object 'Object Repository/Page_Swag Labs/icone_carrinho' are matched.

30-01-2025T17:48:46 - [TEST_STEP][PASSED] - closeBrowser(): Browser is closed

30-01-2025T17:48:46 - [MESSAGE][PASSED] - Browser is closed]]></system-out>
         <system-err><![CDATA[]]></system-err>
      </testcase>
      <testcase name="Test Cases/Askblue_Training/Remove_from_Cart/Remove_from_Cart_AleatorioUm" time="7.35" classname="Test Cases/Askblue_Training/Remove_from_Cart/Remove_from_Cart_AleatorioUm" status="PASSED">
         <system-out><![CDATA[30-01-2025T17:48:46 - [TEST_CASE][PASSED] - Test Cases/Askblue_Training/Remove_from_Cart/Remove_from_Cart_AleatorioUm: Test Cases/Askblue_Training/Remove_from_Cart/Remove_from_Cart_AleatorioUm

30-01-2025T17:48:46 - [TEST_STEP][PASSED] - callTestCase(findTestCase("Askblue_Training/Add_to_Cart/Add_to_Cart_AleatorioUm"), [:], STOP_ON_FAILURE): Call Test Case 'Test Cases/Askblue_Training/Add_to_Cart/Add_to_Cart_AleatorioUm' successfully

30-01-2025T17:48:46 - [TEST_CASE][PASSED] - Test Cases/Askblue_Training/Add_to_Cart/Add_to_Cart_AleatorioUm: Test Cases/Askblue_Training/Add_to_Cart/Add_to_Cart_AleatorioUm

30-01-2025T17:48:46 - [TEST_STEP][PASSED] - callTestCase(findTestCase("Askblue_Training/Login_Logout/Login_Positivo"), [:], STOP_ON_FAILURE): Call Test Case 'Test Cases/Askblue_Training/Login_Logout/Login_Positivo' successfully

30-01-2025T17:48:46 - [TEST_CASE][PASSED] - Test Cases/Askblue_Training/Login_Logout/Login_Positivo: Test Cases/Askblue_Training/Login_Logout/Login_Positivo

30-01-2025T17:48:46 - [TEST_STEP][PASSED] - openBrowser(""): Browser is opened with url: ''

30-01-2025T17:48:46 - [MESSAGE][INFO] - Starting 'Chrome' driver

30-01-2025T17:48:46 - [MESSAGE][INFO] - Action delay is set to 0 milliseconds

30-01-2025T17:48:47 - [MESSAGE][PASSED] - Browser is opened with url: ''

30-01-2025T17:48:47 - [TEST_STEP][PASSED] - navigateToUrl("https://www.saucedemo.com/"): Navigate to 'https://www.saucedemo.com/' successfully

30-01-2025T17:48:47 - [MESSAGE][PASSED] - Navigate to 'https://www.saucedemo.com/' successfully

30-01-2025T17:48:47 - [TEST_STEP][PASSED] - setText(findTestObject("Object Repository/Page_Swag Labs/input_Swag Labs_user-name"), username): Text 'standard_user' is set on object 'Object Repository/Page_Swag Labs/input_Swag Labs_user-name'

30-01-2025T17:48:48 - [MESSAGE][PASSED] - Text 'standard_user' is set on object 'Object Repository/Page_Swag Labs/input_Swag Labs_user-name'

30-01-2025T17:48:48 - [TEST_STEP][PASSED] - setText(findTestObject("Object Repository/Page_Swag Labs/input_Swag Labs_password"), password): Text 'secret_sauce' is set on object 'Object Repository/Page_Swag Labs/input_Swag Labs_password'

30-01-2025T17:48:49 - [MESSAGE][PASSED] - Text 'secret_sauce' is set on object 'Object Repository/Page_Swag Labs/input_Swag Labs_password'

30-01-2025T17:48:49 - [TEST_STEP][PASSED] - click(findTestObject("Object Repository/Page_Swag Labs/input_Swag Labs_login-button")): Object: 'Object Repository/Page_Swag Labs/input_Swag Labs_login-button' is clicked on

30-01-2025T17:48:49 - [MESSAGE][PASSED] - Object: 'Object Repository/Page_Swag Labs/input_Swag Labs_login-button' is clicked on

30-01-2025T17:48:49 - [TEST_STEP][PASSED] - click(findTestObject("Object Repository/Page_Swag Labs/button_Open Menu")): Object: 'Object Repository/Page_Swag Labs/button_Open Menu' is clicked on

30-01-2025T17:48:50 - [MESSAGE][PASSED] - Object: 'Object Repository/Page_Swag Labs/button_Open Menu' is clicked on

30-01-2025T17:48:50 - [TEST_STEP][PASSED] - verifyElementText(findTestObject("Object Repository/Page_Swag Labs/a_Logout"), "Logout"): Actual text and expected text of test object 'Object Repository/Page_Swag Labs/a_Logout' are matched.

30-01-2025T17:48:50 - [MESSAGE][PASSED] - Actual text and expected text of test object 'Object Repository/Page_Swag Labs/a_Logout' are matched.

30-01-2025T17:48:50 - [TEST_STEP][PASSED] - click(findTestObject("Object Repository/Page_Swag Labs/button_Close Menu")): Object: 'Object Repository/Page_Swag Labs/button_Close Menu' is clicked on

30-01-2025T17:48:50 - [MESSAGE][PASSED] - Object: 'Object Repository/Page_Swag Labs/button_Close Menu' is clicked on

30-01-2025T17:48:50 - [MESSAGE][PASSED] - Call Test Case 'Test Cases/Askblue_Training/Login_Logout/Login_Positivo' successfully

30-01-2025T17:48:50 - [TEST_STEP][PASSED] - verifyElementText(findTestObject("Page_Swag Labs/icone_Carrinho"), ""): Actual text and expected text of test object 'Object Repository/Page_Swag Labs/icone_Carrinho' are matched.

30-01-2025T17:48:50 - [MESSAGE][PASSED] - Actual text and expected text of test object 'Object Repository/Page_Swag Labs/icone_Carrinho' are matched.

30-01-2025T17:48:50 - [TEST_STEP][PASSED] - addToCart = findTestObject("Object Repository/Page_Swag Labs/button_add_to_cart"): null

30-01-2025T17:48:50 - [TEST_STEP][PASSED] - addToCartList = findWebElements(addToCart, 10): Found web elements by test object Object Repository/Page_Swag Labs/button_add_to_cart

30-01-2025T17:48:51 - [MESSAGE][PASSED] - Found web elements by test object Object Repository/Page_Swag Labs/button_add_to_cart

30-01-2025T17:48:51 - [TEST_STEP][PASSED] - itemNames = findTestObject("Object Repository/Page_Swag Labs/item_name"): null

30-01-2025T17:48:51 - [TEST_STEP][PASSED] - itemNameList = findWebElements(itemNames, 10): Found web elements by test object Object Repository/Page_Swag Labs/item_name

30-01-2025T17:48:51 - [MESSAGE][PASSED] - Found web elements by test object Object Repository/Page_Swag Labs/item_name

30-01-2025T17:48:51 - [TEST_STEP][PASSED] - itemPrices = findTestObject("Object Repository/Page_Swag Labs/item_price"): null

30-01-2025T17:48:51 - [TEST_STEP][PASSED] - itemPriceList = findWebElements(itemPrices, 10): Found web elements by test object Object Repository/Page_Swag Labs/item_price

30-01-2025T17:48:51 - [MESSAGE][PASSED] - Found web elements by test object Object Repository/Page_Swag Labs/item_price

30-01-2025T17:48:51 - [TEST_STEP][PASSED] - rand = new java.util.Random(): null

30-01-2025T17:48:51 - [TEST_STEP][PASSED] - r = rand.nextInt(addToCartList.size()): null

30-01-2025T17:48:51 - [TEST_STEP][PASSED] - name = itemNameList[r].getText(): null

30-01-2025T17:48:51 - [TEST_STEP][PASSED] - price = itemPriceList[r].getText(): null

30-01-2025T17:48:51 - [TEST_STEP][PASSED] - get(r).click(): null

30-01-2025T17:48:51 - [TEST_STEP][PASSED] - verifyElementText(findTestObject("Page_Swag Labs/icone_carrinho"), "1"): Actual text and expected text of test object 'Object Repository/Page_Swag Labs/icone_carrinho' are matched.

30-01-2025T17:48:52 - [MESSAGE][PASSED] - Actual text and expected text of test object 'Object Repository/Page_Swag Labs/icone_carrinho' are matched.

30-01-2025T17:48:52 - [TEST_STEP][PASSED] - click(findTestObject("Object Repository/Page_Swag Labs/icone_carrinho")): Object: 'Object Repository/Page_Swag Labs/icone_carrinho' is clicked on

30-01-2025T17:48:52 - [MESSAGE][PASSED] - Object: 'Object Repository/Page_Swag Labs/icone_carrinho' is clicked on

30-01-2025T17:48:52 - [TEST_STEP][PASSED] - cartItemNames = findTestObject("Object Repository/Page_Swag Labs/cart_item_name"): null

30-01-2025T17:48:52 - [TEST_STEP][PASSED] - cartItemNameList = findWebElements(cartItemNames, 10): Found web elements by test object Object Repository/Page_Swag Labs/cart_item_name

30-01-2025T17:48:52 - [MESSAGE][PASSED] - Found web elements by test object Object Repository/Page_Swag Labs/cart_item_name

30-01-2025T17:48:52 - [TEST_STEP][PASSED] - verifyMatch(cartItemNameList[0].getText(), name, false): Actual text 'Sauce Labs Bike Light' and expected text 'Sauce Labs Bike Light' are matched 

30-01-2025T17:48:52 - [MESSAGE][PASSED] - Actual text 'Sauce Labs Bike Light' and expected text 'Sauce Labs Bike Light' are matched 

30-01-2025T17:48:52 - [TEST_STEP][PASSED] - cartItemPrices = findTestObject("Object Repository/Page_Swag Labs/cart_item_price"): null

30-01-2025T17:48:52 - [TEST_STEP][PASSED] - cartItemPriceList = findWebElements(cartItemPrices, 10): Found web elements by test object Object Repository/Page_Swag Labs/cart_item_price

30-01-2025T17:48:52 - [MESSAGE][PASSED] - Found web elements by test object Object Repository/Page_Swag Labs/cart_item_price

30-01-2025T17:48:52 - [TEST_STEP][PASSED] - verifyMatch(cartItemPriceList[0].getText(), price, false): Actual text '$9.99' and expected text '$9.99' are matched 

30-01-2025T17:48:52 - [MESSAGE][PASSED] - Actual text '$9.99' and expected text '$9.99' are matched 

30-01-2025T17:48:52 - [TEST_STEP][PASSED] - click(findTestObject("Object Repository/Page_Swag Labs/button_Continue Shopping")): Object: 'Object Repository/Page_Swag Labs/button_Continue Shopping' is clicked on

30-01-2025T17:48:53 - [MESSAGE][PASSED] - Object: 'Object Repository/Page_Swag Labs/button_Continue Shopping' is clicked on

30-01-2025T17:48:53 - [MESSAGE][PASSED] - Call Test Case 'Test Cases/Askblue_Training/Add_to_Cart/Add_to_Cart_AleatorioUm' successfully

30-01-2025T17:48:53 - [TEST_STEP][PASSED] - click(findTestObject("Object Repository/Page_Swag Labs/button_remove")): Object: 'Object Repository/Page_Swag Labs/button_remove' is clicked on

30-01-2025T17:48:53 - [MESSAGE][PASSED] - Object: 'Object Repository/Page_Swag Labs/button_remove' is clicked on

30-01-2025T17:48:53 - [TEST_STEP][PASSED] - verifyElementText(findTestObject("Object Repository/Page_Swag Labs/icone_carrinho"), ""): Actual text and expected text of test object 'Object Repository/Page_Swag Labs/icone_carrinho' are matched.

30-01-2025T17:48:53 - [MESSAGE][PASSED] - Actual text and expected text of test object 'Object Repository/Page_Swag Labs/icone_carrinho' are matched.

30-01-2025T17:48:53 - [TEST_STEP][PASSED] - closeBrowser(): Browser is closed

30-01-2025T17:48:53 - [MESSAGE][PASSED] - Browser is closed]]></system-out>
         <system-err><![CDATA[]]></system-err>
      </testcase>
      <testcase name="Test Cases/Askblue_Training/Remove_from_Cart/Remove_from_Cart_AleatórioVários" time="25.215" classname="Test Cases/Askblue_Training/Remove_from_Cart/Remove_from_Cart_AleatórioVários" status="PASSED">
         <system-out><![CDATA[30-01-2025T17:48:53 - [TEST_CASE][PASSED] - Test Cases/Askblue_Training/Remove_from_Cart/Remove_from_Cart_AleatórioVários: Test Cases/Askblue_Training/Remove_from_Cart/Remove_from_Cart_AleatórioVários

30-01-2025T17:48:54 - [TEST_STEP][PASSED] - callTestCase(findTestCase("Askblue_Training/Add_to_Cart/Add_to_Cart_AleatorioVarios"), [:], STOP_ON_FAILURE): Call Test Case 'Test Cases/Askblue_Training/Add_to_Cart/Add_to_Cart_AleatorioVarios' successfully

30-01-2025T17:48:54 - [TEST_CASE][PASSED] - Test Cases/Askblue_Training/Add_to_Cart/Add_to_Cart_AleatorioVarios: Test Cases/Askblue_Training/Add_to_Cart/Add_to_Cart_AleatorioVarios

30-01-2025T17:48:54 - [TEST_STEP][PASSED] - callTestCase(findTestCase("Askblue_Training/Login_Logout/Login_Positivo"), [:], STOP_ON_FAILURE): Call Test Case 'Test Cases/Askblue_Training/Login_Logout/Login_Positivo' successfully

30-01-2025T17:48:54 - [TEST_CASE][PASSED] - Test Cases/Askblue_Training/Login_Logout/Login_Positivo: Test Cases/Askblue_Training/Login_Logout/Login_Positivo

30-01-2025T17:48:54 - [TEST_STEP][PASSED] - openBrowser(""): Browser is opened with url: ''

30-01-2025T17:48:54 - [MESSAGE][INFO] - Starting 'Chrome' driver

30-01-2025T17:48:54 - [MESSAGE][INFO] - Action delay is set to 0 milliseconds

30-01-2025T17:48:54 - [MESSAGE][PASSED] - Browser is opened with url: ''

30-01-2025T17:48:54 - [TEST_STEP][PASSED] - navigateToUrl("https://www.saucedemo.com/"): Navigate to 'https://www.saucedemo.com/' successfully

30-01-2025T17:48:55 - [MESSAGE][PASSED] - Navigate to 'https://www.saucedemo.com/' successfully

30-01-2025T17:48:55 - [TEST_STEP][PASSED] - setText(findTestObject("Object Repository/Page_Swag Labs/input_Swag Labs_user-name"), username): Text 'standard_user' is set on object 'Object Repository/Page_Swag Labs/input_Swag Labs_user-name'

30-01-2025T17:48:56 - [MESSAGE][PASSED] - Text 'standard_user' is set on object 'Object Repository/Page_Swag Labs/input_Swag Labs_user-name'

30-01-2025T17:48:56 - [TEST_STEP][PASSED] - setText(findTestObject("Object Repository/Page_Swag Labs/input_Swag Labs_password"), password): Text 'secret_sauce' is set on object 'Object Repository/Page_Swag Labs/input_Swag Labs_password'

30-01-2025T17:48:56 - [MESSAGE][PASSED] - Text 'secret_sauce' is set on object 'Object Repository/Page_Swag Labs/input_Swag Labs_password'

30-01-2025T17:48:56 - [TEST_STEP][PASSED] - click(findTestObject("Object Repository/Page_Swag Labs/input_Swag Labs_login-button")): Object: 'Object Repository/Page_Swag Labs/input_Swag Labs_login-button' is clicked on

30-01-2025T17:48:57 - [MESSAGE][PASSED] - Object: 'Object Repository/Page_Swag Labs/input_Swag Labs_login-button' is clicked on

30-01-2025T17:48:57 - [TEST_STEP][PASSED] - click(findTestObject("Object Repository/Page_Swag Labs/button_Open Menu")): Object: 'Object Repository/Page_Swag Labs/button_Open Menu' is clicked on

30-01-2025T17:48:57 - [MESSAGE][PASSED] - Object: 'Object Repository/Page_Swag Labs/button_Open Menu' is clicked on

30-01-2025T17:48:57 - [TEST_STEP][PASSED] - verifyElementText(findTestObject("Object Repository/Page_Swag Labs/a_Logout"), "Logout"): Actual text and expected text of test object 'Object Repository/Page_Swag Labs/a_Logout' are matched.

30-01-2025T17:48:57 - [MESSAGE][PASSED] - Actual text and expected text of test object 'Object Repository/Page_Swag Labs/a_Logout' are matched.

30-01-2025T17:48:57 - [TEST_STEP][PASSED] - click(findTestObject("Object Repository/Page_Swag Labs/button_Close Menu")): Object: 'Object Repository/Page_Swag Labs/button_Close Menu' is clicked on

30-01-2025T17:48:58 - [MESSAGE][PASSED] - Object: 'Object Repository/Page_Swag Labs/button_Close Menu' is clicked on

30-01-2025T17:48:58 - [MESSAGE][PASSED] - Call Test Case 'Test Cases/Askblue_Training/Login_Logout/Login_Positivo' successfully

30-01-2025T17:48:58 - [TEST_STEP][PASSED] - verifyElementText(findTestObject("Page_Swag Labs/icone_carrinho"), ""): Actual text and expected text of test object 'Object Repository/Page_Swag Labs/icone_carrinho' are matched.

30-01-2025T17:48:58 - [MESSAGE][PASSED] - Actual text and expected text of test object 'Object Repository/Page_Swag Labs/icone_carrinho' are matched.

30-01-2025T17:48:58 - [TEST_STEP][PASSED] - addToCart = TestObject().addProperty("xpath", EQUALS, "//button[text()='Add to cart']"): null

30-01-2025T17:48:58 - [TEST_STEP][PASSED] - addToCartList = findWebElements(addToCart, 10): Found web elements by test object 

30-01-2025T17:48:58 - [MESSAGE][PASSED] - Found web elements by test object 

30-01-2025T17:48:58 - [TEST_STEP][PASSED] - itemNames = findTestObject("Object Repository/Page_Swag Labs/item_name"): null

30-01-2025T17:48:58 - [TEST_STEP][PASSED] - itemNameList = findWebElements(itemNames, 10): Found web elements by test object Object Repository/Page_Swag Labs/item_name

30-01-2025T17:48:59 - [MESSAGE][PASSED] - Found web elements by test object Object Repository/Page_Swag Labs/item_name

30-01-2025T17:48:59 - [TEST_STEP][PASSED] - itemPrices = findTestObject("Object Repository/Page_Swag Labs/item_price"): null

30-01-2025T17:48:59 - [TEST_STEP][PASSED] - itemPriceList = findWebElements(itemPrices, 10): Found web elements by test object Object Repository/Page_Swag Labs/item_price

30-01-2025T17:48:59 - [MESSAGE][PASSED] - Found web elements by test object Object Repository/Page_Swag Labs/item_price

30-01-2025T17:48:59 - [TEST_STEP][PASSED] - addedItems = new java.util.HashSet(): null

30-01-2025T17:48:59 - [TEST_STEP][PASSED] - v = Random().nextInt(addToCartList.size() - 2) + 2: null

30-01-2025T17:48:59 - [TEST_STEP][PASSED] - for ([i = 0, i < v, (i++)]): Object: 'Object Repository/Page_Swag Labs/button_Continue Shopping' is clicked on

30-01-2025T17:48:59 - [TEST_STEP][PASSED] - availableItems = findWebElements(findTestObject("Object Repository/Page_Swag Labs/item_name"), 10): Found web elements by test object Object Repository/Page_Swag Labs/item_name

30-01-2025T17:48:59 - [MESSAGE][PASSED] - Found web elements by test object Object Repository/Page_Swag Labs/item_name

30-01-2025T17:48:59 - [TEST_STEP][PASSED] - availablePrices = findWebElements(findTestObject("Object Repository/Page_Swag Labs/item_price"), 10): Found web elements by test object Object Repository/Page_Swag Labs/item_price

30-01-2025T17:48:59 - [MESSAGE][PASSED] - Found web elements by test object Object Repository/Page_Swag Labs/item_price

30-01-2025T17:48:59 - [TEST_STEP][PASSED] - availableButtons = findWebElements(findTestObject("Object Repository/Page_Swag Labs/button_add_to_cart"), 10): Found web elements by test object Object Repository/Page_Swag Labs/button_add_to_cart

30-01-2025T17:49:00 - [MESSAGE][PASSED] - Found web elements by test object Object Repository/Page_Swag Labs/button_add_to_cart

30-01-2025T17:49:00 - [TEST_STEP][PASSED] - validIndexes = []: null

30-01-2025T17:49:00 - [TEST_STEP][PASSED] - for ([j = 0, j < availableItems.size(), (j++)]): null

30-01-2025T17:49:00 - [TEST_STEP][PASSED] - if (!(addedItems.contains(availableItems[j].getText()))): null

30-01-2025T17:49:00 - [TEST_STEP][PASSED] - validIndexes.add(j): null

30-01-2025T17:49:00 - [TEST_STEP][PASSED] - if (!(addedItems.contains(availableItems[j].getText()))): null

30-01-2025T17:49:00 - [TEST_STEP][PASSED] - validIndexes.add(j): null

30-01-2025T17:49:00 - [TEST_STEP][PASSED] - if (!(addedItems.contains(availableItems[j].getText()))): null

30-01-2025T17:49:00 - [TEST_STEP][PASSED] - validIndexes.add(j): null

30-01-2025T17:49:00 - [TEST_STEP][PASSED] - if (!(addedItems.contains(availableItems[j].getText()))): null

30-01-2025T17:49:00 - [TEST_STEP][PASSED] - validIndexes.add(j): null

30-01-2025T17:49:00 - [TEST_STEP][PASSED] - if (!(addedItems.contains(availableItems[j].getText()))): null

30-01-2025T17:49:00 - [TEST_STEP][PASSED] - validIndexes.add(j): null

30-01-2025T17:49:00 - [TEST_STEP][PASSED] - if (!(addedItems.contains(availableItems[j].getText()))): null

30-01-2025T17:49:00 - [TEST_STEP][PASSED] - validIndexes.add(j): null

30-01-2025T17:49:00 - [TEST_STEP][PASSED] - if (validIndexes.isEmpty()): null

30-01-2025T17:49:00 - [TEST_STEP][PASSED] - randomIndex = validIndexes.get(Random().nextInt(validIndexes.size())): null

30-01-2025T17:49:00 - [TEST_STEP][PASSED] - name = availableItems[randomIndex].getText(): null

30-01-2025T17:49:00 - [TEST_STEP][PASSED] - price = availablePrices[randomIndex].getText(): null

30-01-2025T17:49:00 - [TEST_STEP][PASSED] - availableButtons[randomIndex].click(): null

30-01-2025T17:49:00 - [TEST_STEP][PASSED] - delay(1): Delayed 1 second(s)

30-01-2025T17:49:01 - [MESSAGE][PASSED] - Delayed 1 second(s)

30-01-2025T17:49:01 - [TEST_STEP][PASSED] - verifyElementText(findTestObject("Object Repository/Page_Swag Labs/icone_carrinho"), i + 1.toString()): Actual text and expected text of test object 'Object Repository/Page_Swag Labs/icone_carrinho' are matched.

30-01-2025T17:49:01 - [MESSAGE][PASSED] - Actual text and expected text of test object 'Object Repository/Page_Swag Labs/icone_carrinho' are matched.

30-01-2025T17:49:01 - [TEST_STEP][PASSED] - click(findTestObject("Object Repository/Page_Swag Labs/icone_carrinho")): Object: 'Object Repository/Page_Swag Labs/icone_carrinho' is clicked on

30-01-2025T17:49:01 - [MESSAGE][PASSED] - Object: 'Object Repository/Page_Swag Labs/icone_carrinho' is clicked on

30-01-2025T17:49:01 - [TEST_STEP][PASSED] - delay(1): Delayed 1 second(s)

30-01-2025T17:49:02 - [MESSAGE][PASSED] - Delayed 1 second(s)

30-01-2025T17:49:02 - [TEST_STEP][PASSED] - cartItemNameList = findWebElements(findTestObject("Object Repository/Page_Swag Labs/cart_item_name"), 10): Found web elements by test object Object Repository/Page_Swag Labs/cart_item_name

30-01-2025T17:49:03 - [MESSAGE][PASSED] - Found web elements by test object Object Repository/Page_Swag Labs/cart_item_name

30-01-2025T17:49:03 - [TEST_STEP][PASSED] - cartItemPriceList = findWebElements(findTestObject("Object Repository/Page_Swag Labs/cart_item_price"), 10): Found web elements by test object Object Repository/Page_Swag Labs/cart_item_price

30-01-2025T17:49:03 - [MESSAGE][PASSED] - Found web elements by test object Object Repository/Page_Swag Labs/cart_item_price

30-01-2025T17:49:03 - [TEST_STEP][PASSED] - verifyMatch(cartItemNameList[i].getText(), name, false): Actual text 'Sauce Labs Fleece Jacket' and expected text 'Sauce Labs Fleece Jacket' are matched 

30-01-2025T17:49:03 - [MESSAGE][PASSED] - Actual text 'Sauce Labs Fleece Jacket' and expected text 'Sauce Labs Fleece Jacket' are matched 

30-01-2025T17:49:03 - [TEST_STEP][PASSED] - verifyMatch(cartItemPriceList[i].getText(), price, false): Actual text '$49.99' and expected text '$49.99' are matched 

30-01-2025T17:49:03 - [MESSAGE][PASSED] - Actual text '$49.99' and expected text '$49.99' are matched 

30-01-2025T17:49:03 - [TEST_STEP][PASSED] - addedItems.add(name): null

30-01-2025T17:49:03 - [TEST_STEP][PASSED] - click(findTestObject("Object Repository/Page_Swag Labs/button_Continue Shopping")): Object: 'Object Repository/Page_Swag Labs/button_Continue Shopping' is clicked on

30-01-2025T17:49:03 - [MESSAGE][PASSED] - Object: 'Object Repository/Page_Swag Labs/button_Continue Shopping' is clicked on

30-01-2025T17:49:03 - [TEST_STEP][PASSED] - availableItems = findWebElements(findTestObject("Object Repository/Page_Swag Labs/item_name"), 10): Found web elements by test object Object Repository/Page_Swag Labs/item_name

30-01-2025T17:49:04 - [MESSAGE][PASSED] - Found web elements by test object Object Repository/Page_Swag Labs/item_name

30-01-2025T17:49:04 - [TEST_STEP][PASSED] - availablePrices = findWebElements(findTestObject("Object Repository/Page_Swag Labs/item_price"), 10): Found web elements by test object Object Repository/Page_Swag Labs/item_price

30-01-2025T17:49:04 - [MESSAGE][PASSED] - Found web elements by test object Object Repository/Page_Swag Labs/item_price

30-01-2025T17:49:04 - [TEST_STEP][PASSED] - availableButtons = findWebElements(findTestObject("Object Repository/Page_Swag Labs/button_add_to_cart"), 10): Found web elements by test object Object Repository/Page_Swag Labs/button_add_to_cart

30-01-2025T17:49:04 - [MESSAGE][PASSED] - Found web elements by test object Object Repository/Page_Swag Labs/button_add_to_cart

30-01-2025T17:49:04 - [TEST_STEP][PASSED] - validIndexes = []: null

30-01-2025T17:49:04 - [TEST_STEP][PASSED] - for ([j = 0, j < availableItems.size(), (j++)]): null

30-01-2025T17:49:04 - [TEST_STEP][PASSED] - if (!(addedItems.contains(availableItems[j].getText()))): null

30-01-2025T17:49:04 - [TEST_STEP][PASSED] - validIndexes.add(j): null

30-01-2025T17:49:04 - [TEST_STEP][PASSED] - if (!(addedItems.contains(availableItems[j].getText()))): null

30-01-2025T17:49:04 - [TEST_STEP][PASSED] - validIndexes.add(j): null

30-01-2025T17:49:04 - [TEST_STEP][PASSED] - if (!(addedItems.contains(availableItems[j].getText()))): null

30-01-2025T17:49:04 - [TEST_STEP][PASSED] - validIndexes.add(j): null

30-01-2025T17:49:04 - [TEST_STEP][PASSED] - if (!(addedItems.contains(availableItems[j].getText()))): null

30-01-2025T17:49:04 - [TEST_STEP][PASSED] - if (!(addedItems.contains(availableItems[j].getText()))): null

30-01-2025T17:49:04 - [TEST_STEP][PASSED] - validIndexes.add(j): null

30-01-2025T17:49:04 - [TEST_STEP][PASSED] - if (!(addedItems.contains(availableItems[j].getText()))): null

30-01-2025T17:49:04 - [TEST_STEP][PASSED] - validIndexes.add(j): null

30-01-2025T17:49:04 - [TEST_STEP][PASSED] - if (validIndexes.isEmpty()): null

30-01-2025T17:49:04 - [TEST_STEP][PASSED] - randomIndex = validIndexes.get(Random().nextInt(validIndexes.size())): null

30-01-2025T17:49:04 - [TEST_STEP][PASSED] - name = availableItems[randomIndex].getText(): null

30-01-2025T17:49:04 - [TEST_STEP][PASSED] - price = availablePrices[randomIndex].getText(): null

30-01-2025T17:49:04 - [TEST_STEP][PASSED] - availableButtons[randomIndex].click(): null

30-01-2025T17:49:04 - [TEST_STEP][PASSED] - delay(1): Delayed 1 second(s)

30-01-2025T17:49:05 - [MESSAGE][PASSED] - Delayed 1 second(s)

30-01-2025T17:49:05 - [TEST_STEP][PASSED] - verifyElementText(findTestObject("Object Repository/Page_Swag Labs/icone_carrinho"), i + 1.toString()): Actual text and expected text of test object 'Object Repository/Page_Swag Labs/icone_carrinho' are matched.

30-01-2025T17:49:05 - [MESSAGE][PASSED] - Actual text and expected text of test object 'Object Repository/Page_Swag Labs/icone_carrinho' are matched.

30-01-2025T17:49:05 - [TEST_STEP][PASSED] - click(findTestObject("Object Repository/Page_Swag Labs/icone_carrinho")): Object: 'Object Repository/Page_Swag Labs/icone_carrinho' is clicked on

30-01-2025T17:49:06 - [MESSAGE][PASSED] - Object: 'Object Repository/Page_Swag Labs/icone_carrinho' is clicked on

30-01-2025T17:49:06 - [TEST_STEP][PASSED] - delay(1): Delayed 1 second(s)

30-01-2025T17:49:07 - [MESSAGE][PASSED] - Delayed 1 second(s)

30-01-2025T17:49:07 - [TEST_STEP][PASSED] - cartItemNameList = findWebElements(findTestObject("Object Repository/Page_Swag Labs/cart_item_name"), 10): Found web elements by test object Object Repository/Page_Swag Labs/cart_item_name

30-01-2025T17:49:08 - [MESSAGE][PASSED] - Found web elements by test object Object Repository/Page_Swag Labs/cart_item_name

30-01-2025T17:49:08 - [TEST_STEP][PASSED] - cartItemPriceList = findWebElements(findTestObject("Object Repository/Page_Swag Labs/cart_item_price"), 10): Found web elements by test object Object Repository/Page_Swag Labs/cart_item_price

30-01-2025T17:49:08 - [MESSAGE][PASSED] - Found web elements by test object Object Repository/Page_Swag Labs/cart_item_price

30-01-2025T17:49:08 - [TEST_STEP][PASSED] - verifyMatch(cartItemNameList[i].getText(), name, false): Actual text 'Sauce Labs Bike Light' and expected text 'Sauce Labs Bike Light' are matched 

30-01-2025T17:49:08 - [MESSAGE][PASSED] - Actual text 'Sauce Labs Bike Light' and expected text 'Sauce Labs Bike Light' are matched 

30-01-2025T17:49:08 - [TEST_STEP][PASSED] - verifyMatch(cartItemPriceList[i].getText(), price, false): Actual text '$9.99' and expected text '$9.99' are matched 

30-01-2025T17:49:08 - [MESSAGE][PASSED] - Actual text '$9.99' and expected text '$9.99' are matched 

30-01-2025T17:49:08 - [TEST_STEP][PASSED] - addedItems.add(name): null

30-01-2025T17:49:08 - [TEST_STEP][PASSED] - click(findTestObject("Object Repository/Page_Swag Labs/button_Continue Shopping")): Object: 'Object Repository/Page_Swag Labs/button_Continue Shopping' is clicked on

30-01-2025T17:49:08 - [MESSAGE][PASSED] - Object: 'Object Repository/Page_Swag Labs/button_Continue Shopping' is clicked on

30-01-2025T17:49:08 - [TEST_STEP][PASSED] - availableItems = findWebElements(findTestObject("Object Repository/Page_Swag Labs/item_name"), 10): Found web elements by test object Object Repository/Page_Swag Labs/item_name

30-01-2025T17:49:08 - [MESSAGE][PASSED] - Found web elements by test object Object Repository/Page_Swag Labs/item_name

30-01-2025T17:49:08 - [TEST_STEP][PASSED] - availablePrices = findWebElements(findTestObject("Object Repository/Page_Swag Labs/item_price"), 10): Found web elements by test object Object Repository/Page_Swag Labs/item_price

30-01-2025T17:49:09 - [MESSAGE][PASSED] - Found web elements by test object Object Repository/Page_Swag Labs/item_price

30-01-2025T17:49:09 - [TEST_STEP][PASSED] - availableButtons = findWebElements(findTestObject("Object Repository/Page_Swag Labs/button_add_to_cart"), 10): Found web elements by test object Object Repository/Page_Swag Labs/button_add_to_cart

30-01-2025T17:49:09 - [MESSAGE][PASSED] - Found web elements by test object Object Repository/Page_Swag Labs/button_add_to_cart

30-01-2025T17:49:09 - [TEST_STEP][PASSED] - validIndexes = []: null

30-01-2025T17:49:09 - [TEST_STEP][PASSED] - for ([j = 0, j < availableItems.size(), (j++)]): null

30-01-2025T17:49:09 - [TEST_STEP][PASSED] - if (!(addedItems.contains(availableItems[j].getText()))): null

30-01-2025T17:49:09 - [TEST_STEP][PASSED] - validIndexes.add(j): null

30-01-2025T17:49:09 - [TEST_STEP][PASSED] - if (!(addedItems.contains(availableItems[j].getText()))): null

30-01-2025T17:49:09 - [TEST_STEP][PASSED] - if (!(addedItems.contains(availableItems[j].getText()))): null

30-01-2025T17:49:09 - [TEST_STEP][PASSED] - validIndexes.add(j): null

30-01-2025T17:49:09 - [TEST_STEP][PASSED] - if (!(addedItems.contains(availableItems[j].getText()))): null

30-01-2025T17:49:09 - [TEST_STEP][PASSED] - if (!(addedItems.contains(availableItems[j].getText()))): null

30-01-2025T17:49:09 - [TEST_STEP][PASSED] - validIndexes.add(j): null

30-01-2025T17:49:09 - [TEST_STEP][PASSED] - if (!(addedItems.contains(availableItems[j].getText()))): null

30-01-2025T17:49:09 - [TEST_STEP][PASSED] - validIndexes.add(j): null

30-01-2025T17:49:09 - [TEST_STEP][PASSED] - if (validIndexes.isEmpty()): null

30-01-2025T17:49:09 - [TEST_STEP][PASSED] - randomIndex = validIndexes.get(Random().nextInt(validIndexes.size())): null

30-01-2025T17:49:09 - [TEST_STEP][PASSED] - name = availableItems[randomIndex].getText(): null

30-01-2025T17:49:09 - [TEST_STEP][PASSED] - price = availablePrices[randomIndex].getText(): null

30-01-2025T17:49:09 - [TEST_STEP][PASSED] - availableButtons[randomIndex].click(): null

30-01-2025T17:49:09 - [TEST_STEP][PASSED] - delay(1): Delayed 1 second(s)

30-01-2025T17:49:10 - [MESSAGE][PASSED] - Delayed 1 second(s)

30-01-2025T17:49:10 - [TEST_STEP][PASSED] - verifyElementText(findTestObject("Object Repository/Page_Swag Labs/icone_carrinho"), i + 1.toString()): Actual text and expected text of test object 'Object Repository/Page_Swag Labs/icone_carrinho' are matched.

30-01-2025T17:49:10 - [MESSAGE][PASSED] - Actual text and expected text of test object 'Object Repository/Page_Swag Labs/icone_carrinho' are matched.

30-01-2025T17:49:10 - [TEST_STEP][PASSED] - click(findTestObject("Object Repository/Page_Swag Labs/icone_carrinho")): Object: 'Object Repository/Page_Swag Labs/icone_carrinho' is clicked on

30-01-2025T17:49:11 - [MESSAGE][PASSED] - Object: 'Object Repository/Page_Swag Labs/icone_carrinho' is clicked on

30-01-2025T17:49:11 - [TEST_STEP][PASSED] - delay(1): Delayed 1 second(s)

30-01-2025T17:49:12 - [MESSAGE][PASSED] - Delayed 1 second(s)

30-01-2025T17:49:12 - [TEST_STEP][PASSED] - cartItemNameList = findWebElements(findTestObject("Object Repository/Page_Swag Labs/cart_item_name"), 10): Found web elements by test object Object Repository/Page_Swag Labs/cart_item_name

30-01-2025T17:49:12 - [MESSAGE][PASSED] - Found web elements by test object Object Repository/Page_Swag Labs/cart_item_name

30-01-2025T17:49:12 - [TEST_STEP][PASSED] - cartItemPriceList = findWebElements(findTestObject("Object Repository/Page_Swag Labs/cart_item_price"), 10): Found web elements by test object Object Repository/Page_Swag Labs/cart_item_price

30-01-2025T17:49:12 - [MESSAGE][PASSED] - Found web elements by test object Object Repository/Page_Swag Labs/cart_item_price

30-01-2025T17:49:12 - [TEST_STEP][PASSED] - verifyMatch(cartItemNameList[i].getText(), name, false): Actual text 'Sauce Labs Bolt T-Shirt' and expected text 'Sauce Labs Bolt T-Shirt' are matched 

30-01-2025T17:49:12 - [MESSAGE][PASSED] - Actual text 'Sauce Labs Bolt T-Shirt' and expected text 'Sauce Labs Bolt T-Shirt' are matched 

30-01-2025T17:49:12 - [TEST_STEP][PASSED] - verifyMatch(cartItemPriceList[i].getText(), price, false): Actual text '$15.99' and expected text '$15.99' are matched 

30-01-2025T17:49:12 - [MESSAGE][PASSED] - Actual text '$15.99' and expected text '$15.99' are matched 

30-01-2025T17:49:12 - [TEST_STEP][PASSED] - addedItems.add(name): null

30-01-2025T17:49:12 - [TEST_STEP][PASSED] - click(findTestObject("Object Repository/Page_Swag Labs/button_Continue Shopping")): Object: 'Object Repository/Page_Swag Labs/button_Continue Shopping' is clicked on

30-01-2025T17:49:12 - [MESSAGE][PASSED] - Object: 'Object Repository/Page_Swag Labs/button_Continue Shopping' is clicked on

30-01-2025T17:49:12 - [TEST_STEP][PASSED] - availableItems = findWebElements(findTestObject("Object Repository/Page_Swag Labs/item_name"), 10): Found web elements by test object Object Repository/Page_Swag Labs/item_name

30-01-2025T17:49:13 - [MESSAGE][PASSED] - Found web elements by test object Object Repository/Page_Swag Labs/item_name

30-01-2025T17:49:13 - [TEST_STEP][PASSED] - availablePrices = findWebElements(findTestObject("Object Repository/Page_Swag Labs/item_price"), 10): Found web elements by test object Object Repository/Page_Swag Labs/item_price

30-01-2025T17:49:13 - [MESSAGE][PASSED] - Found web elements by test object Object Repository/Page_Swag Labs/item_price

30-01-2025T17:49:13 - [TEST_STEP][PASSED] - availableButtons = findWebElements(findTestObject("Object Repository/Page_Swag Labs/button_add_to_cart"), 10): Found web elements by test object Object Repository/Page_Swag Labs/button_add_to_cart

30-01-2025T17:49:13 - [MESSAGE][PASSED] - Found web elements by test object Object Repository/Page_Swag Labs/button_add_to_cart

30-01-2025T17:49:13 - [TEST_STEP][PASSED] - validIndexes = []: null

30-01-2025T17:49:13 - [TEST_STEP][PASSED] - for ([j = 0, j < availableItems.size(), (j++)]): null

30-01-2025T17:49:13 - [TEST_STEP][PASSED] - if (!(addedItems.contains(availableItems[j].getText()))): null

30-01-2025T17:49:13 - [TEST_STEP][PASSED] - validIndexes.add(j): null

30-01-2025T17:49:13 - [TEST_STEP][PASSED] - if (!(addedItems.contains(availableItems[j].getText()))): null

30-01-2025T17:49:13 - [TEST_STEP][PASSED] - if (!(addedItems.contains(availableItems[j].getText()))): null

30-01-2025T17:49:13 - [TEST_STEP][PASSED] - if (!(addedItems.contains(availableItems[j].getText()))): null

30-01-2025T17:49:13 - [TEST_STEP][PASSED] - if (!(addedItems.contains(availableItems[j].getText()))): null

30-01-2025T17:49:13 - [TEST_STEP][PASSED] - validIndexes.add(j): null

30-01-2025T17:49:13 - [TEST_STEP][PASSED] - if (!(addedItems.contains(availableItems[j].getText()))): null

30-01-2025T17:49:13 - [TEST_STEP][PASSED] - validIndexes.add(j): null

30-01-2025T17:49:13 - [TEST_STEP][PASSED] - if (validIndexes.isEmpty()): null

30-01-2025T17:49:13 - [TEST_STEP][PASSED] - randomIndex = validIndexes.get(Random().nextInt(validIndexes.size())): null

30-01-2025T17:49:13 - [TEST_STEP][PASSED] - name = availableItems[randomIndex].getText(): null

30-01-2025T17:49:13 - [TEST_STEP][PASSED] - price = availablePrices[randomIndex].getText(): null

30-01-2025T17:49:13 - [TEST_STEP][PASSED] - availableButtons[randomIndex].click(): null

30-01-2025T17:49:13 - [TEST_STEP][PASSED] - delay(1): Delayed 1 second(s)

30-01-2025T17:49:14 - [MESSAGE][PASSED] - Delayed 1 second(s)

30-01-2025T17:49:14 - [TEST_STEP][PASSED] - verifyElementText(findTestObject("Object Repository/Page_Swag Labs/icone_carrinho"), i + 1.toString()): Actual text and expected text of test object 'Object Repository/Page_Swag Labs/icone_carrinho' are matched.

30-01-2025T17:49:15 - [MESSAGE][PASSED] - Actual text and expected text of test object 'Object Repository/Page_Swag Labs/icone_carrinho' are matched.

30-01-2025T17:49:15 - [TEST_STEP][PASSED] - click(findTestObject("Object Repository/Page_Swag Labs/icone_carrinho")): Object: 'Object Repository/Page_Swag Labs/icone_carrinho' is clicked on

30-01-2025T17:49:15 - [MESSAGE][PASSED] - Object: 'Object Repository/Page_Swag Labs/icone_carrinho' is clicked on

30-01-2025T17:49:15 - [TEST_STEP][PASSED] - delay(1): Delayed 1 second(s)

30-01-2025T17:49:16 - [MESSAGE][PASSED] - Delayed 1 second(s)

30-01-2025T17:49:16 - [TEST_STEP][PASSED] - cartItemNameList = findWebElements(findTestObject("Object Repository/Page_Swag Labs/cart_item_name"), 10): Found web elements by test object Object Repository/Page_Swag Labs/cart_item_name

30-01-2025T17:49:16 - [MESSAGE][PASSED] - Found web elements by test object Object Repository/Page_Swag Labs/cart_item_name

30-01-2025T17:49:16 - [TEST_STEP][PASSED] - cartItemPriceList = findWebElements(findTestObject("Object Repository/Page_Swag Labs/cart_item_price"), 10): Found web elements by test object Object Repository/Page_Swag Labs/cart_item_price

30-01-2025T17:49:17 - [MESSAGE][PASSED] - Found web elements by test object Object Repository/Page_Swag Labs/cart_item_price

30-01-2025T17:49:17 - [TEST_STEP][PASSED] - verifyMatch(cartItemNameList[i].getText(), name, false): Actual text 'Sauce Labs Onesie' and expected text 'Sauce Labs Onesie' are matched 

30-01-2025T17:49:17 - [MESSAGE][PASSED] - Actual text 'Sauce Labs Onesie' and expected text 'Sauce Labs Onesie' are matched 

30-01-2025T17:49:17 - [TEST_STEP][PASSED] - verifyMatch(cartItemPriceList[i].getText(), price, false): Actual text '$7.99' and expected text '$7.99' are matched 

30-01-2025T17:49:17 - [MESSAGE][PASSED] - Actual text '$7.99' and expected text '$7.99' are matched 

30-01-2025T17:49:17 - [TEST_STEP][PASSED] - addedItems.add(name): null

30-01-2025T17:49:17 - [TEST_STEP][PASSED] - click(findTestObject("Object Repository/Page_Swag Labs/button_Continue Shopping")): Object: 'Object Repository/Page_Swag Labs/button_Continue Shopping' is clicked on

30-01-2025T17:49:17 - [MESSAGE][PASSED] - Object: 'Object Repository/Page_Swag Labs/button_Continue Shopping' is clicked on

30-01-2025T17:49:17 - [MESSAGE][PASSED] - Call Test Case 'Test Cases/Askblue_Training/Add_to_Cart/Add_to_Cart_AleatorioVarios' successfully

30-01-2025T17:49:17 - [TEST_STEP][PASSED] - remove = findTestObject("Object Repository/Page_Swag Labs/button_remove"): null

30-01-2025T17:49:17 - [TEST_STEP][PASSED] - removeList = findWebElements(remove, 10): Found web elements by test object Object Repository/Page_Swag Labs/button_remove

30-01-2025T17:49:17 - [MESSAGE][PASSED] - Found web elements by test object Object Repository/Page_Swag Labs/button_remove

30-01-2025T17:49:17 - [TEST_STEP][PASSED] - v = Random().nextInt(removeList.size() - 2) + 1: null

30-01-2025T17:49:17 - [TEST_STEP][PASSED] - for ([i = 0, i < v, (i++)]): Actual text '3' and expected text '3' are matched 

30-01-2025T17:49:17 - [TEST_STEP][PASSED] - removeList = findWebElements(remove, 10): Found web elements by test object Object Repository/Page_Swag Labs/button_remove

30-01-2025T17:49:17 - [MESSAGE][PASSED] - Found web elements by test object Object Repository/Page_Swag Labs/button_remove

30-01-2025T17:49:17 - [TEST_STEP][PASSED] - if (removeList.isEmpty()): null

30-01-2025T17:49:17 - [TEST_STEP][PASSED] - rand = new java.util.Random(): null

30-01-2025T17:49:17 - [TEST_STEP][PASSED] - r = rand.nextInt(removeList.size()): null

30-01-2025T17:49:17 - [TEST_STEP][PASSED] - get(r).click(): null

30-01-2025T17:49:17 - [TEST_STEP][PASSED] - delay(1): Delayed 1 second(s)

30-01-2025T17:49:18 - [MESSAGE][PASSED] - Delayed 1 second(s)

30-01-2025T17:49:18 - [TEST_STEP][PASSED] - cartIconText = getText(findTestObject("Object Repository/Page_Swag Labs/icone_carrinho")).trim(): Text of object 'Object Repository/Page_Swag Labs/icone_carrinho' is: '3'

30-01-2025T17:49:19 - [MESSAGE][PASSED] - Text of object 'Object Repository/Page_Swag Labs/icone_carrinho' is: '3'

30-01-2025T17:49:19 - [TEST_STEP][PASSED] - expectedCount = removeList.size() - 1: null

30-01-2025T17:49:19 - [TEST_STEP][PASSED] - if (expectedCount == 0): null

30-01-2025T17:49:19 - [TEST_STEP][PASSED] - else: Actual text '3' and expected text '3' are matched 

30-01-2025T17:49:19 - [TEST_STEP][PASSED] - verifyMatch(cartIconText, expectedCount.toString(), false): Actual text '3' and expected text '3' are matched 

30-01-2025T17:49:19 - [MESSAGE][PASSED] - Actual text '3' and expected text '3' are matched]]></system-out>
         <system-err><![CDATA[]]></system-err>
      </testcase>
      <testcase name="Test Cases/Askblue_Training/Remove_from_Cart/Remove_from_Cart_Todos" time="30.274" classname="Test Cases/Askblue_Training/Remove_from_Cart/Remove_from_Cart_Todos" status="PASSED">
         <system-out><![CDATA[30-01-2025T17:49:19 - [TEST_CASE][PASSED] - Test Cases/Askblue_Training/Remove_from_Cart/Remove_from_Cart_Todos: Test Cases/Askblue_Training/Remove_from_Cart/Remove_from_Cart_Todos

30-01-2025T17:49:19 - [TEST_STEP][PASSED] - callTestCase(findTestCase("Askblue_Training/Add_to_Cart/Add_to_Cart_Todos"), [:], STOP_ON_FAILURE): Call Test Case 'Test Cases/Askblue_Training/Add_to_Cart/Add_to_Cart_Todos' successfully

30-01-2025T17:49:19 - [TEST_CASE][PASSED] - Test Cases/Askblue_Training/Add_to_Cart/Add_to_Cart_Todos: Test Cases/Askblue_Training/Add_to_Cart/Add_to_Cart_Todos

30-01-2025T17:49:19 - [TEST_STEP][PASSED] - callTestCase(findTestCase("Askblue_Training/Login_Logout/Login_Positivo"), ["username":"standard_user", "password":"secret_sauce"], STOP_ON_FAILURE): Call Test Case 'Test Cases/Askblue_Training/Login_Logout/Login_Positivo' successfully

30-01-2025T17:49:19 - [TEST_CASE][PASSED] - Test Cases/Askblue_Training/Login_Logout/Login_Positivo: Test Cases/Askblue_Training/Login_Logout/Login_Positivo

30-01-2025T17:49:19 - [TEST_STEP][PASSED] - openBrowser(""): Browser is opened with url: ''

30-01-2025T17:49:19 - [MESSAGE][WARNING] - A browser is already opened. Closing browser and opening a new one

30-01-2025T17:49:19 - [MESSAGE][INFO] - Starting 'Chrome' driver

30-01-2025T17:49:19 - [MESSAGE][INFO] - Action delay is set to 0 milliseconds

30-01-2025T17:49:20 - [MESSAGE][PASSED] - Browser is opened with url: ''

30-01-2025T17:49:20 - [TEST_STEP][PASSED] - navigateToUrl("https://www.saucedemo.com/"): Navigate to 'https://www.saucedemo.com/' successfully

30-01-2025T17:49:20 - [MESSAGE][PASSED] - Navigate to 'https://www.saucedemo.com/' successfully

30-01-2025T17:49:20 - [TEST_STEP][PASSED] - setText(findTestObject("Object Repository/Page_Swag Labs/input_Swag Labs_user-name"), username): Text 'standard_user' is set on object 'Object Repository/Page_Swag Labs/input_Swag Labs_user-name'

30-01-2025T17:49:21 - [MESSAGE][PASSED] - Text 'standard_user' is set on object 'Object Repository/Page_Swag Labs/input_Swag Labs_user-name'

30-01-2025T17:49:21 - [TEST_STEP][PASSED] - setText(findTestObject("Object Repository/Page_Swag Labs/input_Swag Labs_password"), password): Text 'secret_sauce' is set on object 'Object Repository/Page_Swag Labs/input_Swag Labs_password'

30-01-2025T17:49:22 - [MESSAGE][PASSED] - Text 'secret_sauce' is set on object 'Object Repository/Page_Swag Labs/input_Swag Labs_password'

30-01-2025T17:49:22 - [TEST_STEP][PASSED] - click(findTestObject("Object Repository/Page_Swag Labs/input_Swag Labs_login-button")): Object: 'Object Repository/Page_Swag Labs/input_Swag Labs_login-button' is clicked on

30-01-2025T17:49:22 - [MESSAGE][PASSED] - Object: 'Object Repository/Page_Swag Labs/input_Swag Labs_login-button' is clicked on

30-01-2025T17:49:22 - [TEST_STEP][PASSED] - click(findTestObject("Object Repository/Page_Swag Labs/button_Open Menu")): Object: 'Object Repository/Page_Swag Labs/button_Open Menu' is clicked on

30-01-2025T17:49:22 - [MESSAGE][PASSED] - Object: 'Object Repository/Page_Swag Labs/button_Open Menu' is clicked on

30-01-2025T17:49:22 - [TEST_STEP][PASSED] - verifyElementText(findTestObject("Object Repository/Page_Swag Labs/a_Logout"), "Logout"): Actual text and expected text of test object 'Object Repository/Page_Swag Labs/a_Logout' are matched.

30-01-2025T17:49:23 - [MESSAGE][PASSED] - Actual text and expected text of test object 'Object Repository/Page_Swag Labs/a_Logout' are matched.

30-01-2025T17:49:23 - [TEST_STEP][PASSED] - click(findTestObject("Object Repository/Page_Swag Labs/button_Close Menu")): Object: 'Object Repository/Page_Swag Labs/button_Close Menu' is clicked on

30-01-2025T17:49:23 - [MESSAGE][PASSED] - Object: 'Object Repository/Page_Swag Labs/button_Close Menu' is clicked on

30-01-2025T17:49:23 - [MESSAGE][PASSED] - Call Test Case 'Test Cases/Askblue_Training/Login_Logout/Login_Positivo' successfully

30-01-2025T17:49:23 - [TEST_STEP][PASSED] - addToCart = findTestObject("Object Repository/Page_Swag Labs/button_add_to_cart"): null

30-01-2025T17:49:23 - [TEST_STEP][PASSED] - addToCartList = findWebElements(addToCart, 10): Found web elements by test object Object Repository/Page_Swag Labs/button_add_to_cart

30-01-2025T17:49:23 - [MESSAGE][PASSED] - Found web elements by test object Object Repository/Page_Swag Labs/button_add_to_cart

30-01-2025T17:49:23 - [TEST_STEP][PASSED] - for ([i = 0, i < addToCartList.size(), (i++)]): Found web elements by test object Object Repository/Page_Swag Labs/item_price

30-01-2025T17:49:23 - [TEST_STEP][PASSED] - itemNames = findTestObject("Object Repository/Page_Swag Labs/item_name"): null

30-01-2025T17:49:23 - [TEST_STEP][PASSED] - itemNameList = findWebElements(itemNames, 10): Found web elements by test object Object Repository/Page_Swag Labs/item_name

30-01-2025T17:49:24 - [MESSAGE][PASSED] - Found web elements by test object Object Repository/Page_Swag Labs/item_name

30-01-2025T17:49:24 - [TEST_STEP][PASSED] - name = itemNameList[i].getText(): null

30-01-2025T17:49:24 - [TEST_STEP][PASSED] - itemPrices = findTestObject("Object Repository/Page_Swag Labs/item_price"): null

30-01-2025T17:49:24 - [TEST_STEP][PASSED] - itemPriceList = findWebElements(itemPrices, 10): Found web elements by test object Object Repository/Page_Swag Labs/item_price

30-01-2025T17:49:24 - [MESSAGE][PASSED] - Found web elements by test object Object Repository/Page_Swag Labs/item_price

30-01-2025T17:49:24 - [TEST_STEP][PASSED] - price = itemPriceList[i].getText(): null

30-01-2025T17:49:24 - [TEST_STEP][PASSED] - get(i).click(): null

30-01-2025T17:49:24 - [TEST_STEP][PASSED] - verifyElementText(findTestObject("Object Repository/Page_Swag Labs/icone_carrinho"), i + 1.toString()): Actual text and expected text of test object 'Object Repository/Page_Swag Labs/icone_carrinho' are matched.

30-01-2025T17:49:24 - [MESSAGE][PASSED] - Actual text and expected text of test object 'Object Repository/Page_Swag Labs/icone_carrinho' are matched.

30-01-2025T17:49:24 - [TEST_STEP][PASSED] - click(findTestObject("Object Repository/Page_Swag Labs/icone_carrinho")): Object: 'Object Repository/Page_Swag Labs/icone_carrinho' is clicked on

30-01-2025T17:49:24 - [MESSAGE][PASSED] - Object: 'Object Repository/Page_Swag Labs/icone_carrinho' is clicked on

30-01-2025T17:49:24 - [TEST_STEP][PASSED] - delay(1): Delayed 1 second(s)

30-01-2025T17:49:25 - [MESSAGE][PASSED] - Delayed 1 second(s)

30-01-2025T17:49:25 - [TEST_STEP][PASSED] - cartItemNames = findTestObject("Object Repository/Page_Swag Labs/cart_item_name"): null

30-01-2025T17:49:25 - [TEST_STEP][PASSED] - cartItemNameList = findWebElements(cartItemNames, 10): Found web elements by test object Object Repository/Page_Swag Labs/cart_item_name

30-01-2025T17:49:26 - [MESSAGE][PASSED] - Found web elements by test object Object Repository/Page_Swag Labs/cart_item_name

30-01-2025T17:49:26 - [TEST_STEP][PASSED] - verifyMatch(cartItemNameList[i].getText(), name, false): Actual text 'Sauce Labs Backpack' and expected text 'Sauce Labs Backpack' are matched 

30-01-2025T17:49:26 - [MESSAGE][PASSED] - Actual text 'Sauce Labs Backpack' and expected text 'Sauce Labs Backpack' are matched 

30-01-2025T17:49:26 - [TEST_STEP][PASSED] - cartItemPrices = findTestObject("Object Repository/Page_Swag Labs/cart_item_price"): null

30-01-2025T17:49:26 - [TEST_STEP][PASSED] - cartItemPriceList = findWebElements(cartItemPrices, 10): Found web elements by test object Object Repository/Page_Swag Labs/cart_item_price

30-01-2025T17:49:26 - [MESSAGE][PASSED] - Found web elements by test object Object Repository/Page_Swag Labs/cart_item_price

30-01-2025T17:49:26 - [TEST_STEP][PASSED] - verifyMatch(cartItemPriceList[i].getText(), price, false): Actual text '$29.99' and expected text '$29.99' are matched 

30-01-2025T17:49:26 - [MESSAGE][PASSED] - Actual text '$29.99' and expected text '$29.99' are matched 

30-01-2025T17:49:26 - [TEST_STEP][PASSED] - click(findTestObject("Object Repository/Page_Swag Labs/button_Continue Shopping")): Object: 'Object Repository/Page_Swag Labs/button_Continue Shopping' is clicked on

30-01-2025T17:49:26 - [MESSAGE][PASSED] - Object: 'Object Repository/Page_Swag Labs/button_Continue Shopping' is clicked on

30-01-2025T17:49:26 - [TEST_STEP][PASSED] - addToCartList = findWebElements(addToCart, 10): Found web elements by test object Object Repository/Page_Swag Labs/button_add_to_cart

30-01-2025T17:49:27 - [MESSAGE][PASSED] - Found web elements by test object Object Repository/Page_Swag Labs/button_add_to_cart

30-01-2025T17:49:27 - [TEST_STEP][PASSED] - itemNameList = findWebElements(itemNames, 10): Found web elements by test object Object Repository/Page_Swag Labs/item_name

30-01-2025T17:49:27 - [MESSAGE][PASSED] - Found web elements by test object Object Repository/Page_Swag Labs/item_name

30-01-2025T17:49:27 - [TEST_STEP][PASSED] - itemPriceList = findWebElements(itemPrices, 10): Found web elements by test object Object Repository/Page_Swag Labs/item_price

30-01-2025T17:49:27 - [MESSAGE][PASSED] - Found web elements by test object Object Repository/Page_Swag Labs/item_price

30-01-2025T17:49:27 - [TEST_STEP][PASSED] - itemNames = findTestObject("Object Repository/Page_Swag Labs/item_name"): null

30-01-2025T17:49:27 - [TEST_STEP][PASSED] - itemNameList = findWebElements(itemNames, 10): Found web elements by test object Object Repository/Page_Swag Labs/item_name

30-01-2025T17:49:27 - [MESSAGE][PASSED] - Found web elements by test object Object Repository/Page_Swag Labs/item_name

30-01-2025T17:49:27 - [TEST_STEP][PASSED] - name = itemNameList[i].getText(): null

30-01-2025T17:49:27 - [TEST_STEP][PASSED] - itemPrices = findTestObject("Object Repository/Page_Swag Labs/item_price"): null

30-01-2025T17:49:27 - [TEST_STEP][PASSED] - itemPriceList = findWebElements(itemPrices, 10): Found web elements by test object Object Repository/Page_Swag Labs/item_price

30-01-2025T17:49:28 - [MESSAGE][PASSED] - Found web elements by test object Object Repository/Page_Swag Labs/item_price

30-01-2025T17:49:28 - [TEST_STEP][PASSED] - price = itemPriceList[i].getText(): null

30-01-2025T17:49:28 - [TEST_STEP][PASSED] - get(i).click(): null

30-01-2025T17:49:28 - [TEST_STEP][PASSED] - verifyElementText(findTestObject("Object Repository/Page_Swag Labs/icone_carrinho"), i + 1.toString()): Actual text and expected text of test object 'Object Repository/Page_Swag Labs/icone_carrinho' are matched.

30-01-2025T17:49:28 - [MESSAGE][PASSED] - Actual text and expected text of test object 'Object Repository/Page_Swag Labs/icone_carrinho' are matched.

30-01-2025T17:49:28 - [TEST_STEP][PASSED] - click(findTestObject("Object Repository/Page_Swag Labs/icone_carrinho")): Object: 'Object Repository/Page_Swag Labs/icone_carrinho' is clicked on

30-01-2025T17:49:28 - [MESSAGE][PASSED] - Object: 'Object Repository/Page_Swag Labs/icone_carrinho' is clicked on

30-01-2025T17:49:28 - [TEST_STEP][PASSED] - delay(1): Delayed 1 second(s)

30-01-2025T17:49:29 - [MESSAGE][PASSED] - Delayed 1 second(s)

30-01-2025T17:49:29 - [TEST_STEP][PASSED] - cartItemNames = findTestObject("Object Repository/Page_Swag Labs/cart_item_name"): null

30-01-2025T17:49:29 - [TEST_STEP][PASSED] - cartItemNameList = findWebElements(cartItemNames, 10): Found web elements by test object Object Repository/Page_Swag Labs/cart_item_name

30-01-2025T17:49:30 - [MESSAGE][PASSED] - Found web elements by test object Object Repository/Page_Swag Labs/cart_item_name

30-01-2025T17:49:30 - [TEST_STEP][PASSED] - verifyMatch(cartItemNameList[i].getText(), name, false): Actual text 'Sauce Labs Bike Light' and expected text 'Sauce Labs Bike Light' are matched 

30-01-2025T17:49:30 - [MESSAGE][PASSED] - Actual text 'Sauce Labs Bike Light' and expected text 'Sauce Labs Bike Light' are matched 

30-01-2025T17:49:30 - [TEST_STEP][PASSED] - cartItemPrices = findTestObject("Object Repository/Page_Swag Labs/cart_item_price"): null

30-01-2025T17:49:30 - [TEST_STEP][PASSED] - cartItemPriceList = findWebElements(cartItemPrices, 10): Found web elements by test object Object Repository/Page_Swag Labs/cart_item_price

30-01-2025T17:49:30 - [MESSAGE][PASSED] - Found web elements by test object Object Repository/Page_Swag Labs/cart_item_price

30-01-2025T17:49:30 - [TEST_STEP][PASSED] - verifyMatch(cartItemPriceList[i].getText(), price, false): Actual text '$9.99' and expected text '$9.99' are matched 

30-01-2025T17:49:30 - [MESSAGE][PASSED] - Actual text '$9.99' and expected text '$9.99' are matched 

30-01-2025T17:49:30 - [TEST_STEP][PASSED] - click(findTestObject("Object Repository/Page_Swag Labs/button_Continue Shopping")): Object: 'Object Repository/Page_Swag Labs/button_Continue Shopping' is clicked on

30-01-2025T17:49:30 - [MESSAGE][PASSED] - Object: 'Object Repository/Page_Swag Labs/button_Continue Shopping' is clicked on

30-01-2025T17:49:30 - [TEST_STEP][PASSED] - addToCartList = findWebElements(addToCart, 10): Found web elements by test object Object Repository/Page_Swag Labs/button_add_to_cart

30-01-2025T17:49:30 - [MESSAGE][PASSED] - Found web elements by test object Object Repository/Page_Swag Labs/button_add_to_cart

30-01-2025T17:49:30 - [TEST_STEP][PASSED] - itemNameList = findWebElements(itemNames, 10): Found web elements by test object Object Repository/Page_Swag Labs/item_name

30-01-2025T17:49:31 - [MESSAGE][PASSED] - Found web elements by test object Object Repository/Page_Swag Labs/item_name

30-01-2025T17:49:31 - [TEST_STEP][PASSED] - itemPriceList = findWebElements(itemPrices, 10): Found web elements by test object Object Repository/Page_Swag Labs/item_price

30-01-2025T17:49:32 - [MESSAGE][PASSED] - Found web elements by test object Object Repository/Page_Swag Labs/item_price

30-01-2025T17:49:32 - [TEST_STEP][PASSED] - itemNames = findTestObject("Object Repository/Page_Swag Labs/item_name"): null

30-01-2025T17:49:32 - [TEST_STEP][PASSED] - itemNameList = findWebElements(itemNames, 10): Found web elements by test object Object Repository/Page_Swag Labs/item_name

30-01-2025T17:49:32 - [MESSAGE][PASSED] - Found web elements by test object Object Repository/Page_Swag Labs/item_name

30-01-2025T17:49:32 - [TEST_STEP][PASSED] - name = itemNameList[i].getText(): null

30-01-2025T17:49:32 - [TEST_STEP][PASSED] - itemPrices = findTestObject("Object Repository/Page_Swag Labs/item_price"): null

30-01-2025T17:49:32 - [TEST_STEP][PASSED] - itemPriceList = findWebElements(itemPrices, 10): Found web elements by test object Object Repository/Page_Swag Labs/item_price

30-01-2025T17:49:32 - [MESSAGE][PASSED] - Found web elements by test object Object Repository/Page_Swag Labs/item_price

30-01-2025T17:49:32 - [TEST_STEP][PASSED] - price = itemPriceList[i].getText(): null

30-01-2025T17:49:32 - [TEST_STEP][PASSED] - get(i).click(): null

30-01-2025T17:49:32 - [TEST_STEP][PASSED] - verifyElementText(findTestObject("Object Repository/Page_Swag Labs/icone_carrinho"), i + 1.toString()): Actual text and expected text of test object 'Object Repository/Page_Swag Labs/icone_carrinho' are matched.

30-01-2025T17:49:32 - [MESSAGE][PASSED] - Actual text and expected text of test object 'Object Repository/Page_Swag Labs/icone_carrinho' are matched.

30-01-2025T17:49:32 - [TEST_STEP][PASSED] - click(findTestObject("Object Repository/Page_Swag Labs/icone_carrinho")): Object: 'Object Repository/Page_Swag Labs/icone_carrinho' is clicked on

30-01-2025T17:49:33 - [MESSAGE][PASSED] - Object: 'Object Repository/Page_Swag Labs/icone_carrinho' is clicked on

30-01-2025T17:49:33 - [TEST_STEP][PASSED] - delay(1): Delayed 1 second(s)

30-01-2025T17:49:34 - [MESSAGE][PASSED] - Delayed 1 second(s)

30-01-2025T17:49:34 - [TEST_STEP][PASSED] - cartItemNames = findTestObject("Object Repository/Page_Swag Labs/cart_item_name"): null

30-01-2025T17:49:34 - [TEST_STEP][PASSED] - cartItemNameList = findWebElements(cartItemNames, 10): Found web elements by test object Object Repository/Page_Swag Labs/cart_item_name

30-01-2025T17:49:34 - [MESSAGE][PASSED] - Found web elements by test object Object Repository/Page_Swag Labs/cart_item_name

30-01-2025T17:49:34 - [TEST_STEP][PASSED] - verifyMatch(cartItemNameList[i].getText(), name, false): Actual text 'Sauce Labs Bolt T-Shirt' and expected text 'Sauce Labs Bolt T-Shirt' are matched 

30-01-2025T17:49:34 - [MESSAGE][PASSED] - Actual text 'Sauce Labs Bolt T-Shirt' and expected text 'Sauce Labs Bolt T-Shirt' are matched 

30-01-2025T17:49:34 - [TEST_STEP][PASSED] - cartItemPrices = findTestObject("Object Repository/Page_Swag Labs/cart_item_price"): null

30-01-2025T17:49:34 - [TEST_STEP][PASSED] - cartItemPriceList = findWebElements(cartItemPrices, 10): Found web elements by test object Object Repository/Page_Swag Labs/cart_item_price

30-01-2025T17:49:34 - [MESSAGE][PASSED] - Found web elements by test object Object Repository/Page_Swag Labs/cart_item_price

30-01-2025T17:49:34 - [TEST_STEP][PASSED] - verifyMatch(cartItemPriceList[i].getText(), price, false): Actual text '$15.99' and expected text '$15.99' are matched 

30-01-2025T17:49:34 - [MESSAGE][PASSED] - Actual text '$15.99' and expected text '$15.99' are matched 

30-01-2025T17:49:34 - [TEST_STEP][PASSED] - click(findTestObject("Object Repository/Page_Swag Labs/button_Continue Shopping")): Object: 'Object Repository/Page_Swag Labs/button_Continue Shopping' is clicked on

30-01-2025T17:49:35 - [MESSAGE][PASSED] - Object: 'Object Repository/Page_Swag Labs/button_Continue Shopping' is clicked on

30-01-2025T17:49:35 - [TEST_STEP][PASSED] - addToCartList = findWebElements(addToCart, 10): Found web elements by test object Object Repository/Page_Swag Labs/button_add_to_cart

30-01-2025T17:49:35 - [MESSAGE][PASSED] - Found web elements by test object Object Repository/Page_Swag Labs/button_add_to_cart

30-01-2025T17:49:35 - [TEST_STEP][PASSED] - itemNameList = findWebElements(itemNames, 10): Found web elements by test object Object Repository/Page_Swag Labs/item_name

30-01-2025T17:49:35 - [MESSAGE][PASSED] - Found web elements by test object Object Repository/Page_Swag Labs/item_name

30-01-2025T17:49:35 - [TEST_STEP][PASSED] - itemPriceList = findWebElements(itemPrices, 10): Found web elements by test object Object Repository/Page_Swag Labs/item_price

30-01-2025T17:49:35 - [MESSAGE][PASSED] - Found web elements by test object Object Repository/Page_Swag Labs/item_price

30-01-2025T17:49:35 - [TEST_STEP][PASSED] - itemNames = findTestObject("Object Repository/Page_Swag Labs/item_name"): null

30-01-2025T17:49:35 - [TEST_STEP][PASSED] - itemNameList = findWebElements(itemNames, 10): Found web elements by test object Object Repository/Page_Swag Labs/item_name

30-01-2025T17:49:36 - [MESSAGE][PASSED] - Found web elements by test object Object Repository/Page_Swag Labs/item_name

30-01-2025T17:49:36 - [TEST_STEP][PASSED] - name = itemNameList[i].getText(): null

30-01-2025T17:49:36 - [TEST_STEP][PASSED] - itemPrices = findTestObject("Object Repository/Page_Swag Labs/item_price"): null

30-01-2025T17:49:36 - [TEST_STEP][PASSED] - itemPriceList = findWebElements(itemPrices, 10): Found web elements by test object Object Repository/Page_Swag Labs/item_price

30-01-2025T17:49:36 - [MESSAGE][PASSED] - Found web elements by test object Object Repository/Page_Swag Labs/item_price

30-01-2025T17:49:36 - [TEST_STEP][PASSED] - price = itemPriceList[i].getText(): null

30-01-2025T17:49:36 - [TEST_STEP][PASSED] - get(i).click(): null

30-01-2025T17:49:36 - [TEST_STEP][PASSED] - verifyElementText(findTestObject("Object Repository/Page_Swag Labs/icone_carrinho"), i + 1.toString()): Actual text and expected text of test object 'Object Repository/Page_Swag Labs/icone_carrinho' are matched.

30-01-2025T17:49:36 - [MESSAGE][PASSED] - Actual text and expected text of test object 'Object Repository/Page_Swag Labs/icone_carrinho' are matched.

30-01-2025T17:49:36 - [TEST_STEP][PASSED] - click(findTestObject("Object Repository/Page_Swag Labs/icone_carrinho")): Object: 'Object Repository/Page_Swag Labs/icone_carrinho' is clicked on

30-01-2025T17:49:36 - [MESSAGE][PASSED] - Object: 'Object Repository/Page_Swag Labs/icone_carrinho' is clicked on

30-01-2025T17:49:36 - [TEST_STEP][PASSED] - delay(1): Delayed 1 second(s)

30-01-2025T17:49:37 - [MESSAGE][PASSED] - Delayed 1 second(s)

30-01-2025T17:49:37 - [TEST_STEP][PASSED] - cartItemNames = findTestObject("Object Repository/Page_Swag Labs/cart_item_name"): null

30-01-2025T17:49:37 - [TEST_STEP][PASSED] - cartItemNameList = findWebElements(cartItemNames, 10): Found web elements by test object Object Repository/Page_Swag Labs/cart_item_name

30-01-2025T17:49:38 - [MESSAGE][PASSED] - Found web elements by test object Object Repository/Page_Swag Labs/cart_item_name

30-01-2025T17:49:38 - [TEST_STEP][PASSED] - verifyMatch(cartItemNameList[i].getText(), name, false): Actual text 'Sauce Labs Fleece Jacket' and expected text 'Sauce Labs Fleece Jacket' are matched 

30-01-2025T17:49:38 - [MESSAGE][PASSED] - Actual text 'Sauce Labs Fleece Jacket' and expected text 'Sauce Labs Fleece Jacket' are matched 

30-01-2025T17:49:38 - [TEST_STEP][PASSED] - cartItemPrices = findTestObject("Object Repository/Page_Swag Labs/cart_item_price"): null

30-01-2025T17:49:38 - [TEST_STEP][PASSED] - cartItemPriceList = findWebElements(cartItemPrices, 10): Found web elements by test object Object Repository/Page_Swag Labs/cart_item_price

30-01-2025T17:49:38 - [MESSAGE][PASSED] - Found web elements by test object Object Repository/Page_Swag Labs/cart_item_price

30-01-2025T17:49:38 - [TEST_STEP][PASSED] - verifyMatch(cartItemPriceList[i].getText(), price, false): Actual text '$49.99' and expected text '$49.99' are matched 

30-01-2025T17:49:38 - [MESSAGE][PASSED] - Actual text '$49.99' and expected text '$49.99' are matched 

30-01-2025T17:49:38 - [TEST_STEP][PASSED] - click(findTestObject("Object Repository/Page_Swag Labs/button_Continue Shopping")): Object: 'Object Repository/Page_Swag Labs/button_Continue Shopping' is clicked on

30-01-2025T17:49:38 - [MESSAGE][PASSED] - Object: 'Object Repository/Page_Swag Labs/button_Continue Shopping' is clicked on

30-01-2025T17:49:38 - [TEST_STEP][PASSED] - addToCartList = findWebElements(addToCart, 10): Found web elements by test object Object Repository/Page_Swag Labs/button_add_to_cart

30-01-2025T17:49:39 - [MESSAGE][PASSED] - Found web elements by test object Object Repository/Page_Swag Labs/button_add_to_cart

30-01-2025T17:49:39 - [TEST_STEP][PASSED] - itemNameList = findWebElements(itemNames, 10): Found web elements by test object Object Repository/Page_Swag Labs/item_name

30-01-2025T17:49:39 - [MESSAGE][PASSED] - Found web elements by test object Object Repository/Page_Swag Labs/item_name

30-01-2025T17:49:39 - [TEST_STEP][PASSED] - itemPriceList = findWebElements(itemPrices, 10): Found web elements by test object Object Repository/Page_Swag Labs/item_price

30-01-2025T17:49:39 - [MESSAGE][PASSED] - Found web elements by test object Object Repository/Page_Swag Labs/item_price

30-01-2025T17:49:39 - [TEST_STEP][PASSED] - itemNames = findTestObject("Object Repository/Page_Swag Labs/item_name"): null

30-01-2025T17:49:39 - [TEST_STEP][PASSED] - itemNameList = findWebElements(itemNames, 10): Found web elements by test object Object Repository/Page_Swag Labs/item_name

30-01-2025T17:49:39 - [MESSAGE][PASSED] - Found web elements by test object Object Repository/Page_Swag Labs/item_name

30-01-2025T17:49:39 - [TEST_STEP][PASSED] - name = itemNameList[i].getText(): null

30-01-2025T17:49:39 - [TEST_STEP][PASSED] - itemPrices = findTestObject("Object Repository/Page_Swag Labs/item_price"): null

30-01-2025T17:49:39 - [TEST_STEP][PASSED] - itemPriceList = findWebElements(itemPrices, 10): Found web elements by test object Object Repository/Page_Swag Labs/item_price

30-01-2025T17:49:40 - [MESSAGE][PASSED] - Found web elements by test object Object Repository/Page_Swag Labs/item_price

30-01-2025T17:49:40 - [TEST_STEP][PASSED] - price = itemPriceList[i].getText(): null

30-01-2025T17:49:40 - [TEST_STEP][PASSED] - get(i).click(): null

30-01-2025T17:49:40 - [TEST_STEP][PASSED] - verifyElementText(findTestObject("Object Repository/Page_Swag Labs/icone_carrinho"), i + 1.toString()): Actual text and expected text of test object 'Object Repository/Page_Swag Labs/icone_carrinho' are matched.

30-01-2025T17:49:40 - [MESSAGE][PASSED] - Actual text and expected text of test object 'Object Repository/Page_Swag Labs/icone_carrinho' are matched.

30-01-2025T17:49:40 - [TEST_STEP][PASSED] - click(findTestObject("Object Repository/Page_Swag Labs/icone_carrinho")): Object: 'Object Repository/Page_Swag Labs/icone_carrinho' is clicked on

30-01-2025T17:49:40 - [MESSAGE][PASSED] - Object: 'Object Repository/Page_Swag Labs/icone_carrinho' is clicked on

30-01-2025T17:49:40 - [TEST_STEP][PASSED] - delay(1): Delayed 1 second(s)

30-01-2025T17:49:41 - [MESSAGE][PASSED] - Delayed 1 second(s)

30-01-2025T17:49:41 - [TEST_STEP][PASSED] - cartItemNames = findTestObject("Object Repository/Page_Swag Labs/cart_item_name"): null

30-01-2025T17:49:41 - [TEST_STEP][PASSED] - cartItemNameList = findWebElements(cartItemNames, 10): Found web elements by test object Object Repository/Page_Swag Labs/cart_item_name

30-01-2025T17:49:42 - [MESSAGE][PASSED] - Found web elements by test object Object Repository/Page_Swag Labs/cart_item_name

30-01-2025T17:49:42 - [TEST_STEP][PASSED] - verifyMatch(cartItemNameList[i].getText(), name, false): Actual text 'Sauce Labs Onesie' and expected text 'Sauce Labs Onesie' are matched 

30-01-2025T17:49:42 - [MESSAGE][PASSED] - Actual text 'Sauce Labs Onesie' and expected text 'Sauce Labs Onesie' are matched 

30-01-2025T17:49:42 - [TEST_STEP][PASSED] - cartItemPrices = findTestObject("Object Repository/Page_Swag Labs/cart_item_price"): null

30-01-2025T17:49:42 - [TEST_STEP][PASSED] - cartItemPriceList = findWebElements(cartItemPrices, 10): Found web elements by test object Object Repository/Page_Swag Labs/cart_item_price

30-01-2025T17:49:42 - [MESSAGE][PASSED] - Found web elements by test object Object Repository/Page_Swag Labs/cart_item_price

30-01-2025T17:49:42 - [TEST_STEP][PASSED] - verifyMatch(cartItemPriceList[i].getText(), price, false): Actual text '$7.99' and expected text '$7.99' are matched 

30-01-2025T17:49:42 - [MESSAGE][PASSED] - Actual text '$7.99' and expected text '$7.99' are matched 

30-01-2025T17:49:42 - [TEST_STEP][PASSED] - click(findTestObject("Object Repository/Page_Swag Labs/button_Continue Shopping")): Object: 'Object Repository/Page_Swag Labs/button_Continue Shopping' is clicked on

30-01-2025T17:49:42 - [MESSAGE][PASSED] - Object: 'Object Repository/Page_Swag Labs/button_Continue Shopping' is clicked on

30-01-2025T17:49:42 - [TEST_STEP][PASSED] - addToCartList = findWebElements(addToCart, 10): Found web elements by test object Object Repository/Page_Swag Labs/button_add_to_cart

30-01-2025T17:49:42 - [MESSAGE][PASSED] - Found web elements by test object Object Repository/Page_Swag Labs/button_add_to_cart

30-01-2025T17:49:42 - [TEST_STEP][PASSED] - itemNameList = findWebElements(itemNames, 10): Found web elements by test object Object Repository/Page_Swag Labs/item_name

30-01-2025T17:49:43 - [MESSAGE][PASSED] - Found web elements by test object Object Repository/Page_Swag Labs/item_name

30-01-2025T17:49:43 - [TEST_STEP][PASSED] - itemPriceList = findWebElements(itemPrices, 10): Found web elements by test object Object Repository/Page_Swag Labs/item_price

30-01-2025T17:49:43 - [MESSAGE][PASSED] - Found web elements by test object Object Repository/Page_Swag Labs/item_price

30-01-2025T17:49:43 - [TEST_STEP][PASSED] - itemNames = findTestObject("Object Repository/Page_Swag Labs/item_name"): null

30-01-2025T17:49:43 - [TEST_STEP][PASSED] - itemNameList = findWebElements(itemNames, 10): Found web elements by test object Object Repository/Page_Swag Labs/item_name

30-01-2025T17:49:43 - [MESSAGE][PASSED] - Found web elements by test object Object Repository/Page_Swag Labs/item_name

30-01-2025T17:49:43 - [TEST_STEP][PASSED] - name = itemNameList[i].getText(): null

30-01-2025T17:49:43 - [TEST_STEP][PASSED] - itemPrices = findTestObject("Object Repository/Page_Swag Labs/item_price"): null

30-01-2025T17:49:43 - [TEST_STEP][PASSED] - itemPriceList = findWebElements(itemPrices, 10): Found web elements by test object Object Repository/Page_Swag Labs/item_price

30-01-2025T17:49:43 - [MESSAGE][PASSED] - Found web elements by test object Object Repository/Page_Swag Labs/item_price

30-01-2025T17:49:43 - [TEST_STEP][PASSED] - price = itemPriceList[i].getText(): null

30-01-2025T17:49:43 - [TEST_STEP][PASSED] - get(i).click(): null

30-01-2025T17:49:44 - [TEST_STEP][PASSED] - verifyElementText(findTestObject("Object Repository/Page_Swag Labs/icone_carrinho"), i + 1.toString()): Actual text and expected text of test object 'Object Repository/Page_Swag Labs/icone_carrinho' are matched.

30-01-2025T17:49:44 - [MESSAGE][PASSED] - Actual text and expected text of test object 'Object Repository/Page_Swag Labs/icone_carrinho' are matched.

30-01-2025T17:49:44 - [TEST_STEP][PASSED] - click(findTestObject("Object Repository/Page_Swag Labs/icone_carrinho")): Object: 'Object Repository/Page_Swag Labs/icone_carrinho' is clicked on

30-01-2025T17:49:44 - [MESSAGE][PASSED] - Object: 'Object Repository/Page_Swag Labs/icone_carrinho' is clicked on

30-01-2025T17:49:44 - [TEST_STEP][PASSED] - delay(1): Delayed 1 second(s)

30-01-2025T17:49:45 - [MESSAGE][PASSED] - Delayed 1 second(s)

30-01-2025T17:49:45 - [TEST_STEP][PASSED] - cartItemNames = findTestObject("Object Repository/Page_Swag Labs/cart_item_name"): null

30-01-2025T17:49:45 - [TEST_STEP][PASSED] - cartItemNameList = findWebElements(cartItemNames, 10): Found web elements by test object Object Repository/Page_Swag Labs/cart_item_name

30-01-2025T17:49:45 - [MESSAGE][PASSED] - Found web elements by test object Object Repository/Page_Swag Labs/cart_item_name

30-01-2025T17:49:45 - [TEST_STEP][PASSED] - verifyMatch(cartItemNameList[i].getText(), name, false): Actual text 'Test.allTheThings() T-Shirt (Red)' and expected text 'Test.allTheThings() T-Shirt (Red)' are matched 

30-01-2025T17:49:45 - [MESSAGE][PASSED] - Actual text 'Test.allTheThings() T-Shirt (Red)' and expected text 'Test.allTheThings() T-Shirt (Red)' are matched 

30-01-2025T17:49:45 - [TEST_STEP][PASSED] - cartItemPrices = findTestObject("Object Repository/Page_Swag Labs/cart_item_price"): null

30-01-2025T17:49:45 - [TEST_STEP][PASSED] - cartItemPriceList = findWebElements(cartItemPrices, 10): Found web elements by test object Object Repository/Page_Swag Labs/cart_item_price

30-01-2025T17:49:46 - [MESSAGE][PASSED] - Found web elements by test object Object Repository/Page_Swag Labs/cart_item_price

30-01-2025T17:49:46 - [TEST_STEP][PASSED] - verifyMatch(cartItemPriceList[i].getText(), price, false): Actual text '$15.99' and expected text '$15.99' are matched 

30-01-2025T17:49:46 - [MESSAGE][PASSED] - Actual text '$15.99' and expected text '$15.99' are matched 

30-01-2025T17:49:46 - [TEST_STEP][PASSED] - click(findTestObject("Object Repository/Page_Swag Labs/button_Continue Shopping")): Object: 'Object Repository/Page_Swag Labs/button_Continue Shopping' is clicked on

30-01-2025T17:49:46 - [MESSAGE][PASSED] - Object: 'Object Repository/Page_Swag Labs/button_Continue Shopping' is clicked on

30-01-2025T17:49:46 - [TEST_STEP][PASSED] - addToCartList = findWebElements(addToCart, 10): Found web elements by test object Object Repository/Page_Swag Labs/button_add_to_cart

30-01-2025T17:49:46 - [MESSAGE][PASSED] - Found web elements by test object Object Repository/Page_Swag Labs/button_add_to_cart

30-01-2025T17:49:46 - [TEST_STEP][PASSED] - itemNameList = findWebElements(itemNames, 10): Found web elements by test object Object Repository/Page_Swag Labs/item_name

30-01-2025T17:49:46 - [MESSAGE][PASSED] - Found web elements by test object Object Repository/Page_Swag Labs/item_name

30-01-2025T17:49:46 - [TEST_STEP][PASSED] - itemPriceList = findWebElements(itemPrices, 10): Found web elements by test object Object Repository/Page_Swag Labs/item_price

30-01-2025T17:49:47 - [MESSAGE][PASSED] - Found web elements by test object Object Repository/Page_Swag Labs/item_price

30-01-2025T17:49:47 - [MESSAGE][PASSED] - Call Test Case 'Test Cases/Askblue_Training/Add_to_Cart/Add_to_Cart_Todos' successfully

30-01-2025T17:49:47 - [TEST_STEP][PASSED] - remove = findTestObject("Object Repository/Page_Swag Labs/button_remove"): null

30-01-2025T17:49:47 - [TEST_STEP][PASSED] - removeList = findWebElements(remove, 10): Found web elements by test object Object Repository/Page_Swag Labs/button_remove

30-01-2025T17:49:47 - [MESSAGE][PASSED] - Found web elements by test object Object Repository/Page_Swag Labs/button_remove

30-01-2025T17:49:47 - [TEST_STEP][PASSED] - for ([i = 0, i < removeList.size(), (i++)]): Actual text '' and expected text '' are matched 

30-01-2025T17:49:47 - [TEST_STEP][PASSED] - get(i).click(): null

30-01-2025T17:49:47 - [TEST_STEP][PASSED] - cartIconText = getText(findTestObject("Object Repository/Page_Swag Labs/icone_carrinho")).trim(): Text of object 'Object Repository/Page_Swag Labs/icone_carrinho' is: '5'

30-01-2025T17:49:47 - [MESSAGE][PASSED] - Text of object 'Object Repository/Page_Swag Labs/icone_carrinho' is: '5'

30-01-2025T17:49:47 - [TEST_STEP][PASSED] - expectedCount = removeList.size() - i - 1: null

30-01-2025T17:49:47 - [TEST_STEP][PASSED] - if (expectedCount == 0): null

30-01-2025T17:49:47 - [TEST_STEP][PASSED] - else: Actual text '5' and expected text '5' are matched 

30-01-2025T17:49:47 - [TEST_STEP][PASSED] - verifyMatch(cartIconText, expectedCount.toString(), false): Actual text '5' and expected text '5' are matched 

30-01-2025T17:49:47 - [MESSAGE][PASSED] - Actual text '5' and expected text '5' are matched 

30-01-2025T17:49:47 - [TEST_STEP][PASSED] - get(i).click(): null

30-01-2025T17:49:47 - [TEST_STEP][PASSED] - cartIconText = getText(findTestObject("Object Repository/Page_Swag Labs/icone_carrinho")).trim(): Text of object 'Object Repository/Page_Swag Labs/icone_carrinho' is: '4'

30-01-2025T17:49:48 - [MESSAGE][PASSED] - Text of object 'Object Repository/Page_Swag Labs/icone_carrinho' is: '4'

30-01-2025T17:49:48 - [TEST_STEP][PASSED] - expectedCount = removeList.size() - i - 1: null

30-01-2025T17:49:48 - [TEST_STEP][PASSED] - if (expectedCount == 0): null

30-01-2025T17:49:48 - [TEST_STEP][PASSED] - else: Actual text '4' and expected text '4' are matched 

30-01-2025T17:49:48 - [TEST_STEP][PASSED] - verifyMatch(cartIconText, expectedCount.toString(), false): Actual text '4' and expected text '4' are matched 

30-01-2025T17:49:48 - [MESSAGE][PASSED] - Actual text '4' and expected text '4' are matched 

30-01-2025T17:49:48 - [TEST_STEP][PASSED] - get(i).click(): null

30-01-2025T17:49:48 - [TEST_STEP][PASSED] - cartIconText = getText(findTestObject("Object Repository/Page_Swag Labs/icone_carrinho")).trim(): Text of object 'Object Repository/Page_Swag Labs/icone_carrinho' is: '3'

30-01-2025T17:49:48 - [MESSAGE][PASSED] - Text of object 'Object Repository/Page_Swag Labs/icone_carrinho' is: '3'

30-01-2025T17:49:48 - [TEST_STEP][PASSED] - expectedCount = removeList.size() - i - 1: null

30-01-2025T17:49:48 - [TEST_STEP][PASSED] - if (expectedCount == 0): null

30-01-2025T17:49:48 - [TEST_STEP][PASSED] - else: Actual text '3' and expected text '3' are matched 

30-01-2025T17:49:48 - [TEST_STEP][PASSED] - verifyMatch(cartIconText, expectedCount.toString(), false): Actual text '3' and expected text '3' are matched 

30-01-2025T17:49:48 - [MESSAGE][PASSED] - Actual text '3' and expected text '3' are matched 

30-01-2025T17:49:48 - [TEST_STEP][PASSED] - get(i).click(): null

30-01-2025T17:49:48 - [TEST_STEP][PASSED] - cartIconText = getText(findTestObject("Object Repository/Page_Swag Labs/icone_carrinho")).trim(): Text of object 'Object Repository/Page_Swag Labs/icone_carrinho' is: '2'

30-01-2025T17:49:48 - [MESSAGE][PASSED] - Text of object 'Object Repository/Page_Swag Labs/icone_carrinho' is: '2'

30-01-2025T17:49:48 - [TEST_STEP][PASSED] - expectedCount = removeList.size() - i - 1: null

30-01-2025T17:49:48 - [TEST_STEP][PASSED] - if (expectedCount == 0): null

30-01-2025T17:49:48 - [TEST_STEP][PASSED] - else: Actual text '2' and expected text '2' are matched 

30-01-2025T17:49:48 - [TEST_STEP][PASSED] - verifyMatch(cartIconText, expectedCount.toString(), false): Actual text '2' and expected text '2' are matched 

30-01-2025T17:49:48 - [MESSAGE][PASSED] - Actual text '2' and expected text '2' are matched 

30-01-2025T17:49:48 - [TEST_STEP][PASSED] - get(i).click(): null

30-01-2025T17:49:48 - [TEST_STEP][PASSED] - cartIconText = getText(findTestObject("Object Repository/Page_Swag Labs/icone_carrinho")).trim(): Text of object 'Object Repository/Page_Swag Labs/icone_carrinho' is: '1'

30-01-2025T17:49:49 - [MESSAGE][PASSED] - Text of object 'Object Repository/Page_Swag Labs/icone_carrinho' is: '1'

30-01-2025T17:49:49 - [TEST_STEP][PASSED] - expectedCount = removeList.size() - i - 1: null

30-01-2025T17:49:49 - [TEST_STEP][PASSED] - if (expectedCount == 0): null

30-01-2025T17:49:49 - [TEST_STEP][PASSED] - else: Actual text '1' and expected text '1' are matched 

30-01-2025T17:49:49 - [TEST_STEP][PASSED] - verifyMatch(cartIconText, expectedCount.toString(), false): Actual text '1' and expected text '1' are matched 

30-01-2025T17:49:49 - [MESSAGE][PASSED] - Actual text '1' and expected text '1' are matched 

30-01-2025T17:49:49 - [TEST_STEP][PASSED] - get(i).click(): null

30-01-2025T17:49:49 - [TEST_STEP][PASSED] - cartIconText = getText(findTestObject("Object Repository/Page_Swag Labs/icone_carrinho")).trim(): Text of object 'Object Repository/Page_Swag Labs/icone_carrinho' is: ''

30-01-2025T17:49:49 - [MESSAGE][PASSED] - Text of object 'Object Repository/Page_Swag Labs/icone_carrinho' is: ''

30-01-2025T17:49:49 - [TEST_STEP][PASSED] - expectedCount = removeList.size() - i - 1: null

30-01-2025T17:49:49 - [TEST_STEP][PASSED] - if (expectedCount == 0): Actual text '' and expected text '' are matched 

30-01-2025T17:49:49 - [TEST_STEP][PASSED] - verifyMatch(cartIconText, "", false): Actual text '' and expected text '' are matched 

30-01-2025T17:49:49 - [MESSAGE][PASSED] - Actual text '' and expected text '' are matched]]></system-out>
         <system-err><![CDATA[]]></system-err>
      </testcase>
      <testcase name="Test Cases/Askblue_Training/Ordenar/Ordernar_High_to_Low" time="8.027" classname="Test Cases/Askblue_Training/Ordenar/Ordernar_High_to_Low" status="PASSED">
         <system-out><![CDATA[30-01-2025T17:49:49 - [TEST_CASE][PASSED] - Test Cases/Askblue_Training/Ordenar/Ordernar_High_to_Low: Test Cases/Askblue_Training/Ordenar/Ordernar_High_to_Low

30-01-2025T17:49:49 - [TEST_STEP][PASSED] - callTestCase(findTestCase("Askblue_Training/Login_Logout/Login_Positivo"), ["username":"standard_user", "password":"secret_sauce"], STOP_ON_FAILURE): Call Test Case 'Test Cases/Askblue_Training/Login_Logout/Login_Positivo' successfully

30-01-2025T17:49:49 - [TEST_CASE][PASSED] - Test Cases/Askblue_Training/Login_Logout/Login_Positivo: Test Cases/Askblue_Training/Login_Logout/Login_Positivo

30-01-2025T17:49:49 - [TEST_STEP][PASSED] - openBrowser(""): Browser is opened with url: ''

30-01-2025T17:49:49 - [MESSAGE][WARNING] - A browser is already opened. Closing browser and opening a new one

30-01-2025T17:49:49 - [MESSAGE][INFO] - Starting 'Chrome' driver

30-01-2025T17:49:49 - [MESSAGE][INFO] - Action delay is set to 0 milliseconds

30-01-2025T17:49:50 - [MESSAGE][PASSED] - Browser is opened with url: ''

30-01-2025T17:49:50 - [TEST_STEP][PASSED] - navigateToUrl("https://www.saucedemo.com/"): Navigate to 'https://www.saucedemo.com/' successfully

30-01-2025T17:49:50 - [MESSAGE][PASSED] - Navigate to 'https://www.saucedemo.com/' successfully

30-01-2025T17:49:50 - [TEST_STEP][PASSED] - setText(findTestObject("Object Repository/Page_Swag Labs/input_Swag Labs_user-name"), username): Text 'standard_user' is set on object 'Object Repository/Page_Swag Labs/input_Swag Labs_user-name'

30-01-2025T17:49:51 - [MESSAGE][PASSED] - Text 'standard_user' is set on object 'Object Repository/Page_Swag Labs/input_Swag Labs_user-name'

30-01-2025T17:49:51 - [TEST_STEP][PASSED] - setText(findTestObject("Object Repository/Page_Swag Labs/input_Swag Labs_password"), password): Text 'secret_sauce' is set on object 'Object Repository/Page_Swag Labs/input_Swag Labs_password'

30-01-2025T17:49:52 - [MESSAGE][PASSED] - Text 'secret_sauce' is set on object 'Object Repository/Page_Swag Labs/input_Swag Labs_password'

30-01-2025T17:49:52 - [TEST_STEP][PASSED] - click(findTestObject("Object Repository/Page_Swag Labs/input_Swag Labs_login-button")): Object: 'Object Repository/Page_Swag Labs/input_Swag Labs_login-button' is clicked on

30-01-2025T17:49:52 - [MESSAGE][PASSED] - Object: 'Object Repository/Page_Swag Labs/input_Swag Labs_login-button' is clicked on

30-01-2025T17:49:52 - [TEST_STEP][PASSED] - click(findTestObject("Object Repository/Page_Swag Labs/button_Open Menu")): Object: 'Object Repository/Page_Swag Labs/button_Open Menu' is clicked on

30-01-2025T17:49:53 - [MESSAGE][PASSED] - Object: 'Object Repository/Page_Swag Labs/button_Open Menu' is clicked on

30-01-2025T17:49:53 - [TEST_STEP][PASSED] - verifyElementText(findTestObject("Object Repository/Page_Swag Labs/a_Logout"), "Logout"): Actual text and expected text of test object 'Object Repository/Page_Swag Labs/a_Logout' are matched.

30-01-2025T17:49:53 - [MESSAGE][PASSED] - Actual text and expected text of test object 'Object Repository/Page_Swag Labs/a_Logout' are matched.

30-01-2025T17:49:53 - [TEST_STEP][PASSED] - click(findTestObject("Object Repository/Page_Swag Labs/button_Close Menu")): Object: 'Object Repository/Page_Swag Labs/button_Close Menu' is clicked on

30-01-2025T17:49:53 - [MESSAGE][PASSED] - Object: 'Object Repository/Page_Swag Labs/button_Close Menu' is clicked on

30-01-2025T17:49:53 - [MESSAGE][PASSED] - Call Test Case 'Test Cases/Askblue_Training/Login_Logout/Login_Positivo' successfully

30-01-2025T17:49:53 - [TEST_STEP][PASSED] - itemPrices = findTestObject("Object Repository/Page_Swag Labs/item_price"): null

30-01-2025T17:49:53 - [TEST_STEP][PASSED] - itemPriceList = findWebElements(itemPrices, 10): Found web elements by test object Object Repository/Page_Swag Labs/item_price

30-01-2025T17:49:53 - [MESSAGE][PASSED] - Found web elements by test object Object Repository/Page_Swag Labs/item_price

30-01-2025T17:49:53 - [TEST_STEP][PASSED] - prices = itemPriceList.collect({ -> ... }): null

30-01-2025T17:49:53 - [TEST_STEP][PASSED] - maxPrice = prices.max(): null

30-01-2025T17:49:53 - [TEST_STEP][PASSED] - click(findTestObject("Object Repository/Page_Swag Labs/span_Name (A to Z)Name (A to Z)Name (Z to A_3f2346")): Object: 'Object Repository/Page_Swag Labs/span_Name (A to Z)Name (A to Z)Name (Z to A_3f2346' is clicked on

30-01-2025T17:49:54 - [MESSAGE][PASSED] - Object: 'Object Repository/Page_Swag Labs/span_Name (A to Z)Name (A to Z)Name (Z to A_3f2346' is clicked on

30-01-2025T17:49:54 - [TEST_STEP][PASSED] - selectOptionByValue(findTestObject("Object Repository/Page_Swag Labs/select_Name (A to Z)Name (Z to A)Price (low_f7e90a"), "hilo", true): All options with value 'hilo' are selected in object 'Object Repository/Page_Swag Labs/select_Name (A to Z)Name (Z to A)Price (low_f7e90a'  using regular expression

30-01-2025T17:49:55 - [MESSAGE][PASSED] - All options with value 'hilo' are selected in object 'Object Repository/Page_Swag Labs/select_Name (A to Z)Name (Z to A)Price (low_f7e90a'  using regular expression

30-01-2025T17:49:55 - [TEST_STEP][PASSED] - delay(2): Delayed 2 second(s)

30-01-2025T17:49:57 - [MESSAGE][PASSED] - Delayed 2 second(s)

30-01-2025T17:49:57 - [TEST_STEP][PASSED] - sortedPrices = findWebElements(itemPrices, 10): Found web elements by test object Object Repository/Page_Swag Labs/item_price

30-01-2025T17:49:57 - [MESSAGE][PASSED] - Found web elements by test object Object Repository/Page_Swag Labs/item_price

30-01-2025T17:49:57 - [TEST_STEP][PASSED] - firstPriceText = replace("$", "").toDouble(): null

30-01-2025T17:49:57 - [TEST_STEP][PASSED] - verifyEqual(firstPriceText, maxPrice): Actual object '49.99' and expected object '49,99' are equal

30-01-2025T17:49:57 - [MESSAGE][PASSED] - Actual object '49.99' and expected object '49,99' are equal]]></system-out>
         <system-err><![CDATA[]]></system-err>
      </testcase>
      <testcase name="Test Cases/Askblue_Training/Finalizar_CompraE2E/Finalizar_Compra_1" time="15.071" classname="Test Cases/Askblue_Training/Finalizar_CompraE2E/Finalizar_Compra_1" status="PASSED">
         <system-out><![CDATA[30-01-2025T17:49:57 - [TEST_CASE][PASSED] - Test Cases/Askblue_Training/Finalizar_CompraE2E/Finalizar_Compra_1: Test Cases/Askblue_Training/Finalizar_CompraE2E/Finalizar_Compra_1

30-01-2025T17:49:57 - [TEST_STEP][PASSED] - callTestCase(findTestCase("Askblue_Training/Add_to_Cart/Add_to_Cart_1"), [:], STOP_ON_FAILURE): Call Test Case 'Test Cases/Askblue_Training/Add_to_Cart/Add_to_Cart_1' successfully

30-01-2025T17:49:57 - [TEST_CASE][PASSED] - Test Cases/Askblue_Training/Add_to_Cart/Add_to_Cart_1: Test Cases/Askblue_Training/Add_to_Cart/Add_to_Cart_1

30-01-2025T17:49:57 - [TEST_STEP][PASSED] - callTestCase(findTestCase("Askblue_Training/Login_Logout/Login_Positivo"), ["username":"standard_user", "password":"secret_sauce"], STOP_ON_FAILURE): Call Test Case 'Test Cases/Askblue_Training/Login_Logout/Login_Positivo' successfully

30-01-2025T17:49:57 - [TEST_CASE][PASSED] - Test Cases/Askblue_Training/Login_Logout/Login_Positivo: Test Cases/Askblue_Training/Login_Logout/Login_Positivo

30-01-2025T17:49:57 - [TEST_STEP][PASSED] - openBrowser(""): Browser is opened with url: ''

30-01-2025T17:49:57 - [MESSAGE][WARNING] - A browser is already opened. Closing browser and opening a new one

30-01-2025T17:49:57 - [MESSAGE][INFO] - Starting 'Chrome' driver

30-01-2025T17:49:57 - [MESSAGE][INFO] - Action delay is set to 0 milliseconds

30-01-2025T17:49:58 - [MESSAGE][PASSED] - Browser is opened with url: ''

30-01-2025T17:49:58 - [TEST_STEP][PASSED] - navigateToUrl("https://www.saucedemo.com/"): Navigate to 'https://www.saucedemo.com/' successfully

30-01-2025T17:49:59 - [MESSAGE][PASSED] - Navigate to 'https://www.saucedemo.com/' successfully

30-01-2025T17:49:59 - [TEST_STEP][PASSED] - setText(findTestObject("Object Repository/Page_Swag Labs/input_Swag Labs_user-name"), username): Text 'standard_user' is set on object 'Object Repository/Page_Swag Labs/input_Swag Labs_user-name'

30-01-2025T17:50:00 - [MESSAGE][PASSED] - Text 'standard_user' is set on object 'Object Repository/Page_Swag Labs/input_Swag Labs_user-name'

30-01-2025T17:50:00 - [TEST_STEP][PASSED] - setText(findTestObject("Object Repository/Page_Swag Labs/input_Swag Labs_password"), password): Text 'secret_sauce' is set on object 'Object Repository/Page_Swag Labs/input_Swag Labs_password'

30-01-2025T17:50:00 - [MESSAGE][PASSED] - Text 'secret_sauce' is set on object 'Object Repository/Page_Swag Labs/input_Swag Labs_password'

30-01-2025T17:50:00 - [TEST_STEP][PASSED] - click(findTestObject("Object Repository/Page_Swag Labs/input_Swag Labs_login-button")): Object: 'Object Repository/Page_Swag Labs/input_Swag Labs_login-button' is clicked on

30-01-2025T17:50:00 - [MESSAGE][PASSED] - Object: 'Object Repository/Page_Swag Labs/input_Swag Labs_login-button' is clicked on

30-01-2025T17:50:00 - [TEST_STEP][PASSED] - click(findTestObject("Object Repository/Page_Swag Labs/button_Open Menu")): Object: 'Object Repository/Page_Swag Labs/button_Open Menu' is clicked on

30-01-2025T17:50:01 - [MESSAGE][PASSED] - Object: 'Object Repository/Page_Swag Labs/button_Open Menu' is clicked on

30-01-2025T17:50:01 - [TEST_STEP][PASSED] - verifyElementText(findTestObject("Object Repository/Page_Swag Labs/a_Logout"), "Logout"): Actual text and expected text of test object 'Object Repository/Page_Swag Labs/a_Logout' are matched.

30-01-2025T17:50:01 - [MESSAGE][PASSED] - Actual text and expected text of test object 'Object Repository/Page_Swag Labs/a_Logout' are matched.

30-01-2025T17:50:01 - [TEST_STEP][PASSED] - click(findTestObject("Object Repository/Page_Swag Labs/button_Close Menu")): Object: 'Object Repository/Page_Swag Labs/button_Close Menu' is clicked on

30-01-2025T17:50:01 - [MESSAGE][PASSED] - Object: 'Object Repository/Page_Swag Labs/button_Close Menu' is clicked on

30-01-2025T17:50:01 - [MESSAGE][PASSED] - Call Test Case 'Test Cases/Askblue_Training/Login_Logout/Login_Positivo' successfully

30-01-2025T17:50:01 - [TEST_STEP][PASSED] - addToCart = findTestObject("Object Repository/Page_Swag Labs/button_add_to_cart"): null

30-01-2025T17:50:01 - [TEST_STEP][PASSED] - addToCartList = findWebElements(addToCart, 10): Found web elements by test object Object Repository/Page_Swag Labs/button_add_to_cart

30-01-2025T17:50:02 - [MESSAGE][PASSED] - Found web elements by test object Object Repository/Page_Swag Labs/button_add_to_cart

30-01-2025T17:50:02 - [TEST_STEP][PASSED] - itemNames = findTestObject("Object Repository/Page_Swag Labs/item_name"): null

30-01-2025T17:50:02 - [TEST_STEP][PASSED] - itemNameList = findWebElements(itemNames, 10): Found web elements by test object Object Repository/Page_Swag Labs/item_name

30-01-2025T17:50:02 - [MESSAGE][PASSED] - Found web elements by test object Object Repository/Page_Swag Labs/item_name

30-01-2025T17:50:02 - [TEST_STEP][PASSED] - name = itemNameList[0].getText(): null

30-01-2025T17:50:02 - [TEST_STEP][PASSED] - itemPrices = findTestObject("Object Repository/Page_Swag Labs/item_price"): null

30-01-2025T17:50:02 - [TEST_STEP][PASSED] - itemPriceList = findWebElements(itemPrices, 10): Found web elements by test object Object Repository/Page_Swag Labs/item_price

30-01-2025T17:50:02 - [MESSAGE][PASSED] - Found web elements by test object Object Repository/Page_Swag Labs/item_price

30-01-2025T17:50:02 - [TEST_STEP][PASSED] - price = itemPriceList[0].getText(): null

30-01-2025T17:50:02 - [TEST_STEP][PASSED] - get(0).click(): null

30-01-2025T17:50:02 - [TEST_STEP][PASSED] - verifyElementText(findTestObject("Object Repository/Page_Swag Labs/icone_carrinho"), "1"): Actual text and expected text of test object 'Object Repository/Page_Swag Labs/icone_carrinho' are matched.

30-01-2025T17:50:02 - [MESSAGE][PASSED] - Actual text and expected text of test object 'Object Repository/Page_Swag Labs/icone_carrinho' are matched.

30-01-2025T17:50:02 - [TEST_STEP][PASSED] - click(findTestObject("Object Repository/Page_Swag Labs/icone_carrinho")): Object: 'Object Repository/Page_Swag Labs/icone_carrinho' is clicked on

30-01-2025T17:50:03 - [MESSAGE][PASSED] - Object: 'Object Repository/Page_Swag Labs/icone_carrinho' is clicked on

30-01-2025T17:50:03 - [TEST_STEP][PASSED] - cartItemNames = findTestObject("Object Repository/Page_Swag Labs/cart_item_name"): null

30-01-2025T17:50:03 - [TEST_STEP][PASSED] - cartItemNameList = findWebElements(cartItemNames, 10): Found web elements by test object Object Repository/Page_Swag Labs/cart_item_name

30-01-2025T17:50:03 - [MESSAGE][PASSED] - Found web elements by test object Object Repository/Page_Swag Labs/cart_item_name

30-01-2025T17:50:03 - [TEST_STEP][PASSED] - verifyMatch(cartItemNameList[0].getText(), name, false): Actual text 'Sauce Labs Backpack' and expected text 'Sauce Labs Backpack' are matched 

30-01-2025T17:50:03 - [MESSAGE][PASSED] - Actual text 'Sauce Labs Backpack' and expected text 'Sauce Labs Backpack' are matched 

30-01-2025T17:50:03 - [TEST_STEP][PASSED] - cartItemPrices = findTestObject("Object Repository/Page_Swag Labs/cart_item_price"): null

30-01-2025T17:50:03 - [TEST_STEP][PASSED] - cartItemPriceList = findWebElements(cartItemPrices, 10): Found web elements by test object Object Repository/Page_Swag Labs/cart_item_price

30-01-2025T17:50:03 - [MESSAGE][PASSED] - Found web elements by test object Object Repository/Page_Swag Labs/cart_item_price

30-01-2025T17:50:03 - [TEST_STEP][PASSED] - verifyMatch(cartItemPriceList[0].getText(), price, false): Actual text '$29.99' and expected text '$29.99' are matched 

30-01-2025T17:50:03 - [MESSAGE][PASSED] - Actual text '$29.99' and expected text '$29.99' are matched 

30-01-2025T17:50:03 - [TEST_STEP][PASSED] - click(findTestObject("Object Repository/Page_Swag Labs/button_Continue Shopping")): Object: 'Object Repository/Page_Swag Labs/button_Continue Shopping' is clicked on

30-01-2025T17:50:04 - [MESSAGE][PASSED] - Object: 'Object Repository/Page_Swag Labs/button_Continue Shopping' is clicked on

30-01-2025T17:50:04 - [MESSAGE][PASSED] - Call Test Case 'Test Cases/Askblue_Training/Add_to_Cart/Add_to_Cart_1' successfully

30-01-2025T17:50:04 - [TEST_STEP][PASSED] - click(findTestObject("Page_Swag Labs/icone_carrinho")): Object: 'Object Repository/Page_Swag Labs/icone_carrinho' is clicked on

30-01-2025T17:50:04 - [MESSAGE][PASSED] - Object: 'Object Repository/Page_Swag Labs/icone_carrinho' is clicked on

30-01-2025T17:50:04 - [TEST_STEP][PASSED] - cartItemNames = findTestObject("Object Repository/Page_Swag Labs/cart_item_name"): null

30-01-2025T17:50:04 - [TEST_STEP][PASSED] - cartItemNameList = findWebElements(cartItemNames, 10): Found web elements by test object Object Repository/Page_Swag Labs/cart_item_name

30-01-2025T17:50:04 - [MESSAGE][PASSED] - Found web elements by test object Object Repository/Page_Swag Labs/cart_item_name

30-01-2025T17:50:04 - [TEST_STEP][PASSED] - cartItemPrices = findTestObject("Object Repository/Page_Swag Labs/cart_item_price"): null

30-01-2025T17:50:04 - [TEST_STEP][PASSED] - cartItemPriceList = findWebElements(cartItemPrices, 10): Found web elements by test object Object Repository/Page_Swag Labs/cart_item_price

30-01-2025T17:50:04 - [MESSAGE][PASSED] - Found web elements by test object Object Repository/Page_Swag Labs/cart_item_price

30-01-2025T17:50:04 - [TEST_STEP][PASSED] - delay(2): Delayed 2 second(s)

30-01-2025T17:50:07 - [MESSAGE][PASSED] - Delayed 2 second(s)

30-01-2025T17:50:07 - [TEST_STEP][PASSED] - click(findTestObject("Object Repository/Page_Swag Labs/button_Checkout")): Object: 'Object Repository/Page_Swag Labs/button_Checkout' is clicked on

30-01-2025T17:50:07 - [MESSAGE][PASSED] - Object: 'Object Repository/Page_Swag Labs/button_Checkout' is clicked on

30-01-2025T17:50:07 - [TEST_STEP][PASSED] - setText(findTestObject("Object Repository/Page_Swag Labs/input_Checkout Your Information_firstName"), "João"): Text 'João' is set on object 'Object Repository/Page_Swag Labs/input_Checkout Your Information_firstName'

30-01-2025T17:50:07 - [MESSAGE][PASSED] - Text 'João' is set on object 'Object Repository/Page_Swag Labs/input_Checkout Your Information_firstName'

30-01-2025T17:50:07 - [TEST_STEP][PASSED] - setText(findTestObject("Object Repository/Page_Swag Labs/input_Checkout Your Information_lastName"), "Silva"): Text 'Silva' is set on object 'Object Repository/Page_Swag Labs/input_Checkout Your Information_lastName'

30-01-2025T17:50:08 - [MESSAGE][PASSED] - Text 'Silva' is set on object 'Object Repository/Page_Swag Labs/input_Checkout Your Information_lastName'

30-01-2025T17:50:08 - [TEST_STEP][PASSED] - setText(findTestObject("Object Repository/Page_Swag Labs/input_Checkout Your Information_postalCode"), "1000-001"): Text '1000-001' is set on object 'Object Repository/Page_Swag Labs/input_Checkout Your Information_postalCode'

30-01-2025T17:50:09 - [MESSAGE][PASSED] - Text '1000-001' is set on object 'Object Repository/Page_Swag Labs/input_Checkout Your Information_postalCode'

30-01-2025T17:50:09 - [TEST_STEP][PASSED] - click(findTestObject("Object Repository/Page_Swag Labs/input_Cancel_continue")): Object: 'Object Repository/Page_Swag Labs/input_Cancel_continue' is clicked on

30-01-2025T17:50:09 - [MESSAGE][PASSED] - Object: 'Object Repository/Page_Swag Labs/input_Cancel_continue' is clicked on

30-01-2025T17:50:09 - [TEST_STEP][PASSED] - checkoutItemNameList = findWebElements(findTestObject("Object Repository/Page_Swag Labs/checkout_item_price"), 10): Found web elements by test object Object Repository/Page_Swag Labs/checkout_item_price

30-01-2025T17:50:09 - [MESSAGE][PASSED] - Found web elements by test object Object Repository/Page_Swag Labs/checkout_item_price

30-01-2025T17:50:09 - [TEST_STEP][PASSED] - checkoutItemPriceList = findWebElements(findTestObject("Object Repository/Page_Swag Labs/checkout_item_price"), 10): Found web elements by test object Object Repository/Page_Swag Labs/checkout_item_price

30-01-2025T17:50:10 - [MESSAGE][PASSED] - Found web elements by test object Object Repository/Page_Swag Labs/checkout_item_price

30-01-2025T17:50:10 - [TEST_STEP][PASSED] - totalitemPrice = 0.00: null

30-01-2025T17:50:10 - [TEST_STEP][PASSED] - for ([i = 0, i < checkoutItemNameList.size(), (i++)]): null

30-01-2025T17:50:10 - [TEST_STEP][PASSED] - itemPrice = Double.parseDouble(getText().replaceAll("[^0-9.]", "")): null

30-01-2025T17:50:10 - [TEST_STEP][PASSED] - totalitemPrice += itemPrice: null

30-01-2025T17:50:10 - [TEST_STEP][PASSED] - expectedTotalItemPriceText = "Item total: $" + String.format(US, "%.2f", totalitemPrice): null

30-01-2025T17:50:10 - [TEST_STEP][PASSED] - verifyElementText(findTestObject("Object Repository/Page_Swag Labs/summary_item_total"), expectedTotalItemPriceText): Actual text and expected text of test object 'Object Repository/Page_Swag Labs/summary_item_total' are matched.

30-01-2025T17:50:10 - [MESSAGE][PASSED] - Actual text and expected text of test object 'Object Repository/Page_Swag Labs/summary_item_total' are matched.

30-01-2025T17:50:10 - [TEST_STEP][PASSED] - taxRate = tax: null

30-01-2025T17:50:10 - [TEST_STEP][PASSED] - expectedTax = Math.round(totalitemPrice * taxRate * 100.0) / 100.0: null

30-01-2025T17:50:10 - [TEST_STEP][PASSED] - expectedTaxText = "Tax: $" + String.format(US, "%.2f", expectedTax): null

30-01-2025T17:50:10 - [TEST_STEP][PASSED] - verifyElementText(findTestObject("Object Repository/Page_Swag Labs/summary_tax_total"), expectedTaxText): Actual text and expected text of test object 'Object Repository/Page_Swag Labs/summary_tax_total' are matched.

30-01-2025T17:50:10 - [MESSAGE][PASSED] - Actual text and expected text of test object 'Object Repository/Page_Swag Labs/summary_tax_total' are matched.

30-01-2025T17:50:10 - [TEST_STEP][PASSED] - expectedFinalTotal = totalitemPrice + expectedTax: null

30-01-2025T17:50:10 - [TEST_STEP][PASSED] - expectedTotalText = "Total: $" + String.format(US, "%.2f", expectedFinalTotal): null

30-01-2025T17:50:10 - [TEST_STEP][PASSED] - verifyElementText(findTestObject("Object Repository/Page_Swag Labs/summary_total"), expectedTotalText): Actual text and expected text of test object 'Object Repository/Page_Swag Labs/summary_total' are matched.

30-01-2025T17:50:11 - [MESSAGE][PASSED] - Actual text and expected text of test object 'Object Repository/Page_Swag Labs/summary_total' are matched.

30-01-2025T17:50:11 - [TEST_STEP][PASSED] - click(findTestObject("Object Repository/Page_Swag Labs/button_Finish")): Object: 'Object Repository/Page_Swag Labs/button_Finish' is clicked on

30-01-2025T17:50:11 - [MESSAGE][PASSED] - Object: 'Object Repository/Page_Swag Labs/button_Finish' is clicked on

30-01-2025T17:50:11 - [TEST_STEP][PASSED] - verifyElementText(findTestObject("Object Repository/Page_Swag Labs/h2_Thank you for your order"), "Thank you for your order!"): Actual text and expected text of test object 'Object Repository/Page_Swag Labs/h2_Thank you for your order' are matched.

30-01-2025T17:50:11 - [MESSAGE][PASSED] - Actual text and expected text of test object 'Object Repository/Page_Swag Labs/h2_Thank you for your order' are matched.

30-01-2025T17:50:11 - [TEST_STEP][PASSED] - click(findTestObject("Object Repository/Page_Swag Labs/button_Back Home")): Object: 'Object Repository/Page_Swag Labs/button_Back Home' is clicked on

30-01-2025T17:50:12 - [MESSAGE][PASSED] - Object: 'Object Repository/Page_Swag Labs/button_Back Home' is clicked on

30-01-2025T17:50:12 - [TEST_STEP][PASSED] - verifyElementText(findTestObject("Object Repository/Page_Swag Labs/div_Swag Labs"), "Swag Labs"): Actual text and expected text of test object 'Object Repository/Page_Swag Labs/div_Swag Labs' are matched.

30-01-2025T17:50:12 - [MESSAGE][PASSED] - Actual text and expected text of test object 'Object Repository/Page_Swag Labs/div_Swag Labs' are matched.

30-01-2025T17:50:12 - [TEST_STEP][PASSED] - closeBrowser(): Browser is closed

30-01-2025T17:50:12 - [MESSAGE][PASSED] - Browser is closed]]></system-out>
         <system-err><![CDATA[]]></system-err>
      </testcase>
      <testcase name="Test Cases/Askblue_Training/Finalizar_CompraE2E/Finalizar_Compra_Record" time="16.114" classname="Test Cases/Askblue_Training/Finalizar_CompraE2E/Finalizar_Compra_Record" status="PASSED">
         <system-out><![CDATA[30-01-2025T17:50:12 - [TEST_CASE][PASSED] - Test Cases/Askblue_Training/Finalizar_CompraE2E/Finalizar_Compra_Record: Test Cases/Askblue_Training/Finalizar_CompraE2E/Finalizar_Compra_Record

30-01-2025T17:50:12 - [TEST_STEP][PASSED] - callTestCase(findTestCase("Askblue_Training/Add_to_Cart/Add_to_Cart_Todos_Record"), [:], STOP_ON_FAILURE): Call Test Case 'Test Cases/Askblue_Training/Add_to_Cart/Add_to_Cart_Todos_Record' successfully

30-01-2025T17:50:12 - [TEST_CASE][PASSED] - Test Cases/Askblue_Training/Add_to_Cart/Add_to_Cart_Todos_Record: Test Cases/Askblue_Training/Add_to_Cart/Add_to_Cart_Todos_Record

30-01-2025T17:50:12 - [TEST_STEP][PASSED] - callTestCase(findTestCase("Askblue_Training/Login_Logout/Login_Positivo"), [:], STOP_ON_FAILURE): Call Test Case 'Test Cases/Askblue_Training/Login_Logout/Login_Positivo' successfully

30-01-2025T17:50:12 - [TEST_CASE][PASSED] - Test Cases/Askblue_Training/Login_Logout/Login_Positivo: Test Cases/Askblue_Training/Login_Logout/Login_Positivo

30-01-2025T17:50:12 - [TEST_STEP][PASSED] - openBrowser(""): Browser is opened with url: ''

30-01-2025T17:50:12 - [MESSAGE][INFO] - Starting 'Chrome' driver

30-01-2025T17:50:12 - [MESSAGE][INFO] - Action delay is set to 0 milliseconds

30-01-2025T17:50:13 - [MESSAGE][PASSED] - Browser is opened with url: ''

30-01-2025T17:50:13 - [TEST_STEP][PASSED] - navigateToUrl("https://www.saucedemo.com/"): Navigate to 'https://www.saucedemo.com/' successfully

30-01-2025T17:50:13 - [MESSAGE][PASSED] - Navigate to 'https://www.saucedemo.com/' successfully

30-01-2025T17:50:13 - [TEST_STEP][PASSED] - setText(findTestObject("Object Repository/Page_Swag Labs/input_Swag Labs_user-name"), username): Text 'standard_user' is set on object 'Object Repository/Page_Swag Labs/input_Swag Labs_user-name'

30-01-2025T17:50:14 - [MESSAGE][PASSED] - Text 'standard_user' is set on object 'Object Repository/Page_Swag Labs/input_Swag Labs_user-name'

30-01-2025T17:50:14 - [TEST_STEP][PASSED] - setText(findTestObject("Object Repository/Page_Swag Labs/input_Swag Labs_password"), password): Text 'secret_sauce' is set on object 'Object Repository/Page_Swag Labs/input_Swag Labs_password'

30-01-2025T17:50:15 - [MESSAGE][PASSED] - Text 'secret_sauce' is set on object 'Object Repository/Page_Swag Labs/input_Swag Labs_password'

30-01-2025T17:50:15 - [TEST_STEP][PASSED] - click(findTestObject("Object Repository/Page_Swag Labs/input_Swag Labs_login-button")): Object: 'Object Repository/Page_Swag Labs/input_Swag Labs_login-button' is clicked on

30-01-2025T17:50:15 - [MESSAGE][PASSED] - Object: 'Object Repository/Page_Swag Labs/input_Swag Labs_login-button' is clicked on

30-01-2025T17:50:15 - [TEST_STEP][PASSED] - click(findTestObject("Object Repository/Page_Swag Labs/button_Open Menu")): Object: 'Object Repository/Page_Swag Labs/button_Open Menu' is clicked on

30-01-2025T17:50:16 - [MESSAGE][PASSED] - Object: 'Object Repository/Page_Swag Labs/button_Open Menu' is clicked on

30-01-2025T17:50:16 - [TEST_STEP][PASSED] - verifyElementText(findTestObject("Object Repository/Page_Swag Labs/a_Logout"), "Logout"): Actual text and expected text of test object 'Object Repository/Page_Swag Labs/a_Logout' are matched.

30-01-2025T17:50:16 - [MESSAGE][PASSED] - Actual text and expected text of test object 'Object Repository/Page_Swag Labs/a_Logout' are matched.

30-01-2025T17:50:16 - [TEST_STEP][PASSED] - click(findTestObject("Object Repository/Page_Swag Labs/button_Close Menu")): Object: 'Object Repository/Page_Swag Labs/button_Close Menu' is clicked on

30-01-2025T17:50:16 - [MESSAGE][PASSED] - Object: 'Object Repository/Page_Swag Labs/button_Close Menu' is clicked on

30-01-2025T17:50:16 - [MESSAGE][PASSED] - Call Test Case 'Test Cases/Askblue_Training/Login_Logout/Login_Positivo' successfully

30-01-2025T17:50:16 - [TEST_STEP][PASSED] - click(findTestObject("Object Repository/Page_Swag Labs/button_Add to cart_0")): Object: 'Object Repository/Page_Swag Labs/button_Add to cart_0' is clicked on

30-01-2025T17:50:16 - [MESSAGE][PASSED] - Object: 'Object Repository/Page_Swag Labs/button_Add to cart_0' is clicked on

30-01-2025T17:50:16 - [TEST_STEP][PASSED] - click(findTestObject("Object Repository/Page_Swag Labs/button_Add to cart_1")): Object: 'Object Repository/Page_Swag Labs/button_Add to cart_1' is clicked on

30-01-2025T17:50:17 - [MESSAGE][PASSED] - Object: 'Object Repository/Page_Swag Labs/button_Add to cart_1' is clicked on

30-01-2025T17:50:17 - [TEST_STEP][PASSED] - click(findTestObject("Object Repository/Page_Swag Labs/button_Add to cart_2")): Object: 'Object Repository/Page_Swag Labs/button_Add to cart_2' is clicked on

30-01-2025T17:50:17 - [MESSAGE][PASSED] - Object: 'Object Repository/Page_Swag Labs/button_Add to cart_2' is clicked on

30-01-2025T17:50:17 - [TEST_STEP][PASSED] - click(findTestObject("Object Repository/Page_Swag Labs/button_Add to cart_3")): Object: 'Object Repository/Page_Swag Labs/button_Add to cart_3' is clicked on

30-01-2025T17:50:17 - [MESSAGE][PASSED] - Object: 'Object Repository/Page_Swag Labs/button_Add to cart_3' is clicked on

30-01-2025T17:50:17 - [TEST_STEP][PASSED] - click(findTestObject("Object Repository/Page_Swag Labs/button_Add to cart_4")): Object: 'Object Repository/Page_Swag Labs/button_Add to cart_4' is clicked on

30-01-2025T17:50:18 - [MESSAGE][PASSED] - Object: 'Object Repository/Page_Swag Labs/button_Add to cart_4' is clicked on

30-01-2025T17:50:18 - [TEST_STEP][PASSED] - click(findTestObject("Object Repository/Page_Swag Labs/button_Add to cart_5")): Object: 'Object Repository/Page_Swag Labs/button_Add to cart_5' is clicked on

30-01-2025T17:50:18 - [MESSAGE][PASSED] - Object: 'Object Repository/Page_Swag Labs/button_Add to cart_5' is clicked on

30-01-2025T17:50:18 - [TEST_STEP][PASSED] - verifyElementText(findTestObject("Object Repository/Page_Swag Labs/icone_carrinho"), "6"): Actual text and expected text of test object 'Object Repository/Page_Swag Labs/icone_carrinho' are matched.

30-01-2025T17:50:18 - [MESSAGE][PASSED] - Actual text and expected text of test object 'Object Repository/Page_Swag Labs/icone_carrinho' are matched.

30-01-2025T17:50:18 - [TEST_STEP][PASSED] - click(findTestObject("Object Repository/Page_Swag Labs/icone_carrinho")): Object: 'Object Repository/Page_Swag Labs/icone_carrinho' is clicked on

30-01-2025T17:50:19 - [MESSAGE][PASSED] - Object: 'Object Repository/Page_Swag Labs/icone_carrinho' is clicked on

30-01-2025T17:50:19 - [TEST_STEP][PASSED] - verifyElementText(findTestObject("Object Repository/Page_Swag Labs/div_Sauce Labs Backpack"), "Sauce Labs Backpack"): Actual text and expected text of test object 'Object Repository/Page_Swag Labs/div_Sauce Labs Backpack' are matched.

30-01-2025T17:50:19 - [MESSAGE][PASSED] - Actual text and expected text of test object 'Object Repository/Page_Swag Labs/div_Sauce Labs Backpack' are matched.

30-01-2025T17:50:19 - [TEST_STEP][PASSED] - verifyElementText(findTestObject("Object Repository/Page_Swag Labs/div_Sauce Labs Bike Light"), "Sauce Labs Bike Light"): Actual text and expected text of test object 'Object Repository/Page_Swag Labs/div_Sauce Labs Bike Light' are matched.

30-01-2025T17:50:19 - [MESSAGE][PASSED] - Actual text and expected text of test object 'Object Repository/Page_Swag Labs/div_Sauce Labs Bike Light' are matched.

30-01-2025T17:50:19 - [TEST_STEP][PASSED] - verifyElementText(findTestObject("Object Repository/Page_Swag Labs/div_Sauce Labs Bolt T-Shirt"), "Sauce Labs Bolt T-Shirt"): Actual text and expected text of test object 'Object Repository/Page_Swag Labs/div_Sauce Labs Bolt T-Shirt' are matched.

30-01-2025T17:50:19 - [MESSAGE][PASSED] - Actual text and expected text of test object 'Object Repository/Page_Swag Labs/div_Sauce Labs Bolt T-Shirt' are matched.

30-01-2025T17:50:19 - [TEST_STEP][PASSED] - verifyElementText(findTestObject("Object Repository/Page_Swag Labs/div_Sauce Labs Fleece Jacket"), "Sauce Labs Fleece Jacket"): Actual text and expected text of test object 'Object Repository/Page_Swag Labs/div_Sauce Labs Fleece Jacket' are matched.

30-01-2025T17:50:20 - [MESSAGE][PASSED] - Actual text and expected text of test object 'Object Repository/Page_Swag Labs/div_Sauce Labs Fleece Jacket' are matched.

30-01-2025T17:50:20 - [TEST_STEP][PASSED] - verifyElementText(findTestObject("Object Repository/Page_Swag Labs/div_Sauce Labs Onesie"), "Sauce Labs Onesie"): Actual text and expected text of test object 'Object Repository/Page_Swag Labs/div_Sauce Labs Onesie' are matched.

30-01-2025T17:50:20 - [MESSAGE][PASSED] - Actual text and expected text of test object 'Object Repository/Page_Swag Labs/div_Sauce Labs Onesie' are matched.

30-01-2025T17:50:20 - [TEST_STEP][PASSED] - verifyElementText(findTestObject("Object Repository/Page_Swag Labs/div_Test.allTheThings() T-Shirt (Red)"), "Test.allTheThings() T-Shirt (Red)"): Actual text and expected text of test object 'Object Repository/Page_Swag Labs/div_Test.allTheThings() T-Shirt (Red)' are matched.

30-01-2025T17:50:20 - [MESSAGE][PASSED] - Actual text and expected text of test object 'Object Repository/Page_Swag Labs/div_Test.allTheThings() T-Shirt (Red)' are matched.

30-01-2025T17:50:20 - [MESSAGE][PASSED] - Call Test Case 'Test Cases/Askblue_Training/Add_to_Cart/Add_to_Cart_Todos_Record' successfully

30-01-2025T17:50:20 - [TEST_STEP][PASSED] - click(findTestObject("Object Repository/Page_Swag Labs/button_Checkout")): Object: 'Object Repository/Page_Swag Labs/button_Checkout' is clicked on

30-01-2025T17:50:20 - [MESSAGE][PASSED] - Object: 'Object Repository/Page_Swag Labs/button_Checkout' is clicked on

30-01-2025T17:50:20 - [TEST_STEP][PASSED] - setText(findTestObject("Object Repository/Page_Swag Labs/input_Checkout Your Information_firstName"), "João"): Text 'João' is set on object 'Object Repository/Page_Swag Labs/input_Checkout Your Information_firstName'

30-01-2025T17:50:21 - [MESSAGE][PASSED] - Text 'João' is set on object 'Object Repository/Page_Swag Labs/input_Checkout Your Information_firstName'

30-01-2025T17:50:21 - [TEST_STEP][PASSED] - setText(findTestObject("Object Repository/Page_Swag Labs/input_Checkout Your Information_lastName"), "Silva"): Text 'Silva' is set on object 'Object Repository/Page_Swag Labs/input_Checkout Your Information_lastName'

30-01-2025T17:50:22 - [MESSAGE][PASSED] - Text 'Silva' is set on object 'Object Repository/Page_Swag Labs/input_Checkout Your Information_lastName'

30-01-2025T17:50:22 - [TEST_STEP][PASSED] - setText(findTestObject("Object Repository/Page_Swag Labs/input_Checkout Your Information_postalCode"), "1000-001"): Text '1000-001' is set on object 'Object Repository/Page_Swag Labs/input_Checkout Your Information_postalCode'

30-01-2025T17:50:22 - [MESSAGE][PASSED] - Text '1000-001' is set on object 'Object Repository/Page_Swag Labs/input_Checkout Your Information_postalCode'

30-01-2025T17:50:22 - [TEST_STEP][PASSED] - click(findTestObject("Object Repository/Page_Swag Labs/input_Cancel_continue")): Object: 'Object Repository/Page_Swag Labs/input_Cancel_continue' is clicked on

30-01-2025T17:50:23 - [MESSAGE][PASSED] - Object: 'Object Repository/Page_Swag Labs/input_Cancel_continue' is clicked on

30-01-2025T17:50:23 - [TEST_STEP][PASSED] - verifyElementText(findTestObject("Object Repository/Page_Swag Labs/div_Sauce Labs Backpack"), "Sauce Labs Backpack"): Actual text and expected text of test object 'Object Repository/Page_Swag Labs/div_Sauce Labs Backpack' are matched.

30-01-2025T17:50:23 - [MESSAGE][PASSED] - Actual text and expected text of test object 'Object Repository/Page_Swag Labs/div_Sauce Labs Backpack' are matched.

30-01-2025T17:50:23 - [TEST_STEP][PASSED] - verifyElementText(findTestObject("Object Repository/Page_Swag Labs/div_29.99"), "$29.99"): Actual text and expected text of test object 'Object Repository/Page_Swag Labs/div_29.99' are matched.

30-01-2025T17:50:23 - [MESSAGE][PASSED] - Actual text and expected text of test object 'Object Repository/Page_Swag Labs/div_29.99' are matched.

30-01-2025T17:50:23 - [TEST_STEP][PASSED] - verifyElementText(findTestObject("Object Repository/Page_Swag Labs/div_Sauce Labs Bike Light"), "Sauce Labs Bike Light"): Actual text and expected text of test object 'Object Repository/Page_Swag Labs/div_Sauce Labs Bike Light' are matched.

30-01-2025T17:50:23 - [MESSAGE][PASSED] - Actual text and expected text of test object 'Object Repository/Page_Swag Labs/div_Sauce Labs Bike Light' are matched.

30-01-2025T17:50:23 - [TEST_STEP][PASSED] - verifyElementText(findTestObject("Object Repository/Page_Swag Labs/div_9.99"), "$9.99"): Actual text and expected text of test object 'Object Repository/Page_Swag Labs/div_9.99' are matched.

30-01-2025T17:50:24 - [MESSAGE][PASSED] - Actual text and expected text of test object 'Object Repository/Page_Swag Labs/div_9.99' are matched.

30-01-2025T17:50:24 - [TEST_STEP][PASSED] - verifyElementText(findTestObject("Object Repository/Page_Swag Labs/div_Sauce Labs Bolt T-Shirt"), "Sauce Labs Bolt T-Shirt"): Actual text and expected text of test object 'Object Repository/Page_Swag Labs/div_Sauce Labs Bolt T-Shirt' are matched.

30-01-2025T17:50:24 - [MESSAGE][PASSED] - Actual text and expected text of test object 'Object Repository/Page_Swag Labs/div_Sauce Labs Bolt T-Shirt' are matched.

30-01-2025T17:50:24 - [TEST_STEP][PASSED] - verifyElementText(findTestObject("Object Repository/Page_Swag Labs/div_15.99"), "$15.99"): Actual text and expected text of test object 'Object Repository/Page_Swag Labs/div_15.99' are matched.

30-01-2025T17:50:25 - [MESSAGE][PASSED] - Actual text and expected text of test object 'Object Repository/Page_Swag Labs/div_15.99' are matched.

30-01-2025T17:50:25 - [TEST_STEP][PASSED] - verifyElementText(findTestObject("Object Repository/Page_Swag Labs/div_Sauce Labs Fleece Jacket"), "Sauce Labs Fleece Jacket"): Actual text and expected text of test object 'Object Repository/Page_Swag Labs/div_Sauce Labs Fleece Jacket' are matched.

30-01-2025T17:50:25 - [MESSAGE][PASSED] - Actual text and expected text of test object 'Object Repository/Page_Swag Labs/div_Sauce Labs Fleece Jacket' are matched.

30-01-2025T17:50:25 - [TEST_STEP][PASSED] - verifyElementText(findTestObject("Object Repository/Page_Swag Labs/div_49.99"), "$49.99"): Actual text and expected text of test object 'Object Repository/Page_Swag Labs/div_49.99' are matched.

30-01-2025T17:50:25 - [MESSAGE][PASSED] - Actual text and expected text of test object 'Object Repository/Page_Swag Labs/div_49.99' are matched.

30-01-2025T17:50:25 - [TEST_STEP][PASSED] - verifyElementText(findTestObject("Object Repository/Page_Swag Labs/div_Sauce Labs Onesie"), "Sauce Labs Onesie"): Actual text and expected text of test object 'Object Repository/Page_Swag Labs/div_Sauce Labs Onesie' are matched.

30-01-2025T17:50:26 - [MESSAGE][PASSED] - Actual text and expected text of test object 'Object Repository/Page_Swag Labs/div_Sauce Labs Onesie' are matched.

30-01-2025T17:50:26 - [TEST_STEP][PASSED] - verifyElementText(findTestObject("Object Repository/Page_Swag Labs/div_7.99"), "$7.99"): Actual text and expected text of test object 'Object Repository/Page_Swag Labs/div_7.99' are matched.

30-01-2025T17:50:26 - [MESSAGE][PASSED] - Actual text and expected text of test object 'Object Repository/Page_Swag Labs/div_7.99' are matched.

30-01-2025T17:50:26 - [TEST_STEP][PASSED] - verifyElementText(findTestObject("Object Repository/Page_Swag Labs/div_Test.allTheThings() T-Shirt (Red)"), "Test.allTheThings() T-Shirt (Red)"): Actual text and expected text of test object 'Object Repository/Page_Swag Labs/div_Test.allTheThings() T-Shirt (Red)' are matched.

30-01-2025T17:50:26 - [MESSAGE][PASSED] - Actual text and expected text of test object 'Object Repository/Page_Swag Labs/div_Test.allTheThings() T-Shirt (Red)' are matched.

30-01-2025T17:50:26 - [TEST_STEP][PASSED] - verifyElementText(findTestObject("Object Repository/Page_Swag Labs/div_15.99"), "$15.99"): Actual text and expected text of test object 'Object Repository/Page_Swag Labs/div_15.99' are matched.

30-01-2025T17:50:26 - [MESSAGE][PASSED] - Actual text and expected text of test object 'Object Repository/Page_Swag Labs/div_15.99' are matched.

30-01-2025T17:50:26 - [TEST_STEP][PASSED] - verifyElementText(findTestObject("Object Repository/Page_Swag Labs/div_Item total 129.94"), "Item total: $129.94"): Actual text and expected text of test object 'Object Repository/Page_Swag Labs/div_Item total 129.94' are matched.

30-01-2025T17:50:27 - [MESSAGE][PASSED] - Actual text and expected text of test object 'Object Repository/Page_Swag Labs/div_Item total 129.94' are matched.

30-01-2025T17:50:27 - [TEST_STEP][PASSED] - verifyElementText(findTestObject("Object Repository/Page_Swag Labs/div_Tax 10.40"), "Tax: $10.40"): Actual text and expected text of test object 'Object Repository/Page_Swag Labs/div_Tax 10.40' are matched.

30-01-2025T17:50:27 - [MESSAGE][PASSED] - Actual text and expected text of test object 'Object Repository/Page_Swag Labs/div_Tax 10.40' are matched.

30-01-2025T17:50:27 - [TEST_STEP][PASSED] - verifyElementText(findTestObject("Object Repository/Page_Swag Labs/div_Total 140.34"), "Total: $140.34"): Actual text and expected text of test object 'Object Repository/Page_Swag Labs/div_Total 140.34' are matched.

30-01-2025T17:50:27 - [MESSAGE][PASSED] - Actual text and expected text of test object 'Object Repository/Page_Swag Labs/div_Total 140.34' are matched.

30-01-2025T17:50:27 - [TEST_STEP][PASSED] - click(findTestObject("Object Repository/Page_Swag Labs/button_Finish")): Object: 'Object Repository/Page_Swag Labs/button_Finish' is clicked on

30-01-2025T17:50:27 - [MESSAGE][PASSED] - Object: 'Object Repository/Page_Swag Labs/button_Finish' is clicked on

30-01-2025T17:50:27 - [TEST_STEP][PASSED] - verifyElementText(findTestObject("Object Repository/Page_Swag Labs/h2_Thank you for your order"), "Thank you for your order!"): Actual text and expected text of test object 'Object Repository/Page_Swag Labs/h2_Thank you for your order' are matched.

30-01-2025T17:50:28 - [MESSAGE][PASSED] - Actual text and expected text of test object 'Object Repository/Page_Swag Labs/h2_Thank you for your order' are matched.

30-01-2025T17:50:28 - [TEST_STEP][PASSED] - click(findTestObject("Object Repository/Page_Swag Labs/button_Back Home")): Object: 'Object Repository/Page_Swag Labs/button_Back Home' is clicked on

30-01-2025T17:50:28 - [MESSAGE][PASSED] - Object: 'Object Repository/Page_Swag Labs/button_Back Home' is clicked on

30-01-2025T17:50:28 - [TEST_STEP][PASSED] - closeBrowser(): Browser is closed

30-01-2025T17:50:28 - [MESSAGE][PASSED] - Browser is closed]]></system-out>
         <system-err><![CDATA[]]></system-err>
      </testcase>
      <testcase name="Test Cases/Askblue_Training/Finalizar_CompraE2E/Finalizar_Compra_Todos" time="36.476" classname="Test Cases/Askblue_Training/Finalizar_CompraE2E/Finalizar_Compra_Todos" status="PASSED">
         <system-out><![CDATA[30-01-2025T17:50:28 - [TEST_CASE][PASSED] - Test Cases/Askblue_Training/Finalizar_CompraE2E/Finalizar_Compra_Todos: Test Cases/Askblue_Training/Finalizar_CompraE2E/Finalizar_Compra_Todos

30-01-2025T17:50:28 - [TEST_STEP][PASSED] - callTestCase(findTestCase("Askblue_Training/Add_to_Cart/Add_to_Cart_Todos"), [:], STOP_ON_FAILURE): Call Test Case 'Test Cases/Askblue_Training/Add_to_Cart/Add_to_Cart_Todos' successfully

30-01-2025T17:50:28 - [TEST_CASE][PASSED] - Test Cases/Askblue_Training/Add_to_Cart/Add_to_Cart_Todos: Test Cases/Askblue_Training/Add_to_Cart/Add_to_Cart_Todos

30-01-2025T17:50:28 - [TEST_STEP][PASSED] - callTestCase(findTestCase("Askblue_Training/Login_Logout/Login_Positivo"), ["username":"standard_user", "password":"secret_sauce"], STOP_ON_FAILURE): Call Test Case 'Test Cases/Askblue_Training/Login_Logout/Login_Positivo' successfully

30-01-2025T17:50:28 - [TEST_CASE][PASSED] - Test Cases/Askblue_Training/Login_Logout/Login_Positivo: Test Cases/Askblue_Training/Login_Logout/Login_Positivo

30-01-2025T17:50:28 - [TEST_STEP][PASSED] - openBrowser(""): Browser is opened with url: ''

30-01-2025T17:50:28 - [MESSAGE][INFO] - Starting 'Chrome' driver

30-01-2025T17:50:28 - [MESSAGE][INFO] - Action delay is set to 0 milliseconds

30-01-2025T17:50:29 - [MESSAGE][PASSED] - Browser is opened with url: ''

30-01-2025T17:50:29 - [TEST_STEP][PASSED] - navigateToUrl("https://www.saucedemo.com/"): Navigate to 'https://www.saucedemo.com/' successfully

30-01-2025T17:50:29 - [MESSAGE][PASSED] - Navigate to 'https://www.saucedemo.com/' successfully

30-01-2025T17:50:29 - [TEST_STEP][PASSED] - setText(findTestObject("Object Repository/Page_Swag Labs/input_Swag Labs_user-name"), username): Text 'standard_user' is set on object 'Object Repository/Page_Swag Labs/input_Swag Labs_user-name'

30-01-2025T17:50:31 - [MESSAGE][PASSED] - Text 'standard_user' is set on object 'Object Repository/Page_Swag Labs/input_Swag Labs_user-name'

30-01-2025T17:50:31 - [TEST_STEP][PASSED] - setText(findTestObject("Object Repository/Page_Swag Labs/input_Swag Labs_password"), password): Text 'secret_sauce' is set on object 'Object Repository/Page_Swag Labs/input_Swag Labs_password'

30-01-2025T17:50:31 - [MESSAGE][PASSED] - Text 'secret_sauce' is set on object 'Object Repository/Page_Swag Labs/input_Swag Labs_password'

30-01-2025T17:50:31 - [TEST_STEP][PASSED] - click(findTestObject("Object Repository/Page_Swag Labs/input_Swag Labs_login-button")): Object: 'Object Repository/Page_Swag Labs/input_Swag Labs_login-button' is clicked on

30-01-2025T17:50:31 - [MESSAGE][PASSED] - Object: 'Object Repository/Page_Swag Labs/input_Swag Labs_login-button' is clicked on

30-01-2025T17:50:31 - [TEST_STEP][PASSED] - click(findTestObject("Object Repository/Page_Swag Labs/button_Open Menu")): Object: 'Object Repository/Page_Swag Labs/button_Open Menu' is clicked on

30-01-2025T17:50:32 - [MESSAGE][PASSED] - Object: 'Object Repository/Page_Swag Labs/button_Open Menu' is clicked on

30-01-2025T17:50:32 - [TEST_STEP][PASSED] - verifyElementText(findTestObject("Object Repository/Page_Swag Labs/a_Logout"), "Logout"): Actual text and expected text of test object 'Object Repository/Page_Swag Labs/a_Logout' are matched.

30-01-2025T17:50:32 - [MESSAGE][PASSED] - Actual text and expected text of test object 'Object Repository/Page_Swag Labs/a_Logout' are matched.

30-01-2025T17:50:32 - [TEST_STEP][PASSED] - click(findTestObject("Object Repository/Page_Swag Labs/button_Close Menu")): Object: 'Object Repository/Page_Swag Labs/button_Close Menu' is clicked on

30-01-2025T17:50:32 - [MESSAGE][PASSED] - Object: 'Object Repository/Page_Swag Labs/button_Close Menu' is clicked on

30-01-2025T17:50:32 - [MESSAGE][PASSED] - Call Test Case 'Test Cases/Askblue_Training/Login_Logout/Login_Positivo' successfully

30-01-2025T17:50:32 - [TEST_STEP][PASSED] - addToCart = findTestObject("Object Repository/Page_Swag Labs/button_add_to_cart"): null

30-01-2025T17:50:32 - [TEST_STEP][PASSED] - addToCartList = findWebElements(addToCart, 10): Found web elements by test object Object Repository/Page_Swag Labs/button_add_to_cart

30-01-2025T17:50:33 - [MESSAGE][PASSED] - Found web elements by test object Object Repository/Page_Swag Labs/button_add_to_cart

30-01-2025T17:50:33 - [TEST_STEP][PASSED] - for ([i = 0, i < addToCartList.size(), (i++)]): Found web elements by test object Object Repository/Page_Swag Labs/item_price

30-01-2025T17:50:33 - [TEST_STEP][PASSED] - itemNames = findTestObject("Object Repository/Page_Swag Labs/item_name"): null

30-01-2025T17:50:33 - [TEST_STEP][PASSED] - itemNameList = findWebElements(itemNames, 10): Found web elements by test object Object Repository/Page_Swag Labs/item_name

30-01-2025T17:50:33 - [MESSAGE][PASSED] - Found web elements by test object Object Repository/Page_Swag Labs/item_name

30-01-2025T17:50:33 - [TEST_STEP][PASSED] - name = itemNameList[i].getText(): null

30-01-2025T17:50:33 - [TEST_STEP][PASSED] - itemPrices = findTestObject("Object Repository/Page_Swag Labs/item_price"): null

30-01-2025T17:50:33 - [TEST_STEP][PASSED] - itemPriceList = findWebElements(itemPrices, 10): Found web elements by test object Object Repository/Page_Swag Labs/item_price

30-01-2025T17:50:33 - [MESSAGE][PASSED] - Found web elements by test object Object Repository/Page_Swag Labs/item_price

30-01-2025T17:50:33 - [TEST_STEP][PASSED] - price = itemPriceList[i].getText(): null

30-01-2025T17:50:33 - [TEST_STEP][PASSED] - get(i).click(): null

30-01-2025T17:50:33 - [TEST_STEP][PASSED] - verifyElementText(findTestObject("Object Repository/Page_Swag Labs/icone_carrinho"), i + 1.toString()): Actual text and expected text of test object 'Object Repository/Page_Swag Labs/icone_carrinho' are matched.

30-01-2025T17:50:34 - [MESSAGE][PASSED] - Actual text and expected text of test object 'Object Repository/Page_Swag Labs/icone_carrinho' are matched.

30-01-2025T17:50:34 - [TEST_STEP][PASSED] - click(findTestObject("Object Repository/Page_Swag Labs/icone_carrinho")): Object: 'Object Repository/Page_Swag Labs/icone_carrinho' is clicked on

30-01-2025T17:50:34 - [MESSAGE][PASSED] - Object: 'Object Repository/Page_Swag Labs/icone_carrinho' is clicked on

30-01-2025T17:50:34 - [TEST_STEP][PASSED] - delay(1): Delayed 1 second(s)

30-01-2025T17:50:35 - [MESSAGE][PASSED] - Delayed 1 second(s)

30-01-2025T17:50:35 - [TEST_STEP][PASSED] - cartItemNames = findTestObject("Object Repository/Page_Swag Labs/cart_item_name"): null

30-01-2025T17:50:35 - [TEST_STEP][PASSED] - cartItemNameList = findWebElements(cartItemNames, 10): Found web elements by test object Object Repository/Page_Swag Labs/cart_item_name

30-01-2025T17:50:35 - [MESSAGE][PASSED] - Found web elements by test object Object Repository/Page_Swag Labs/cart_item_name

30-01-2025T17:50:35 - [TEST_STEP][PASSED] - verifyMatch(cartItemNameList[i].getText(), name, false): Actual text 'Sauce Labs Backpack' and expected text 'Sauce Labs Backpack' are matched 

30-01-2025T17:50:35 - [MESSAGE][PASSED] - Actual text 'Sauce Labs Backpack' and expected text 'Sauce Labs Backpack' are matched 

30-01-2025T17:50:35 - [TEST_STEP][PASSED] - cartItemPrices = findTestObject("Object Repository/Page_Swag Labs/cart_item_price"): null

30-01-2025T17:50:35 - [TEST_STEP][PASSED] - cartItemPriceList = findWebElements(cartItemPrices, 10): Found web elements by test object Object Repository/Page_Swag Labs/cart_item_price

30-01-2025T17:50:35 - [MESSAGE][PASSED] - Found web elements by test object Object Repository/Page_Swag Labs/cart_item_price

30-01-2025T17:50:35 - [TEST_STEP][PASSED] - verifyMatch(cartItemPriceList[i].getText(), price, false): Actual text '$29.99' and expected text '$29.99' are matched 

30-01-2025T17:50:35 - [MESSAGE][PASSED] - Actual text '$29.99' and expected text '$29.99' are matched 

30-01-2025T17:50:36 - [TEST_STEP][PASSED] - click(findTestObject("Object Repository/Page_Swag Labs/button_Continue Shopping")): Object: 'Object Repository/Page_Swag Labs/button_Continue Shopping' is clicked on

30-01-2025T17:50:36 - [MESSAGE][PASSED] - Object: 'Object Repository/Page_Swag Labs/button_Continue Shopping' is clicked on

30-01-2025T17:50:36 - [TEST_STEP][PASSED] - addToCartList = findWebElements(addToCart, 10): Found web elements by test object Object Repository/Page_Swag Labs/button_add_to_cart

30-01-2025T17:50:36 - [MESSAGE][PASSED] - Found web elements by test object Object Repository/Page_Swag Labs/button_add_to_cart

30-01-2025T17:50:36 - [TEST_STEP][PASSED] - itemNameList = findWebElements(itemNames, 10): Found web elements by test object Object Repository/Page_Swag Labs/item_name

30-01-2025T17:50:36 - [MESSAGE][PASSED] - Found web elements by test object Object Repository/Page_Swag Labs/item_name

30-01-2025T17:50:36 - [TEST_STEP][PASSED] - itemPriceList = findWebElements(itemPrices, 10): Found web elements by test object Object Repository/Page_Swag Labs/item_price

30-01-2025T17:50:37 - [MESSAGE][PASSED] - Found web elements by test object Object Repository/Page_Swag Labs/item_price

30-01-2025T17:50:37 - [TEST_STEP][PASSED] - itemNames = findTestObject("Object Repository/Page_Swag Labs/item_name"): null

30-01-2025T17:50:37 - [TEST_STEP][PASSED] - itemNameList = findWebElements(itemNames, 10): Found web elements by test object Object Repository/Page_Swag Labs/item_name

30-01-2025T17:50:37 - [MESSAGE][PASSED] - Found web elements by test object Object Repository/Page_Swag Labs/item_name

30-01-2025T17:50:37 - [TEST_STEP][PASSED] - name = itemNameList[i].getText(): null

30-01-2025T17:50:37 - [TEST_STEP][PASSED] - itemPrices = findTestObject("Object Repository/Page_Swag Labs/item_price"): null

30-01-2025T17:50:37 - [TEST_STEP][PASSED] - itemPriceList = findWebElements(itemPrices, 10): Found web elements by test object Object Repository/Page_Swag Labs/item_price

30-01-2025T17:50:37 - [MESSAGE][PASSED] - Found web elements by test object Object Repository/Page_Swag Labs/item_price

30-01-2025T17:50:37 - [TEST_STEP][PASSED] - price = itemPriceList[i].getText(): null

30-01-2025T17:50:37 - [TEST_STEP][PASSED] - get(i).click(): null

30-01-2025T17:50:37 - [TEST_STEP][PASSED] - verifyElementText(findTestObject("Object Repository/Page_Swag Labs/icone_carrinho"), i + 1.toString()): Actual text and expected text of test object 'Object Repository/Page_Swag Labs/icone_carrinho' are matched.

30-01-2025T17:50:38 - [MESSAGE][PASSED] - Actual text and expected text of test object 'Object Repository/Page_Swag Labs/icone_carrinho' are matched.

30-01-2025T17:50:38 - [TEST_STEP][PASSED] - click(findTestObject("Object Repository/Page_Swag Labs/icone_carrinho")): Object: 'Object Repository/Page_Swag Labs/icone_carrinho' is clicked on

30-01-2025T17:50:38 - [MESSAGE][PASSED] - Object: 'Object Repository/Page_Swag Labs/icone_carrinho' is clicked on

30-01-2025T17:50:38 - [TEST_STEP][PASSED] - delay(1): Delayed 1 second(s)

30-01-2025T17:50:39 - [MESSAGE][PASSED] - Delayed 1 second(s)

30-01-2025T17:50:39 - [TEST_STEP][PASSED] - cartItemNames = findTestObject("Object Repository/Page_Swag Labs/cart_item_name"): null

30-01-2025T17:50:39 - [TEST_STEP][PASSED] - cartItemNameList = findWebElements(cartItemNames, 10): Found web elements by test object Object Repository/Page_Swag Labs/cart_item_name

30-01-2025T17:50:39 - [MESSAGE][PASSED] - Found web elements by test object Object Repository/Page_Swag Labs/cart_item_name

30-01-2025T17:50:39 - [TEST_STEP][PASSED] - verifyMatch(cartItemNameList[i].getText(), name, false): Actual text 'Sauce Labs Bike Light' and expected text 'Sauce Labs Bike Light' are matched 

30-01-2025T17:50:39 - [MESSAGE][PASSED] - Actual text 'Sauce Labs Bike Light' and expected text 'Sauce Labs Bike Light' are matched 

30-01-2025T17:50:39 - [TEST_STEP][PASSED] - cartItemPrices = findTestObject("Object Repository/Page_Swag Labs/cart_item_price"): null

30-01-2025T17:50:39 - [TEST_STEP][PASSED] - cartItemPriceList = findWebElements(cartItemPrices, 10): Found web elements by test object Object Repository/Page_Swag Labs/cart_item_price

30-01-2025T17:50:39 - [MESSAGE][PASSED] - Found web elements by test object Object Repository/Page_Swag Labs/cart_item_price

30-01-2025T17:50:39 - [TEST_STEP][PASSED] - verifyMatch(cartItemPriceList[i].getText(), price, false): Actual text '$9.99' and expected text '$9.99' are matched 

30-01-2025T17:50:39 - [MESSAGE][PASSED] - Actual text '$9.99' and expected text '$9.99' are matched 

30-01-2025T17:50:39 - [TEST_STEP][PASSED] - click(findTestObject("Object Repository/Page_Swag Labs/button_Continue Shopping")): Object: 'Object Repository/Page_Swag Labs/button_Continue Shopping' is clicked on

30-01-2025T17:50:40 - [MESSAGE][PASSED] - Object: 'Object Repository/Page_Swag Labs/button_Continue Shopping' is clicked on

30-01-2025T17:50:40 - [TEST_STEP][PASSED] - addToCartList = findWebElements(addToCart, 10): Found web elements by test object Object Repository/Page_Swag Labs/button_add_to_cart

30-01-2025T17:50:40 - [MESSAGE][PASSED] - Found web elements by test object Object Repository/Page_Swag Labs/button_add_to_cart

30-01-2025T17:50:40 - [TEST_STEP][PASSED] - itemNameList = findWebElements(itemNames, 10): Found web elements by test object Object Repository/Page_Swag Labs/item_name

30-01-2025T17:50:41 - [MESSAGE][PASSED] - Found web elements by test object Object Repository/Page_Swag Labs/item_name

30-01-2025T17:50:41 - [TEST_STEP][PASSED] - itemPriceList = findWebElements(itemPrices, 10): Found web elements by test object Object Repository/Page_Swag Labs/item_price

30-01-2025T17:50:41 - [MESSAGE][PASSED] - Found web elements by test object Object Repository/Page_Swag Labs/item_price

30-01-2025T17:50:41 - [TEST_STEP][PASSED] - itemNames = findTestObject("Object Repository/Page_Swag Labs/item_name"): null

30-01-2025T17:50:41 - [TEST_STEP][PASSED] - itemNameList = findWebElements(itemNames, 10): Found web elements by test object Object Repository/Page_Swag Labs/item_name

30-01-2025T17:50:41 - [MESSAGE][PASSED] - Found web elements by test object Object Repository/Page_Swag Labs/item_name

30-01-2025T17:50:41 - [TEST_STEP][PASSED] - name = itemNameList[i].getText(): null

30-01-2025T17:50:41 - [TEST_STEP][PASSED] - itemPrices = findTestObject("Object Repository/Page_Swag Labs/item_price"): null

30-01-2025T17:50:41 - [TEST_STEP][PASSED] - itemPriceList = findWebElements(itemPrices, 10): Found web elements by test object Object Repository/Page_Swag Labs/item_price

30-01-2025T17:50:42 - [MESSAGE][PASSED] - Found web elements by test object Object Repository/Page_Swag Labs/item_price

30-01-2025T17:50:42 - [TEST_STEP][PASSED] - price = itemPriceList[i].getText(): null

30-01-2025T17:50:42 - [TEST_STEP][PASSED] - get(i).click(): null

30-01-2025T17:50:42 - [TEST_STEP][PASSED] - verifyElementText(findTestObject("Object Repository/Page_Swag Labs/icone_carrinho"), i + 1.toString()): Actual text and expected text of test object 'Object Repository/Page_Swag Labs/icone_carrinho' are matched.

30-01-2025T17:50:42 - [MESSAGE][PASSED] - Actual text and expected text of test object 'Object Repository/Page_Swag Labs/icone_carrinho' are matched.

30-01-2025T17:50:42 - [TEST_STEP][PASSED] - click(findTestObject("Object Repository/Page_Swag Labs/icone_carrinho")): Object: 'Object Repository/Page_Swag Labs/icone_carrinho' is clicked on

30-01-2025T17:50:42 - [MESSAGE][PASSED] - Object: 'Object Repository/Page_Swag Labs/icone_carrinho' is clicked on

30-01-2025T17:50:42 - [TEST_STEP][PASSED] - delay(1): Delayed 1 second(s)

30-01-2025T17:50:43 - [MESSAGE][PASSED] - Delayed 1 second(s)

30-01-2025T17:50:43 - [TEST_STEP][PASSED] - cartItemNames = findTestObject("Object Repository/Page_Swag Labs/cart_item_name"): null

30-01-2025T17:50:43 - [TEST_STEP][PASSED] - cartItemNameList = findWebElements(cartItemNames, 10): Found web elements by test object Object Repository/Page_Swag Labs/cart_item_name

30-01-2025T17:50:44 - [MESSAGE][PASSED] - Found web elements by test object Object Repository/Page_Swag Labs/cart_item_name

30-01-2025T17:50:44 - [TEST_STEP][PASSED] - verifyMatch(cartItemNameList[i].getText(), name, false): Actual text 'Sauce Labs Bolt T-Shirt' and expected text 'Sauce Labs Bolt T-Shirt' are matched 

30-01-2025T17:50:44 - [MESSAGE][PASSED] - Actual text 'Sauce Labs Bolt T-Shirt' and expected text 'Sauce Labs Bolt T-Shirt' are matched 

30-01-2025T17:50:44 - [TEST_STEP][PASSED] - cartItemPrices = findTestObject("Object Repository/Page_Swag Labs/cart_item_price"): null

30-01-2025T17:50:44 - [TEST_STEP][PASSED] - cartItemPriceList = findWebElements(cartItemPrices, 10): Found web elements by test object Object Repository/Page_Swag Labs/cart_item_price

30-01-2025T17:50:44 - [MESSAGE][PASSED] - Found web elements by test object Object Repository/Page_Swag Labs/cart_item_price

30-01-2025T17:50:44 - [TEST_STEP][PASSED] - verifyMatch(cartItemPriceList[i].getText(), price, false): Actual text '$15.99' and expected text '$15.99' are matched 

30-01-2025T17:50:44 - [MESSAGE][PASSED] - Actual text '$15.99' and expected text '$15.99' are matched 

30-01-2025T17:50:44 - [TEST_STEP][PASSED] - click(findTestObject("Object Repository/Page_Swag Labs/button_Continue Shopping")): Object: 'Object Repository/Page_Swag Labs/button_Continue Shopping' is clicked on

30-01-2025T17:50:44 - [MESSAGE][PASSED] - Object: 'Object Repository/Page_Swag Labs/button_Continue Shopping' is clicked on

30-01-2025T17:50:44 - [TEST_STEP][PASSED] - addToCartList = findWebElements(addToCart, 10): Found web elements by test object Object Repository/Page_Swag Labs/button_add_to_cart

30-01-2025T17:50:44 - [MESSAGE][PASSED] - Found web elements by test object Object Repository/Page_Swag Labs/button_add_to_cart

30-01-2025T17:50:44 - [TEST_STEP][PASSED] - itemNameList = findWebElements(itemNames, 10): Found web elements by test object Object Repository/Page_Swag Labs/item_name

30-01-2025T17:50:45 - [MESSAGE][PASSED] - Found web elements by test object Object Repository/Page_Swag Labs/item_name

30-01-2025T17:50:45 - [TEST_STEP][PASSED] - itemPriceList = findWebElements(itemPrices, 10): Found web elements by test object Object Repository/Page_Swag Labs/item_price

30-01-2025T17:50:45 - [MESSAGE][PASSED] - Found web elements by test object Object Repository/Page_Swag Labs/item_price

30-01-2025T17:50:45 - [TEST_STEP][PASSED] - itemNames = findTestObject("Object Repository/Page_Swag Labs/item_name"): null

30-01-2025T17:50:45 - [TEST_STEP][PASSED] - itemNameList = findWebElements(itemNames, 10): Found web elements by test object Object Repository/Page_Swag Labs/item_name

30-01-2025T17:50:45 - [MESSAGE][PASSED] - Found web elements by test object Object Repository/Page_Swag Labs/item_name

30-01-2025T17:50:45 - [TEST_STEP][PASSED] - name = itemNameList[i].getText(): null

30-01-2025T17:50:45 - [TEST_STEP][PASSED] - itemPrices = findTestObject("Object Repository/Page_Swag Labs/item_price"): null

30-01-2025T17:50:45 - [TEST_STEP][PASSED] - itemPriceList = findWebElements(itemPrices, 10): Found web elements by test object Object Repository/Page_Swag Labs/item_price

30-01-2025T17:50:45 - [MESSAGE][PASSED] - Found web elements by test object Object Repository/Page_Swag Labs/item_price

30-01-2025T17:50:45 - [TEST_STEP][PASSED] - price = itemPriceList[i].getText(): null

30-01-2025T17:50:45 - [TEST_STEP][PASSED] - get(i).click(): null

30-01-2025T17:50:45 - [TEST_STEP][PASSED] - verifyElementText(findTestObject("Object Repository/Page_Swag Labs/icone_carrinho"), i + 1.toString()): Actual text and expected text of test object 'Object Repository/Page_Swag Labs/icone_carrinho' are matched.

30-01-2025T17:50:46 - [MESSAGE][PASSED] - Actual text and expected text of test object 'Object Repository/Page_Swag Labs/icone_carrinho' are matched.

30-01-2025T17:50:46 - [TEST_STEP][PASSED] - click(findTestObject("Object Repository/Page_Swag Labs/icone_carrinho")): Object: 'Object Repository/Page_Swag Labs/icone_carrinho' is clicked on

30-01-2025T17:50:46 - [MESSAGE][PASSED] - Object: 'Object Repository/Page_Swag Labs/icone_carrinho' is clicked on

30-01-2025T17:50:46 - [TEST_STEP][PASSED] - delay(1): Delayed 1 second(s)

30-01-2025T17:50:47 - [MESSAGE][PASSED] - Delayed 1 second(s)

30-01-2025T17:50:47 - [TEST_STEP][PASSED] - cartItemNames = findTestObject("Object Repository/Page_Swag Labs/cart_item_name"): null

30-01-2025T17:50:47 - [TEST_STEP][PASSED] - cartItemNameList = findWebElements(cartItemNames, 10): Found web elements by test object Object Repository/Page_Swag Labs/cart_item_name

30-01-2025T17:50:47 - [MESSAGE][PASSED] - Found web elements by test object Object Repository/Page_Swag Labs/cart_item_name

30-01-2025T17:50:47 - [TEST_STEP][PASSED] - verifyMatch(cartItemNameList[i].getText(), name, false): Actual text 'Sauce Labs Fleece Jacket' and expected text 'Sauce Labs Fleece Jacket' are matched 

30-01-2025T17:50:47 - [MESSAGE][PASSED] - Actual text 'Sauce Labs Fleece Jacket' and expected text 'Sauce Labs Fleece Jacket' are matched 

30-01-2025T17:50:47 - [TEST_STEP][PASSED] - cartItemPrices = findTestObject("Object Repository/Page_Swag Labs/cart_item_price"): null

30-01-2025T17:50:47 - [TEST_STEP][PASSED] - cartItemPriceList = findWebElements(cartItemPrices, 10): Found web elements by test object Object Repository/Page_Swag Labs/cart_item_price

30-01-2025T17:50:48 - [MESSAGE][PASSED] - Found web elements by test object Object Repository/Page_Swag Labs/cart_item_price

30-01-2025T17:50:48 - [TEST_STEP][PASSED] - verifyMatch(cartItemPriceList[i].getText(), price, false): Actual text '$49.99' and expected text '$49.99' are matched 

30-01-2025T17:50:48 - [MESSAGE][PASSED] - Actual text '$49.99' and expected text '$49.99' are matched 

30-01-2025T17:50:48 - [TEST_STEP][PASSED] - click(findTestObject("Object Repository/Page_Swag Labs/button_Continue Shopping")): Object: 'Object Repository/Page_Swag Labs/button_Continue Shopping' is clicked on

30-01-2025T17:50:48 - [MESSAGE][PASSED] - Object: 'Object Repository/Page_Swag Labs/button_Continue Shopping' is clicked on

30-01-2025T17:50:48 - [TEST_STEP][PASSED] - addToCartList = findWebElements(addToCart, 10): Found web elements by test object Object Repository/Page_Swag Labs/button_add_to_cart

30-01-2025T17:50:48 - [MESSAGE][PASSED] - Found web elements by test object Object Repository/Page_Swag Labs/button_add_to_cart

30-01-2025T17:50:48 - [TEST_STEP][PASSED] - itemNameList = findWebElements(itemNames, 10): Found web elements by test object Object Repository/Page_Swag Labs/item_name

30-01-2025T17:50:48 - [MESSAGE][PASSED] - Found web elements by test object Object Repository/Page_Swag Labs/item_name

30-01-2025T17:50:48 - [TEST_STEP][PASSED] - itemPriceList = findWebElements(itemPrices, 10): Found web elements by test object Object Repository/Page_Swag Labs/item_price

30-01-2025T17:50:49 - [MESSAGE][PASSED] - Found web elements by test object Object Repository/Page_Swag Labs/item_price

30-01-2025T17:50:49 - [TEST_STEP][PASSED] - itemNames = findTestObject("Object Repository/Page_Swag Labs/item_name"): null

30-01-2025T17:50:49 - [TEST_STEP][PASSED] - itemNameList = findWebElements(itemNames, 10): Found web elements by test object Object Repository/Page_Swag Labs/item_name

30-01-2025T17:50:49 - [MESSAGE][PASSED] - Found web elements by test object Object Repository/Page_Swag Labs/item_name

30-01-2025T17:50:49 - [TEST_STEP][PASSED] - name = itemNameList[i].getText(): null

30-01-2025T17:50:49 - [TEST_STEP][PASSED] - itemPrices = findTestObject("Object Repository/Page_Swag Labs/item_price"): null

30-01-2025T17:50:49 - [TEST_STEP][PASSED] - itemPriceList = findWebElements(itemPrices, 10): Found web elements by test object Object Repository/Page_Swag Labs/item_price

30-01-2025T17:50:49 - [MESSAGE][PASSED] - Found web elements by test object Object Repository/Page_Swag Labs/item_price

30-01-2025T17:50:49 - [TEST_STEP][PASSED] - price = itemPriceList[i].getText(): null

30-01-2025T17:50:49 - [TEST_STEP][PASSED] - get(i).click(): null

30-01-2025T17:50:49 - [TEST_STEP][PASSED] - verifyElementText(findTestObject("Object Repository/Page_Swag Labs/icone_carrinho"), i + 1.toString()): Actual text and expected text of test object 'Object Repository/Page_Swag Labs/icone_carrinho' are matched.

30-01-2025T17:50:50 - [MESSAGE][PASSED] - Actual text and expected text of test object 'Object Repository/Page_Swag Labs/icone_carrinho' are matched.

30-01-2025T17:50:50 - [TEST_STEP][PASSED] - click(findTestObject("Object Repository/Page_Swag Labs/icone_carrinho")): Object: 'Object Repository/Page_Swag Labs/icone_carrinho' is clicked on

30-01-2025T17:50:50 - [MESSAGE][PASSED] - Object: 'Object Repository/Page_Swag Labs/icone_carrinho' is clicked on

30-01-2025T17:50:50 - [TEST_STEP][PASSED] - delay(1): Delayed 1 second(s)

30-01-2025T17:50:51 - [MESSAGE][PASSED] - Delayed 1 second(s)

30-01-2025T17:50:51 - [TEST_STEP][PASSED] - cartItemNames = findTestObject("Object Repository/Page_Swag Labs/cart_item_name"): null

30-01-2025T17:50:51 - [TEST_STEP][PASSED] - cartItemNameList = findWebElements(cartItemNames, 10): Found web elements by test object Object Repository/Page_Swag Labs/cart_item_name

30-01-2025T17:50:51 - [MESSAGE][PASSED] - Found web elements by test object Object Repository/Page_Swag Labs/cart_item_name

30-01-2025T17:50:51 - [TEST_STEP][PASSED] - verifyMatch(cartItemNameList[i].getText(), name, false): Actual text 'Sauce Labs Onesie' and expected text 'Sauce Labs Onesie' are matched 

30-01-2025T17:50:51 - [MESSAGE][PASSED] - Actual text 'Sauce Labs Onesie' and expected text 'Sauce Labs Onesie' are matched 

30-01-2025T17:50:51 - [TEST_STEP][PASSED] - cartItemPrices = findTestObject("Object Repository/Page_Swag Labs/cart_item_price"): null

30-01-2025T17:50:51 - [TEST_STEP][PASSED] - cartItemPriceList = findWebElements(cartItemPrices, 10): Found web elements by test object Object Repository/Page_Swag Labs/cart_item_price

30-01-2025T17:50:51 - [MESSAGE][PASSED] - Found web elements by test object Object Repository/Page_Swag Labs/cart_item_price

30-01-2025T17:50:51 - [TEST_STEP][PASSED] - verifyMatch(cartItemPriceList[i].getText(), price, false): Actual text '$7.99' and expected text '$7.99' are matched 

30-01-2025T17:50:51 - [MESSAGE][PASSED] - Actual text '$7.99' and expected text '$7.99' are matched 

30-01-2025T17:50:51 - [TEST_STEP][PASSED] - click(findTestObject("Object Repository/Page_Swag Labs/button_Continue Shopping")): Object: 'Object Repository/Page_Swag Labs/button_Continue Shopping' is clicked on

30-01-2025T17:50:52 - [MESSAGE][PASSED] - Object: 'Object Repository/Page_Swag Labs/button_Continue Shopping' is clicked on

30-01-2025T17:50:52 - [TEST_STEP][PASSED] - addToCartList = findWebElements(addToCart, 10): Found web elements by test object Object Repository/Page_Swag Labs/button_add_to_cart

30-01-2025T17:50:52 - [MESSAGE][PASSED] - Found web elements by test object Object Repository/Page_Swag Labs/button_add_to_cart

30-01-2025T17:50:52 - [TEST_STEP][PASSED] - itemNameList = findWebElements(itemNames, 10): Found web elements by test object Object Repository/Page_Swag Labs/item_name

30-01-2025T17:50:52 - [MESSAGE][PASSED] - Found web elements by test object Object Repository/Page_Swag Labs/item_name

30-01-2025T17:50:52 - [TEST_STEP][PASSED] - itemPriceList = findWebElements(itemPrices, 10): Found web elements by test object Object Repository/Page_Swag Labs/item_price

30-01-2025T17:50:52 - [MESSAGE][PASSED] - Found web elements by test object Object Repository/Page_Swag Labs/item_price

30-01-2025T17:50:52 - [TEST_STEP][PASSED] - itemNames = findTestObject("Object Repository/Page_Swag Labs/item_name"): null

30-01-2025T17:50:52 - [TEST_STEP][PASSED] - itemNameList = findWebElements(itemNames, 10): Found web elements by test object Object Repository/Page_Swag Labs/item_name

30-01-2025T17:50:53 - [MESSAGE][PASSED] - Found web elements by test object Object Repository/Page_Swag Labs/item_name

30-01-2025T17:50:53 - [TEST_STEP][PASSED] - name = itemNameList[i].getText(): null

30-01-2025T17:50:53 - [TEST_STEP][PASSED] - itemPrices = findTestObject("Object Repository/Page_Swag Labs/item_price"): null

30-01-2025T17:50:53 - [TEST_STEP][PASSED] - itemPriceList = findWebElements(itemPrices, 10): Found web elements by test object Object Repository/Page_Swag Labs/item_price

30-01-2025T17:50:53 - [MESSAGE][PASSED] - Found web elements by test object Object Repository/Page_Swag Labs/item_price

30-01-2025T17:50:53 - [TEST_STEP][PASSED] - price = itemPriceList[i].getText(): null

30-01-2025T17:50:53 - [TEST_STEP][PASSED] - get(i).click(): null

30-01-2025T17:50:53 - [TEST_STEP][PASSED] - verifyElementText(findTestObject("Object Repository/Page_Swag Labs/icone_carrinho"), i + 1.toString()): Actual text and expected text of test object 'Object Repository/Page_Swag Labs/icone_carrinho' are matched.

30-01-2025T17:50:53 - [MESSAGE][PASSED] - Actual text and expected text of test object 'Object Repository/Page_Swag Labs/icone_carrinho' are matched.

30-01-2025T17:50:53 - [TEST_STEP][PASSED] - click(findTestObject("Object Repository/Page_Swag Labs/icone_carrinho")): Object: 'Object Repository/Page_Swag Labs/icone_carrinho' is clicked on

30-01-2025T17:50:54 - [MESSAGE][PASSED] - Object: 'Object Repository/Page_Swag Labs/icone_carrinho' is clicked on

30-01-2025T17:50:54 - [TEST_STEP][PASSED] - delay(1): Delayed 1 second(s)

30-01-2025T17:50:55 - [MESSAGE][PASSED] - Delayed 1 second(s)

30-01-2025T17:50:55 - [TEST_STEP][PASSED] - cartItemNames = findTestObject("Object Repository/Page_Swag Labs/cart_item_name"): null

30-01-2025T17:50:55 - [TEST_STEP][PASSED] - cartItemNameList = findWebElements(cartItemNames, 10): Found web elements by test object Object Repository/Page_Swag Labs/cart_item_name

30-01-2025T17:50:55 - [MESSAGE][PASSED] - Found web elements by test object Object Repository/Page_Swag Labs/cart_item_name

30-01-2025T17:50:55 - [TEST_STEP][PASSED] - verifyMatch(cartItemNameList[i].getText(), name, false): Actual text 'Test.allTheThings() T-Shirt (Red)' and expected text 'Test.allTheThings() T-Shirt (Red)' are matched 

30-01-2025T17:50:55 - [MESSAGE][PASSED] - Actual text 'Test.allTheThings() T-Shirt (Red)' and expected text 'Test.allTheThings() T-Shirt (Red)' are matched 

30-01-2025T17:50:55 - [TEST_STEP][PASSED] - cartItemPrices = findTestObject("Object Repository/Page_Swag Labs/cart_item_price"): null

30-01-2025T17:50:55 - [TEST_STEP][PASSED] - cartItemPriceList = findWebElements(cartItemPrices, 10): Found web elements by test object Object Repository/Page_Swag Labs/cart_item_price

30-01-2025T17:50:55 - [MESSAGE][PASSED] - Found web elements by test object Object Repository/Page_Swag Labs/cart_item_price

30-01-2025T17:50:55 - [TEST_STEP][PASSED] - verifyMatch(cartItemPriceList[i].getText(), price, false): Actual text '$15.99' and expected text '$15.99' are matched 

30-01-2025T17:50:55 - [MESSAGE][PASSED] - Actual text '$15.99' and expected text '$15.99' are matched 

30-01-2025T17:50:55 - [TEST_STEP][PASSED] - click(findTestObject("Object Repository/Page_Swag Labs/button_Continue Shopping")): Object: 'Object Repository/Page_Swag Labs/button_Continue Shopping' is clicked on

30-01-2025T17:50:55 - [MESSAGE][PASSED] - Object: 'Object Repository/Page_Swag Labs/button_Continue Shopping' is clicked on

30-01-2025T17:50:55 - [TEST_STEP][PASSED] - addToCartList = findWebElements(addToCart, 10): Found web elements by test object Object Repository/Page_Swag Labs/button_add_to_cart

30-01-2025T17:50:56 - [MESSAGE][PASSED] - Found web elements by test object Object Repository/Page_Swag Labs/button_add_to_cart

30-01-2025T17:50:56 - [TEST_STEP][PASSED] - itemNameList = findWebElements(itemNames, 10): Found web elements by test object Object Repository/Page_Swag Labs/item_name

30-01-2025T17:50:56 - [MESSAGE][PASSED] - Found web elements by test object Object Repository/Page_Swag Labs/item_name

30-01-2025T17:50:56 - [TEST_STEP][PASSED] - itemPriceList = findWebElements(itemPrices, 10): Found web elements by test object Object Repository/Page_Swag Labs/item_price

30-01-2025T17:50:56 - [MESSAGE][PASSED] - Found web elements by test object Object Repository/Page_Swag Labs/item_price

30-01-2025T17:50:56 - [MESSAGE][PASSED] - Call Test Case 'Test Cases/Askblue_Training/Add_to_Cart/Add_to_Cart_Todos' successfully

30-01-2025T17:50:56 - [TEST_STEP][PASSED] - click(findTestObject("Page_Swag Labs/icone_carrinho")): Object: 'Object Repository/Page_Swag Labs/icone_carrinho' is clicked on

30-01-2025T17:50:56 - [MESSAGE][PASSED] - Object: 'Object Repository/Page_Swag Labs/icone_carrinho' is clicked on

30-01-2025T17:50:56 - [TEST_STEP][PASSED] - cartItemNames = findTestObject("Object Repository/Page_Swag Labs/cart_item_name"): null

30-01-2025T17:50:56 - [TEST_STEP][PASSED] - cartItemNameList = findWebElements(cartItemNames, 10): Found web elements by test object Object Repository/Page_Swag Labs/cart_item_name

30-01-2025T17:50:57 - [MESSAGE][PASSED] - Found web elements by test object Object Repository/Page_Swag Labs/cart_item_name

30-01-2025T17:50:57 - [TEST_STEP][PASSED] - cartItemPrices = findTestObject("Object Repository/Page_Swag Labs/cart_item_price"): null

30-01-2025T17:50:57 - [TEST_STEP][PASSED] - cartItemPriceList = findWebElements(cartItemPrices, 10): Found web elements by test object Object Repository/Page_Swag Labs/cart_item_price

30-01-2025T17:50:57 - [MESSAGE][PASSED] - Found web elements by test object Object Repository/Page_Swag Labs/cart_item_price

30-01-2025T17:50:57 - [TEST_STEP][PASSED] - delay(2): Delayed 2 second(s)

30-01-2025T17:50:59 - [MESSAGE][PASSED] - Delayed 2 second(s)

30-01-2025T17:50:59 - [TEST_STEP][PASSED] - click(findTestObject("Object Repository/Page_Swag Labs/button_Checkout")): Object: 'Object Repository/Page_Swag Labs/button_Checkout' is clicked on

30-01-2025T17:50:59 - [MESSAGE][PASSED] - Object: 'Object Repository/Page_Swag Labs/button_Checkout' is clicked on

30-01-2025T17:50:59 - [TEST_STEP][PASSED] - setText(findTestObject("Object Repository/Page_Swag Labs/input_Checkout Your Information_firstName"), "João"): Text 'João' is set on object 'Object Repository/Page_Swag Labs/input_Checkout Your Information_firstName'

30-01-2025T17:51:00 - [MESSAGE][PASSED] - Text 'João' is set on object 'Object Repository/Page_Swag Labs/input_Checkout Your Information_firstName'

30-01-2025T17:51:00 - [TEST_STEP][PASSED] - setText(findTestObject("Object Repository/Page_Swag Labs/input_Checkout Your Information_lastName"), "Silva"): Text 'Silva' is set on object 'Object Repository/Page_Swag Labs/input_Checkout Your Information_lastName'

30-01-2025T17:51:00 - [MESSAGE][PASSED] - Text 'Silva' is set on object 'Object Repository/Page_Swag Labs/input_Checkout Your Information_lastName'

30-01-2025T17:51:00 - [TEST_STEP][PASSED] - setText(findTestObject("Object Repository/Page_Swag Labs/input_Checkout Your Information_postalCode"), "1000-001"): Text '1000-001' is set on object 'Object Repository/Page_Swag Labs/input_Checkout Your Information_postalCode'

30-01-2025T17:51:02 - [MESSAGE][PASSED] - Text '1000-001' is set on object 'Object Repository/Page_Swag Labs/input_Checkout Your Information_postalCode'

30-01-2025T17:51:02 - [TEST_STEP][PASSED] - click(findTestObject("Object Repository/Page_Swag Labs/input_Cancel_continue")): Object: 'Object Repository/Page_Swag Labs/input_Cancel_continue' is clicked on

30-01-2025T17:51:02 - [MESSAGE][PASSED] - Object: 'Object Repository/Page_Swag Labs/input_Cancel_continue' is clicked on

30-01-2025T17:51:02 - [TEST_STEP][PASSED] - checkoutItemNameList = findWebElements(findTestObject("Object Repository/Page_Swag Labs/checkout_item_price"), 10): Found web elements by test object Object Repository/Page_Swag Labs/checkout_item_price

30-01-2025T17:51:02 - [MESSAGE][PASSED] - Found web elements by test object Object Repository/Page_Swag Labs/checkout_item_price

30-01-2025T17:51:02 - [TEST_STEP][PASSED] - checkoutItemPriceList = findWebElements(findTestObject("Object Repository/Page_Swag Labs/checkout_item_price"), 10): Found web elements by test object Object Repository/Page_Swag Labs/checkout_item_price

30-01-2025T17:51:02 - [MESSAGE][PASSED] - Found web elements by test object Object Repository/Page_Swag Labs/checkout_item_price

30-01-2025T17:51:02 - [TEST_STEP][PASSED] - totalitemPrice = 0.00: null

30-01-2025T17:51:02 - [TEST_STEP][PASSED] - for ([i = 0, i < checkoutItemNameList.size(), (i++)]): null

30-01-2025T17:51:02 - [TEST_STEP][PASSED] - itemPrice = Double.parseDouble(getText().replaceAll("[^0-9.]", "")): null

30-01-2025T17:51:02 - [TEST_STEP][PASSED] - totalitemPrice += itemPrice: null

30-01-2025T17:51:02 - [TEST_STEP][PASSED] - itemPrice = Double.parseDouble(getText().replaceAll("[^0-9.]", "")): null

30-01-2025T17:51:02 - [TEST_STEP][PASSED] - totalitemPrice += itemPrice: null

30-01-2025T17:51:02 - [TEST_STEP][PASSED] - itemPrice = Double.parseDouble(getText().replaceAll("[^0-9.]", "")): null

30-01-2025T17:51:02 - [TEST_STEP][PASSED] - totalitemPrice += itemPrice: null

30-01-2025T17:51:02 - [TEST_STEP][PASSED] - itemPrice = Double.parseDouble(getText().replaceAll("[^0-9.]", "")): null

30-01-2025T17:51:02 - [TEST_STEP][PASSED] - totalitemPrice += itemPrice: null

30-01-2025T17:51:02 - [TEST_STEP][PASSED] - itemPrice = Double.parseDouble(getText().replaceAll("[^0-9.]", "")): null

30-01-2025T17:51:02 - [TEST_STEP][PASSED] - totalitemPrice += itemPrice: null

30-01-2025T17:51:02 - [TEST_STEP][PASSED] - itemPrice = Double.parseDouble(getText().replaceAll("[^0-9.]", "")): null

30-01-2025T17:51:03 - [TEST_STEP][PASSED] - totalitemPrice += itemPrice: null

30-01-2025T17:51:03 - [TEST_STEP][PASSED] - expectedTotalItemPriceText = "Item total: $" + String.format(US, "%.2f", totalitemPrice): null

30-01-2025T17:51:03 - [TEST_STEP][PASSED] - verifyElementText(findTestObject("Object Repository/Page_Swag Labs/summary_item_total"), expectedTotalItemPriceText): Actual text and expected text of test object 'Object Repository/Page_Swag Labs/summary_item_total' are matched.

30-01-2025T17:51:03 - [MESSAGE][PASSED] - Actual text and expected text of test object 'Object Repository/Page_Swag Labs/summary_item_total' are matched.

30-01-2025T17:51:03 - [TEST_STEP][PASSED] - taxRate = tax: null

30-01-2025T17:51:03 - [TEST_STEP][PASSED] - expectedTax = Math.round(totalitemPrice * taxRate * 100.0) / 100.0: null

30-01-2025T17:51:03 - [TEST_STEP][PASSED] - expectedTaxText = "Tax: $" + String.format(US, "%.2f", expectedTax): null

30-01-2025T17:51:03 - [TEST_STEP][PASSED] - verifyElementText(findTestObject("Object Repository/Page_Swag Labs/summary_tax_total"), expectedTaxText): Actual text and expected text of test object 'Object Repository/Page_Swag Labs/summary_tax_total' are matched.

30-01-2025T17:51:03 - [MESSAGE][PASSED] - Actual text and expected text of test object 'Object Repository/Page_Swag Labs/summary_tax_total' are matched.

30-01-2025T17:51:03 - [TEST_STEP][PASSED] - expectedFinalTotal = totalitemPrice + expectedTax: null

30-01-2025T17:51:03 - [TEST_STEP][PASSED] - expectedTotalText = "Total: $" + String.format(US, "%.2f", expectedFinalTotal): null

30-01-2025T17:51:03 - [TEST_STEP][PASSED] - verifyElementText(findTestObject("Object Repository/Page_Swag Labs/summary_total"), expectedTotalText): Actual text and expected text of test object 'Object Repository/Page_Swag Labs/summary_total' are matched.

30-01-2025T17:51:03 - [MESSAGE][PASSED] - Actual text and expected text of test object 'Object Repository/Page_Swag Labs/summary_total' are matched.

30-01-2025T17:51:03 - [TEST_STEP][PASSED] - click(findTestObject("Object Repository/Page_Swag Labs/button_Finish")): Object: 'Object Repository/Page_Swag Labs/button_Finish' is clicked on

30-01-2025T17:51:04 - [MESSAGE][PASSED] - Object: 'Object Repository/Page_Swag Labs/button_Finish' is clicked on

30-01-2025T17:51:04 - [TEST_STEP][PASSED] - verifyElementText(findTestObject("Object Repository/Page_Swag Labs/h2_Thank you for your order"), "Thank you for your order!"): Actual text and expected text of test object 'Object Repository/Page_Swag Labs/h2_Thank you for your order' are matched.

30-01-2025T17:51:04 - [MESSAGE][PASSED] - Actual text and expected text of test object 'Object Repository/Page_Swag Labs/h2_Thank you for your order' are matched.

30-01-2025T17:51:04 - [TEST_STEP][PASSED] - click(findTestObject("Object Repository/Page_Swag Labs/button_Back Home")): Object: 'Object Repository/Page_Swag Labs/button_Back Home' is clicked on

30-01-2025T17:51:04 - [MESSAGE][PASSED] - Object: 'Object Repository/Page_Swag Labs/button_Back Home' is clicked on

30-01-2025T17:51:04 - [TEST_STEP][PASSED] - verifyElementText(findTestObject("Object Repository/Page_Swag Labs/div_Swag Labs"), "Swag Labs"): Actual text and expected text of test object 'Object Repository/Page_Swag Labs/div_Swag Labs' are matched.

30-01-2025T17:51:05 - [MESSAGE][PASSED] - Actual text and expected text of test object 'Object Repository/Page_Swag Labs/div_Swag Labs' are matched.

30-01-2025T17:51:05 - [TEST_STEP][PASSED] - closeBrowser(): Browser is closed

30-01-2025T17:51:05 - [MESSAGE][PASSED] - Browser is closed]]></system-out>
         <system-err><![CDATA[]]></system-err>
      </testcase>
      <system-out><![CDATA[30-01-2025T17:45:59 - [TEST_SUITE][PASSED] - Test_Suite_Askblue_Training: Test Cases/Askblue_Training/Finalizar_CompraE2E/Finalizar_Compra_Todos]]></system-out>
      <system-err><![CDATA[]]></system-err>
   </testsuite>
</testsuites>
